
====================================================================================================
[94m[ ] Check if contract is SUICIDAL[0m

[ ] Contract address   : 0xaFFECAFEAFfECaFEaFFecAfEAFfecAfEAffEcaFE
[ ] Contract bytecode  : 606060405260043610610196576000357c0100000000000000...
[ ] Bytecode length    : 22150
[ ] Blockchain contract: False
[ ] Debug              : False

[92m[-] The code does not contain SUICIDE instructions, hence it is not vulnerable[0m

====================================================================================================
[94m[ ] Check if contract is PRODIGAL[0m

[ ] Contract address   : 0xaFFECAFEAFfECaFEaFFecAfEAFfecAfEAffEcaFE
[ ] Contract bytecode  : 606060405260043610610196576000357c0100000000000000...
[ ] Bytecode length    : 22150
[ ] Blockchain contract: False
[ ] Debug              : False

[ ][1m Search with call depth: 1   : [0m1111111111111
[ ][1m Search with call depth: 2   : [0m1122222222222221222222222222212222222222222122222222222221222222222222212222222222222122222222222221222222222222212222222222222122222222222221222222222
[ ][1m Search with call depth: 3   : [0m1122233333333333332333333333333323333333333333233333333333332333333333333323333333333333233333333333332333333333333323333333333333233333333333332
[92m[+] No prodigal vulnerability found [0m

====================================================================================================
[94m[ ] Check if contract is GREEDY[0m

[ ] Contract address   : 0xaFFECAFEAFfECaFEaFFecAfEAFfecAfEAffEcaFE
[ ] Contract bytecode  : 606060405260043610610196576000357c0100000000000000...
[ ] Bytecode length    : 22150
[ ] Debug              : False
[91m[-][0m [1mContract can receive Ether[0m

[92m[-] No lock vulnerability found because the contract cannot receive Ether [0m
