2023-03-26 02:50:10,790 - Main     - INFO - [1mInitializing seed to 1427655.0[0m
2023-03-26 02:50:11,816 - Fuzzer   - INFO - [1mFuzzing contract [1mWDOGE[0m[0m
2023-03-26 02:50:12,811 - Analysis - INFO - [1mGeneration number 0 	 Code coverage: 48.53% (1439/2965) 	 Branch coverage: 50.66% (77/152) 	 Transactions: 35 (34 unique)   	 Time: 0.9371562004089355[0m
2023-03-26 02:50:13,727 - Analysis - INFO - [1mGeneration number 1 	 Code coverage: 50.19% (1488/2965) 	 Branch coverage: 53.95% (82/152) 	 Transactions: 73 (57 unique)   	 Time: 1.8538269996643066[0m
2023-03-26 02:50:14,627 - Detector - INFO - [1m[32m-----------------------------------------------------[0m
2023-03-26 02:50:14,627 - Detector - INFO - [1m[32m          !!! Block dependency detected !!!          [0m
2023-03-26 02:50:14,628 - Detector - INFO - [1m[32m-----------------------------------------------------[0m
2023-03-26 02:50:14,628 - Detector - INFO - [1m[32mSWC-ID:   120[0m
2023-03-26 02:50:14,628 - Detector - INFO - [1m[32mSeverity: Low[0m
2023-03-26 02:50:14,628 - Detector - INFO - [1m[32m-----------------------------------------------------[0m
2023-03-26 02:50:14,628 - Detector - INFO - [1m[32mSource code line:[0m
2023-03-26 02:50:14,628 - Detector - INFO - [1m[32m-----------------------------------------------------[0m
2023-03-26 02:50:14,629 - Detector - INFO - [1m[32m/sb/0x46ba8a59f4863bd20a066fd985b163235425b5f9.sol:207:1[0m
2023-03-26 02:50:14,629 - Detector - INFO - [1m[32mblock.timestamp[0m
2023-03-26 02:50:14,629 - Detector - INFO - [1m[32m-----------------------------------------------------[0m
2023-03-26 02:50:14,629 - Detector - INFO - [1m[32mTransaction sequence:[0m
2023-03-26 02:50:14,629 - Detector - INFO - [1m[32m-----------------------------------------------------[0m
2023-03-26 02:50:14,629 - Detector - INFO - [1m[32mTransaction - transferFrom(address,address,uint256):[0m
2023-03-26 02:50:14,630 - Detector - INFO - [1m[32m-----------------------------------------------------[0m
2023-03-26 02:50:14,630 - Detector - INFO - [1m[32mFrom:      0xcafebabecafebabecafebabecafebabecafebabe[0m
2023-03-26 02:50:14,630 - Detector - INFO - [1m[32mTo:        0x2c5e8a3b3aad9df32339409534e64dfcabcd3a65[0m
2023-03-26 02:50:14,630 - Detector - INFO - [1m[32mValue:     0 Wei[0m
2023-03-26 02:50:14,630 - Detector - INFO - [1m[32mGas Limit: 4500000[0m
2023-03-26 02:50:14,630 - Detector - INFO - [1m[32mInput:     0x23b872dd000000000000000000000000deadbeef[0m
2023-03-26 02:50:14,630 - Detector - INFO - [1m[32m           deadbeefdeadbeefdeadbeefdeadbeef0000000000[0m
2023-03-26 02:50:14,631 - Detector - INFO - [1m[32m           00000000000000deadbeefdeadbeefdeadbeefdead[0m
2023-03-26 02:50:14,631 - Detector - INFO - [1m[32m           beefdeadbeef000000000000000000000000000000[0m
2023-03-26 02:50:14,631 - Detector - INFO - [1m[32m           0000000000000000000000000000000000[0m
2023-03-26 02:50:14,631 - Detector - INFO - [1m[32m-----------------------------------------------------[0m
2023-03-26 02:50:15,067 - Analysis - INFO - [1mGeneration number 2 	 Code coverage: 71.74% (2127/2965) 	 Branch coverage: 64.47% (98/152) 	 Transactions: 123 (85 unique)   	 Time: 3.1933813095092773[0m
2023-03-26 02:50:17,220 - Detector - INFO - [1m[31m-----------------------------------------------------[0m
2023-03-26 02:50:17,220 - Detector - INFO - [1m[31m          !!! Integer overflow detected !!!          [0m
2023-03-26 02:50:17,220 - Detector - INFO - [1m[31m-----------------------------------------------------[0m
2023-03-26 02:50:17,220 - Detector - INFO - [1m[31mSWC-ID:   101[0m
2023-03-26 02:50:17,220 - Detector - INFO - [1m[31mSeverity: High[0m
2023-03-26 02:50:17,220 - Detector - INFO - [1m[31m-----------------------------------------------------[0m
2023-03-26 02:50:17,220 - Detector - INFO - [1m[31mSource code line:[0m
2023-03-26 02:50:17,220 - Detector - INFO - [1m[31m-----------------------------------------------------[0m
2023-03-26 02:50:17,221 - Detector - INFO - [1m[31m/sb/0x46ba8a59f4863bd20a066fd985b163235425b5f9.sol:231:1[0m
2023-03-26 02:50:17,221 - Detector - INFO - [1m[31mToRedistr[0m
2023-03-26 02:50:17,221 - Detector - INFO - [1m[31m-----------------------------------------------------[0m
2023-03-26 02:50:17,221 - Detector - INFO - [1m[31mTransaction sequence:[0m
2023-03-26 02:50:17,221 - Detector - INFO - [1m[31m-----------------------------------------------------[0m
2023-03-26 02:50:17,221 - Detector - INFO - [1m[31mTransaction 1 - increaseAllowance(address,uint256):[0m
2023-03-26 02:50:17,221 - Detector - INFO - [1m[31m-----------------------------------------------------[0m
2023-03-26 02:50:17,221 - Detector - INFO - [1m[31mFrom:      0xdeadbeefdeadbeefdeadbeefdeadbeefdeadbeef[0m
2023-03-26 02:50:17,221 - Detector - INFO - [1m[31mTo:        0x2c5e8a3b3aad9df32339409534e64dfcabcd3a65[0m
2023-03-26 02:50:17,221 - Detector - INFO - [1m[31mValue:     0 Wei[0m
2023-03-26 02:50:17,221 - Detector - INFO - [1m[31mGas Limit: 4500000[0m
2023-03-26 02:50:17,221 - Detector - INFO - [1m[31mInput:     0x39509351000000000000000000000000cafebabe[0m
2023-03-26 02:50:17,222 - Detector - INFO - [1m[31m           cafebabecafebabecafebabecafebabe8147bf8cd6[0m
2023-03-26 02:50:17,222 - Detector - INFO - [1m[31m           dc89f26d89faf320eda8d79bc3c7f220e659b334ae[0m
2023-03-26 02:50:17,222 - Detector - INFO - [1m[31m           c19a0cd3eb94[0m
2023-03-26 02:50:17,222 - Detector - INFO - [1m[31m-----------------------------------------------------[0m
2023-03-26 02:50:17,222 - Detector - INFO - [1m[31mTransaction 2 - allowance(address,address):[0m
2023-03-26 02:50:17,222 - Detector - INFO - [1m[31m-----------------------------------------------------[0m
2023-03-26 02:50:17,222 - Detector - INFO - [1m[31mFrom:      0xdeadbeefdeadbeefdeadbeefdeadbeefdeadbeef[0m
2023-03-26 02:50:17,222 - Detector - INFO - [1m[31mTo:        0x2c5e8a3b3aad9df32339409534e64dfcabcd3a65[0m
2023-03-26 02:50:17,222 - Detector - INFO - [1m[31mValue:     1 Wei[0m
2023-03-26 02:50:17,222 - Detector - INFO - [1m[31mGas Limit: 4500000[0m
2023-03-26 02:50:17,222 - Detector - INFO - [1m[31mInput:     0xdd62ed3e000000000000000000000000deadbeef[0m
2023-03-26 02:50:17,222 - Detector - INFO - [1m[31m           deadbeefdeadbeefdeadbeefdeadbeef0000000000[0m
2023-03-26 02:50:17,223 - Detector - INFO - [1m[31m           00000000000000deadbeefdeadbeefdeadbeefdead[0m
2023-03-26 02:50:17,223 - Detector - INFO - [1m[31m           beefdeadbeef[0m
2023-03-26 02:50:17,223 - Detector - INFO - [1m[31m-----------------------------------------------------[0m
2023-03-26 02:50:17,223 - Detector - INFO - [1m[31mTransaction 3 - increaseAllowance(address,uint256):[0m
2023-03-26 02:50:17,223 - Detector - INFO - [1m[31m-----------------------------------------------------[0m
2023-03-26 02:50:17,223 - Detector - INFO - [1m[31mFrom:      0xdeadbeefdeadbeefdeadbeefdeadbeefdeadbeef[0m
2023-03-26 02:50:17,223 - Detector - INFO - [1m[31mTo:        0x2c5e8a3b3aad9df32339409534e64dfcabcd3a65[0m
2023-03-26 02:50:17,223 - Detector - INFO - [1m[31mValue:     0 Wei[0m
2023-03-26 02:50:17,223 - Detector - INFO - [1m[31mGas Limit: 4500000[0m
2023-03-26 02:50:17,223 - Detector - INFO - [1m[31mInput:     0x39509351000000000000000000000000cafebabe[0m
2023-03-26 02:50:17,223 - Detector - INFO - [1m[31m           cafebabecafebabecafebabecafebabeb10f516407[0m
2023-03-26 02:50:17,223 - Detector - INFO - [1m[31m           fd2bb70eacdd0b6f995cc23ba0aaaa65ed786731d8[0m
2023-03-26 02:50:17,223 - Detector - INFO - [1m[31m           ea09f894fbe5[0m
2023-03-26 02:50:17,223 - Detector - INFO - [1m[31m-----------------------------------------------------[0m
2023-03-26 02:50:17,898 - Analysis - INFO - [1mGeneration number 3 	 Code coverage: 71.84% (2130/2965) 	 Branch coverage: 65.13% (99/152) 	 Transactions: 218 (116 unique)   	 Time: 6.024188756942749[0m
2023-03-26 02:50:22,575 - Analysis - INFO - [1mGeneration number 4 	 Code coverage: 75.55% (2240/2965) 	 Branch coverage: 70.39% (107/152) 	 Transactions: 346 (149 unique)   	 Time: 10.701550245285034[0m
2023-03-26 02:50:27,688 - Analysis - INFO - [1mGeneration number 5 	 Code coverage: 75.55% (2240/2965) 	 Branch coverage: 70.39% (107/152) 	 Transactions: 486 (183 unique)   	 Time: 15.814780712127686[0m
2023-03-26 02:50:35,258 - Analysis - INFO - [1mGeneration number 6 	 Code coverage: 76.66% (2273/2965) 	 Branch coverage: 74.34% (113/152) 	 Transactions: 638 (216 unique)   	 Time: 23.384495735168457[0m
2023-03-26 02:50:41,836 - Analysis - INFO - [1mGeneration number 7 	 Code coverage: 78.82% (2337/2965) 	 Branch coverage: 78.29% (119/152) 	 Transactions: 790 (250 unique)   	 Time: 29.96196436882019[0m
2023-03-26 02:50:48,825 - Analysis - INFO - [1mGeneration number 8 	 Code coverage: 78.82% (2337/2965) 	 Branch coverage: 80.26% (122/152) 	 Transactions: 943 (284 unique)   	 Time: 36.95159888267517[0m
2023-03-26 02:51:00,015 - Analysis - INFO - [1mGeneration number 9 	 Code coverage: 78.82% (2337/2965) 	 Branch coverage: 83.55% (127/152) 	 Transactions: 1101 (318 unique)   	 Time: 48.14100956916809[0m
2023-03-26 02:51:04,063 - Detector - INFO - [1m[32m-----------------------------------------------------[0m
2023-03-26 02:51:04,063 - Detector - INFO - [1m[32m          !!! Block dependency detected !!!          [0m
2023-03-26 02:51:04,063 - Detector - INFO - [1m[32m-----------------------------------------------------[0m
2023-03-26 02:51:04,063 - Detector - INFO - [1m[32mSWC-ID:   120[0m
2023-03-26 02:51:04,063 - Detector - INFO - [1m[32mSeverity: Low[0m
2023-03-26 02:51:04,064 - Detector - INFO - [1m[32m-----------------------------------------------------[0m
2023-03-26 02:51:04,064 - Detector - INFO - [1m[32mSource code line:[0m
2023-03-26 02:51:04,064 - Detector - INFO - [1m[32m-----------------------------------------------------[0m
2023-03-26 02:51:04,064 - Detector - INFO - [1m[32m/sb/0x46ba8a59f4863bd20a066fd985b163235425b5f9.sol:207:1[0m
2023-03-26 02:51:04,064 - Detector - INFO - [1m[32mblock.timestamp[0m
2023-03-26 02:51:04,064 - Detector - INFO - [1m[32m-----------------------------------------------------[0m
2023-03-26 02:51:04,064 - Detector - INFO - [1m[32mTransaction sequence:[0m
2023-03-26 02:51:04,064 - Detector - INFO - [1m[32m-----------------------------------------------------[0m
2023-03-26 02:51:04,064 - Detector - INFO - [1m[32mTransaction 1 - transferFrom(address,address,uint256):[0m
2023-03-26 02:51:04,064 - Detector - INFO - [1m[32m-----------------------------------------------------[0m
2023-03-26 02:51:04,064 - Detector - INFO - [1m[32mFrom:      0xcafebabecafebabecafebabecafebabecafebabe[0m
2023-03-26 02:51:04,065 - Detector - INFO - [1m[32mTo:        0x2c5e8a3b3aad9df32339409534e64dfcabcd3a65[0m
2023-03-26 02:51:04,065 - Detector - INFO - [1m[32mValue:     0 Wei[0m
2023-03-26 02:51:04,065 - Detector - INFO - [1m[32mGas Limit: 4500000[0m
2023-03-26 02:51:04,065 - Detector - INFO - [1m[32mInput:     0x23b872dd000000000000000000000000cafebabe[0m
2023-03-26 02:51:04,065 - Detector - INFO - [1m[32m           cafebabecafebabecafebabecafebabe0000000000[0m
2023-03-26 02:51:04,065 - Detector - INFO - [1m[32m           00000000000000ffffffffffffffffffffffffffff[0m
2023-03-26 02:51:04,065 - Detector - INFO - [1m[32m           ffffffffffff000000000000000000000000000000[0m
2023-03-26 02:51:04,065 - Detector - INFO - [1m[32m           0000000000000000000000000000000002[0m
2023-03-26 02:51:04,065 - Detector - INFO - [1m[32m-----------------------------------------------------[0m
2023-03-26 02:51:04,065 - Detector - INFO - [1m[32mTransaction 2 - transfer(address,uint256):[0m
2023-03-26 02:51:04,065 - Detector - INFO - [1m[32m-----------------------------------------------------[0m
2023-03-26 02:51:04,065 - Detector - INFO - [1m[32mFrom:      0xffffffffffffffffffffffffffffffffffffffff[0m
2023-03-26 02:51:04,066 - Detector - INFO - [1m[32mTo:        0x2c5e8a3b3aad9df32339409534e64dfcabcd3a65[0m
2023-03-26 02:51:04,066 - Detector - INFO - [1m[32mValue:     0 Wei[0m
2023-03-26 02:51:04,066 - Detector - INFO - [1m[32mGas Limit: 4500000[0m
2023-03-26 02:51:04,066 - Detector - INFO - [1m[32mInput:     0xa9059cbb000000000000000000000000ffffffff[0m
2023-03-26 02:51:04,066 - Detector - INFO - [1m[32m           fffffffffffffffffffffdffffff7fff0000000000[0m
2023-03-26 02:51:04,066 - Detector - INFO - [1m[32m           000000000000000000000000000000000000000000[0m
2023-03-26 02:51:04,066 - Detector - INFO - [1m[32m           000000000000[0m
2023-03-26 02:51:04,066 - Detector - INFO - [1m[32m-----------------------------------------------------[0m
2023-03-26 02:51:04,066 - Detector - INFO - [1m[32mTransaction 3 - increaseAllowance(address,uint256):[0m
2023-03-26 02:51:04,066 - Detector - INFO - [1m[32m-----------------------------------------------------[0m
2023-03-26 02:51:04,066 - Detector - INFO - [1m[32mFrom:      0xcafebabecafebabecafebabecafebabecafebabe[0m
2023-03-26 02:51:04,066 - Detector - INFO - [1m[32mTo:        0x2c5e8a3b3aad9df32339409534e64dfcabcd3a65[0m
2023-03-26 02:51:04,067 - Detector - INFO - [1m[32mValue:     0 Wei[0m
2023-03-26 02:51:04,067 - Detector - INFO - [1m[32mGas Limit: 4500000[0m
2023-03-26 02:51:04,067 - Detector - INFO - [1m[32mInput:     0x39509351000000000000000000000000deadbeef[0m
2023-03-26 02:51:04,067 - Detector - INFO - [1m[32m           deadbeefdeadbeefdeadbeefdeadbeef0000000000[0m
2023-03-26 02:51:04,067 - Detector - INFO - [1m[32m           000000000000000000000000000000000000000000[0m
2023-03-26 02:51:04,067 - Detector - INFO - [1m[32m           000000000001[0m
2023-03-26 02:51:04,067 - Detector - INFO - [1m[32m-----------------------------------------------------[0m
2023-03-26 02:51:04,067 - Detector - INFO - [1m[32mTransaction 4 - approve(address,uint256):[0m
2023-03-26 02:51:04,067 - Detector - INFO - [1m[32m-----------------------------------------------------[0m
2023-03-26 02:51:04,067 - Detector - INFO - [1m[32mFrom:      0xdeadbeefdeadbeefdeadbeefdeadbeefdeadbeef[0m
2023-03-26 02:51:04,067 - Detector - INFO - [1m[32mTo:        0x2c5e8a3b3aad9df32339409534e64dfcabcd3a65[0m
2023-03-26 02:51:04,067 - Detector - INFO - [1m[32mValue:     0 Wei[0m
2023-03-26 02:51:04,068 - Detector - INFO - [1m[32mGas Limit: 4500000[0m
2023-03-26 02:51:04,068 - Detector - INFO - [1m[32mInput:     0x095ea7b3000000000000000000000000cafebabe[0m
2023-03-26 02:51:04,068 - Detector - INFO - [1m[32m           cafebabecafebabecafebabecafebabe1bad5e664b[0m
2023-03-26 02:51:04,068 - Detector - INFO - [1m[32m           d6691e9b8f4610ccc592b28a0dc816fae585d43ab2[0m
2023-03-26 02:51:04,068 - Detector - INFO - [1m[32m           6a6f13aa96ca[0m
2023-03-26 02:51:04,068 - Detector - INFO - [1m[32m-----------------------------------------------------[0m
2023-03-26 02:51:04,068 - Detector - INFO - [1m[32mTransaction 5 - increaseAllowance(address,uint256):[0m
2023-03-26 02:51:04,068 - Detector - INFO - [1m[32m-----------------------------------------------------[0m
2023-03-26 02:51:04,068 - Detector - INFO - [1m[32mFrom:      0xdeadbeefdeadbeefdeadbeefdeadbeefdeadbeef[0m
2023-03-26 02:51:04,068 - Detector - INFO - [1m[32mTo:        0x2c5e8a3b3aad9df32339409534e64dfcabcd3a65[0m
2023-03-26 02:51:04,068 - Detector - INFO - [1m[32mValue:     0 Wei[0m
2023-03-26 02:51:04,068 - Detector - INFO - [1m[32mGas Limit: 4500000[0m
2023-03-26 02:51:04,068 - Detector - INFO - [1m[32mInput:     0x3950935100000000000000000000000000000000[0m
2023-03-26 02:51:04,069 - Detector - INFO - [1m[32m           000000000000000000000000000000000000000000[0m
2023-03-26 02:51:04,069 - Detector - INFO - [1m[32m           000000000000000000000000000000000000000000[0m
2023-03-26 02:51:04,069 - Detector - INFO - [1m[32m           000000000001[0m
2023-03-26 02:51:04,069 - Detector - INFO - [1m[32m-----------------------------------------------------[0m
2023-03-26 02:51:13,050 - Analysis - INFO - [1mGeneration number 10 	 Code coverage: 82.60% (2449/2965) 	 Branch coverage: 86.18% (131/152) 	 Transactions: 1263 (352 unique)   	 Time: 61.17654752731323[0m
2023-03-26 02:51:26,087 - Analysis - INFO - [1mGeneration number 11 	 Code coverage: 82.60% (2449/2965) 	 Branch coverage: 86.84% (132/152) 	 Transactions: 1426 (386 unique)   	 Time: 74.21297407150269[0m
2023-03-26 02:51:39,378 - Analysis - INFO - [1mGeneration number 12 	 Code coverage: 82.60% (2449/2965) 	 Branch coverage: 86.84% (132/152) 	 Transactions: 1588 (420 unique)   	 Time: 87.50386142730713[0m
2023-03-26 02:51:53,918 - Analysis - INFO - [1mGeneration number 13 	 Code coverage: 82.60% (2449/2965) 	 Branch coverage: 86.84% (132/152) 	 Transactions: 1753 (454 unique)   	 Time: 102.04465317726135[0m
2023-03-26 02:52:08,001 - Analysis - INFO - [1mGeneration number 14 	 Code coverage: 82.60% (2449/2965) 	 Branch coverage: 86.84% (132/152) 	 Transactions: 1916 (488 unique)   	 Time: 116.12683844566345[0m
2023-03-26 02:52:22,204 - Analysis - INFO - [1mGeneration number 15 	 Code coverage: 82.60% (2449/2965) 	 Branch coverage: 86.84% (132/152) 	 Transactions: 2079 (522 unique)   	 Time: 130.33071899414062[0m
2023-03-26 02:52:36,389 - Analysis - INFO - [1mGeneration number 16 	 Code coverage: 82.60% (2449/2965) 	 Branch coverage: 86.84% (132/152) 	 Transactions: 2243 (556 unique)   	 Time: 144.5149736404419[0m
2023-03-26 02:52:50,462 - Analysis - INFO - [1mGeneration number 17 	 Code coverage: 82.60% (2449/2965) 	 Branch coverage: 86.84% (132/152) 	 Transactions: 2403 (590 unique)   	 Time: 158.58856320381165[0m
2023-03-26 02:53:04,479 - Analysis - INFO - [1mGeneration number 18 	 Code coverage: 82.60% (2449/2965) 	 Branch coverage: 86.84% (132/152) 	 Transactions: 2562 (624 unique)   	 Time: 172.6055920124054[0m
2023-03-26 02:53:19,297 - Analysis - INFO - [1mGeneration number 19 	 Code coverage: 82.60% (2449/2965) 	 Branch coverage: 86.84% (132/152) 	 Transactions: 2721 (658 unique)   	 Time: 187.42369985580444[0m
2023-03-26 02:53:33,892 - Analysis - INFO - [1mGeneration number 20 	 Code coverage: 82.60% (2449/2965) 	 Branch coverage: 86.84% (132/152) 	 Transactions: 2883 (692 unique)   	 Time: 202.01868104934692[0m
2023-03-26 02:53:48,973 - Analysis - INFO - [1mGeneration number 21 	 Code coverage: 82.60% (2449/2965) 	 Branch coverage: 86.84% (132/152) 	 Transactions: 3047 (726 unique)   	 Time: 217.09920954704285[0m
2023-03-26 02:53:55,764 - Analysis - INFO - [1mGeneration number 22 	 Code coverage: 85.30% (2529/2965) 	 Branch coverage: 89.47% (136/152) 	 Transactions: 3127 (780 unique)   	 Time: 223.89021944999695[0m
2023-03-26 02:54:02,998 - Analysis - INFO - [1mGeneration number 23 	 Code coverage: 85.30% (2529/2965) 	 Branch coverage: 89.47% (136/152) 	 Transactions: 3205 (808 unique)   	 Time: 231.1239652633667[0m
2023-03-26 02:54:13,956 - Analysis - INFO - [1mGeneration number 24 	 Code coverage: 85.30% (2529/2965) 	 Branch coverage: 89.47% (136/152) 	 Transactions: 3317 (839 unique)   	 Time: 242.08248949050903[0m
2023-03-26 02:54:27,389 - Analysis - INFO - [1mGeneration number 25 	 Code coverage: 85.30% (2529/2965) 	 Branch coverage: 89.47% (136/152) 	 Transactions: 3457 (873 unique)   	 Time: 255.5157768726349[0m
2023-03-26 02:54:42,100 - Analysis - INFO - [1mGeneration number 26 	 Code coverage: 85.30% (2529/2965) 	 Branch coverage: 89.47% (136/152) 	 Transactions: 3593 (904 unique)   	 Time: 270.2259871959686[0m
2023-03-26 02:54:57,642 - Analysis - INFO - [1mGeneration number 27 	 Code coverage: 85.30% (2529/2965) 	 Branch coverage: 90.13% (137/152) 	 Transactions: 3740 (938 unique)   	 Time: 285.76866817474365[0m
2023-03-26 02:55:14,387 - Analysis - INFO - [1mGeneration number 28 	 Code coverage: 85.30% (2529/2965) 	 Branch coverage: 90.13% (137/152) 	 Transactions: 3888 (972 unique)   	 Time: 302.5128791332245[0m
2023-03-26 02:55:31,690 - Analysis - INFO - [1mGeneration number 29 	 Code coverage: 85.30% (2529/2965) 	 Branch coverage: 90.79% (138/152) 	 Transactions: 4036 (1005 unique)   	 Time: 319.816686630249[0m
2023-03-26 02:55:48,797 - Analysis - INFO - [1mGeneration number 30 	 Code coverage: 85.30% (2529/2965) 	 Branch coverage: 90.79% (138/152) 	 Transactions: 4186 (1038 unique)   	 Time: 336.92314100265503[0m
2023-03-26 02:56:03,138 - Analysis - INFO - [1mGeneration number 31 	 Code coverage: 85.30% (2529/2965) 	 Branch coverage: 90.79% (138/152) 	 Transactions: 4335 (1072 unique)   	 Time: 351.2642648220062[0m
2023-03-26 02:56:16,891 - Analysis - INFO - [1mGeneration number 32 	 Code coverage: 85.30% (2529/2965) 	 Branch coverage: 90.79% (138/152) 	 Transactions: 4484 (1106 unique)   	 Time: 365.0175771713257[0m
2023-03-26 02:56:31,109 - Analysis - INFO - [1mGeneration number 33 	 Code coverage: 85.30% (2529/2965) 	 Branch coverage: 90.79% (138/152) 	 Transactions: 4634 (1139 unique)   	 Time: 379.23551535606384[0m
2023-03-26 02:56:37,748 - Analysis - INFO - [1mGeneration number 34 	 Code coverage: 86.85% (2575/2965) 	 Branch coverage: 91.45% (139/152) 	 Transactions: 4717 (1188 unique)   	 Time: 385.87422943115234[0m
2023-03-26 02:56:42,580 - Analysis - INFO - [1mGeneration number 35 	 Code coverage: 86.85% (2575/2965) 	 Branch coverage: 91.45% (139/152) 	 Transactions: 4803 (1217 unique)   	 Time: 390.70674228668213[0m
2023-03-26 02:56:50,296 - Analysis - INFO - [1mGeneration number 36 	 Code coverage: 86.85% (2575/2965) 	 Branch coverage: 91.45% (139/152) 	 Transactions: 4912 (1245 unique)   	 Time: 398.4223036766052[0m
2023-03-26 02:56:59,746 - Analysis - INFO - [1mGeneration number 37 	 Code coverage: 86.85% (2575/2965) 	 Branch coverage: 91.45% (139/152) 	 Transactions: 5039 (1277 unique)   	 Time: 407.87253880500793[0m
2023-03-26 02:57:08,829 - Analysis - INFO - [1mGeneration number 38 	 Code coverage: 86.85% (2575/2965) 	 Branch coverage: 91.45% (139/152) 	 Transactions: 5169 (1309 unique)   	 Time: 416.95543360710144[0m
2023-03-26 02:57:18,865 - Analysis - INFO - [1mGeneration number 39 	 Code coverage: 86.85% (2575/2965) 	 Branch coverage: 91.45% (139/152) 	 Transactions: 5306 (1340 unique)   	 Time: 426.99155282974243[0m
2023-03-26 02:57:29,925 - Analysis - INFO - [1mGeneration number 40 	 Code coverage: 86.85% (2575/2965) 	 Branch coverage: 92.11% (140/152) 	 Transactions: 5451 (1373 unique)   	 Time: 438.0511825084686[0m
2023-03-26 02:57:41,121 - Analysis - INFO - [1mGeneration number 41 	 Code coverage: 86.85% (2575/2965) 	 Branch coverage: 92.11% (140/152) 	 Transactions: 5595 (1406 unique)   	 Time: 449.2473952770233[0m
2023-03-26 02:57:52,318 - Analysis - INFO - [1mGeneration number 42 	 Code coverage: 86.85% (2575/2965) 	 Branch coverage: 92.11% (140/152) 	 Transactions: 5737 (1438 unique)   	 Time: 460.4439604282379[0m
2023-03-26 02:58:04,492 - Analysis - INFO - [1mGeneration number 43 	 Code coverage: 86.85% (2575/2965) 	 Branch coverage: 93.42% (142/152) 	 Transactions: 5889 (1471 unique)   	 Time: 472.6182894706726[0m
2023-03-26 02:58:16,584 - Analysis - INFO - [1mGeneration number 44 	 Code coverage: 86.85% (2575/2965) 	 Branch coverage: 93.42% (142/152) 	 Transactions: 6035 (1505 unique)   	 Time: 484.7103416919708[0m
2023-03-26 02:58:29,601 - Analysis - INFO - [1mGeneration number 45 	 Code coverage: 86.85% (2575/2965) 	 Branch coverage: 93.42% (142/152) 	 Transactions: 6187 (1539 unique)   	 Time: 497.7269697189331[0m
2023-03-26 02:58:34,251 - Analysis - INFO - [1mGeneration number 46 	 Code coverage: 86.85% (2575/2965) 	 Branch coverage: 93.42% (142/152) 	 Transactions: 6258 (1575 unique)   	 Time: 502.3776729106903[0m
2023-03-26 02:58:40,378 - Analysis - INFO - [1mGeneration number 47 	 Code coverage: 86.85% (2575/2965) 	 Branch coverage: 93.42% (142/152) 	 Transactions: 6335 (1600 unique)   	 Time: 508.50480031967163[0m
2023-03-26 02:58:49,734 - Analysis - INFO - [1mGeneration number 48 	 Code coverage: 86.85% (2575/2965) 	 Branch coverage: 93.42% (142/152) 	 Transactions: 6462 (1632 unique)   	 Time: 517.8598766326904[0m
2023-03-26 02:58:59,277 - Analysis - INFO - [1mGeneration number 49 	 Code coverage: 86.85% (2575/2965) 	 Branch coverage: 93.42% (142/152) 	 Transactions: 6599 (1663 unique)   	 Time: 527.4033641815186[0m
2023-03-26 02:59:09,752 - Analysis - INFO - [1mGeneration number 50 	 Code coverage: 86.85% (2575/2965) 	 Branch coverage: 93.42% (142/152) 	 Transactions: 6742 (1696 unique)   	 Time: 537.878576040268[0m
2023-03-26 02:59:20,415 - Analysis - INFO - [1mGeneration number 51 	 Code coverage: 86.85% (2575/2965) 	 Branch coverage: 93.42% (142/152) 	 Transactions: 6888 (1728 unique)   	 Time: 548.5410928726196[0m
2023-03-26 02:59:32,122 - Analysis - INFO - [1mGeneration number 52 	 Code coverage: 86.85% (2575/2965) 	 Branch coverage: 93.42% (142/152) 	 Transactions: 7036 (1762 unique)   	 Time: 560.2478501796722[0m
2023-03-26 02:59:44,614 - Analysis - INFO - [1mGeneration number 53 	 Code coverage: 86.85% (2575/2965) 	 Branch coverage: 93.42% (142/152) 	 Transactions: 7187 (1796 unique)   	 Time: 572.7404587268829[0m
2023-03-26 02:59:58,736 - Analysis - INFO - [1mGeneration number 54 	 Code coverage: 86.85% (2575/2965) 	 Branch coverage: 93.42% (142/152) 	 Transactions: 7334 (1830 unique)   	 Time: 586.8619351387024[0m
2023-03-26 03:00:13,295 - Analysis - INFO - [1mGeneration number 55 	 Code coverage: 86.85% (2575/2965) 	 Branch coverage: 93.42% (142/152) 	 Transactions: 7481 (1862 unique)   	 Time: 601.4214744567871[0m
2023-03-26 03:00:19,127 - Analysis - INFO - [1mGeneration number 56 	 Code coverage: 86.85% (2575/2965) 	 Branch coverage: 93.42% (142/152) 	 Transactions: 7564 (1906 unique)   	 Time: 607.252899646759[0m
2023-03-26 03:00:25,930 - Analysis - INFO - [1mGeneration number 57 	 Code coverage: 86.85% (2575/2965) 	 Branch coverage: 93.42% (142/152) 	 Transactions: 7657 (1933 unique)   	 Time: 614.0560693740845[0m
2023-03-26 03:00:34,419 - Analysis - INFO - [1mGeneration number 58 	 Code coverage: 86.85% (2575/2965) 	 Branch coverage: 93.42% (142/152) 	 Transactions: 7765 (1961 unique)   	 Time: 622.5454878807068[0m
2023-03-26 03:00:43,014 - Analysis - INFO - [1mGeneration number 59 	 Code coverage: 86.85% (2575/2965) 	 Branch coverage: 93.42% (142/152) 	 Transactions: 7883 (1992 unique)   	 Time: 631.1403079032898[0m
2023-03-26 03:00:52,011 - Analysis - INFO - [1mGeneration number 60 	 Code coverage: 86.85% (2575/2965) 	 Branch coverage: 93.42% (142/152) 	 Transactions: 8010 (2024 unique)   	 Time: 640.1377608776093[0m
2023-03-26 03:01:02,294 - Analysis - INFO - [1mGeneration number 61 	 Code coverage: 86.85% (2575/2965) 	 Branch coverage: 93.42% (142/152) 	 Transactions: 8140 (2057 unique)   	 Time: 650.4201836585999[0m
2023-03-26 03:01:14,083 - Analysis - INFO - [1mGeneration number 62 	 Code coverage: 86.85% (2575/2965) 	 Branch coverage: 93.42% (142/152) 	 Transactions: 8277 (2090 unique)   	 Time: 662.2095527648926[0m
2023-03-26 03:01:27,865 - Analysis - INFO - [1mGeneration number 63 	 Code coverage: 86.85% (2575/2965) 	 Branch coverage: 93.42% (142/152) 	 Transactions: 8413 (2124 unique)   	 Time: 675.9909522533417[0m
2023-03-26 03:01:41,172 - Analysis - INFO - [1mGeneration number 64 	 Code coverage: 86.85% (2575/2965) 	 Branch coverage: 93.42% (142/152) 	 Transactions: 8550 (2156 unique)   	 Time: 689.2981986999512[0m
2023-03-26 03:01:55,354 - Analysis - INFO - [1mGeneration number 65 	 Code coverage: 86.85% (2575/2965) 	 Branch coverage: 93.42% (142/152) 	 Transactions: 8693 (2189 unique)   	 Time: 703.48055768013[0m
2023-03-26 03:01:59,752 - Analysis - INFO - [1mGeneration number 66 	 Code coverage: 86.85% (2575/2965) 	 Branch coverage: 93.42% (142/152) 	 Transactions: 8769 (2225 unique)   	 Time: 707.8778643608093[0m
2023-03-26 03:02:05,146 - Analysis - INFO - [1mGeneration number 67 	 Code coverage: 86.85% (2575/2965) 	 Branch coverage: 93.42% (142/152) 	 Transactions: 8861 (2250 unique)   	 Time: 713.271900177002[0m
2023-03-26 03:02:11,462 - Analysis - INFO - [1mGeneration number 68 	 Code coverage: 86.85% (2575/2965) 	 Branch coverage: 93.42% (142/152) 	 Transactions: 8971 (2276 unique)   	 Time: 719.588306427002[0m
2023-03-26 03:02:18,824 - Analysis - INFO - [1mGeneration number 69 	 Code coverage: 86.85% (2575/2965) 	 Branch coverage: 93.42% (142/152) 	 Transactions: 9089 (2304 unique)   	 Time: 726.9502861499786[0m
2023-03-26 03:02:26,729 - Analysis - INFO - [1mGeneration number 70 	 Code coverage: 86.85% (2575/2965) 	 Branch coverage: 93.42% (142/152) 	 Transactions: 9221 (2335 unique)   	 Time: 734.8557233810425[0m
2023-03-26 03:02:35,525 - Analysis - INFO - [1mGeneration number 71 	 Code coverage: 86.85% (2575/2965) 	 Branch coverage: 93.42% (142/152) 	 Transactions: 9363 (2367 unique)   	 Time: 743.6516661643982[0m
2023-03-26 03:02:44,428 - Analysis - INFO - [1mGeneration number 72 	 Code coverage: 86.85% (2575/2965) 	 Branch coverage: 93.42% (142/152) 	 Transactions: 9509 (2400 unique)   	 Time: 752.5542848110199[0m
2023-03-26 03:02:53,521 - Analysis - INFO - [1mGeneration number 73 	 Code coverage: 86.85% (2575/2965) 	 Branch coverage: 93.42% (142/152) 	 Transactions: 9662 (2434 unique)   	 Time: 761.6471638679504[0m
2023-03-26 03:03:02,602 - Analysis - INFO - [1mGeneration number 74 	 Code coverage: 86.85% (2575/2965) 	 Branch coverage: 93.42% (142/152) 	 Transactions: 9818 (2468 unique)   	 Time: 770.7279555797577[0m
2023-03-26 03:03:11,698 - Analysis - INFO - [1mGeneration number 75 	 Code coverage: 86.85% (2575/2965) 	 Branch coverage: 93.42% (142/152) 	 Transactions: 9975 (2502 unique)   	 Time: 779.8240027427673[0m
2023-03-26 03:03:16,666 - Analysis - INFO - [1mGeneration number 76 	 Code coverage: 86.85% (2575/2965) 	 Branch coverage: 93.42% (142/152) 	 Transactions: 10058 (2540 unique)   	 Time: 784.7922415733337[0m
2023-03-26 03:03:22,213 - Analysis - INFO - [1mGeneration number 77 	 Code coverage: 86.85% (2575/2965) 	 Branch coverage: 93.42% (142/152) 	 Transactions: 10131 (2563 unique)   	 Time: 790.3394474983215[0m
2023-03-26 03:03:29,617 - Analysis - INFO - [1mGeneration number 78 	 Code coverage: 86.85% (2575/2965) 	 Branch coverage: 93.42% (142/152) 	 Transactions: 10235 (2592 unique)   	 Time: 797.7435927391052[0m
2023-03-26 03:03:38,481 - Analysis - INFO - [1mGeneration number 79 	 Code coverage: 86.85% (2575/2965) 	 Branch coverage: 93.42% (142/152) 	 Transactions: 10362 (2626 unique)   	 Time: 806.6071164608002[0m
2023-03-26 03:03:48,200 - Analysis - INFO - [1mGeneration number 80 	 Code coverage: 86.85% (2575/2965) 	 Branch coverage: 93.42% (142/152) 	 Transactions: 10493 (2660 unique)   	 Time: 816.325870513916[0m
2023-03-26 03:04:00,365 - Analysis - INFO - [1mGeneration number 81 	 Code coverage: 86.85% (2575/2965) 	 Branch coverage: 93.42% (142/152) 	 Transactions: 10630 (2694 unique)   	 Time: 828.4917414188385[0m
2023-03-26 03:04:13,572 - Analysis - INFO - [1mGeneration number 82 	 Code coverage: 86.85% (2575/2965) 	 Branch coverage: 93.42% (142/152) 	 Transactions: 10777 (2728 unique)   	 Time: 841.6985938549042[0m
2023-03-26 03:04:28,730 - Analysis - INFO - [1mGeneration number 83 	 Code coverage: 86.85% (2575/2965) 	 Branch coverage: 93.42% (142/152) 	 Transactions: 10925 (2762 unique)   	 Time: 856.8567440509796[0m
2023-03-26 03:04:43,258 - Analysis - INFO - [1mGeneration number 84 	 Code coverage: 86.85% (2575/2965) 	 Branch coverage: 93.42% (142/152) 	 Transactions: 11074 (2796 unique)   	 Time: 871.3843202590942[0m
2023-03-26 03:04:57,773 - Analysis - INFO - [1mGeneration number 85 	 Code coverage: 86.85% (2575/2965) 	 Branch coverage: 93.42% (142/152) 	 Transactions: 11224 (2830 unique)   	 Time: 885.899423122406[0m
2023-03-26 03:05:02,898 - Analysis - INFO - [1mGeneration number 86 	 Code coverage: 86.85% (2575/2965) 	 Branch coverage: 93.42% (142/152) 	 Transactions: 11302 (2862 unique)   	 Time: 891.0242922306061[0m
2023-03-26 03:05:10,370 - Analysis - INFO - [1mGeneration number 87 	 Code coverage: 86.85% (2575/2965) 	 Branch coverage: 93.42% (142/152) 	 Transactions: 11405 (2889 unique)   	 Time: 898.4965603351593[0m
2023-03-26 03:05:19,969 - Analysis - INFO - [1mGeneration number 88 	 Code coverage: 86.85% (2575/2965) 	 Branch coverage: 93.42% (142/152) 	 Transactions: 11525 (2920 unique)   	 Time: 908.0955302715302[0m
2023-03-26 03:05:29,545 - Analysis - INFO - [1mGeneration number 89 	 Code coverage: 86.85% (2575/2965) 	 Branch coverage: 93.42% (142/152) 	 Transactions: 11654 (2953 unique)   	 Time: 917.6710343360901[0m
2023-03-26 03:05:40,325 - Analysis - INFO - [1mGeneration number 90 	 Code coverage: 86.85% (2575/2965) 	 Branch coverage: 93.42% (142/152) 	 Transactions: 11778 (2987 unique)   	 Time: 928.4513721466064[0m
2023-03-26 03:05:51,082 - Analysis - INFO - [1mGeneration number 91 	 Code coverage: 86.85% (2575/2965) 	 Branch coverage: 93.42% (142/152) 	 Transactions: 11901 (3020 unique)   	 Time: 939.2079384326935[0m
2023-03-26 03:06:01,246 - Analysis - INFO - [1mGeneration number 92 	 Code coverage: 86.85% (2575/2965) 	 Branch coverage: 93.42% (142/152) 	 Transactions: 12025 (3053 unique)   	 Time: 949.3728063106537[0m
2023-03-26 03:06:12,047 - Analysis - INFO - [1mGeneration number 93 	 Code coverage: 86.85% (2575/2965) 	 Branch coverage: 93.42% (142/152) 	 Transactions: 12149 (3087 unique)   	 Time: 960.1734442710876[0m
2023-03-26 03:06:23,546 - Analysis - INFO - [1mGeneration number 94 	 Code coverage: 86.85% (2575/2965) 	 Branch coverage: 93.42% (142/152) 	 Transactions: 12270 (3121 unique)   	 Time: 971.6722469329834[0m
2023-03-26 03:06:35,032 - Analysis - INFO - [1mGeneration number 95 	 Code coverage: 86.85% (2575/2965) 	 Branch coverage: 93.42% (142/152) 	 Transactions: 12393 (3152 unique)   	 Time: 983.1582536697388[0m
2023-03-26 03:06:41,574 - Analysis - INFO - [1mGeneration number 96 	 Code coverage: 86.85% (2575/2965) 	 Branch coverage: 93.42% (142/152) 	 Transactions: 12480 (3190 unique)   	 Time: 989.7003276348114[0m
2023-03-26 03:06:51,515 - Analysis - INFO - [1mGeneration number 97 	 Code coverage: 86.85% (2575/2965) 	 Branch coverage: 93.42% (142/152) 	 Transactions: 12597 (3221 unique)   	 Time: 999.6408605575562[0m
2023-03-26 03:07:02,705 - Analysis - INFO - [1mGeneration number 98 	 Code coverage: 86.85% (2575/2965) 	 Branch coverage: 93.42% (142/152) 	 Transactions: 12721 (3252 unique)   	 Time: 1010.830970287323[0m
2023-03-26 03:07:15,841 - Analysis - INFO - [1mGeneration number 99 	 Code coverage: 86.85% (2575/2965) 	 Branch coverage: 93.42% (142/152) 	 Transactions: 12853 (3285 unique)   	 Time: 1023.9669177532196[0m
2023-03-26 03:07:29,495 - Analysis - INFO - [1mGeneration number 100 	 Code coverage: 86.85% (2575/2965) 	 Branch coverage: 93.42% (142/152) 	 Transactions: 12987 (3319 unique)   	 Time: 1037.6213743686676[0m
2023-03-26 03:07:45,060 - Analysis - INFO - [1mGeneration number 101 	 Code coverage: 86.85% (2575/2965) 	 Branch coverage: 93.42% (142/152) 	 Transactions: 13125 (3353 unique)   	 Time: 1053.1861486434937[0m
2023-03-26 03:08:01,846 - Analysis - INFO - [1mGeneration number 102 	 Code coverage: 86.85% (2575/2965) 	 Branch coverage: 93.42% (142/152) 	 Transactions: 13263 (3387 unique)   	 Time: 1069.9724748134613[0m
2023-03-26 03:08:18,037 - Analysis - INFO - [1mGeneration number 103 	 Code coverage: 86.85% (2575/2965) 	 Branch coverage: 93.42% (142/152) 	 Transactions: 13404 (3421 unique)   	 Time: 1086.1629865169525[0m
2023-03-26 03:08:35,256 - Analysis - INFO - [1mGeneration number 104 	 Code coverage: 86.85% (2575/2965) 	 Branch coverage: 93.42% (142/152) 	 Transactions: 13550 (3455 unique)   	 Time: 1103.3821032047272[0m
2023-03-26 03:08:52,777 - Analysis - INFO - [1mGeneration number 105 	 Code coverage: 86.85% (2575/2965) 	 Branch coverage: 93.42% (142/152) 	 Transactions: 13698 (3489 unique)   	 Time: 1120.9028759002686[0m
2023-03-26 03:08:57,955 - Analysis - INFO - [1mGeneration number 106 	 Code coverage: 86.85% (2575/2965) 	 Branch coverage: 93.42% (142/152) 	 Transactions: 13776 (3519 unique)   	 Time: 1126.0809907913208[0m
2023-03-26 03:09:04,164 - Analysis - INFO - [1mGeneration number 107 	 Code coverage: 86.85% (2575/2965) 	 Branch coverage: 93.42% (142/152) 	 Transactions: 13852 (3540 unique)   	 Time: 1132.2898445129395[0m
2023-03-26 03:09:12,853 - Analysis - INFO - [1mGeneration number 108 	 Code coverage: 86.85% (2575/2965) 	 Branch coverage: 93.42% (142/152) 	 Transactions: 13955 (3566 unique)   	 Time: 1140.979779958725[0m
2023-03-26 03:09:23,548 - Analysis - INFO - [1mGeneration number 109 	 Code coverage: 86.85% (2575/2965) 	 Branch coverage: 93.42% (142/152) 	 Transactions: 14075 (3596 unique)   	 Time: 1151.6739616394043[0m
2023-03-26 03:09:36,525 - Analysis - INFO - [1mGeneration number 110 	 Code coverage: 86.85% (2575/2965) 	 Branch coverage: 93.42% (142/152) 	 Transactions: 14207 (3630 unique)   	 Time: 1164.6511764526367[0m
2023-03-26 03:09:50,982 - Analysis - INFO - [1mGeneration number 111 	 Code coverage: 86.85% (2575/2965) 	 Branch coverage: 93.42% (142/152) 	 Transactions: 14337 (3663 unique)   	 Time: 1179.1087999343872[0m
2023-03-26 03:10:04,098 - Analysis - INFO - [1mGeneration number 112 	 Code coverage: 86.85% (2575/2965) 	 Branch coverage: 93.42% (142/152) 	 Transactions: 14468 (3697 unique)   	 Time: 1192.223946094513[0m
2023-03-26 03:10:18,426 - Analysis - INFO - [1mGeneration number 113 	 Code coverage: 86.85% (2575/2965) 	 Branch coverage: 93.42% (142/152) 	 Transactions: 14601 (3730 unique)   	 Time: 1206.5521051883698[0m
2023-03-26 03:10:32,925 - Analysis - INFO - [1mGeneration number 114 	 Code coverage: 86.85% (2575/2965) 	 Branch coverage: 93.42% (142/152) 	 Transactions: 14738 (3763 unique)   	 Time: 1221.051108598709[0m
2023-03-26 03:10:47,449 - Analysis - INFO - [1mGeneration number 115 	 Code coverage: 86.85% (2575/2965) 	 Branch coverage: 93.42% (142/152) 	 Transactions: 14878 (3797 unique)   	 Time: 1235.574979543686[0m
2023-03-26 03:10:52,429 - Analysis - INFO - [1mGeneration number 116 	 Code coverage: 86.85% (2575/2965) 	 Branch coverage: 93.42% (142/152) 	 Transactions: 14957 (3828 unique)   	 Time: 1240.5554730892181[0m
2023-03-26 03:10:58,694 - Analysis - INFO - [1mGeneration number 117 	 Code coverage: 86.85% (2575/2965) 	 Branch coverage: 93.42% (142/152) 	 Transactions: 15052 (3854 unique)   	 Time: 1246.820143699646[0m
2023-03-26 03:11:06,873 - Analysis - INFO - [1mGeneration number 118 	 Code coverage: 86.85% (2575/2965) 	 Branch coverage: 93.42% (142/152) 	 Transactions: 15160 (3878 unique)   	 Time: 1254.9993755817413[0m
2023-03-26 03:11:15,722 - Analysis - INFO - [1mGeneration number 119 	 Code coverage: 86.85% (2575/2965) 	 Branch coverage: 93.42% (142/152) 	 Transactions: 15272 (3907 unique)   	 Time: 1263.848790884018[0m
2023-03-26 03:11:25,978 - Analysis - INFO - [1mGeneration number 120 	 Code coverage: 86.85% (2575/2965) 	 Branch coverage: 93.42% (142/152) 	 Transactions: 15395 (3940 unique)   	 Time: 1274.1038601398468[0m
2023-03-26 03:11:37,612 - Analysis - INFO - [1mGeneration number 121 	 Code coverage: 86.85% (2575/2965) 	 Branch coverage: 93.42% (142/152) 	 Transactions: 15528 (3974 unique)   	 Time: 1285.7383806705475[0m
2023-03-26 03:11:49,726 - Analysis - INFO - [1mGeneration number 122 	 Code coverage: 86.85% (2575/2965) 	 Branch coverage: 93.42% (142/152) 	 Transactions: 15674 (4008 unique)   	 Time: 1297.8527953624725[0m
2023-03-26 03:12:00,986 - Analysis - INFO - [1mGeneration number 123 	 Code coverage: 86.85% (2575/2965) 	 Branch coverage: 93.42% (142/152) 	 Transactions: 15830 (4042 unique)   	 Time: 1309.1121091842651[0m
2023-03-26 03:12:12,387 - Analysis - INFO - [1mGeneration number 124 	 Code coverage: 86.85% (2575/2965) 	 Branch coverage: 93.42% (142/152) 	 Transactions: 15986 (4074 unique)   	 Time: 1320.5137526988983[0m
2023-03-26 03:12:24,610 - Analysis - INFO - [1mGeneration number 125 	 Code coverage: 86.85% (2575/2965) 	 Branch coverage: 93.42% (142/152) 	 Transactions: 16141 (4108 unique)   	 Time: 1332.7366242408752[0m
2023-03-26 03:12:30,326 - Analysis - INFO - [1mGeneration number 126 	 Code coverage: 86.85% (2575/2965) 	 Branch coverage: 93.42% (142/152) 	 Transactions: 16218 (4143 unique)   	 Time: 1338.4521157741547[0m
2023-03-26 03:12:38,585 - Analysis - INFO - [1mGeneration number 127 	 Code coverage: 86.85% (2575/2965) 	 Branch coverage: 93.42% (142/152) 	 Transactions: 16308 (4170 unique)   	 Time: 1346.7114698886871[0m
2023-03-26 03:12:47,761 - Analysis - INFO - [1mGeneration number 128 	 Code coverage: 86.85% (2575/2965) 	 Branch coverage: 93.42% (142/152) 	 Transactions: 16414 (4199 unique)   	 Time: 1355.8874418735504[0m
2023-03-26 03:12:59,902 - Analysis - INFO - [1mGeneration number 129 	 Code coverage: 86.85% (2575/2965) 	 Branch coverage: 93.42% (142/152) 	 Transactions: 16539 (4230 unique)   	 Time: 1368.0283193588257[0m
2023-03-26 03:13:12,984 - Analysis - INFO - [1mGeneration number 130 	 Code coverage: 86.85% (2575/2965) 	 Branch coverage: 93.42% (142/152) 	 Transactions: 16675 (4264 unique)   	 Time: 1381.1104435920715[0m
2023-03-26 03:13:27,428 - Analysis - INFO - [1mGeneration number 131 	 Code coverage: 86.85% (2575/2965) 	 Branch coverage: 93.42% (142/152) 	 Transactions: 16812 (4298 unique)   	 Time: 1395.5546543598175[0m
2023-03-26 03:13:42,957 - Analysis - INFO - [1mGeneration number 132 	 Code coverage: 86.85% (2575/2965) 	 Branch coverage: 93.42% (142/152) 	 Transactions: 16948 (4332 unique)   	 Time: 1411.0829241275787[0m
2023-03-26 03:13:58,030 - Analysis - INFO - [1mGeneration number 133 	 Code coverage: 86.85% (2575/2965) 	 Branch coverage: 93.42% (142/152) 	 Transactions: 17081 (4365 unique)   	 Time: 1426.1559722423553[0m
2023-03-26 03:14:14,793 - Analysis - INFO - [1mGeneration number 134 	 Code coverage: 86.85% (2575/2965) 	 Branch coverage: 93.42% (142/152) 	 Transactions: 17215 (4399 unique)   	 Time: 1442.9188828468323[0m
2023-03-26 03:14:31,236 - Analysis - INFO - [1mGeneration number 135 	 Code coverage: 86.85% (2575/2965) 	 Branch coverage: 93.42% (142/152) 	 Transactions: 17349 (4432 unique)   	 Time: 1459.3621728420258[0m
2023-03-26 03:14:35,927 - Analysis - INFO - [1mGeneration number 136 	 Code coverage: 86.85% (2575/2965) 	 Branch coverage: 93.42% (142/152) 	 Transactions: 17431 (4464 unique)   	 Time: 1464.0534672737122[0m
2023-03-26 03:14:42,056 - Analysis - INFO - [1mGeneration number 137 	 Code coverage: 86.85% (2575/2965) 	 Branch coverage: 93.42% (142/152) 	 Transactions: 17513 (4490 unique)   	 Time: 1470.182410955429[0m
2023-03-26 03:14:49,049 - Analysis - INFO - [1mGeneration number 138 	 Code coverage: 86.85% (2575/2965) 	 Branch coverage: 93.42% (142/152) 	 Transactions: 17606 (4516 unique)   	 Time: 1477.1752288341522[0m
2023-03-26 03:14:57,971 - Analysis - INFO - [1mGeneration number 139 	 Code coverage: 86.85% (2575/2965) 	 Branch coverage: 93.42% (142/152) 	 Transactions: 17730 (4547 unique)   	 Time: 1486.0972633361816[0m
2023-03-26 03:15:07,846 - Analysis - INFO - [1mGeneration number 140 	 Code coverage: 86.85% (2575/2965) 	 Branch coverage: 93.42% (142/152) 	 Transactions: 17854 (4579 unique)   	 Time: 1495.9719417095184[0m
2023-03-26 03:15:17,640 - Analysis - INFO - [1mGeneration number 141 	 Code coverage: 86.85% (2575/2965) 	 Branch coverage: 93.42% (142/152) 	 Transactions: 17979 (4608 unique)   	 Time: 1505.766544342041[0m
2023-03-26 03:15:28,002 - Analysis - INFO - [1mGeneration number 142 	 Code coverage: 86.85% (2575/2965) 	 Branch coverage: 93.42% (142/152) 	 Transactions: 18106 (4638 unique)   	 Time: 1516.128301858902[0m
2023-03-26 03:15:39,958 - Analysis - INFO - [1mGeneration number 143 	 Code coverage: 86.85% (2575/2965) 	 Branch coverage: 93.42% (142/152) 	 Transactions: 18247 (4670 unique)   	 Time: 1528.0843160152435[0m
2023-03-26 03:15:52,673 - Analysis - INFO - [1mGeneration number 144 	 Code coverage: 86.85% (2575/2965) 	 Branch coverage: 93.42% (142/152) 	 Transactions: 18389 (4703 unique)   	 Time: 1540.7993760108948[0m
2023-03-26 03:16:05,304 - Analysis - INFO - [1mGeneration number 145 	 Code coverage: 86.85% (2575/2965) 	 Branch coverage: 93.42% (142/152) 	 Transactions: 18541 (4736 unique)   	 Time: 1553.4303438663483[0m
2023-03-26 03:16:10,223 - Analysis - INFO - [1mGeneration number 146 	 Code coverage: 86.85% (2575/2965) 	 Branch coverage: 93.42% (142/152) 	 Transactions: 18619 (4766 unique)   	 Time: 1558.3493008613586[0m
2023-03-26 03:16:19,376 - Analysis - INFO - [1mGeneration number 147 	 Code coverage: 86.85% (2575/2965) 	 Branch coverage: 93.42% (142/152) 	 Transactions: 18709 (4789 unique)   	 Time: 1567.5025441646576[0m
2023-03-26 03:16:31,606 - Analysis - INFO - [1mGeneration number 148 	 Code coverage: 86.85% (2575/2965) 	 Branch coverage: 93.42% (142/152) 	 Transactions: 18822 (4815 unique)   	 Time: 1579.7319877147675[0m
2023-03-26 03:16:42,245 - Analysis - INFO - [1mGeneration number 149 	 Code coverage: 86.85% (2575/2965) 	 Branch coverage: 93.42% (142/152) 	 Transactions: 18938 (4841 unique)   	 Time: 1590.371784210205[0m
2023-03-26 03:16:54,069 - Analysis - INFO - [1mGeneration number 150 	 Code coverage: 86.85% (2575/2965) 	 Branch coverage: 93.42% (142/152) 	 Transactions: 19065 (4869 unique)   	 Time: 1602.1955149173737[0m
2023-03-26 03:17:08,155 - Analysis - INFO - [1mGeneration number 151 	 Code coverage: 86.85% (2575/2965) 	 Branch coverage: 93.42% (142/152) 	 Transactions: 19197 (4898 unique)   	 Time: 1616.2809307575226[0m
2023-03-26 03:17:23,342 - Analysis - INFO - [1mGeneration number 152 	 Code coverage: 86.85% (2575/2965) 	 Branch coverage: 93.42% (142/152) 	 Transactions: 19334 (4929 unique)   	 Time: 1631.4679560661316[0m
2023-03-26 03:17:38,921 - Analysis - INFO - [1mGeneration number 153 	 Code coverage: 86.85% (2575/2965) 	 Branch coverage: 93.42% (142/152) 	 Transactions: 19480 (4963 unique)   	 Time: 1647.0468640327454[0m
2023-03-26 03:17:55,692 - Analysis - INFO - [1mGeneration number 154 	 Code coverage: 86.85% (2575/2965) 	 Branch coverage: 93.42% (142/152) 	 Transactions: 19629 (4997 unique)   	 Time: 1663.8181219100952[0m
2023-03-26 03:18:12,379 - Analysis - INFO - [1mGeneration number 155 	 Code coverage: 86.85% (2575/2965) 	 Branch coverage: 93.42% (142/152) 	 Transactions: 19778 (5031 unique)   	 Time: 1680.5053889751434[0m
2023-03-26 03:18:17,000 - Analysis - INFO - [1mGeneration number 156 	 Code coverage: 86.85% (2575/2965) 	 Branch coverage: 93.42% (142/152) 	 Transactions: 19858 (5062 unique)   	 Time: 1685.1265931129456[0m
2023-03-26 03:18:22,863 - Analysis - INFO - [1mGeneration number 157 	 Code coverage: 86.85% (2575/2965) 	 Branch coverage: 93.42% (142/152) 	 Transactions: 19935 (5084 unique)   	 Time: 1690.9890894889832[0m
2023-03-26 03:18:29,705 - Analysis - INFO - [1mGeneration number 158 	 Code coverage: 86.85% (2575/2965) 	 Branch coverage: 93.42% (142/152) 	 Transactions: 20032 (5104 unique)   	 Time: 1697.831363916397[0m
2023-03-26 03:18:39,007 - Analysis - INFO - [1mGeneration number 159 	 Code coverage: 86.85% (2575/2965) 	 Branch coverage: 93.42% (142/152) 	 Transactions: 20146 (5129 unique)   	 Time: 1707.1334459781647[0m
2023-03-26 03:18:49,888 - Analysis - INFO - [1mGeneration number 160 	 Code coverage: 86.85% (2575/2965) 	 Branch coverage: 93.42% (142/152) 	 Transactions: 20282 (5157 unique)   	 Time: 1718.0139441490173[0m
2023-03-26 03:19:02,185 - Analysis - INFO - [1mGeneration number 161 	 Code coverage: 86.85% (2575/2965) 	 Branch coverage: 93.42% (142/152) 	 Transactions: 20433 (5189 unique)   	 Time: 1730.3115668296814[0m
2023-03-26 03:19:16,035 - Analysis - INFO - [1mGeneration number 162 	 Code coverage: 86.85% (2575/2965) 	 Branch coverage: 93.42% (142/152) 	 Transactions: 20595 (5223 unique)   	 Time: 1744.161015510559[0m
2023-03-26 03:19:31,243 - Analysis - INFO - [1mGeneration number 163 	 Code coverage: 86.85% (2575/2965) 	 Branch coverage: 93.42% (142/152) 	 Transactions: 20756 (5256 unique)   	 Time: 1759.3692543506622[0m
2023-03-26 03:19:47,547 - Analysis - INFO - [1mGeneration number 164 	 Code coverage: 86.85% (2575/2965) 	 Branch coverage: 93.42% (142/152) 	 Transactions: 20925 (5290 unique)   	 Time: 1775.67373585701[0m
2023-03-26 03:20:04,252 - Analysis - INFO - [1mGeneration number 165 	 Code coverage: 86.85% (2575/2965) 	 Branch coverage: 93.42% (142/152) 	 Transactions: 21094 (5324 unique)   	 Time: 1792.3780057430267[0m
2023-03-26 03:20:09,914 - Analysis - INFO - [1mGeneration number 166 	 Code coverage: 86.85% (2575/2965) 	 Branch coverage: 93.42% (142/152) 	 Transactions: 21179 (5358 unique)   	 Time: 1798.0402657985687[0m
2023-03-26 03:20:16,000 - Analysis - INFO - [1mGeneration number 167 	 Code coverage: 86.85% (2575/2965) 	 Branch coverage: 93.42% (142/152) 	 Transactions: 21278 (5385 unique)   	 Time: 1804.1267259120941[0m
2023-03-26 03:20:23,471 - Analysis - INFO - [1mGeneration number 168 	 Code coverage: 86.85% (2575/2965) 	 Branch coverage: 93.42% (142/152) 	 Transactions: 21391 (5415 unique)   	 Time: 1811.5978226661682[0m
2023-03-26 03:20:30,767 - Analysis - INFO - [1mGeneration number 169 	 Code coverage: 86.85% (2575/2965) 	 Branch coverage: 93.42% (142/152) 	 Transactions: 21513 (5446 unique)   	 Time: 1818.8935232162476[0m
2023-03-26 03:20:37,660 - Analysis - INFO - [1mGeneration number 170 	 Code coverage: 86.85% (2575/2965) 	 Branch coverage: 93.42% (142/152) 	 Transactions: 21633 (5475 unique)   	 Time: 1825.7862601280212[0m
2023-03-26 03:20:46,391 - Analysis - INFO - [1mGeneration number 171 	 Code coverage: 86.85% (2575/2965) 	 Branch coverage: 93.42% (142/152) 	 Transactions: 21764 (5508 unique)   	 Time: 1834.5177164077759[0m
2023-03-26 03:20:56,063 - Analysis - INFO - [1mGeneration number 172 	 Code coverage: 86.85% (2575/2965) 	 Branch coverage: 93.42% (142/152) 	 Transactions: 21902 (5541 unique)   	 Time: 1844.1890516281128[0m
2023-03-26 03:21:05,117 - Analysis - INFO - [1mGeneration number 173 	 Code coverage: 86.85% (2575/2965) 	 Branch coverage: 93.42% (142/152) 	 Transactions: 22045 (5574 unique)   	 Time: 1853.2437784671783[0m
2023-03-26 03:21:14,295 - Analysis - INFO - [1mGeneration number 174 	 Code coverage: 86.85% (2575/2965) 	 Branch coverage: 93.42% (142/152) 	 Transactions: 22179 (5606 unique)   	 Time: 1862.4210908412933[0m
2023-03-26 03:21:23,624 - Analysis - INFO - [1mGeneration number 175 	 Code coverage: 86.85% (2575/2965) 	 Branch coverage: 93.42% (142/152) 	 Transactions: 22313 (5637 unique)   	 Time: 1871.7508022785187[0m
2023-03-26 03:21:28,551 - Analysis - INFO - [1mGeneration number 176 	 Code coverage: 86.85% (2575/2965) 	 Branch coverage: 93.42% (142/152) 	 Transactions: 22393 (5670 unique)   	 Time: 1876.676830291748[0m
2023-03-26 03:21:34,977 - Analysis - INFO - [1mGeneration number 177 	 Code coverage: 86.85% (2575/2965) 	 Branch coverage: 94.08% (143/152) 	 Transactions: 22483 (5697 unique)   	 Time: 1883.1030020713806[0m
2023-03-26 03:21:42,315 - Analysis - INFO - [1mGeneration number 178 	 Code coverage: 86.85% (2575/2965) 	 Branch coverage: 94.74% (144/152) 	 Transactions: 22598 (5726 unique)   	 Time: 1890.4412260055542[0m
2023-03-26 03:21:51,061 - Analysis - INFO - [1mGeneration number 179 	 Code coverage: 86.85% (2575/2965) 	 Branch coverage: 94.74% (144/152) 	 Transactions: 22721 (5754 unique)   	 Time: 1899.1869823932648[0m
2023-03-26 03:22:00,339 - Analysis - INFO - [1mGeneration number 180 	 Code coverage: 86.85% (2575/2965) 	 Branch coverage: 94.74% (144/152) 	 Transactions: 22858 (5788 unique)   	 Time: 1908.4648423194885[0m
2023-03-26 03:22:10,015 - Analysis - INFO - [1mGeneration number 181 	 Code coverage: 86.85% (2575/2965) 	 Branch coverage: 94.74% (144/152) 	 Transactions: 23005 (5820 unique)   	 Time: 1918.141572713852[0m
2023-03-26 03:22:19,659 - Analysis - INFO - [1mGeneration number 182 	 Code coverage: 86.85% (2575/2965) 	 Branch coverage: 94.74% (144/152) 	 Transactions: 23156 (5854 unique)   	 Time: 1927.7856848239899[0m
2023-03-26 03:22:30,163 - Analysis - INFO - [1mGeneration number 183 	 Code coverage: 86.85% (2575/2965) 	 Branch coverage: 94.74% (144/152) 	 Transactions: 23308 (5888 unique)   	 Time: 1938.2891960144043[0m
2023-03-26 03:22:40,558 - Analysis - INFO - [1mGeneration number 184 	 Code coverage: 86.85% (2575/2965) 	 Branch coverage: 94.74% (144/152) 	 Transactions: 23458 (5922 unique)   	 Time: 1948.683857679367[0m
2023-03-26 03:22:50,767 - Analysis - INFO - [1mGeneration number 185 	 Code coverage: 86.85% (2575/2965) 	 Branch coverage: 94.74% (144/152) 	 Transactions: 23613 (5956 unique)   	 Time: 1958.8930671215057[0m
2023-03-26 03:22:56,656 - Analysis - INFO - [1mGeneration number 186 	 Code coverage: 86.85% (2575/2965) 	 Branch coverage: 94.74% (144/152) 	 Transactions: 23695 (5993 unique)   	 Time: 1964.78222823143[0m
2023-03-26 03:23:05,085 - Analysis - INFO - [1mGeneration number 187 	 Code coverage: 86.85% (2575/2965) 	 Branch coverage: 94.74% (144/152) 	 Transactions: 23800 (6023 unique)   	 Time: 1973.2113909721375[0m
2023-03-26 03:23:13,478 - Analysis - INFO - [1mGeneration number 188 	 Code coverage: 86.85% (2575/2965) 	 Branch coverage: 94.74% (144/152) 	 Transactions: 23913 (6055 unique)   	 Time: 1981.6046934127808[0m
2023-03-26 03:23:23,778 - Analysis - INFO - [1mGeneration number 189 	 Code coverage: 86.85% (2575/2965) 	 Branch coverage: 94.74% (144/152) 	 Transactions: 24041 (6086 unique)   	 Time: 1991.904201745987[0m
2023-03-26 03:23:36,549 - Analysis - INFO - [1mGeneration number 190 	 Code coverage: 86.85% (2575/2965) 	 Branch coverage: 94.74% (144/152) 	 Transactions: 24176 (6120 unique)   	 Time: 2004.6749150753021[0m
2023-03-26 03:23:49,491 - Analysis - INFO - [1mGeneration number 191 	 Code coverage: 86.85% (2575/2965) 	 Branch coverage: 94.74% (144/152) 	 Transactions: 24313 (6154 unique)   	 Time: 2017.6177241802216[0m
2023-03-26 03:24:03,632 - Analysis - INFO - [1mGeneration number 192 	 Code coverage: 86.85% (2575/2965) 	 Branch coverage: 94.74% (144/152) 	 Transactions: 24448 (6187 unique)   	 Time: 2031.7581872940063[0m
2023-03-26 03:24:18,363 - Analysis - INFO - [1mGeneration number 193 	 Code coverage: 86.85% (2575/2965) 	 Branch coverage: 94.74% (144/152) 	 Transactions: 24580 (6220 unique)   	 Time: 2046.4889903068542[0m
2023-03-26 03:24:31,880 - Analysis - INFO - [1mGeneration number 194 	 Code coverage: 86.85% (2575/2965) 	 Branch coverage: 94.74% (144/152) 	 Transactions: 24717 (6253 unique)   	 Time: 2060.0060794353485[0m
2023-03-26 03:24:46,615 - Analysis - INFO - [1mGeneration number 195 	 Code coverage: 86.85% (2575/2965) 	 Branch coverage: 94.74% (144/152) 	 Transactions: 24856 (6287 unique)   	 Time: 2074.7415277957916[0m
2023-03-26 03:24:51,345 - Analysis - INFO - [1mGeneration number 196 	 Code coverage: 86.85% (2575/2965) 	 Branch coverage: 94.74% (144/152) 	 Transactions: 24928 (6319 unique)   	 Time: 2079.4714782238007[0m
2023-03-26 03:24:57,835 - Analysis - INFO - [1mGeneration number 197 	 Code coverage: 86.85% (2575/2965) 	 Branch coverage: 94.74% (144/152) 	 Transactions: 25016 (6346 unique)   	 Time: 2085.9612596035004[0m
2023-03-26 03:25:06,533 - Analysis - INFO - [1mGeneration number 198 	 Code coverage: 86.85% (2575/2965) 	 Branch coverage: 94.74% (144/152) 	 Transactions: 25123 (6377 unique)   	 Time: 2094.6597316265106[0m
2023-03-26 03:25:16,877 - Analysis - INFO - [1mGeneration number 199 	 Code coverage: 86.85% (2575/2965) 	 Branch coverage: 95.39% (145/152) 	 Transactions: 25229 (6409 unique)   	 Time: 2105.0037286281586[0m
2023-03-26 03:25:27,161 - Analysis - INFO - [1mGeneration number 200 	 Code coverage: 86.85% (2575/2965) 	 Branch coverage: 95.39% (145/152) 	 Transactions: 25335 (6441 unique)   	 Time: 2115.28697514534[0m
2023-03-26 03:25:38,899 - Analysis - INFO - [1mGeneration number 201 	 Code coverage: 86.85% (2575/2965) 	 Branch coverage: 95.39% (145/152) 	 Transactions: 25439 (6474 unique)   	 Time: 2127.0252821445465[0m
2023-03-26 03:25:51,544 - Analysis - INFO - [1mGeneration number 202 	 Code coverage: 86.85% (2575/2965) 	 Branch coverage: 95.39% (145/152) 	 Transactions: 25544 (6508 unique)   	 Time: 2139.6706533432007[0m
2023-03-26 03:26:04,381 - Analysis - INFO - [1mGeneration number 203 	 Code coverage: 86.85% (2575/2965) 	 Branch coverage: 95.39% (145/152) 	 Transactions: 25650 (6542 unique)   	 Time: 2152.5070316791534[0m
2023-03-26 03:26:17,423 - Analysis - INFO - [1mGeneration number 204 	 Code coverage: 86.85% (2575/2965) 	 Branch coverage: 95.39% (145/152) 	 Transactions: 25753 (6576 unique)   	 Time: 2165.5491139888763[0m
2023-03-26 03:26:30,168 - Analysis - INFO - [1mGeneration number 205 	 Code coverage: 86.85% (2575/2965) 	 Branch coverage: 95.39% (145/152) 	 Transactions: 25856 (6610 unique)   	 Time: 2178.294132232666[0m
2023-03-26 03:26:35,673 - Analysis - INFO - [1mGeneration number 206 	 Code coverage: 86.85% (2575/2965) 	 Branch coverage: 95.39% (145/152) 	 Transactions: 25941 (6644 unique)   	 Time: 2183.7995295524597[0m
2023-03-26 03:26:45,971 - Analysis - INFO - [1mGeneration number 207 	 Code coverage: 86.85% (2575/2965) 	 Branch coverage: 95.39% (145/152) 	 Transactions: 26042 (6672 unique)   	 Time: 2194.0971868038177[0m
2023-03-26 03:26:57,683 - Analysis - INFO - [1mGeneration number 208 	 Code coverage: 86.85% (2575/2965) 	 Branch coverage: 95.39% (145/152) 	 Transactions: 26159 (6700 unique)   	 Time: 2205.8093688488007[0m
2023-03-26 03:27:11,975 - Analysis - INFO - [1mGeneration number 209 	 Code coverage: 86.85% (2575/2965) 	 Branch coverage: 95.39% (145/152) 	 Transactions: 26287 (6732 unique)   	 Time: 2220.101795911789[0m
2023-03-26 03:27:27,475 - Analysis - INFO - [1mGeneration number 210 	 Code coverage: 86.85% (2575/2965) 	 Branch coverage: 95.39% (145/152) 	 Transactions: 26423 (6764 unique)   	 Time: 2235.601076364517[0m
2023-03-26 03:27:44,010 - Analysis - INFO - [1mGeneration number 211 	 Code coverage: 86.85% (2575/2965) 	 Branch coverage: 95.39% (145/152) 	 Transactions: 26569 (6797 unique)   	 Time: 2252.136674642563[0m
2023-03-26 03:28:01,731 - Analysis - INFO - [1mGeneration number 212 	 Code coverage: 86.85% (2575/2965) 	 Branch coverage: 95.39% (145/152) 	 Transactions: 26719 (6830 unique)   	 Time: 2269.8572635650635[0m
2023-03-26 03:28:20,828 - Analysis - INFO - [1mGeneration number 213 	 Code coverage: 86.85% (2575/2965) 	 Branch coverage: 95.39% (145/152) 	 Transactions: 26873 (6862 unique)   	 Time: 2288.9538838863373[0m
2023-03-26 03:28:39,921 - Analysis - INFO - [1mGeneration number 214 	 Code coverage: 86.85% (2575/2965) 	 Branch coverage: 95.39% (145/152) 	 Transactions: 27032 (6895 unique)   	 Time: 2308.0470385551453[0m
2023-03-26 03:29:01,004 - Analysis - INFO - [1mGeneration number 215 	 Code coverage: 86.85% (2575/2965) 	 Branch coverage: 95.39% (145/152) 	 Transactions: 27199 (6929 unique)   	 Time: 2329.130765914917[0m
2023-03-26 03:29:06,556 - Analysis - INFO - [1mGeneration number 216 	 Code coverage: 86.85% (2575/2965) 	 Branch coverage: 95.39% (145/152) 	 Transactions: 27282 (6965 unique)   	 Time: 2334.6819829940796[0m
2023-03-26 03:29:14,299 - Analysis - INFO - [1mGeneration number 217 	 Code coverage: 86.85% (2575/2965) 	 Branch coverage: 95.39% (145/152) 	 Transactions: 27379 (6993 unique)   	 Time: 2342.425515651703[0m
2023-03-26 03:29:24,804 - Analysis - INFO - [1mGeneration number 218 	 Code coverage: 86.85% (2575/2965) 	 Branch coverage: 95.39% (145/152) 	 Transactions: 27505 (7022 unique)   	 Time: 2352.9304192066193[0m
2023-03-26 03:29:36,569 - Analysis - INFO - [1mGeneration number 219 	 Code coverage: 86.85% (2575/2965) 	 Branch coverage: 95.39% (145/152) 	 Transactions: 27646 (7055 unique)   	 Time: 2364.69557261467[0m
2023-03-26 03:29:49,695 - Analysis - INFO - [1mGeneration number 220 	 Code coverage: 86.85% (2575/2965) 	 Branch coverage: 95.39% (145/152) 	 Transactions: 27786 (7088 unique)   	 Time: 2377.821081638336[0m
2023-03-26 03:30:04,699 - Analysis - INFO - [1mGeneration number 221 	 Code coverage: 86.85% (2575/2965) 	 Branch coverage: 95.39% (145/152) 	 Transactions: 27926 (7122 unique)   	 Time: 2392.82550740242[0m
2023-03-26 03:30:20,115 - Analysis - INFO - [1mGeneration number 222 	 Code coverage: 86.85% (2575/2965) 	 Branch coverage: 95.39% (145/152) 	 Transactions: 28069 (7156 unique)   	 Time: 2408.2417376041412[0m
2023-03-26 03:30:35,258 - Analysis - INFO - [1mGeneration number 223 	 Code coverage: 86.85% (2575/2965) 	 Branch coverage: 95.39% (145/152) 	 Transactions: 28218 (7190 unique)   	 Time: 2423.384650707245[0m
2023-03-26 03:30:50,986 - Analysis - INFO - [1mGeneration number 224 	 Code coverage: 86.85% (2575/2965) 	 Branch coverage: 95.39% (145/152) 	 Transactions: 28367 (7224 unique)   	 Time: 2439.112476825714[0m
2023-03-26 03:31:07,847 - Analysis - INFO - [1mGeneration number 225 	 Code coverage: 86.85% (2575/2965) 	 Branch coverage: 95.39% (145/152) 	 Transactions: 28515 (7258 unique)   	 Time: 2455.9731957912445[0m
2023-03-26 03:31:12,954 - Analysis - INFO - [1mGeneration number 226 	 Code coverage: 86.85% (2575/2965) 	 Branch coverage: 95.39% (145/152) 	 Transactions: 28601 (7292 unique)   	 Time: 2461.0804550647736[0m
2023-03-26 03:31:18,147 - Analysis - INFO - [1mGeneration number 227 	 Code coverage: 86.85% (2575/2965) 	 Branch coverage: 95.39% (145/152) 	 Transactions: 28696 (7318 unique)   	 Time: 2466.2728826999664[0m
2023-03-26 03:31:24,333 - Analysis - INFO - [1mGeneration number 228 	 Code coverage: 86.85% (2575/2965) 	 Branch coverage: 95.39% (145/152) 	 Transactions: 28805 (7349 unique)   	 Time: 2472.459408521652[0m
2023-03-26 03:31:31,650 - Analysis - INFO - [1mGeneration number 229 	 Code coverage: 86.85% (2575/2965) 	 Branch coverage: 95.39% (145/152) 	 Transactions: 28921 (7380 unique)   	 Time: 2479.7759828567505[0m
2023-03-26 03:31:39,270 - Analysis - INFO - [1mGeneration number 230 	 Code coverage: 86.85% (2575/2965) 	 Branch coverage: 95.39% (145/152) 	 Transactions: 29048 (7414 unique)   	 Time: 2487.3965084552765[0m
2023-03-26 03:31:48,035 - Analysis - INFO - [1mGeneration number 231 	 Code coverage: 86.85% (2575/2965) 	 Branch coverage: 95.39% (145/152) 	 Transactions: 29180 (7448 unique)   	 Time: 2496.1611959934235[0m
2023-03-26 03:31:57,252 - Analysis - INFO - [1mGeneration number 232 	 Code coverage: 86.85% (2575/2965) 	 Branch coverage: 95.39% (145/152) 	 Transactions: 29312 (7481 unique)   	 Time: 2505.3781530857086[0m
2023-03-26 03:32:06,347 - Analysis - INFO - [1mGeneration number 233 	 Code coverage: 86.85% (2575/2965) 	 Branch coverage: 95.39% (145/152) 	 Transactions: 29446 (7515 unique)   	 Time: 2514.4732863903046[0m
2023-03-26 03:32:17,379 - Analysis - INFO - [1mGeneration number 234 	 Code coverage: 86.85% (2575/2965) 	 Branch coverage: 95.39% (145/152) 	 Transactions: 29584 (7549 unique)   	 Time: 2525.5050568580627[0m
2023-03-26 03:32:29,080 - Analysis - INFO - [1mGeneration number 235 	 Code coverage: 86.85% (2575/2965) 	 Branch coverage: 95.39% (145/152) 	 Transactions: 29726 (7583 unique)   	 Time: 2537.2059576511383[0m
2023-03-26 03:32:33,600 - Analysis - INFO - [1mGeneration number 236 	 Code coverage: 86.85% (2575/2965) 	 Branch coverage: 95.39% (145/152) 	 Transactions: 29802 (7614 unique)   	 Time: 2541.7259573936462[0m
2023-03-26 03:32:38,438 - Analysis - INFO - [1mGeneration number 237 	 Code coverage: 86.85% (2575/2965) 	 Branch coverage: 95.39% (145/152) 	 Transactions: 29881 (7637 unique)   	 Time: 2546.564817905426[0m
2023-03-26 03:32:45,313 - Analysis - INFO - [1mGeneration number 238 	 Code coverage: 86.85% (2575/2965) 	 Branch coverage: 95.39% (145/152) 	 Transactions: 30000 (7666 unique)   	 Time: 2553.4388954639435[0m
2023-03-26 03:32:52,839 - Analysis - INFO - [1mGeneration number 239 	 Code coverage: 86.85% (2575/2965) 	 Branch coverage: 95.39% (145/152) 	 Transactions: 30124 (7697 unique)   	 Time: 2560.9648694992065[0m
2023-03-26 03:32:59,983 - Analysis - INFO - [1mGeneration number 240 	 Code coverage: 86.85% (2575/2965) 	 Branch coverage: 95.39% (145/152) 	 Transactions: 30251 (7727 unique)   	 Time: 2568.1088466644287[0m
2023-03-26 03:33:07,472 - Analysis - INFO - [1mGeneration number 241 	 Code coverage: 86.85% (2575/2965) 	 Branch coverage: 95.39% (145/152) 	 Transactions: 30386 (7757 unique)   	 Time: 2575.598553419113[0m
2023-03-26 03:33:15,714 - Analysis - INFO - [1mGeneration number 242 	 Code coverage: 86.85% (2575/2965) 	 Branch coverage: 95.39% (145/152) 	 Transactions: 30535 (7789 unique)   	 Time: 2583.8403158187866[0m
2023-03-26 03:33:25,016 - Analysis - INFO - [1mGeneration number 243 	 Code coverage: 86.85% (2575/2965) 	 Branch coverage: 95.39% (145/152) 	 Transactions: 30688 (7822 unique)   	 Time: 2593.1424276828766[0m
2023-03-26 03:33:34,834 - Analysis - INFO - [1mGeneration number 244 	 Code coverage: 86.85% (2575/2965) 	 Branch coverage: 95.39% (145/152) 	 Transactions: 30844 (7856 unique)   	 Time: 2602.9598948955536[0m
2023-03-26 03:33:44,163 - Analysis - INFO - [1mGeneration number 245 	 Code coverage: 86.85% (2575/2965) 	 Branch coverage: 95.39% (145/152) 	 Transactions: 31005 (7890 unique)   	 Time: 2612.289051771164[0m
2023-03-26 03:33:49,411 - Analysis - INFO - [1mGeneration number 246 	 Code coverage: 86.85% (2575/2965) 	 Branch coverage: 95.39% (145/152) 	 Transactions: 31085 (7920 unique)   	 Time: 2617.5369005203247[0m
2023-03-26 03:33:56,974 - Analysis - INFO - [1mGeneration number 247 	 Code coverage: 86.85% (2575/2965) 	 Branch coverage: 95.39% (145/152) 	 Transactions: 31179 (7947 unique)   	 Time: 2625.1004841327667[0m
2023-03-26 03:34:07,105 - Analysis - INFO - [1mGeneration number 248 	 Code coverage: 86.85% (2575/2965) 	 Branch coverage: 95.39% (145/152) 	 Transactions: 31294 (7978 unique)   	 Time: 2635.231769323349[0m
2023-03-26 03:34:19,162 - Analysis - INFO - [1mGeneration number 249 	 Code coverage: 86.85% (2575/2965) 	 Branch coverage: 95.39% (145/152) 	 Transactions: 31410 (8009 unique)   	 Time: 2647.2878801822662[0m
2023-03-26 03:34:31,902 - Analysis - INFO - [1mGeneration number 250 	 Code coverage: 86.85% (2575/2965) 	 Branch coverage: 95.39% (145/152) 	 Transactions: 31526 (8042 unique)   	 Time: 2660.0280747413635[0m
2023-03-26 03:34:43,185 - Analysis - INFO - [1mGeneration number 251 	 Code coverage: 86.85% (2575/2965) 	 Branch coverage: 95.39% (145/152) 	 Transactions: 31640 (8073 unique)   	 Time: 2671.311830997467[0m
2023-03-26 03:34:55,796 - Analysis - INFO - [1mGeneration number 252 	 Code coverage: 86.85% (2575/2965) 	 Branch coverage: 95.39% (145/152) 	 Transactions: 31755 (8104 unique)   	 Time: 2683.9221386909485[0m
2023-03-26 03:35:07,892 - Analysis - INFO - [1mGeneration number 253 	 Code coverage: 86.85% (2575/2965) 	 Branch coverage: 95.39% (145/152) 	 Transactions: 31874 (8135 unique)   	 Time: 2696.017989873886[0m
2023-03-26 03:35:20,311 - Analysis - INFO - [1mGeneration number 254 	 Code coverage: 86.85% (2575/2965) 	 Branch coverage: 95.39% (145/152) 	 Transactions: 31996 (8166 unique)   	 Time: 2708.43771648407[0m
2023-03-26 03:35:33,167 - Analysis - INFO - [1mGeneration number 255 	 Code coverage: 86.85% (2575/2965) 	 Branch coverage: 95.39% (145/152) 	 Transactions: 32116 (8197 unique)   	 Time: 2721.2937746047974[0m
2023-03-26 03:35:41,316 - Analysis - INFO - [1mGeneration number 256 	 Code coverage: 86.85% (2575/2965) 	 Branch coverage: 95.39% (145/152) 	 Transactions: 32202 (8231 unique)   	 Time: 2729.4421548843384[0m
2023-03-26 03:35:54,639 - Analysis - INFO - [1mGeneration number 257 	 Code coverage: 86.85% (2575/2965) 	 Branch coverage: 95.39% (145/152) 	 Transactions: 32319 (8263 unique)   	 Time: 2742.7655091285706[0m
2023-03-26 03:36:07,467 - Analysis - INFO - [1mGeneration number 258 	 Code coverage: 86.85% (2575/2965) 	 Branch coverage: 95.39% (145/152) 	 Transactions: 32439 (8293 unique)   	 Time: 2755.5934109687805[0m
2023-03-26 03:36:22,707 - Analysis - INFO - [1mGeneration number 259 	 Code coverage: 86.85% (2575/2965) 	 Branch coverage: 95.39% (145/152) 	 Transactions: 32564 (8324 unique)   	 Time: 2770.833560228348[0m
2023-03-26 03:36:38,720 - Analysis - INFO - [1mGeneration number 260 	 Code coverage: 86.85% (2575/2965) 	 Branch coverage: 95.39% (145/152) 	 Transactions: 32697 (8356 unique)   	 Time: 2786.84637594223[0m
2023-03-26 03:36:54,539 - Analysis - INFO - [1mGeneration number 261 	 Code coverage: 86.85% (2575/2965) 	 Branch coverage: 95.39% (145/152) 	 Transactions: 32829 (8387 unique)   	 Time: 2802.6654279232025[0m
2023-03-26 03:37:08,816 - Analysis - INFO - [1mGeneration number 262 	 Code coverage: 86.85% (2575/2965) 	 Branch coverage: 95.39% (145/152) 	 Transactions: 32960 (8420 unique)   	 Time: 2816.9424166679382[0m
2023-03-26 03:37:23,370 - Analysis - INFO - [1mGeneration number 263 	 Code coverage: 86.85% (2575/2965) 	 Branch coverage: 95.39% (145/152) 	 Transactions: 33091 (8453 unique)   	 Time: 2831.496715068817[0m
2023-03-26 03:37:40,016 - Analysis - INFO - [1mGeneration number 264 	 Code coverage: 86.85% (2575/2965) 	 Branch coverage: 95.39% (145/152) 	 Transactions: 33227 (8487 unique)   	 Time: 2848.1418240070343[0m
2023-03-26 03:37:55,773 - Analysis - INFO - [1mGeneration number 265 	 Code coverage: 86.85% (2575/2965) 	 Branch coverage: 95.39% (145/152) 	 Transactions: 33361 (8521 unique)   	 Time: 2863.8989820480347[0m
2023-03-26 03:38:00,202 - Analysis - INFO - [1mGeneration number 266 	 Code coverage: 86.85% (2575/2965) 	 Branch coverage: 95.39% (145/152) 	 Transactions: 33440 (8549 unique)   	 Time: 2868.328629016876[0m
2023-03-26 03:38:06,076 - Analysis - INFO - [1mGeneration number 267 	 Code coverage: 86.85% (2575/2965) 	 Branch coverage: 95.39% (145/152) 	 Transactions: 33547 (8578 unique)   	 Time: 2874.2027084827423[0m
2023-03-26 03:38:12,259 - Analysis - INFO - [1mGeneration number 268 	 Code coverage: 86.85% (2575/2965) 	 Branch coverage: 95.39% (145/152) 	 Transactions: 33652 (8604 unique)   	 Time: 2880.3854944705963[0m
2023-03-26 03:38:18,754 - Analysis - INFO - [1mGeneration number 269 	 Code coverage: 86.85% (2575/2965) 	 Branch coverage: 95.39% (145/152) 	 Transactions: 33776 (8630 unique)   	 Time: 2886.8800206184387[0m
2023-03-26 03:38:26,516 - Analysis - INFO - [1mGeneration number 270 	 Code coverage: 86.85% (2575/2965) 	 Branch coverage: 95.39% (145/152) 	 Transactions: 33914 (8660 unique)   	 Time: 2894.642094373703[0m
2023-03-26 03:38:34,188 - Analysis - INFO - [1mGeneration number 271 	 Code coverage: 86.85% (2575/2965) 	 Branch coverage: 95.39% (145/152) 	 Transactions: 34052 (8689 unique)   	 Time: 2902.3139460086823[0m
2023-03-26 03:38:42,082 - Analysis - INFO - [1mGeneration number 272 	 Code coverage: 86.85% (2575/2965) 	 Branch coverage: 95.39% (145/152) 	 Transactions: 34194 (8720 unique)   	 Time: 2910.208110332489[0m
2023-03-26 03:38:49,697 - Analysis - INFO - [1mGeneration number 273 	 Code coverage: 86.85% (2575/2965) 	 Branch coverage: 95.39% (145/152) 	 Transactions: 34335 (8750 unique)   	 Time: 2917.823513507843[0m
2023-03-26 03:38:57,867 - Analysis - INFO - [1mGeneration number 274 	 Code coverage: 86.85% (2575/2965) 	 Branch coverage: 95.39% (145/152) 	 Transactions: 34482 (8781 unique)   	 Time: 2925.993317127228[0m
2023-03-26 03:39:06,629 - Analysis - INFO - [1mGeneration number 275 	 Code coverage: 86.85% (2575/2965) 	 Branch coverage: 95.39% (145/152) 	 Transactions: 34634 (8811 unique)   	 Time: 2934.7556607723236[0m
2023-03-26 03:39:12,331 - Analysis - INFO - [1mGeneration number 276 	 Code coverage: 86.85% (2575/2965) 	 Branch coverage: 95.39% (145/152) 	 Transactions: 34710 (8838 unique)   	 Time: 2940.4576709270477[0m
2023-03-26 03:39:19,831 - Analysis - INFO - [1mGeneration number 277 	 Code coverage: 86.85% (2575/2965) 	 Branch coverage: 95.39% (145/152) 	 Transactions: 34797 (8861 unique)   	 Time: 2947.957295894623[0m
2023-03-26 03:39:30,166 - Analysis - INFO - [1mGeneration number 278 	 Code coverage: 86.85% (2575/2965) 	 Branch coverage: 95.39% (145/152) 	 Transactions: 34920 (8888 unique)   	 Time: 2958.2919824123383[0m
2023-03-26 03:39:41,217 - Analysis - INFO - [1mGeneration number 279 	 Code coverage: 86.85% (2575/2965) 	 Branch coverage: 95.39% (145/152) 	 Transactions: 35058 (8915 unique)   	 Time: 2969.3432896137238[0m
2023-03-26 03:39:54,620 - Analysis - INFO - [1mGeneration number 280 	 Code coverage: 86.85% (2575/2965) 	 Branch coverage: 95.39% (145/152) 	 Transactions: 35204 (8944 unique)   	 Time: 2982.7463443279266[0m
2023-03-26 03:40:11,758 - Analysis - INFO - [1mGeneration number 281 	 Code coverage: 86.85% (2575/2965) 	 Branch coverage: 95.39% (145/152) 	 Transactions: 35355 (8976 unique)   	 Time: 2999.884568452835[0m
2023-03-26 03:40:27,920 - Analysis - INFO - [1mGeneration number 282 	 Code coverage: 86.85% (2575/2965) 	 Branch coverage: 95.39% (145/152) 	 Transactions: 35518 (9010 unique)   	 Time: 3016.0465021133423[0m
2023-03-26 03:40:43,422 - Analysis - INFO - [1mGeneration number 283 	 Code coverage: 86.85% (2575/2965) 	 Branch coverage: 95.39% (145/152) 	 Transactions: 35682 (9044 unique)   	 Time: 3031.5483016967773[0m
2023-03-26 03:40:58,940 - Analysis - INFO - [1mGeneration number 284 	 Code coverage: 86.85% (2575/2965) 	 Branch coverage: 95.39% (145/152) 	 Transactions: 35847 (9078 unique)   	 Time: 3047.0660197734833[0m
2023-03-26 03:41:15,459 - Analysis - INFO - [1mGeneration number 285 	 Code coverage: 86.85% (2575/2965) 	 Branch coverage: 95.39% (145/152) 	 Transactions: 36013 (9112 unique)   	 Time: 3063.584986448288[0m
2023-03-26 03:41:20,734 - Analysis - INFO - [1mGeneration number 286 	 Code coverage: 86.85% (2575/2965) 	 Branch coverage: 95.39% (145/152) 	 Transactions: 36095 (9148 unique)   	 Time: 3068.8604056835175[0m
2023-03-26 03:41:29,693 - Analysis - INFO - [1mGeneration number 287 	 Code coverage: 86.85% (2575/2965) 	 Branch coverage: 95.39% (145/152) 	 Transactions: 36208 (9177 unique)   	 Time: 3077.819627046585[0m
2023-03-26 03:41:39,277 - Analysis - INFO - [1mGeneration number 288 	 Code coverage: 86.85% (2575/2965) 	 Branch coverage: 95.39% (145/152) 	 Transactions: 36333 (9208 unique)   	 Time: 3087.4033377170563[0m
2023-03-26 03:41:51,311 - Analysis - INFO - [1mGeneration number 289 	 Code coverage: 86.85% (2575/2965) 	 Branch coverage: 95.39% (145/152) 	 Transactions: 36460 (9240 unique)   	 Time: 3099.437693834305[0m
2023-03-26 03:42:03,372 - Analysis - INFO - [1mGeneration number 290 	 Code coverage: 86.85% (2575/2965) 	 Branch coverage: 95.39% (145/152) 	 Transactions: 36586 (9271 unique)   	 Time: 3111.498448371887[0m
2023-03-26 03:42:16,228 - Analysis - INFO - [1mGeneration number 291 	 Code coverage: 86.85% (2575/2965) 	 Branch coverage: 95.39% (145/152) 	 Transactions: 36719 (9302 unique)   	 Time: 3124.3542885780334[0m
2023-03-26 03:42:29,652 - Analysis - INFO - [1mGeneration number 292 	 Code coverage: 86.85% (2575/2965) 	 Branch coverage: 95.39% (145/152) 	 Transactions: 36862 (9336 unique)   	 Time: 3137.7781386375427[0m
2023-03-26 03:42:42,509 - Analysis - INFO - [1mGeneration number 293 	 Code coverage: 86.85% (2575/2965) 	 Branch coverage: 95.39% (145/152) 	 Transactions: 37002 (9370 unique)   	 Time: 3150.6351494789124[0m
2023-03-26 03:42:56,544 - Analysis - INFO - [1mGeneration number 294 	 Code coverage: 86.85% (2575/2965) 	 Branch coverage: 95.39% (145/152) 	 Transactions: 37141 (9404 unique)   	 Time: 3164.6701624393463[0m
2023-03-26 03:43:10,557 - Analysis - INFO - [1mGeneration number 295 	 Code coverage: 86.85% (2575/2965) 	 Branch coverage: 95.39% (145/152) 	 Transactions: 37274 (9438 unique)   	 Time: 3178.683507680893[0m
2023-03-26 03:43:15,896 - Analysis - INFO - [1mGeneration number 296 	 Code coverage: 86.85% (2575/2965) 	 Branch coverage: 95.39% (145/152) 	 Transactions: 37357 (9469 unique)   	 Time: 3184.0221264362335[0m
2023-03-26 03:43:21,171 - Analysis - INFO - [1mGeneration number 297 	 Code coverage: 86.85% (2575/2965) 	 Branch coverage: 95.39% (145/152) 	 Transactions: 37437 (9493 unique)   	 Time: 3189.297139406204[0m
2023-03-26 03:43:29,568 - Analysis - INFO - [1mGeneration number 298 	 Code coverage: 86.85% (2575/2965) 	 Branch coverage: 95.39% (145/152) 	 Transactions: 37556 (9522 unique)   	 Time: 3197.694748401642[0m
2023-03-26 03:43:39,378 - Analysis - INFO - [1mGeneration number 299 	 Code coverage: 86.85% (2575/2965) 	 Branch coverage: 95.39% (145/152) 	 Transactions: 37675 (9549 unique)   	 Time: 3207.504826068878[0m
2023-03-26 03:43:51,057 - Analysis - INFO - [1mGeneration number 300 	 Code coverage: 86.85% (2575/2965) 	 Branch coverage: 95.39% (145/152) 	 Transactions: 37806 (9581 unique)   	 Time: 3219.183657646179[0m
2023-03-26 03:44:03,554 - Analysis - INFO - [1mGeneration number 301 	 Code coverage: 86.85% (2575/2965) 	 Branch coverage: 95.39% (145/152) 	 Transactions: 37948 (9615 unique)   	 Time: 3231.680111169815[0m
2023-03-26 03:44:18,232 - Analysis - INFO - [1mGeneration number 302 	 Code coverage: 86.85% (2575/2965) 	 Branch coverage: 95.39% (145/152) 	 Transactions: 38094 (9649 unique)   	 Time: 3246.358286857605[0m
2023-03-26 03:44:33,085 - Analysis - INFO - [1mGeneration number 303 	 Code coverage: 86.85% (2575/2965) 	 Branch coverage: 95.39% (145/152) 	 Transactions: 38241 (9683 unique)   	 Time: 3261.2113828659058[0m
2023-03-26 03:44:48,414 - Analysis - INFO - [1mGeneration number 304 	 Code coverage: 86.85% (2575/2965) 	 Branch coverage: 95.39% (145/152) 	 Transactions: 38399 (9717 unique)   	 Time: 3276.5398569107056[0m
2023-03-26 03:45:04,819 - Analysis - INFO - [1mGeneration number 305 	 Code coverage: 86.85% (2575/2965) 	 Branch coverage: 95.39% (145/152) 	 Transactions: 38559 (9751 unique)   	 Time: 3292.944935321808[0m
2023-03-26 03:45:09,208 - Analysis - INFO - [1mGeneration number 306 	 Code coverage: 86.85% (2575/2965) 	 Branch coverage: 95.39% (145/152) 	 Transactions: 38637 (9774 unique)   	 Time: 3297.334203720093[0m
2023-03-26 03:45:13,533 - Analysis - INFO - [1mGeneration number 307 	 Code coverage: 86.85% (2575/2965) 	 Branch coverage: 95.39% (145/152) 	 Transactions: 38718 (9797 unique)   	 Time: 3301.6590394973755[0m
2023-03-26 03:45:18,842 - Analysis - INFO - [1mGeneration number 308 	 Code coverage: 86.85% (2575/2965) 	 Branch coverage: 95.39% (145/152) 	 Transactions: 38829 (9818 unique)   	 Time: 3306.968642473221[0m
2023-03-26 03:45:24,840 - Analysis - INFO - [1mGeneration number 309 	 Code coverage: 86.85% (2575/2965) 	 Branch coverage: 95.39% (145/152) 	 Transactions: 38949 (9844 unique)   	 Time: 3312.966218471527[0m
2023-03-26 03:45:31,829 - Analysis - INFO - [1mGeneration number 310 	 Code coverage: 86.85% (2575/2965) 	 Branch coverage: 95.39% (145/152) 	 Transactions: 39086 (9876 unique)   	 Time: 3319.9553117752075[0m
2023-03-26 03:45:39,296 - Analysis - INFO - [1mGeneration number 311 	 Code coverage: 86.85% (2575/2965) 	 Branch coverage: 95.39% (145/152) 	 Transactions: 39232 (9910 unique)   	 Time: 3327.4223659038544[0m
2023-03-26 03:45:47,679 - Analysis - INFO - [1mGeneration number 312 	 Code coverage: 86.85% (2575/2965) 	 Branch coverage: 95.39% (145/152) 	 Transactions: 39382 (9943 unique)   	 Time: 3335.8057556152344[0m
2023-03-26 03:45:55,203 - Analysis - INFO - [1mGeneration number 313 	 Code coverage: 86.85% (2575/2965) 	 Branch coverage: 95.39% (145/152) 	 Transactions: 39534 (9977 unique)   	 Time: 3343.329192876816[0m
2023-03-26 03:46:02,792 - Analysis - INFO - [1mGeneration number 314 	 Code coverage: 86.85% (2575/2965) 	 Branch coverage: 95.39% (145/152) 	 Transactions: 39687 (10009 unique)   	 Time: 3350.9178767204285[0m
2023-03-26 03:46:10,106 - Analysis - INFO - [1mGeneration number 315 	 Code coverage: 86.85% (2575/2965) 	 Branch coverage: 95.39% (145/152) 	 Transactions: 39837 (10041 unique)   	 Time: 3358.2319083213806[0m
2023-03-26 03:46:16,514 - Analysis - INFO - [1mGeneration number 316 	 Code coverage: 86.85% (2575/2965) 	 Branch coverage: 95.39% (145/152) 	 Transactions: 39919 (10073 unique)   	 Time: 3364.640562772751[0m
2023-03-26 03:46:24,196 - Analysis - INFO - [1mGeneration number 317 	 Code coverage: 86.85% (2575/2965) 	 Branch coverage: 95.39% (145/152) 	 Transactions: 40009 (10099 unique)   	 Time: 3372.322152376175[0m
2023-03-26 03:46:34,991 - Analysis - INFO - [1mGeneration number 318 	 Code coverage: 86.85% (2575/2965) 	 Branch coverage: 95.39% (145/152) 	 Transactions: 40137 (10127 unique)   	 Time: 3383.117526769638[0m
2023-03-26 03:46:49,434 - Analysis - INFO - [1mGeneration number 319 	 Code coverage: 86.85% (2575/2965) 	 Branch coverage: 95.39% (145/152) 	 Transactions: 40275 (10160 unique)   	 Time: 3397.560292482376[0m
2023-03-26 03:47:04,968 - Analysis - INFO - [1mGeneration number 320 	 Code coverage: 86.85% (2575/2965) 	 Branch coverage: 95.39% (145/152) 	 Transactions: 40416 (10194 unique)   	 Time: 3413.094067335129[0m
2023-03-26 03:47:21,513 - Analysis - INFO - [1mGeneration number 321 	 Code coverage: 86.85% (2575/2965) 	 Branch coverage: 95.39% (145/152) 	 Transactions: 40558 (10228 unique)   	 Time: 3429.6391966342926[0m
2023-03-26 03:47:38,212 - Analysis - INFO - [1mGeneration number 322 	 Code coverage: 86.85% (2575/2965) 	 Branch coverage: 95.39% (145/152) 	 Transactions: 40702 (10262 unique)   	 Time: 3446.338351249695[0m
2023-03-26 03:47:54,159 - Analysis - INFO - [1mGeneration number 323 	 Code coverage: 86.85% (2575/2965) 	 Branch coverage: 95.39% (145/152) 	 Transactions: 40846 (10296 unique)   	 Time: 3462.2856397628784[0m
2023-03-26 03:48:10,469 - Analysis - INFO - [1mGeneration number 324 	 Code coverage: 86.85% (2575/2965) 	 Branch coverage: 95.39% (145/152) 	 Transactions: 40990 (10330 unique)   	 Time: 3478.595444202423[0m
2023-03-26 03:48:26,701 - Analysis - INFO - [1mGeneration number 325 	 Code coverage: 86.85% (2575/2965) 	 Branch coverage: 95.39% (145/152) 	 Transactions: 41139 (10364 unique)   	 Time: 3494.827359199524[0m
2023-03-26 03:48:32,673 - Analysis - INFO - [1mGeneration number 326 	 Code coverage: 86.85% (2575/2965) 	 Branch coverage: 95.39% (145/152) 	 Transactions: 41222 (10399 unique)   	 Time: 3500.7995800971985[0m
2023-03-26 03:48:39,118 - Analysis - INFO - [1mGeneration number 327 	 Code coverage: 86.85% (2575/2965) 	 Branch coverage: 95.39% (145/152) 	 Transactions: 41311 (10426 unique)   	 Time: 3507.2448160648346[0m
2023-03-26 03:48:45,858 - Analysis - INFO - [1mGeneration number 328 	 Code coverage: 86.85% (2575/2965) 	 Branch coverage: 95.39% (145/152) 	 Transactions: 41411 (10454 unique)   	 Time: 3513.9845058918[0m
2023-03-26 03:48:54,070 - Analysis - INFO - [1mGeneration number 329 	 Code coverage: 86.85% (2575/2965) 	 Branch coverage: 95.39% (145/152) 	 Transactions: 41521 (10484 unique)   	 Time: 3522.1967720985413[0m
2023-03-26 03:49:05,453 - Analysis - INFO - [1mGeneration number 330 	 Code coverage: 86.85% (2575/2965) 	 Branch coverage: 95.39% (145/152) 	 Transactions: 41648 (10517 unique)   	 Time: 3533.5795760154724[0m
2023-03-26 03:49:17,637 - Analysis - INFO - [1mGeneration number 331 	 Code coverage: 86.85% (2575/2965) 	 Branch coverage: 95.39% (145/152) 	 Transactions: 41777 (10549 unique)   	 Time: 3545.763114452362[0m
2023-03-26 03:49:29,811 - Analysis - INFO - [1mGeneration number 332 	 Code coverage: 86.85% (2575/2965) 	 Branch coverage: 95.39% (145/152) 	 Transactions: 41913 (10580 unique)   	 Time: 3557.937061071396[0m
2023-03-26 03:49:42,252 - Analysis - INFO - [1mGeneration number 333 	 Code coverage: 86.85% (2575/2965) 	 Branch coverage: 95.39% (145/152) 	 Transactions: 42049 (10610 unique)   	 Time: 3570.3780767917633[0m
2023-03-26 03:49:55,722 - Analysis - INFO - [1mGeneration number 334 	 Code coverage: 86.85% (2575/2965) 	 Branch coverage: 95.39% (145/152) 	 Transactions: 42192 (10644 unique)   	 Time: 3583.848155260086[0m
2023-03-26 03:50:09,472 - Analysis - INFO - [1mGeneration number 335 	 Code coverage: 86.85% (2575/2965) 	 Branch coverage: 95.39% (145/152) 	 Transactions: 42335 (10678 unique)   	 Time: 3597.5986881256104[0m
2023-03-26 03:50:11,910 - Analysis - INFO - [1m-----------------------------------------------------[0m
2023-03-26 03:50:11,911 - Analysis - INFO - Number of generations: 	 335
2023-03-26 03:50:11,911 - Analysis - INFO - Number of transactions: 	 42369 (10692 unique)
2023-03-26 03:50:11,911 - Analysis - INFO - Transactions per second: 	 12
2023-03-26 03:50:11,911 - Analysis - INFO - Total code coverage: 	 86.85% (2575/2965)
2023-03-26 03:50:11,911 - Analysis - INFO - Total branch coverage: 	 95.39% (145/152)
2023-03-26 03:50:11,911 - Analysis - INFO - Total execution time: 	 3600.04 seconds
2023-03-26 03:50:11,912 - Analysis - INFO - Total memory consumption: 	 102.00 MB

     ______            ______                _           
    / ____/___  ____  / ____/_  __________  (_)_  _______
   / /   / __ \/ __ \/ /_  / / / /_  /_  / / / / / / ___/
  / /___/ /_/ / / / / __/ / /_/ / / /_/ /_/ / /_/ (__  ) 
  \____/\____/_/ /_/_/    \__,_/ /___/___/_/\__,_/____/  

delteed file
