2023-03-26 02:49:24,310 - Main     - INFO - [1mInitializing seed to 1427655.0[0m
2023-03-26 02:49:24,839 - Fuzzer   - INFO - [1mFuzzing contract [1mProfitSharingRewardPool[0m[0m
2023-03-26 02:49:25,351 - Detector - INFO - [1m[32m-----------------------------------------------------[0m
2023-03-26 02:49:25,352 - Detector - INFO - [1m[32m          !!! Block dependency detected !!!          [0m
2023-03-26 02:49:25,352 - Detector - INFO - [1m[32m-----------------------------------------------------[0m
2023-03-26 02:49:25,352 - Detector - INFO - [1m[32mSWC-ID:   120[0m
2023-03-26 02:49:25,352 - Detector - INFO - [1m[32mSeverity: Low[0m
2023-03-26 02:49:25,353 - Detector - INFO - [1m[32m-----------------------------------------------------[0m
2023-03-26 02:49:25,353 - Detector - INFO - [1m[32mSource code line:[0m
2023-03-26 02:49:25,353 - Detector - INFO - [1m[32m-----------------------------------------------------[0m
2023-03-26 02:49:25,354 - Detector - INFO - [1m[32m/sb/0x7a8ac384d3a9086afcc13eb58e90916f17affc89.sol:816:1[0m
2023-03-26 02:49:25,354 - Detector - INFO - [1m[32mblock.number[0m
2023-03-26 02:49:25,354 - Detector - INFO - [1m[32m-----------------------------------------------------[0m
2023-03-26 02:49:25,354 - Detector - INFO - [1m[32mTransaction sequence:[0m
2023-03-26 02:49:25,355 - Detector - INFO - [1m[32m-----------------------------------------------------[0m
2023-03-26 02:49:25,355 - Detector - INFO - [1m[32mTransaction - updateReward(address):[0m
2023-03-26 02:49:25,355 - Detector - INFO - [1m[32m-----------------------------------------------------[0m
2023-03-26 02:49:25,356 - Detector - INFO - [1m[32mFrom:      0xcafebabecafebabecafebabecafebabecafebabe[0m
2023-03-26 02:49:25,356 - Detector - INFO - [1m[32mTo:        0x2c5e8a3b3aad9df32339409534e64dfcabcd3a65[0m
2023-03-26 02:49:25,356 - Detector - INFO - [1m[32mValue:     0 Wei[0m
2023-03-26 02:49:25,356 - Detector - INFO - [1m[32mGas Limit: 4500000[0m
2023-03-26 02:49:25,357 - Detector - INFO - [1m[32mInput:     0x632447c9000000000000000000000000cafebabe[0m
2023-03-26 02:49:25,357 - Detector - INFO - [1m[32m           cafebabecafebabecafebabecafebabe[0m
2023-03-26 02:49:25,357 - Detector - INFO - [1m[32m-----------------------------------------------------[0m
2023-03-26 02:49:25,795 - Detector - INFO - [1m[32m-----------------------------------------------------[0m
2023-03-26 02:49:25,795 - Detector - INFO - [1m[32m          !!! Block dependency detected !!!          [0m
2023-03-26 02:49:25,796 - Detector - INFO - [1m[32m-----------------------------------------------------[0m
2023-03-26 02:49:25,796 - Detector - INFO - [1m[32mSWC-ID:   120[0m
2023-03-26 02:49:25,796 - Detector - INFO - [1m[32mSeverity: Low[0m
2023-03-26 02:49:25,796 - Detector - INFO - [1m[32m-----------------------------------------------------[0m
2023-03-26 02:49:25,796 - Detector - INFO - [1m[32mSource code line:[0m
2023-03-26 02:49:25,796 - Detector - INFO - [1m[32m-----------------------------------------------------[0m
2023-03-26 02:49:25,796 - Detector - INFO - [1m[32m/sb/0x7a8ac384d3a9086afcc13eb58e90916f17affc89.sol:752:1[0m
2023-03-26 02:49:25,796 - Detector - INFO - [1m[32mblock.number[0m
2023-03-26 02:49:25,796 - Detector - INFO - [1m[32m-----------------------------------------------------[0m
2023-03-26 02:49:25,796 - Detector - INFO - [1m[32mTransaction sequence:[0m
2023-03-26 02:49:25,796 - Detector - INFO - [1m[32m-----------------------------------------------------[0m
2023-03-26 02:49:25,796 - Detector - INFO - [1m[32mTransaction - getRewardPerBlock(address):[0m
2023-03-26 02:49:25,796 - Detector - INFO - [1m[32m-----------------------------------------------------[0m
2023-03-26 02:49:25,797 - Detector - INFO - [1m[32mFrom:      0xcafebabecafebabecafebabecafebabecafebabe[0m
2023-03-26 02:49:25,797 - Detector - INFO - [1m[32mTo:        0x2c5e8a3b3aad9df32339409534e64dfcabcd3a65[0m
2023-03-26 02:49:25,797 - Detector - INFO - [1m[32mValue:     0 Wei[0m
2023-03-26 02:49:25,797 - Detector - INFO - [1m[32mGas Limit: 4500000[0m
2023-03-26 02:49:25,797 - Detector - INFO - [1m[32mInput:     0xd6eb93f1000000000000000000000000deadbeef[0m
2023-03-26 02:49:25,797 - Detector - INFO - [1m[32m           deadbeefdeadbeefdeadbeefdeadbeef[0m
2023-03-26 02:49:25,797 - Detector - INFO - [1m[32m-----------------------------------------------------[0m
2023-03-26 02:49:26,350 - Analysis - INFO - [1mGeneration number 0 	 Code coverage: 49.56% (2522/5089) 	 Branch coverage: 48.84% (126/258) 	 Transactions: 67 (66 unique)   	 Time: 1.434281826019287[0m
2023-03-26 02:49:28,032 - Detector - INFO - [1m[32m-----------------------------------------------------[0m
2023-03-26 02:49:28,033 - Detector - INFO - [1m[32m          !!! Block dependency detected !!!          [0m
2023-03-26 02:49:28,033 - Detector - INFO - [1m[32m-----------------------------------------------------[0m
2023-03-26 02:49:28,033 - Detector - INFO - [1m[32mSWC-ID:   120[0m
2023-03-26 02:49:28,033 - Detector - INFO - [1m[32mSeverity: Low[0m
2023-03-26 02:49:28,033 - Detector - INFO - [1m[32m-----------------------------------------------------[0m
2023-03-26 02:49:28,033 - Detector - INFO - [1m[32mSource code line:[0m
2023-03-26 02:49:28,034 - Detector - INFO - [1m[32m-----------------------------------------------------[0m
2023-03-26 02:49:28,034 - Detector - INFO - [1m[32m/sb/0x7a8ac384d3a9086afcc13eb58e90916f17affc89.sol:816:1[0m
2023-03-26 02:49:28,034 - Detector - INFO - [1m[32mblock.number[0m
2023-03-26 02:49:28,034 - Detector - INFO - [1m[32m-----------------------------------------------------[0m
2023-03-26 02:49:28,035 - Detector - INFO - [1m[32mTransaction sequence:[0m
2023-03-26 02:49:28,035 - Detector - INFO - [1m[32m-----------------------------------------------------[0m
2023-03-26 02:49:28,035 - Detector - INFO - [1m[32mTransaction 1 - initialize(address,address,address,address,uint256):[0m
2023-03-26 02:49:28,035 - Detector - INFO - [1m[32m-----------------------------------------------------[0m
2023-03-26 02:49:28,035 - Detector - INFO - [1m[32mFrom:      0xdeadbeefdeadbeefdeadbeefdeadbeefdeadbeef[0m
2023-03-26 02:49:28,035 - Detector - INFO - [1m[32mTo:        0x2c5e8a3b3aad9df32339409534e64dfcabcd3a65[0m
2023-03-26 02:49:28,035 - Detector - INFO - [1m[32mValue:     0 Wei[0m
2023-03-26 02:49:28,036 - Detector - INFO - [1m[32mGas Limit: 4500000[0m
2023-03-26 02:49:28,036 - Detector - INFO - [1m[32mInput:     0xf7013ef6000000000000000000000000cafebabe[0m
2023-03-26 02:49:28,036 - Detector - INFO - [1m[32m           cafebabecafebabecafebabecafebabe0000000000[0m
2023-03-26 02:49:28,036 - Detector - INFO - [1m[32m           00000000000000cafebabecafebabecafebabecafe[0m
2023-03-26 02:49:28,036 - Detector - INFO - [1m[32m           babecafebabe000000000000000000000000deadbe[0m
2023-03-26 02:49:28,036 - Detector - INFO - [1m[32m           efdeadbeefdeadbeefdeadbeefdeadbeef00000000[0m
2023-03-26 02:49:28,037 - Detector - INFO - [1m[32m           0000000000000000deadbeefdeadbeefdeadbeefde[0m
2023-03-26 02:49:28,037 - Detector - INFO - [1m[32m           adbeefdeadbeef63fa40f069522f118531d27b40e2[0m
2023-03-26 02:49:28,037 - Detector - INFO - [1m[32m           96219c26edc0cbb6362fd44f33d64336d7f4[0m
2023-03-26 02:49:28,037 - Detector - INFO - [1m[32m-----------------------------------------------------[0m
2023-03-26 02:49:28,037 - Detector - INFO - [1m[32mTransaction 2 - getRewardPerBlock(address,uint256,uint256):[0m
2023-03-26 02:49:28,037 - Detector - INFO - [1m[32m-----------------------------------------------------[0m
2023-03-26 02:49:28,037 - Detector - INFO - [1m[32mFrom:      0xdeadbeefdeadbeefdeadbeefdeadbeefdeadbeef[0m
2023-03-26 02:49:28,037 - Detector - INFO - [1m[32mTo:        0x2c5e8a3b3aad9df32339409534e64dfcabcd3a65[0m
2023-03-26 02:49:28,037 - Detector - INFO - [1m[32mValue:     0 Wei[0m
2023-03-26 02:49:28,037 - Detector - INFO - [1m[32mGas Limit: 4500000[0m
2023-03-26 02:49:28,037 - Detector - INFO - [1m[32mInput:     0x562f3cf4000000000000000000000000deadbeef[0m
2023-03-26 02:49:28,038 - Detector - INFO - [1m[32m           deadbeefdeadbeefdeadbeefdeadbeef0000000000[0m
2023-03-26 02:49:28,038 - Detector - INFO - [1m[32m           000000000000000000000000000000000000000000[0m
2023-03-26 02:49:28,038 - Detector - INFO - [1m[32m           000000000001000000000000000000000000000000[0m
2023-03-26 02:49:28,038 - Detector - INFO - [1m[32m           0000000000000000000000000000000000[0m
2023-03-26 02:49:28,038 - Detector - INFO - [1m[32m-----------------------------------------------------[0m
2023-03-26 02:49:28,261 - Detector - INFO - [1m[32m-----------------------------------------------------[0m
2023-03-26 02:49:28,261 - Detector - INFO - [1m[32m          !!! Block dependency detected !!!          [0m
2023-03-26 02:49:28,261 - Detector - INFO - [1m[32m-----------------------------------------------------[0m
2023-03-26 02:49:28,261 - Detector - INFO - [1m[32mSWC-ID:   120[0m
2023-03-26 02:49:28,261 - Detector - INFO - [1m[32mSeverity: Low[0m
2023-03-26 02:49:28,262 - Detector - INFO - [1m[32m-----------------------------------------------------[0m
2023-03-26 02:49:28,262 - Detector - INFO - [1m[32mSource code line:[0m
2023-03-26 02:49:28,262 - Detector - INFO - [1m[32m-----------------------------------------------------[0m
2023-03-26 02:49:28,262 - Detector - INFO - [1m[32m/sb/0x7a8ac384d3a9086afcc13eb58e90916f17affc89.sol:705:1[0m
2023-03-26 02:49:28,262 - Detector - INFO - [1m[32mblock.number[0m
2023-03-26 02:49:28,262 - Detector - INFO - [1m[32m-----------------------------------------------------[0m
2023-03-26 02:49:28,262 - Detector - INFO - [1m[32mTransaction sequence:[0m
2023-03-26 02:49:28,263 - Detector - INFO - [1m[32m-----------------------------------------------------[0m
2023-03-26 02:49:28,263 - Detector - INFO - [1m[32mTransaction 1 - initialize(address,address,address,address,uint256):[0m
2023-03-26 02:49:28,263 - Detector - INFO - [1m[32m-----------------------------------------------------[0m
2023-03-26 02:49:28,263 - Detector - INFO - [1m[32mFrom:      0xdeadbeefdeadbeefdeadbeefdeadbeefdeadbeef[0m
2023-03-26 02:49:28,263 - Detector - INFO - [1m[32mTo:        0x2c5e8a3b3aad9df32339409534e64dfcabcd3a65[0m
2023-03-26 02:49:28,263 - Detector - INFO - [1m[32mValue:     0 Wei[0m
2023-03-26 02:49:28,263 - Detector - INFO - [1m[32mGas Limit: 4500000[0m
2023-03-26 02:49:28,263 - Detector - INFO - [1m[32mInput:     0xf7013ef6000000000000000000000000deadbeef[0m
2023-03-26 02:49:28,263 - Detector - INFO - [1m[32m           deadbeefdeadbeefdeadbeefdeadbeef0000000000[0m
2023-03-26 02:49:28,264 - Detector - INFO - [1m[32m           00000000000000cafebabecafebabecafebabecafe[0m
2023-03-26 02:49:28,264 - Detector - INFO - [1m[32m           babecafebabe000000000000000000000000cafeba[0m
2023-03-26 02:49:28,264 - Detector - INFO - [1m[32m           becafebabecafebabecafebabecafebabe00000000[0m
2023-03-26 02:49:28,264 - Detector - INFO - [1m[32m           0000000000000000deadbeefdeadbeefdeadbeefde[0m
2023-03-26 02:49:28,264 - Detector - INFO - [1m[32m           adbeefdeadbeef0000000000000000000000000000[0m
2023-03-26 02:49:28,264 - Detector - INFO - [1m[32m           000000000000000000000000000000000002[0m
2023-03-26 02:49:28,264 - Detector - INFO - [1m[32m-----------------------------------------------------[0m
2023-03-26 02:49:28,264 - Detector - INFO - [1m[32mTransaction 2 - publicAllowed():[0m
2023-03-26 02:49:28,264 - Detector - INFO - [1m[32m-----------------------------------------------------[0m
2023-03-26 02:49:28,264 - Detector - INFO - [1m[32mFrom:      0xcafebabecafebabecafebabecafebabecafebabe[0m
2023-03-26 02:49:28,265 - Detector - INFO - [1m[32mTo:        0x2c5e8a3b3aad9df32339409534e64dfcabcd3a65[0m
2023-03-26 02:49:28,265 - Detector - INFO - [1m[32mValue:     0 Wei[0m
2023-03-26 02:49:28,265 - Detector - INFO - [1m[32mGas Limit: 4500000[0m
2023-03-26 02:49:28,265 - Detector - INFO - [1m[32mInput:     0xd83d0f76[0m
2023-03-26 02:49:28,265 - Detector - INFO - [1m[32m-----------------------------------------------------[0m
2023-03-26 02:49:28,747 - Analysis - INFO - [1mGeneration number 1 	 Code coverage: 50.30% (2560/5089) 	 Branch coverage: 49.61% (128/258) 	 Transactions: 164 (114 unique)   	 Time: 3.830972671508789[0m
2023-03-26 02:49:33,901 - Analysis - INFO - [1mGeneration number 2 	 Code coverage: 53.29% (2712/5089) 	 Branch coverage: 50.00% (129/258) 	 Transactions: 344 (169 unique)   	 Time: 8.984964609146118[0m
2023-03-26 02:49:41,422 - Analysis - INFO - [1mGeneration number 3 	 Code coverage: 53.29% (2712/5089) 	 Branch coverage: 50.00% (129/258) 	 Transactions: 566 (226 unique)   	 Time: 16.505881786346436[0m
2023-03-26 02:49:51,347 - Analysis - INFO - [1mGeneration number 4 	 Code coverage: 53.29% (2712/5089) 	 Branch coverage: 50.00% (129/258) 	 Transactions: 821 (287 unique)   	 Time: 26.43099093437195[0m
2023-03-26 02:50:01,843 - Analysis - INFO - [1mGeneration number 5 	 Code coverage: 53.29% (2712/5089) 	 Branch coverage: 50.00% (129/258) 	 Transactions: 1096 (348 unique)   	 Time: 36.92672514915466[0m
2023-03-26 02:50:13,352 - Analysis - INFO - [1mGeneration number 6 	 Code coverage: 53.29% (2712/5089) 	 Branch coverage: 50.00% (129/258) 	 Transactions: 1387 (413 unique)   	 Time: 48.43648719787598[0m
2023-03-26 02:50:25,523 - Analysis - INFO - [1mGeneration number 7 	 Code coverage: 53.29% (2712/5089) 	 Branch coverage: 50.00% (129/258) 	 Transactions: 1670 (478 unique)   	 Time: 60.60719895362854[0m
2023-03-26 02:50:38,876 - Analysis - INFO - [1mGeneration number 8 	 Code coverage: 53.29% (2712/5089) 	 Branch coverage: 50.00% (129/258) 	 Transactions: 1954 (543 unique)   	 Time: 73.96024012565613[0m
2023-03-26 02:50:53,281 - Analysis - INFO - [1mGeneration number 9 	 Code coverage: 53.29% (2712/5089) 	 Branch coverage: 50.00% (129/258) 	 Transactions: 2239 (609 unique)   	 Time: 88.36496543884277[0m
2023-03-26 02:51:09,094 - Analysis - INFO - [1mGeneration number 10 	 Code coverage: 53.29% (2712/5089) 	 Branch coverage: 50.00% (129/258) 	 Transactions: 2523 (675 unique)   	 Time: 104.1777036190033[0m
2023-03-26 02:51:24,724 - Analysis - INFO - [1mGeneration number 11 	 Code coverage: 53.29% (2712/5089) 	 Branch coverage: 50.00% (129/258) 	 Transactions: 2811 (740 unique)   	 Time: 119.80826020240784[0m
2023-03-26 02:51:41,597 - Analysis - INFO - [1mGeneration number 12 	 Code coverage: 53.29% (2712/5089) 	 Branch coverage: 50.00% (129/258) 	 Transactions: 3099 (806 unique)   	 Time: 136.68146634101868[0m
2023-03-26 02:51:56,996 - Analysis - INFO - [1mGeneration number 13 	 Code coverage: 53.29% (2712/5089) 	 Branch coverage: 50.00% (129/258) 	 Transactions: 3387 (872 unique)   	 Time: 152.08002090454102[0m
2023-03-26 02:52:04,541 - Analysis - INFO - [1mGeneration number 14 	 Code coverage: 58.07% (2955/5089) 	 Branch coverage: 54.65% (141/258) 	 Transactions: 3542 (978 unique)   	 Time: 159.62568283081055[0m
2023-03-26 02:52:07,347 - Detector - INFO - [1m[31m-----------------------------------------------------[0m
2023-03-26 02:52:07,347 - Detector - INFO - [1m[31m            !!! Reentrancy detected !!!              [0m
2023-03-26 02:52:07,347 - Detector - INFO - [1m[31m-----------------------------------------------------[0m
2023-03-26 02:52:07,348 - Detector - INFO - [1m[31mSWC-ID:   107[0m
2023-03-26 02:52:07,348 - Detector - INFO - [1m[31mSeverity: High[0m
2023-03-26 02:52:07,348 - Detector - INFO - [1m[31m-----------------------------------------------------[0m
2023-03-26 02:52:07,348 - Detector - INFO - [1m[31mSource code line:[0m
2023-03-26 02:52:07,348 - Detector - INFO - [1m[31m-----------------------------------------------------[0m
2023-03-26 02:52:07,348 - Detector - INFO - [1m[31m/sb/0x7a8ac384d3a9086afcc13eb58e90916f17affc89.sol:435:1[0m
2023-03-26 02:52:07,348 - Detector - INFO - [1m[31mtarget.call{value: value}(data)[0m
2023-03-26 02:52:07,348 - Detector - INFO - [1m[31m-----------------------------------------------------[0m
2023-03-26 02:52:07,348 - Detector - INFO - [1m[31mTransaction sequence:[0m
2023-03-26 02:52:07,348 - Detector - INFO - [1m[31m-----------------------------------------------------[0m
2023-03-26 02:52:07,348 - Detector - INFO - [1m[31mTransaction 1 - initialize(address,address,address,address,uint256):[0m
2023-03-26 02:52:07,349 - Detector - INFO - [1m[31m-----------------------------------------------------[0m
2023-03-26 02:52:07,349 - Detector - INFO - [1m[31mFrom:      0xfffff7ffffffffffffffffffffffffffffffffff[0m
2023-03-26 02:52:07,349 - Detector - INFO - [1m[31mTo:        0x2c5e8a3b3aad9df32339409534e64dfcabcd3a65[0m
2023-03-26 02:52:07,349 - Detector - INFO - [1m[31mValue:     0 Wei[0m
2023-03-26 02:52:07,349 - Detector - INFO - [1m[31mGas Limit: 4500000[0m
2023-03-26 02:52:07,349 - Detector - INFO - [1m[31mInput:     0xf7013ef6000000000000000000000000ffffffff[0m
2023-03-26 02:52:07,349 - Detector - INFO - [1m[31m           ffffffffffffffffffffffdfffffffff0000000000[0m
2023-03-26 02:52:07,349 - Detector - INFO - [1m[31m           00000000000000ffffffffffffffffffffffffffff[0m
2023-03-26 02:52:07,349 - Detector - INFO - [1m[31m           ffffffffffff000000000000000000000000ffffff[0m
2023-03-26 02:52:07,349 - Detector - INFO - [1m[31m           fffbffffffffffffffffffffffffffffff00000000[0m
2023-03-26 02:52:07,349 - Detector - INFO - [1m[31m           0000000000000000ffffffffffffffffff7fffffff[0m
2023-03-26 02:52:07,349 - Detector - INFO - [1m[31m           ffffffffffffffffffffffffffffffffffffffffff[0m
2023-03-26 02:52:07,350 - Detector - INFO - [1m[31m           fffbfffffffffffffffffffffffff0000000[0m
2023-03-26 02:52:07,350 - Detector - INFO - [1m[31m-----------------------------------------------------[0m
2023-03-26 02:52:07,350 - Detector - INFO - [1m[31mTransaction 2 - wbnb():[0m
2023-03-26 02:52:07,350 - Detector - INFO - [1m[31m-----------------------------------------------------[0m
2023-03-26 02:52:07,350 - Detector - INFO - [1m[31mFrom:      0xcafebabecafebabecafebabecafebabecafebabe[0m
2023-03-26 02:52:07,350 - Detector - INFO - [1m[31mTo:        0x2c5e8a3b3aad9df32339409534e64dfcabcd3a65[0m
2023-03-26 02:52:07,350 - Detector - INFO - [1m[31mValue:     0 Wei[0m
2023-03-26 02:52:07,350 - Detector - INFO - [1m[31mGas Limit: 4500000[0m
2023-03-26 02:52:07,350 - Detector - INFO - [1m[31mInput:     0x8d72647e[0m
2023-03-26 02:52:07,350 - Detector - INFO - [1m[31m-----------------------------------------------------[0m
2023-03-26 02:52:07,350 - Detector - INFO - [1m[31mTransaction 3 - setRewardPool(address,uint256):[0m
2023-03-26 02:52:07,350 - Detector - INFO - [1m[31m-----------------------------------------------------[0m
2023-03-26 02:52:07,351 - Detector - INFO - [1m[31mFrom:      0xcafebabecafebabecafebabecafebabecafebabe[0m
2023-03-26 02:52:07,351 - Detector - INFO - [1m[31mTo:        0x2c5e8a3b3aad9df32339409534e64dfcabcd3a65[0m
2023-03-26 02:52:07,351 - Detector - INFO - [1m[31mValue:     0 Wei[0m
2023-03-26 02:52:07,351 - Detector - INFO - [1m[31mGas Limit: 4500000[0m
2023-03-26 02:52:07,351 - Detector - INFO - [1m[31mInput:     0x90d39013000000000000000000000000ffffffff[0m
2023-03-26 02:52:07,351 - Detector - INFO - [1m[31m           ffffffffffffff7fffffffffffffffffffffffffff[0m
2023-03-26 02:52:07,351 - Detector - INFO - [1m[31m           ffffffffffffffffffffffffffffffffffffffffff[0m
2023-03-26 02:52:07,351 - Detector - INFO - [1m[31m           ffffffffffff[0m
2023-03-26 02:52:07,351 - Detector - INFO - [1m[31m-----------------------------------------------------[0m
2023-03-26 02:52:07,351 - Detector - INFO - [1m[31mTransaction 4 - emergencyWithdraw():[0m
2023-03-26 02:52:07,351 - Detector - INFO - [1m[31m-----------------------------------------------------[0m
2023-03-26 02:52:07,351 - Detector - INFO - [1m[31mFrom:      0xdeadbeefdeadbeefdeadbeefdeadbeefdeadbeef[0m
2023-03-26 02:52:07,351 - Detector - INFO - [1m[31mTo:        0x2c5e8a3b3aad9df32339409534e64dfcabcd3a65[0m
2023-03-26 02:52:07,352 - Detector - INFO - [1m[31mValue:     0 Wei[0m
2023-03-26 02:52:07,352 - Detector - INFO - [1m[31mGas Limit: 4500000[0m
2023-03-26 02:52:07,352 - Detector - INFO - [1m[31mInput:     0xdb2e21bc[0m
2023-03-26 02:52:07,352 - Detector - INFO - [1m[31m-----------------------------------------------------[0m
2023-03-26 02:52:14,850 - Analysis - INFO - [1mGeneration number 15 	 Code coverage: 58.07% (2955/5089) 	 Branch coverage: 54.65% (141/258) 	 Transactions: 3715 (1037 unique)   	 Time: 169.93418407440186[0m
2023-03-26 02:52:28,545 - Analysis - INFO - [1mGeneration number 16 	 Code coverage: 58.07% (2955/5089) 	 Branch coverage: 54.65% (141/258) 	 Transactions: 3921 (1096 unique)   	 Time: 183.62897396087646[0m
2023-03-26 02:52:44,190 - Analysis - INFO - [1mGeneration number 17 	 Code coverage: 58.07% (2955/5089) 	 Branch coverage: 54.65% (141/258) 	 Transactions: 4159 (1158 unique)   	 Time: 199.27392840385437[0m
2023-03-26 02:53:01,171 - Analysis - INFO - [1mGeneration number 18 	 Code coverage: 58.07% (2955/5089) 	 Branch coverage: 54.65% (141/258) 	 Transactions: 4417 (1223 unique)   	 Time: 216.25503253936768[0m
2023-03-26 02:53:18,342 - Analysis - INFO - [1mGeneration number 19 	 Code coverage: 58.07% (2955/5089) 	 Branch coverage: 54.65% (141/258) 	 Transactions: 4682 (1287 unique)   	 Time: 233.42618441581726[0m
2023-03-26 02:53:35,982 - Analysis - INFO - [1mGeneration number 20 	 Code coverage: 58.07% (2955/5089) 	 Branch coverage: 54.65% (141/258) 	 Transactions: 4958 (1349 unique)   	 Time: 251.0665318965912[0m
2023-03-26 02:53:53,840 - Analysis - INFO - [1mGeneration number 21 	 Code coverage: 58.07% (2955/5089) 	 Branch coverage: 54.65% (141/258) 	 Transactions: 5229 (1413 unique)   	 Time: 268.92419695854187[0m
2023-03-26 02:54:12,223 - Analysis - INFO - [1mGeneration number 22 	 Code coverage: 58.07% (2955/5089) 	 Branch coverage: 54.65% (141/258) 	 Transactions: 5510 (1478 unique)   	 Time: 287.3075575828552[0m
2023-03-26 02:54:31,241 - Analysis - INFO - [1mGeneration number 23 	 Code coverage: 58.07% (2955/5089) 	 Branch coverage: 54.65% (141/258) 	 Transactions: 5801 (1543 unique)   	 Time: 306.32513189315796[0m
2023-03-26 02:54:51,396 - Analysis - INFO - [1mGeneration number 24 	 Code coverage: 58.07% (2955/5089) 	 Branch coverage: 54.65% (141/258) 	 Transactions: 6102 (1607 unique)   	 Time: 326.4801425933838[0m
2023-03-26 02:55:11,157 - Analysis - INFO - [1mGeneration number 25 	 Code coverage: 58.07% (2955/5089) 	 Branch coverage: 54.65% (141/258) 	 Transactions: 6407 (1672 unique)   	 Time: 346.2414138317108[0m
2023-03-26 02:55:17,326 - Detector - INFO - [1m[33m-----------------------------------------------------[0m
2023-03-26 02:55:17,327 - Detector - INFO - [1m[33m        !!! Unhandled exception detected !!!         [0m
2023-03-26 02:55:17,327 - Detector - INFO - [1m[33m-----------------------------------------------------[0m
2023-03-26 02:55:17,327 - Detector - INFO - [1m[33mSWC-ID:   104[0m
2023-03-26 02:55:17,328 - Detector - INFO - [1m[33mSeverity: Medium[0m
2023-03-26 02:55:17,328 - Detector - INFO - [1m[33m-----------------------------------------------------[0m
2023-03-26 02:55:17,328 - Detector - INFO - [1m[33mSource code line:[0m
2023-03-26 02:55:17,328 - Detector - INFO - [1m[33m-----------------------------------------------------[0m
2023-03-26 02:55:17,329 - Detector - INFO - [1m[33m/sb/0x7a8ac384d3a9086afcc13eb58e90916f17affc89.sol:435:1[0m
2023-03-26 02:55:17,329 - Detector - INFO - [1m[33mtarget.call{value: value}(data)[0m
2023-03-26 02:55:17,329 - Detector - INFO - [1m[33m-----------------------------------------------------[0m
2023-03-26 02:55:17,330 - Detector - INFO - [1m[33mTransaction sequence:[0m
2023-03-26 02:55:17,330 - Detector - INFO - [1m[33m-----------------------------------------------------[0m
2023-03-26 02:55:17,330 - Detector - INFO - [1m[33mTransaction 1 - emergencyWithdraw():[0m
2023-03-26 02:55:17,330 - Detector - INFO - [1m[33m-----------------------------------------------------[0m
2023-03-26 02:55:17,330 - Detector - INFO - [1m[33mFrom:      0xfffffff7ffffffffffffffffffffffffffffffff[0m
2023-03-26 02:55:17,331 - Detector - INFO - [1m[33mTo:        0x2c5e8a3b3aad9df32339409534e64dfcabcd3a65[0m
2023-03-26 02:55:17,331 - Detector - INFO - [1m[33mValue:     0 Wei[0m
2023-03-26 02:55:17,331 - Detector - INFO - [1m[33mGas Limit: 4500000[0m
2023-03-26 02:55:17,331 - Detector - INFO - [1m[33mInput:     0xdb2e21bc[0m
2023-03-26 02:55:17,331 - Detector - INFO - [1m[33m-----------------------------------------------------[0m
2023-03-26 02:55:17,332 - Detector - INFO - [1m[33mTransaction 2 - userInfo(address):[0m
2023-03-26 02:55:17,332 - Detector - INFO - [1m[33m-----------------------------------------------------[0m
2023-03-26 02:55:17,332 - Detector - INFO - [1m[33mFrom:      0xfffffffffbffffffffffffffffffffffffffffff[0m
2023-03-26 02:55:17,332 - Detector - INFO - [1m[33mTo:        0x2c5e8a3b3aad9df32339409534e64dfcabcd3a65[0m
2023-03-26 02:55:17,333 - Detector - INFO - [1m[33mValue:     0 Wei[0m
2023-03-26 02:55:17,333 - Detector - INFO - [1m[33mGas Limit: 4500000[0m
2023-03-26 02:55:17,333 - Detector - INFO - [1m[33mInput:     0x1959a002000000000000000000000000ffffffff[0m
2023-03-26 02:55:17,333 - Detector - INFO - [1m[33m           ffffffffff7fffffffffffffffffffff[0m
2023-03-26 02:55:17,333 - Detector - INFO - [1m[33m-----------------------------------------------------[0m
2023-03-26 02:55:19,548 - Analysis - INFO - [1mGeneration number 26 	 Code coverage: 60.42% (3075/5089) 	 Branch coverage: 57.36% (148/258) 	 Transactions: 6568 (1781 unique)   	 Time: 354.63222885131836[0m
2023-03-26 02:55:30,810 - Analysis - INFO - [1mGeneration number 27 	 Code coverage: 60.42% (3075/5089) 	 Branch coverage: 57.36% (148/258) 	 Transactions: 6759 (1840 unique)   	 Time: 365.89374923706055[0m
2023-03-26 02:55:45,391 - Analysis - INFO - [1mGeneration number 28 	 Code coverage: 60.42% (3075/5089) 	 Branch coverage: 57.36% (148/258) 	 Transactions: 6988 (1904 unique)   	 Time: 380.47544860839844[0m
2023-03-26 02:55:59,632 - Analysis - INFO - [1mGeneration number 29 	 Code coverage: 60.42% (3075/5089) 	 Branch coverage: 57.36% (148/258) 	 Transactions: 7222 (1970 unique)   	 Time: 394.71586084365845[0m
2023-03-26 02:56:14,769 - Analysis - INFO - [1mGeneration number 30 	 Code coverage: 60.42% (3075/5089) 	 Branch coverage: 57.36% (148/258) 	 Transactions: 7464 (2036 unique)   	 Time: 409.85351157188416[0m
2023-03-26 02:56:31,002 - Analysis - INFO - [1mGeneration number 31 	 Code coverage: 60.42% (3075/5089) 	 Branch coverage: 57.36% (148/258) 	 Transactions: 7721 (2101 unique)   	 Time: 426.08668279647827[0m
2023-03-26 02:56:47,947 - Analysis - INFO - [1mGeneration number 32 	 Code coverage: 60.42% (3075/5089) 	 Branch coverage: 57.36% (148/258) 	 Transactions: 7986 (2167 unique)   	 Time: 443.03133630752563[0m
2023-03-26 02:57:05,134 - Analysis - INFO - [1mGeneration number 33 	 Code coverage: 60.42% (3075/5089) 	 Branch coverage: 57.36% (148/258) 	 Transactions: 8259 (2231 unique)   	 Time: 460.218341588974[0m
2023-03-26 02:57:22,142 - Analysis - INFO - [1mGeneration number 34 	 Code coverage: 60.42% (3075/5089) 	 Branch coverage: 57.36% (148/258) 	 Transactions: 8532 (2296 unique)   	 Time: 477.2259728908539[0m
2023-03-26 02:57:39,708 - Analysis - INFO - [1mGeneration number 35 	 Code coverage: 60.42% (3075/5089) 	 Branch coverage: 57.36% (148/258) 	 Transactions: 8805 (2360 unique)   	 Time: 494.7920153141022[0m
2023-03-26 02:57:47,025 - Analysis - INFO - [1mGeneration number 36 	 Code coverage: 60.42% (3075/5089) 	 Branch coverage: 57.36% (148/258) 	 Transactions: 8959 (2464 unique)   	 Time: 502.109361410141[0m
2023-03-26 02:57:57,520 - Analysis - INFO - [1mGeneration number 37 	 Code coverage: 60.42% (3075/5089) 	 Branch coverage: 57.36% (148/258) 	 Transactions: 9141 (2520 unique)   	 Time: 512.6039695739746[0m
2023-03-26 02:58:11,038 - Analysis - INFO - [1mGeneration number 38 	 Code coverage: 60.42% (3075/5089) 	 Branch coverage: 57.36% (148/258) 	 Transactions: 9360 (2578 unique)   	 Time: 526.1225905418396[0m
2023-03-26 02:58:25,535 - Analysis - INFO - [1mGeneration number 39 	 Code coverage: 60.42% (3075/5089) 	 Branch coverage: 57.36% (148/258) 	 Transactions: 9595 (2639 unique)   	 Time: 540.6188197135925[0m
2023-03-26 02:58:41,787 - Analysis - INFO - [1mGeneration number 40 	 Code coverage: 60.42% (3075/5089) 	 Branch coverage: 57.36% (148/258) 	 Transactions: 9858 (2702 unique)   	 Time: 556.8710572719574[0m
2023-03-26 02:58:59,766 - Analysis - INFO - [1mGeneration number 41 	 Code coverage: 60.42% (3075/5089) 	 Branch coverage: 57.36% (148/258) 	 Transactions: 10127 (2765 unique)   	 Time: 574.8504252433777[0m
2023-03-26 02:59:19,802 - Analysis - INFO - [1mGeneration number 42 	 Code coverage: 60.42% (3075/5089) 	 Branch coverage: 57.36% (148/258) 	 Transactions: 10407 (2830 unique)   	 Time: 594.88618683815[0m
2023-03-26 02:59:38,486 - Analysis - INFO - [1mGeneration number 43 	 Code coverage: 60.42% (3075/5089) 	 Branch coverage: 57.36% (148/258) 	 Transactions: 10695 (2894 unique)   	 Time: 613.570157289505[0m
2023-03-26 02:59:57,224 - Analysis - INFO - [1mGeneration number 44 	 Code coverage: 60.42% (3075/5089) 	 Branch coverage: 57.36% (148/258) 	 Transactions: 10992 (2959 unique)   	 Time: 632.3078064918518[0m
2023-03-26 03:00:16,820 - Analysis - INFO - [1mGeneration number 45 	 Code coverage: 60.42% (3075/5089) 	 Branch coverage: 57.36% (148/258) 	 Transactions: 11290 (3025 unique)   	 Time: 651.9037449359894[0m
2023-03-26 03:00:24,984 - Analysis - INFO - [1mGeneration number 46 	 Code coverage: 60.42% (3075/5089) 	 Branch coverage: 57.36% (148/258) 	 Transactions: 11451 (3127 unique)   	 Time: 660.0685791969299[0m
2023-03-26 03:00:36,719 - Analysis - INFO - [1mGeneration number 47 	 Code coverage: 60.42% (3075/5089) 	 Branch coverage: 57.36% (148/258) 	 Transactions: 11641 (3186 unique)   	 Time: 671.8031980991364[0m
2023-03-26 03:00:37,266 - engine.EvolutionaryFuzzingEngine - ERROR - AttributeError exception is catched
Traceback (most recent call last):
  File "/root/fuzzer/engine/engine.py", line 169, in run
    a.register_step(g=g, population=self.population, engine=self)
  File "/root/fuzzer/engine/analysis/execution_trace_analysis.py", line 100, in register_step
    self.symbolic_execution(population.indv_generator)
  File "/root/fuzzer/engine/analysis/execution_trace_analysis.py", line 615, in symbolic_execution
    argument = model[variable].as_long()
AttributeError: 'NoneType' object has no attribute 'as_long'
2023-03-26 03:00:37,268 - Analysis - INFO - [1m-----------------------------------------------------[0m
2023-03-26 03:00:37,268 - Analysis - INFO - Number of generations: 	 47
2023-03-26 03:00:37,268 - Analysis - INFO - Number of transactions: 	 11641 (3186 unique)
2023-03-26 03:00:37,268 - Analysis - INFO - Transactions per second: 	 17
2023-03-26 03:00:37,268 - Analysis - INFO - Total code coverage: 	 60.42% (3075/5089)
2023-03-26 03:00:37,268 - Analysis - INFO - Total branch coverage: 	 57.36% (148/258)
2023-03-26 03:00:37,268 - Analysis - INFO - Total execution time: 	 672.35 seconds
2023-03-26 03:00:37,269 - Analysis - INFO - Total memory consumption: 	 95.76 MB

     ______            ______                _           
    / ____/___  ____  / ____/_  __________  (_)_  _______
   / /   / __ \/ __ \/ /_  / / / /_  /_  / / / / / / ___/
  / /___/ /_/ / / / / __/ / /_/ / / /_/ /_/ / /_/ (__  ) 
  \____/\____/_/ /_/_/    \__,_/ /___/___/_/\__,_/____/  

delteed file
Traceback (most recent call last):
  File "fuzzer/main.py", line 372, in <module>
    main()
  File "fuzzer/main.py", line 232, in main
    Fuzzer(contract_name, contract["abi"], contract['evm']['bytecode']['object'], contract['evm']['deployedBytecode']['object'], instrumented_evm, blockchain_state, solver, args, seed, source_map).run()
  File "fuzzer/main.py", line 165, in run
    engine.run(ng=settings.GENERATIONS)
  File "/root/fuzzer/engine/engine.py", line 47, in profiled_func
    result = func(*args, **kwargs)
  File "/root/fuzzer/engine/engine.py", line 176, in run
    raise e
  File "/root/fuzzer/engine/engine.py", line 169, in run
    a.register_step(g=g, population=self.population, engine=self)
  File "/root/fuzzer/engine/analysis/execution_trace_analysis.py", line 100, in register_step
    self.symbolic_execution(population.indv_generator)
  File "/root/fuzzer/engine/analysis/execution_trace_analysis.py", line 615, in symbolic_execution
    argument = model[variable].as_long()
AttributeError: 'NoneType' object has no attribute 'as_long'
