[92m
BPool.setSwapFee(uint256) (../../sb/0x32e574b0400cdb93dc33a34a30986737186bde43.sol#836-846) should emit an event for: 
	- _swapFee = swapFee (../../sb/0x32e574b0400cdb93dc33a34a30986737186bde43.sol#845) 
Reference: https://github.com/crytic/slither/wiki/Detector-Documentation#missing-events-arithmetic[0m
[92m
BPool.setController(address).manager (../../sb/0x32e574b0400cdb93dc33a34a30986737186bde43.sol#848) lacks a zero-check on :
		- _controller = manager (../../sb/0x32e574b0400cdb93dc33a34a30986737186bde43.sol#854)
Reference: https://github.com/crytic/slither/wiki/Detector-Documentation#missing-zero-address-validation[0m
[92m
BPool._pullUnderlying(address,address,uint256) (../../sb/0x32e574b0400cdb93dc33a34a30986737186bde43.sol#1344-1349) has external calls inside a loop: xfer = IERC20(erc20).transferFrom(from,address(this),amount) (../../sb/0x32e574b0400cdb93dc33a34a30986737186bde43.sol#1347)
BPool._pushUnderlying(address,address,uint256) (../../sb/0x32e574b0400cdb93dc33a34a30986737186bde43.sol#1351-1356) has external calls inside a loop: xfer = IERC20(erc20).transfer(to,amount) (../../sb/0x32e574b0400cdb93dc33a34a30986737186bde43.sol#1354)
Reference: https://github.com/crytic/slither/wiki/Detector-Documentation/#calls-inside-a-loop[0m
[92m
Pragma version^0.5.12 (../../sb/0x32e574b0400cdb93dc33a34a30986737186bde43.sol#14) allows old versions
Reference: https://github.com/crytic/slither/wiki/Detector-Documentation#incorrect-versions-of-solidity[0m
[92m
Variable BTokenBase._balance (../../sb/0x32e574b0400cdb93dc33a34a30986737186bde43.sol#284) is not in mixedCase
Variable BTokenBase._allowance (../../sb/0x32e574b0400cdb93dc33a34a30986737186bde43.sol#285) is not in mixedCase
Variable BTokenBase._totalSupply (../../sb/0x32e574b0400cdb93dc33a34a30986737186bde43.sol#286) is not in mixedCase
Event BPoolLOG_SWAP(address,address,address,uint256,uint256) (../../sb/0x32e574b0400cdb93dc33a34a30986737186bde43.sol#671-677) is not in CapWords
Event BPoolLOG_JOIN(address,address,uint256) (../../sb/0x32e574b0400cdb93dc33a34a30986737186bde43.sol#679-683) is not in CapWords
Event BPoolLOG_EXIT(address,address,uint256) (../../sb/0x32e574b0400cdb93dc33a34a30986737186bde43.sol#685-689) is not in CapWords
Event BPoolLOG_CALL(bytes4,address,bytes) (../../sb/0x32e574b0400cdb93dc33a34a30986737186bde43.sol#691-695) is not in CapWords
Modifier BPool._logs_() (../../sb/0x32e574b0400cdb93dc33a34a30986737186bde43.sol#697-700) is not in mixedCase
Modifier BPool._lock_() (../../sb/0x32e574b0400cdb93dc33a34a30986737186bde43.sol#702-707) is not in mixedCase
Modifier BPool._viewlock_() (../../sb/0x32e574b0400cdb93dc33a34a30986737186bde43.sol#709-712) is not in mixedCase
Reference: https://github.com/crytic/slither/wiki/Detector-Documentation#conformance-to-solidity-naming-conventions[0m
[92m
BToken._decimals (../../sb/0x32e574b0400cdb93dc33a34a30986737186bde43.sol#324) should be constant
BToken._name (../../sb/0x32e574b0400cdb93dc33a34a30986737186bde43.sol#322) should be constant
BToken._symbol (../../sb/0x32e574b0400cdb93dc33a34a30986737186bde43.sol#323) should be constant
Reference: https://github.com/crytic/slither/wiki/Detector-Documentation#state-variables-that-could-be-declared-constant[0m
[92m
name() should be declared external:
	- BToken.name() (../../sb/0x32e574b0400cdb93dc33a34a30986737186bde43.sol#326-328)
symbol() should be declared external:
	- BToken.symbol() (../../sb/0x32e574b0400cdb93dc33a34a30986737186bde43.sol#330-332)
decimals() should be declared external:
	- BToken.decimals() (../../sb/0x32e574b0400cdb93dc33a34a30986737186bde43.sol#334-336)
Reference: https://github.com/crytic/slither/wiki/Detector-Documentation#public-function-that-could-be-declared-external[0m
/sb/0x32e574b0400cdb93dc33a34a30986737186bde43.sol analyzed (9 contracts with 78 detectors), 21 result(s) found
