
====================================================================================================
[94m[ ] Check if contract is SUICIDAL[0m

[ ] Contract address   : 0xaFFECAFEAFfECaFEaFFecAfEAFfecAfEAffEcaFE
[ ] Contract bytecode  : 6080604052600436106101e3576000357c0100000000000000...
[ ] Bytecode length    : 44434
[ ] Blockchain contract: False
[ ] Debug              : False

[ ][1m Search with call depth: 1   : [0m111111111111111
[ ][1m Search with call depth: 2   : [0m11222222222222222122222222222222212
[ ][1m Search with call depth: 3   : [0m1122233333333333333323333333333333
[92m[-] No suicidal vulnerability found [0m

====================================================================================================
[94m[ ] Check if contract is PRODIGAL[0m

[ ] Contract address   : 0xaFFECAFEAFfECaFEaFFecAfEAFfecAfEAffEcaFE
[ ] Contract bytecode  : 6080604052600436106101e3576000357c0100000000000000...
[ ] Bytecode length    : 44434
[ ] Blockchain contract: False
[ ] Debug              : False

[ ][1m Search with call depth: 1   : [0m111111111111111
[ ][1m Search with call depth: 2   : [0m11222222222222222122222222222222212222
[ ][1m Search with call depth: 3   : [0m1122233333333333333323333333333333332
[92m[+] No prodigal vulnerability found [0m

====================================================================================================
[94m[ ] Check if contract is GREEDY[0m

[ ] Contract address   : 0xaFFECAFEAFfECaFEaFFecAfEAFfecAfEAffEcaFE
[ ] Contract bytecode  : 6080604052600436106101e3576000357c0100000000000000...
[ ] Bytecode length    : 44434
[ ] Debug              : False
[91m[-][0m [1mContract can receive Ether[0m

[92m[-] No lock vulnerability found because the contract cannot receive Ether [0m
