WARNING:root:You are using solc version 0.6.12, The latest supported version is 0.4.19
INFO:CryticCompile:Compilation warnings/errors on /sb/0x75572098dc462f976127f59f8c97dfa291f81d8b.sol:
Warning: SPDX license identifier not provided in source file. Before publishing, consider adding a comment containing "SPDX-License-Identifier: <SPDX-License>" to each source file. Use "SPDX-License-Identifier: UNLICENSED" for non-open-source code. Please see https://spdx.org for more information.
--> /sb/0x75572098dc462f976127f59f8c97dfa291f81d8b.sol

Warning: Using ".value(...)" is deprecated. Use "{value: ...}" instead.
   --> /sb/0x75572098dc462f976127f59f8c97dfa291f81d8b.sol:226:9:
    |
226 |         burnAddress.call.value(msg.value)("");                                              // Burn ether
    |         ^^^^^^^^^^^^^^^^^^^^^^

Warning: Return value of low-level calls not used.
   --> /sb/0x75572098dc462f976127f59f8c97dfa291f81d8b.sol:226:9:
    |
226 |         burnAddress.call.value(msg.value)("");                                              // Burn ether
    |         ^^^^^^^^^^^^^^^^^^^^^^^^^^^^^^^^^^^^^

Warning: Using ".value(...)" is deprecated. Use "{value: ...}" instead.
   --> /sb/0x75572098dc462f976127f59f8c97dfa291f81d8b.sol:231:9:
    |
231 |         burnAddress.call.value(msg.value)("");                                              // Burn ether
    |         ^^^^^^^^^^^^^^^^^^^^^^

Warning: Return value of low-level calls not used.
   --> /sb/0x75572098dc462f976127f59f8c97dfa291f81d8b.sol:231:9:
    |
231 |         burnAddress.call.value(msg.value)("");                                              // Burn ether
    |         ^^^^^^^^^^^^^^^^^^^^^^^^^^^^^^^^^^^^^


INFO:root:contract /sb/0x75572098dc462f976127f59f8c97dfa291f81d8b.sol:Vether3:
INFO:symExec:	============ Results ===========
Traceback (most recent call last):
  File "/oyente/oyente/oyente.py", line 232, in <module>
    main()
  File "/oyente/oyente/oyente.py", line 227, in main
    exit_code = analyze_solidity()
  File "/oyente/oyente/oyente.py", line 110, in analyze_solidity
    results, exit_code = run_solidity_analysis(inputs)
  File "/oyente/oyente/oyente.py", line 87, in run_solidity_analysis
    result, return_code = symExec.run(disasm_file=inp['disasm_file'], source_map=inp['source_map'], source_file=inp['source'])
  File "/oyente/oyente/symExec.py", line 2458, in run
    analyze()
  File "/oyente/oyente/symExec.py", line 2441, in analyze
    run_build_cfg_and_analyze(timeout_cb=timeout_cb)
  File "/oyente/oyente/symExec.py", line 2398, in run_build_cfg_and_analyze
    build_cfg_and_analyze()
  File "/oyente/oyente/symExec.py", line 225, in build_cfg_and_analyze
    collect_vertices(tokens)
  File "/oyente/oyente/symExec.py", line 341, in collect_vertices
    idx = mapping_non_push_instruction(current_line_content, current_ins_address, idx, positions, length) if g_src_map else None
  File "/oyente/oyente/symExec.py", line 281, in mapping_non_push_instruction
    raise RuntimeError(F"Source map error, unknown name({name}) or instr_name({instr_name})")
RuntimeError: Source map error, unknown name(SHR) or instr_name(INVALID)
