Compilation warnings/errors on /sb/0x6b7a87899490ece95443e979ca9485cbe7e71522.sol:
Warning: Contract code size is 26153 bytes and exceeds 24576 bytes (a limit introduced in Spurious Dragon). This contract may not be deployable on Mainnet. Consider enabling the optimizer (with a low "runs" value!), turning off revert strings, or using libraries.
   --> /sb/0x6b7a87899490ece95443e979ca9485cbe7e71522.sol:180:1:
    |
180 | contract AnyswapV4Router {
    | ^ (Relevant source part starts here and spans across multiple lines).


[93m
AnyswapV4Router._swap(uint256[],address[],address).i (../../sb/0x6b7a87899490ece95443e979ca9485cbe7e71522.sol#345) is a local variable never initialized
SushiswapV2Library.getAmountsOut(address,uint256,address[]).i (../../sb/0x6b7a87899490ece95443e979ca9485cbe7e71522.sol#104) is a local variable never initialized
Reference: https://github.com/crytic/slither/wiki/Detector-Documentation#uninitialized-local-variables[0m
[93m
AnyswapV4Router._anySwapOut(address,address,address,uint256,uint256) (../../sb/0x6b7a87899490ece95443e979ca9485cbe7e71522.sol#244-247) ignores return value by AnyswapV1ERC20(token).burn(from,amount) (../../sb/0x6b7a87899490ece95443e979ca9485cbe7e71522.sol#245)
AnyswapV4Router.anySwapOutUnderlying(address,address,uint256,uint256) (../../sb/0x6b7a87899490ece95443e979ca9485cbe7e71522.sol#255-259) ignores return value by AnyswapV1ERC20(token).depositVault(amount,msg.sender) (../../sb/0x6b7a87899490ece95443e979ca9485cbe7e71522.sol#257)
AnyswapV4Router.anySwapOutUnderlyingWithPermit(address,address,address,uint256,uint256,uint8,bytes32,bytes32,uint256) (../../sb/0x6b7a87899490ece95443e979ca9485cbe7e71522.sol#261-277) ignores return value by AnyswapV1ERC20(token).depositVault(amount,from) (../../sb/0x6b7a87899490ece95443e979ca9485cbe7e71522.sol#275)
AnyswapV4Router.anySwapOutUnderlyingWithTransferPermit(address,address,address,uint256,uint256,uint8,bytes32,bytes32,uint256) (../../sb/0x6b7a87899490ece95443e979ca9485cbe7e71522.sol#279-293) ignores return value by IERC20(AnyswapV1ERC20(token).underlying()).transferWithPermit(from,token,amount,deadline,v,r,s) (../../sb/0x6b7a87899490ece95443e979ca9485cbe7e71522.sol#290)
AnyswapV4Router.anySwapOutUnderlyingWithTransferPermit(address,address,address,uint256,uint256,uint8,bytes32,bytes32,uint256) (../../sb/0x6b7a87899490ece95443e979ca9485cbe7e71522.sol#279-293) ignores return value by AnyswapV1ERC20(token).depositVault(amount,from) (../../sb/0x6b7a87899490ece95443e979ca9485cbe7e71522.sol#291)
AnyswapV4Router._anySwapIn(bytes32,address,address,uint256,uint256) (../../sb/0x6b7a87899490ece95443e979ca9485cbe7e71522.sol#302-305) ignores return value by AnyswapV1ERC20(token).mint(to,amount) (../../sb/0x6b7a87899490ece95443e979ca9485cbe7e71522.sol#303)
AnyswapV4Router.anySwapInUnderlying(bytes32,address,address,uint256,uint256) (../../sb/0x6b7a87899490ece95443e979ca9485cbe7e71522.sol#314-317) ignores return value by AnyswapV1ERC20(token).withdrawVault(to,amount,to) (../../sb/0x6b7a87899490ece95443e979ca9485cbe7e71522.sol#316)
AnyswapV4Router.anySwapInAuto(bytes32,address,address,uint256,uint256) (../../sb/0x6b7a87899490ece95443e979ca9485cbe7e71522.sol#320-327) ignores return value by _anyToken.withdrawVault(to,amount,to) (../../sb/0x6b7a87899490ece95443e979ca9485cbe7e71522.sol#325)
AnyswapV4Router.anySwapFeeTo(address,uint256) (../../sb/0x6b7a87899490ece95443e979ca9485cbe7e71522.sol#330-334) ignores return value by AnyswapV1ERC20(token).mint(_mpc,amount) (../../sb/0x6b7a87899490ece95443e979ca9485cbe7e71522.sol#332)
AnyswapV4Router.anySwapFeeTo(address,uint256) (../../sb/0x6b7a87899490ece95443e979ca9485cbe7e71522.sol#330-334) ignores return value by AnyswapV1ERC20(token).withdrawVault(_mpc,amount,_mpc) (../../sb/0x6b7a87899490ece95443e979ca9485cbe7e71522.sol#333)
AnyswapV4Router.anySwapOutExactTokensForTokens(uint256,uint256,address[],address,uint256,uint256) (../../sb/0x6b7a87899490ece95443e979ca9485cbe7e71522.sol#358-368) ignores return value by AnyswapV1ERC20(path[0]).burn(msg.sender,amountIn) (../../sb/0x6b7a87899490ece95443e979ca9485cbe7e71522.sol#366)
AnyswapV4Router.anySwapOutExactTokensForTokensUnderlying(uint256,uint256,address[],address,uint256,uint256) (../../sb/0x6b7a87899490ece95443e979ca9485cbe7e71522.sol#371-383) ignores return value by AnyswapV1ERC20(path[0]).depositVault(amountIn,msg.sender) (../../sb/0x6b7a87899490ece95443e979ca9485cbe7e71522.sol#380)
AnyswapV4Router.anySwapOutExactTokensForTokensUnderlying(uint256,uint256,address[],address,uint256,uint256) (../../sb/0x6b7a87899490ece95443e979ca9485cbe7e71522.sol#371-383) ignores return value by AnyswapV1ERC20(path[0]).burn(msg.sender,amountIn) (../../sb/0x6b7a87899490ece95443e979ca9485cbe7e71522.sol#381)
AnyswapV4Router.anySwapOutExactTokensForTokensUnderlyingWithPermit(address,uint256,uint256,address[],address,uint256,uint8,bytes32,bytes32,uint256) (../../sb/0x6b7a87899490ece95443e979ca9485cbe7e71522.sol#386-413) ignores return value by AnyswapV1ERC20(path[0]).depositVault(amountIn,from) (../../sb/0x6b7a87899490ece95443e979ca9485cbe7e71522.sol#401)
AnyswapV4Router.anySwapOutExactTokensForTokensUnderlyingWithPermit(address,uint256,uint256,address[],address,uint256,uint8,bytes32,bytes32,uint256) (../../sb/0x6b7a87899490ece95443e979ca9485cbe7e71522.sol#386-413) ignores return value by AnyswapV1ERC20(path[0]).burn(from,amountIn) (../../sb/0x6b7a87899490ece95443e979ca9485cbe7e71522.sol#402)
AnyswapV4Router.anySwapOutExactTokensForTokensUnderlyingWithTransferPermit(address,uint256,uint256,address[],address,uint256,uint8,bytes32,bytes32,uint256) (../../sb/0x6b7a87899490ece95443e979ca9485cbe7e71522.sol#416-432) ignores return value by IERC20(AnyswapV1ERC20(path[0]).underlying()).transferWithPermit(from,path[0],amountIn,deadline,v,r,s) (../../sb/0x6b7a87899490ece95443e979ca9485cbe7e71522.sol#428)
AnyswapV4Router.anySwapOutExactTokensForTokensUnderlyingWithTransferPermit(address,uint256,uint256,address[],address,uint256,uint8,bytes32,bytes32,uint256) (../../sb/0x6b7a87899490ece95443e979ca9485cbe7e71522.sol#416-432) ignores return value by AnyswapV1ERC20(path[0]).depositVault(amountIn,from) (../../sb/0x6b7a87899490ece95443e979ca9485cbe7e71522.sol#429)
AnyswapV4Router.anySwapOutExactTokensForTokensUnderlyingWithTransferPermit(address,uint256,uint256,address[],address,uint256,uint8,bytes32,bytes32,uint256) (../../sb/0x6b7a87899490ece95443e979ca9485cbe7e71522.sol#416-432) ignores return value by AnyswapV1ERC20(path[0]).burn(from,amountIn) (../../sb/0x6b7a87899490ece95443e979ca9485cbe7e71522.sol#430)
AnyswapV4Router.anySwapOutExactTokensForNative(uint256,uint256,address[],address,uint256,uint256) (../../sb/0x6b7a87899490ece95443e979ca9485cbe7e71522.sol#452-462) ignores return value by AnyswapV1ERC20(path[0]).burn(msg.sender,amountIn) (../../sb/0x6b7a87899490ece95443e979ca9485cbe7e71522.sol#460)
AnyswapV4Router.anySwapOutExactTokensForNativeUnderlying(uint256,uint256,address[],address,uint256,uint256) (../../sb/0x6b7a87899490ece95443e979ca9485cbe7e71522.sol#465-477) ignores return value by AnyswapV1ERC20(path[0]).depositVault(amountIn,msg.sender) (../../sb/0x6b7a87899490ece95443e979ca9485cbe7e71522.sol#474)
AnyswapV4Router.anySwapOutExactTokensForNativeUnderlying(uint256,uint256,address[],address,uint256,uint256) (../../sb/0x6b7a87899490ece95443e979ca9485cbe7e71522.sol#465-477) ignores return value by AnyswapV1ERC20(path[0]).burn(msg.sender,amountIn) (../../sb/0x6b7a87899490ece95443e979ca9485cbe7e71522.sol#475)
AnyswapV4Router.anySwapOutExactTokensForNativeUnderlyingWithPermit(address,uint256,uint256,address[],address,uint256,uint8,bytes32,bytes32,uint256) (../../sb/0x6b7a87899490ece95443e979ca9485cbe7e71522.sol#480-507) ignores return value by AnyswapV1ERC20(path[0]).depositVault(amountIn,from) (../../sb/0x6b7a87899490ece95443e979ca9485cbe7e71522.sol#495)
AnyswapV4Router.anySwapOutExactTokensForNativeUnderlyingWithPermit(address,uint256,uint256,address[],address,uint256,uint8,bytes32,bytes32,uint256) (../../sb/0x6b7a87899490ece95443e979ca9485cbe7e71522.sol#480-507) ignores return value by AnyswapV1ERC20(path[0]).burn(from,amountIn) (../../sb/0x6b7a87899490ece95443e979ca9485cbe7e71522.sol#496)
AnyswapV4Router.anySwapOutExactTokensForNativeUnderlyingWithTransferPermit(address,uint256,uint256,address[],address,uint256,uint8,bytes32,bytes32,uint256) (../../sb/0x6b7a87899490ece95443e979ca9485cbe7e71522.sol#510-526) ignores return value by IERC20(AnyswapV1ERC20(path[0]).underlying()).transferWithPermit(from,path[0],amountIn,deadline,v,r,s) (../../sb/0x6b7a87899490ece95443e979ca9485cbe7e71522.sol#522)
AnyswapV4Router.anySwapOutExactTokensForNativeUnderlyingWithTransferPermit(address,uint256,uint256,address[],address,uint256,uint8,bytes32,bytes32,uint256) (../../sb/0x6b7a87899490ece95443e979ca9485cbe7e71522.sol#510-526) ignores return value by AnyswapV1ERC20(path[0]).depositVault(amountIn,from) (../../sb/0x6b7a87899490ece95443e979ca9485cbe7e71522.sol#523)
AnyswapV4Router.anySwapOutExactTokensForNativeUnderlyingWithTransferPermit(address,uint256,uint256,address[],address,uint256,uint8,bytes32,bytes32,uint256) (../../sb/0x6b7a87899490ece95443e979ca9485cbe7e71522.sol#510-526) ignores return value by AnyswapV1ERC20(path[0]).burn(from,amountIn) (../../sb/0x6b7a87899490ece95443e979ca9485cbe7e71522.sol#524)
Reference: https://github.com/crytic/slither/wiki/Detector-Documentation#unused-return[0m
[92m
AnyswapV4Router.constructor(address,address,address)._mpc (../../sb/0x6b7a87899490ece95443e979ca9485cbe7e71522.sol#191) lacks a zero-check on :
		- _newMPC = _mpc (../../sb/0x6b7a87899490ece95443e979ca9485cbe7e71522.sol#192)
AnyswapV4Router.constructor(address,address,address)._factory (../../sb/0x6b7a87899490ece95443e979ca9485cbe7e71522.sol#191) lacks a zero-check on :
		- factory = _factory (../../sb/0x6b7a87899490ece95443e979ca9485cbe7e71522.sol#194)
AnyswapV4Router.constructor(address,address,address)._wNATIVE (../../sb/0x6b7a87899490ece95443e979ca9485cbe7e71522.sol#191) lacks a zero-check on :
		- wNATIVE = _wNATIVE (../../sb/0x6b7a87899490ece95443e979ca9485cbe7e71522.sol#195)
Reference: https://github.com/crytic/slither/wiki/Detector-Documentation#missing-zero-address-validation[0m
[92m
AnyswapV4Router._anySwapOut(address,address,address,uint256,uint256) (../../sb/0x6b7a87899490ece95443e979ca9485cbe7e71522.sol#244-247) has external calls inside a loop: AnyswapV1ERC20(token).burn(from,amount) (../../sb/0x6b7a87899490ece95443e979ca9485cbe7e71522.sol#245)
AnyswapV4Router._anySwapIn(bytes32,address,address,uint256,uint256) (../../sb/0x6b7a87899490ece95443e979ca9485cbe7e71522.sol#302-305) has external calls inside a loop: AnyswapV1ERC20(token).mint(to,amount) (../../sb/0x6b7a87899490ece95443e979ca9485cbe7e71522.sol#303)
Reference: https://github.com/crytic/slither/wiki/Detector-Documentation/#calls-inside-a-loop[0m
[92m
Reentrancy in AnyswapV4Router._anySwapIn(bytes32,address,address,uint256,uint256) (../../sb/0x6b7a87899490ece95443e979ca9485cbe7e71522.sol#302-305):
	External calls:
	- AnyswapV1ERC20(token).mint(to,amount) (../../sb/0x6b7a87899490ece95443e979ca9485cbe7e71522.sol#303)
	Event emitted after the call(s):
	- LogAnySwapIn(txs,token,to,amount,fromChainID,cID()) (../../sb/0x6b7a87899490ece95443e979ca9485cbe7e71522.sol#304)
Reentrancy in AnyswapV4Router._anySwapOut(address,address,address,uint256,uint256) (../../sb/0x6b7a87899490ece95443e979ca9485cbe7e71522.sol#244-247):
	External calls:
	- AnyswapV1ERC20(token).burn(from,amount) (../../sb/0x6b7a87899490ece95443e979ca9485cbe7e71522.sol#245)
	Event emitted after the call(s):
	- LogAnySwapOut(token,from,to,amount,cID(),toChainID) (../../sb/0x6b7a87899490ece95443e979ca9485cbe7e71522.sol#246)
Reentrancy in AnyswapV4Router.anySwapOutExactTokensForNative(uint256,uint256,address[],address,uint256,uint256) (../../sb/0x6b7a87899490ece95443e979ca9485cbe7e71522.sol#452-462):
	External calls:
	- AnyswapV1ERC20(path[0]).burn(msg.sender,amountIn) (../../sb/0x6b7a87899490ece95443e979ca9485cbe7e71522.sol#460)
	Event emitted after the call(s):
	- LogAnySwapTradeTokensForNative(path,msg.sender,to,amountIn,amountOutMin,cID(),toChainID) (../../sb/0x6b7a87899490ece95443e979ca9485cbe7e71522.sol#461)
Reentrancy in AnyswapV4Router.anySwapOutExactTokensForNativeUnderlying(uint256,uint256,address[],address,uint256,uint256) (../../sb/0x6b7a87899490ece95443e979ca9485cbe7e71522.sol#465-477):
	External calls:
	- TransferHelper.safeTransferFrom(AnyswapV1ERC20(path[0]).underlying(),msg.sender,path[0],amountIn) (../../sb/0x6b7a87899490ece95443e979ca9485cbe7e71522.sol#473)
	- AnyswapV1ERC20(path[0]).depositVault(amountIn,msg.sender) (../../sb/0x6b7a87899490ece95443e979ca9485cbe7e71522.sol#474)
	- AnyswapV1ERC20(path[0]).burn(msg.sender,amountIn) (../../sb/0x6b7a87899490ece95443e979ca9485cbe7e71522.sol#475)
	Event emitted after the call(s):
	- LogAnySwapTradeTokensForNative(path,msg.sender,to,amountIn,amountOutMin,cID(),toChainID) (../../sb/0x6b7a87899490ece95443e979ca9485cbe7e71522.sol#476)
Reentrancy in AnyswapV4Router.anySwapOutExactTokensForNativeUnderlyingWithPermit(address,uint256,uint256,address[],address,uint256,uint8,bytes32,bytes32,uint256) (../../sb/0x6b7a87899490ece95443e979ca9485cbe7e71522.sol#480-507):
	External calls:
	- IERC20(_underlying).permit(from,address(this),amountIn,deadline,v,r,s) (../../sb/0x6b7a87899490ece95443e979ca9485cbe7e71522.sol#493)
	- TransferHelper.safeTransferFrom(_underlying,from,path[0],amountIn) (../../sb/0x6b7a87899490ece95443e979ca9485cbe7e71522.sol#494)
	- AnyswapV1ERC20(path[0]).depositVault(amountIn,from) (../../sb/0x6b7a87899490ece95443e979ca9485cbe7e71522.sol#495)
	- AnyswapV1ERC20(path[0]).burn(from,amountIn) (../../sb/0x6b7a87899490ece95443e979ca9485cbe7e71522.sol#496)
	Event emitted after the call(s):
	- LogAnySwapTradeTokensForNative(_path,_from,_to,_amountIn,_amountOutMin,_cID,_toChainID) (../../sb/0x6b7a87899490ece95443e979ca9485cbe7e71522.sol#505)
Reentrancy in AnyswapV4Router.anySwapOutExactTokensForNativeUnderlyingWithTransferPermit(address,uint256,uint256,address[],address,uint256,uint8,bytes32,bytes32,uint256) (../../sb/0x6b7a87899490ece95443e979ca9485cbe7e71522.sol#510-526):
	External calls:
	- IERC20(AnyswapV1ERC20(path[0]).underlying()).transferWithPermit(from,path[0],amountIn,deadline,v,r,s) (../../sb/0x6b7a87899490ece95443e979ca9485cbe7e71522.sol#522)
	- AnyswapV1ERC20(path[0]).depositVault(amountIn,from) (../../sb/0x6b7a87899490ece95443e979ca9485cbe7e71522.sol#523)
	- AnyswapV1ERC20(path[0]).burn(from,amountIn) (../../sb/0x6b7a87899490ece95443e979ca9485cbe7e71522.sol#524)
	Event emitted after the call(s):
	- LogAnySwapTradeTokensForNative(path,from,to,amountIn,amountOutMin,cID(),toChainID) (../../sb/0x6b7a87899490ece95443e979ca9485cbe7e71522.sol#525)
Reentrancy in AnyswapV4Router.anySwapOutExactTokensForTokens(uint256,uint256,address[],address,uint256,uint256) (../../sb/0x6b7a87899490ece95443e979ca9485cbe7e71522.sol#358-368):
	External calls:
	- AnyswapV1ERC20(path[0]).burn(msg.sender,amountIn) (../../sb/0x6b7a87899490ece95443e979ca9485cbe7e71522.sol#366)
	Event emitted after the call(s):
	- LogAnySwapTradeTokensForTokens(path,msg.sender,to,amountIn,amountOutMin,cID(),toChainID) (../../sb/0x6b7a87899490ece95443e979ca9485cbe7e71522.sol#367)
Reentrancy in AnyswapV4Router.anySwapOutExactTokensForTokensUnderlying(uint256,uint256,address[],address,uint256,uint256) (../../sb/0x6b7a87899490ece95443e979ca9485cbe7e71522.sol#371-383):
	External calls:
	- TransferHelper.safeTransferFrom(AnyswapV1ERC20(path[0]).underlying(),msg.sender,path[0],amountIn) (../../sb/0x6b7a87899490ece95443e979ca9485cbe7e71522.sol#379)
	- AnyswapV1ERC20(path[0]).depositVault(amountIn,msg.sender) (../../sb/0x6b7a87899490ece95443e979ca9485cbe7e71522.sol#380)
	- AnyswapV1ERC20(path[0]).burn(msg.sender,amountIn) (../../sb/0x6b7a87899490ece95443e979ca9485cbe7e71522.sol#381)
	Event emitted after the call(s):
	- LogAnySwapTradeTokensForTokens(path,msg.sender,to,amountIn,amountOutMin,cID(),toChainID) (../../sb/0x6b7a87899490ece95443e979ca9485cbe7e71522.sol#382)
Reentrancy in AnyswapV4Router.anySwapOutExactTokensForTokensUnderlyingWithPermit(address,uint256,uint256,address[],address,uint256,uint8,bytes32,bytes32,uint256) (../../sb/0x6b7a87899490ece95443e979ca9485cbe7e71522.sol#386-413):
	External calls:
	- IERC20(_underlying).permit(from,address(this),amountIn,deadline,v,r,s) (../../sb/0x6b7a87899490ece95443e979ca9485cbe7e71522.sol#399)
	- TransferHelper.safeTransferFrom(_underlying,from,path[0],amountIn) (../../sb/0x6b7a87899490ece95443e979ca9485cbe7e71522.sol#400)
	- AnyswapV1ERC20(path[0]).depositVault(amountIn,from) (../../sb/0x6b7a87899490ece95443e979ca9485cbe7e71522.sol#401)
	- AnyswapV1ERC20(path[0]).burn(from,amountIn) (../../sb/0x6b7a87899490ece95443e979ca9485cbe7e71522.sol#402)
	Event emitted after the call(s):
	- LogAnySwapTradeTokensForTokens(_path,_from,_to,_amountIn,_amountOutMin,_cID,_toChainID) (../../sb/0x6b7a87899490ece95443e979ca9485cbe7e71522.sol#411)
Reentrancy in AnyswapV4Router.anySwapOutExactTokensForTokensUnderlyingWithTransferPermit(address,uint256,uint256,address[],address,uint256,uint8,bytes32,bytes32,uint256) (../../sb/0x6b7a87899490ece95443e979ca9485cbe7e71522.sol#416-432):
	External calls:
	- IERC20(AnyswapV1ERC20(path[0]).underlying()).transferWithPermit(from,path[0],amountIn,deadline,v,r,s) (../../sb/0x6b7a87899490ece95443e979ca9485cbe7e71522.sol#428)
	- AnyswapV1ERC20(path[0]).depositVault(amountIn,from) (../../sb/0x6b7a87899490ece95443e979ca9485cbe7e71522.sol#429)
	- AnyswapV1ERC20(path[0]).burn(from,amountIn) (../../sb/0x6b7a87899490ece95443e979ca9485cbe7e71522.sol#430)
	Event emitted after the call(s):
	- LogAnySwapTradeTokensForTokens(path,from,to,amountIn,amountOutMin,cID(),toChainID) (../../sb/0x6b7a87899490ece95443e979ca9485cbe7e71522.sol#431)
Reentrancy in AnyswapV4Router.anySwapOutUnderlying(address,address,uint256,uint256) (../../sb/0x6b7a87899490ece95443e979ca9485cbe7e71522.sol#255-259):
	External calls:
	- TransferHelper.safeTransferFrom(AnyswapV1ERC20(token).underlying(),msg.sender,token,amount) (../../sb/0x6b7a87899490ece95443e979ca9485cbe7e71522.sol#256)
	- AnyswapV1ERC20(token).depositVault(amount,msg.sender) (../../sb/0x6b7a87899490ece95443e979ca9485cbe7e71522.sol#257)
	- _anySwapOut(msg.sender,token,to,amount,toChainID) (../../sb/0x6b7a87899490ece95443e979ca9485cbe7e71522.sol#258)
		- AnyswapV1ERC20(token).burn(from,amount) (../../sb/0x6b7a87899490ece95443e979ca9485cbe7e71522.sol#245)
	Event emitted after the call(s):
	- LogAnySwapOut(token,from,to,amount,cID(),toChainID) (../../sb/0x6b7a87899490ece95443e979ca9485cbe7e71522.sol#246)
		- _anySwapOut(msg.sender,token,to,amount,toChainID) (../../sb/0x6b7a87899490ece95443e979ca9485cbe7e71522.sol#258)
Reentrancy in AnyswapV4Router.anySwapOutUnderlyingWithPermit(address,address,address,uint256,uint256,uint8,bytes32,bytes32,uint256) (../../sb/0x6b7a87899490ece95443e979ca9485cbe7e71522.sol#261-277):
	External calls:
	- IERC20(_underlying).permit(from,address(this),amount,deadline,v,r,s) (../../sb/0x6b7a87899490ece95443e979ca9485cbe7e71522.sol#273)
	- TransferHelper.safeTransferFrom(_underlying,from,token,amount) (../../sb/0x6b7a87899490ece95443e979ca9485cbe7e71522.sol#274)
	- AnyswapV1ERC20(token).depositVault(amount,from) (../../sb/0x6b7a87899490ece95443e979ca9485cbe7e71522.sol#275)
	- _anySwapOut(from,token,to,amount,toChainID) (../../sb/0x6b7a87899490ece95443e979ca9485cbe7e71522.sol#276)
		- AnyswapV1ERC20(token).burn(from,amount) (../../sb/0x6b7a87899490ece95443e979ca9485cbe7e71522.sol#245)
	Event emitted after the call(s):
	- LogAnySwapOut(token,from,to,amount,cID(),toChainID) (../../sb/0x6b7a87899490ece95443e979ca9485cbe7e71522.sol#246)
		- _anySwapOut(from,token,to,amount,toChainID) (../../sb/0x6b7a87899490ece95443e979ca9485cbe7e71522.sol#276)
Reentrancy in AnyswapV4Router.anySwapOutUnderlyingWithTransferPermit(address,address,address,uint256,uint256,uint8,bytes32,bytes32,uint256) (../../sb/0x6b7a87899490ece95443e979ca9485cbe7e71522.sol#279-293):
	External calls:
	- IERC20(AnyswapV1ERC20(token).underlying()).transferWithPermit(from,token,amount,deadline,v,r,s) (../../sb/0x6b7a87899490ece95443e979ca9485cbe7e71522.sol#290)
	- AnyswapV1ERC20(token).depositVault(amount,from) (../../sb/0x6b7a87899490ece95443e979ca9485cbe7e71522.sol#291)
	- _anySwapOut(from,token,to,amount,toChainID) (../../sb/0x6b7a87899490ece95443e979ca9485cbe7e71522.sol#292)
		- AnyswapV1ERC20(token).burn(from,amount) (../../sb/0x6b7a87899490ece95443e979ca9485cbe7e71522.sol#245)
	Event emitted after the call(s):
	- LogAnySwapOut(token,from,to,amount,cID(),toChainID) (../../sb/0x6b7a87899490ece95443e979ca9485cbe7e71522.sol#246)
		- _anySwapOut(from,token,to,amount,toChainID) (../../sb/0x6b7a87899490ece95443e979ca9485cbe7e71522.sol#292)
Reference: https://github.com/crytic/slither/wiki/Detector-Documentation#reentrancy-vulnerabilities-3[0m
[92m
AnyswapV4Router.mpc() (../../sb/0x6b7a87899490ece95443e979ca9485cbe7e71522.sol#219-224) uses timestamp for comparisons
	Dangerous comparisons:
	- block.timestamp >= _newMPCEffectiveTime (../../sb/0x6b7a87899490ece95443e979ca9485cbe7e71522.sol#220)
Reference: https://github.com/crytic/slither/wiki/Detector-Documentation#block-timestamp[0m
[92m
AnyswapV4Router.cID() (../../sb/0x6b7a87899490ece95443e979ca9485cbe7e71522.sol#226-228) uses assembly
	- INLINE ASM (../../sb/0x6b7a87899490ece95443e979ca9485cbe7e71522.sol#227)
Reference: https://github.com/crytic/slither/wiki/Detector-Documentation#assembly-usage[0m
[92m
TransferHelper.safeApprove(address,address,uint256) (../../sb/0x6b7a87899490ece95443e979ca9485cbe7e71522.sol#124-128) is never used and should be removed
TransferHelper.safeTransfer(address,address,uint256) (../../sb/0x6b7a87899490ece95443e979ca9485cbe7e71522.sol#130-134) is never used and should be removed
Reference: https://github.com/crytic/slither/wiki/Detector-Documentation#dead-code[0m
[92m
Pragma version^0.8.1 (../../sb/0x6b7a87899490ece95443e979ca9485cbe7e71522.sol#19) allows old versions
solc-0.8.19 is not recommended for deployment
Reference: https://github.com/crytic/slither/wiki/Detector-Documentation#incorrect-versions-of-solidity[0m
[92m
Low level call in TransferHelper.safeApprove(address,address,uint256) (../../sb/0x6b7a87899490ece95443e979ca9485cbe7e71522.sol#124-128):
	- (success,data) = token.call(abi.encodeWithSelector(0x095ea7b3,to,value)) (../../sb/0x6b7a87899490ece95443e979ca9485cbe7e71522.sol#126)
Low level call in TransferHelper.safeTransfer(address,address,uint256) (../../sb/0x6b7a87899490ece95443e979ca9485cbe7e71522.sol#130-134):
	- (success,data) = token.call(abi.encodeWithSelector(0xa9059cbb,to,value)) (../../sb/0x6b7a87899490ece95443e979ca9485cbe7e71522.sol#132)
Low level call in TransferHelper.safeTransferFrom(address,address,address,uint256) (../../sb/0x6b7a87899490ece95443e979ca9485cbe7e71522.sol#136-140):
	- (success,data) = token.call(abi.encodeWithSelector(0x23b872dd,from,to,value)) (../../sb/0x6b7a87899490ece95443e979ca9485cbe7e71522.sol#138)
Low level call in TransferHelper.safeTransferNative(address,uint256) (../../sb/0x6b7a87899490ece95443e979ca9485cbe7e71522.sol#142-145):
	- (success) = to.call{value: value}(new bytes(0)) (../../sb/0x6b7a87899490ece95443e979ca9485cbe7e71522.sol#143)
Reference: https://github.com/crytic/slither/wiki/Detector-Documentation#low-level-calls[0m
[92m
changeMPC(address) should be declared external:
	- AnyswapV4Router.changeMPC(address) (../../sb/0x6b7a87899490ece95443e979ca9485cbe7e71522.sol#230-237)
changeVault(address,address) should be declared external:
	- AnyswapV4Router.changeVault(address,address) (../../sb/0x6b7a87899490ece95443e979ca9485cbe7e71522.sol#239-242)
quote(uint256,uint256,uint256) should be declared external:
	- AnyswapV4Router.quote(uint256,uint256,uint256) (../../sb/0x6b7a87899490ece95443e979ca9485cbe7e71522.sol#549-551)
getAmountOut(uint256,uint256,uint256) should be declared external:
	- AnyswapV4Router.getAmountOut(uint256,uint256,uint256) (../../sb/0x6b7a87899490ece95443e979ca9485cbe7e71522.sol#553-560)
getAmountIn(uint256,uint256,uint256) should be declared external:
	- AnyswapV4Router.getAmountIn(uint256,uint256,uint256) (../../sb/0x6b7a87899490ece95443e979ca9485cbe7e71522.sol#562-569)
getAmountsOut(uint256,address[]) should be declared external:
	- AnyswapV4Router.getAmountsOut(uint256,address[]) (../../sb/0x6b7a87899490ece95443e979ca9485cbe7e71522.sol#571-578)
getAmountsIn(uint256,address[]) should be declared external:
	- AnyswapV4Router.getAmountsIn(uint256,address[]) (../../sb/0x6b7a87899490ece95443e979ca9485cbe7e71522.sol#580-587)
Reference: https://github.com/crytic/slither/wiki/Detector-Documentation#public-function-that-could-be-declared-external[0m
/sb/0x6b7a87899490ece95443e979ca9485cbe7e71522.sol analyzed (8 contracts with 78 detectors), 63 result(s) found
