WARNING:root:You are using solc version 0.5.17, The latest supported version is 0.4.19
incomplete push instruction at 20669
INFO:root:contract /sb/0x0e6ffd4daeca13a8158146516f847d2f44ad4a30.sol:Address:
INFO:symExec:	============ Results ===========
Traceback (most recent call last):
  File "/oyente/oyente/oyente.py", line 232, in <module>
    main()
  File "/oyente/oyente/oyente.py", line 227, in main
    exit_code = analyze_solidity()
  File "/oyente/oyente/oyente.py", line 110, in analyze_solidity
    results, exit_code = run_solidity_analysis(inputs)
  File "/oyente/oyente/oyente.py", line 87, in run_solidity_analysis
    result, return_code = symExec.run(disasm_file=inp['disasm_file'], source_map=inp['source_map'], source_file=inp['source'])
  File "/oyente/oyente/symExec.py", line 2458, in run
    analyze()
  File "/oyente/oyente/symExec.py", line 2441, in analyze
    run_build_cfg_and_analyze(timeout_cb=timeout_cb)
  File "/oyente/oyente/symExec.py", line 2398, in run_build_cfg_and_analyze
    build_cfg_and_analyze()
  File "/oyente/oyente/symExec.py", line 228, in build_cfg_and_analyze
    full_sym_exec()  # jump targets are constructed on the fly
  File "/oyente/oyente/symExec.py", line 547, in full_sym_exec
    return sym_exec_block(params, 0, 0, 0, -1, 'fallback')
  File "/oyente/oyente/symExec.py", line 612, in sym_exec_block
    sym_exec_ins(params, block, instr, func_call, current_func_name)
  File "/oyente/oyente/symExec.py", line 1858, in sym_exec_ins
    stack.pop(0)
IndexError: pop from empty list
