
====================================================================================================
[1m[ ] Compiling Solidity contract from the file /sb/0x67db14e73c2dce786b5bbbfa4d010deab4bbfcf9.sol ... [0m[92m Done [0m
[1m[ ] Connecting to PRIVATE blockchain emptychain  [0m....[92m ESTABLISHED [0m
[1m[ ] Deploying contract [0m[92m confirmed at address: 0x9E536236ABF2288a7864C6A1AfaA4Cb98D464306 [0m
[1m[ ] Contract code length on the blockchain : [0m [92m  207  : 0x6080604052348015600f57600080... [0m
[1m[ ] Contract address saved in file: [0m[92m./out/CDelegationStorage.address [0m
[94m[ ] Check if contract is SUICIDAL[0m

[ ] Contract address   : 0x9E536236ABF2288a7864C6A1AfaA4Cb98D464306
[ ] Contract bytecode  : 6080604052348015600f57600080fd5b506004361060285760...
[ ] Bytecode length    : 414
[ ] Blockchain contract: True
[ ] Debug              : False

[92m[-] The code does not contain SUICIDE instructions, hence it is not vulnerable[0m

====================================================================================================
[1m[ ] Compiling Solidity contract from the file /sb/0x67db14e73c2dce786b5bbbfa4d010deab4bbfcf9.sol ... [0m[92m Done [0m
[1m[ ] Connecting to PRIVATE blockchain emptychain  [0m....[92m ESTABLISHED [0m
[1m[ ] Sending Ether to contract 0x9E536236ABF2288a7864C6A1AfaA4Cb98D464306  [0m..... tx[0] mined [92m Sent! [0m
[1m[ ] Deploying contract [0m[92m confirmed at address: 0x9E536236ABF2288a7864C6A1AfaA4Cb98D464306 [0m
[1m[ ] Contract code length on the blockchain : [0m [92m  207  : 0x6080604052348015600f57600080... [0m
[1m[ ] Contract address saved in file: [0m[92m./out/CDelegationStorage.address [0m
[1m[ ] The contract balance: 44  [0m[92m Positive balance[0m
[94m[ ] Check if contract is PRODIGAL[0m

[ ] Contract address   : 0x9E536236ABF2288a7864C6A1AfaA4Cb98D464306
[ ] Contract bytecode  : 6080604052348015600f57600080fd5b506004361060285760...
[ ] Bytecode length    : 414
[ ] Blockchain contract: True
[ ] Debug              : False
[92m[+] The code does not have CALL/SUICIDE, hence it is not prodigal[0m

====================================================================================================
[1m[ ] Compiling Solidity contract from the file /sb/0x67db14e73c2dce786b5bbbfa4d010deab4bbfcf9.sol ... [0m[92m Done [0m
[1m[ ] Connecting to PRIVATE blockchain emptychain  [0m......[92m ESTABLISHED [0m
[1m[ ] Deploying contract [0m[92m confirmed at address: 0x9E536236ABF2288a7864C6A1AfaA4Cb98D464306 [0m
[1m[ ] Contract code length on the blockchain : [0m [92m  207  : 0x6080604052348015600f57600080... [0m
[1m[ ] Contract address saved in file: [0m[92m./out/CDelegationStorage.address [0m
[94m[ ] Check if contract is GREEDY[0m

[ ] Contract address   : 0x9E536236ABF2288a7864C6A1AfaA4Cb98D464306
[ ] Contract bytecode  : 6080604052348015600f57600080fd5b506004361060285760...
[ ] Bytecode length    : 414
[ ] Debug              : False
[91m[-][0m [1mContract can receive Ether[0m

[92m[-] No lock vulnerability found because the contract cannot receive Ether [0m

====================================================================================================
[1m[ ] Compiling Solidity contract from the file /sb/0x67db14e73c2dce786b5bbbfa4d010deab4bbfcf9.sol ... [0m[92m Done [0m
[1m[ ] Connecting to PRIVATE blockchain emptychain  [0m.....[92m ESTABLISHED [0m
[1m[ ] Deploying contract [0m[92m confirmed at address: 0x9E536236ABF2288a7864C6A1AfaA4Cb98D464306 [0m
[1m[ ] Contract code length on the blockchain : [0m [92m  0  : 0x... [0m
[1m[ ] Contract address saved in file: [0m[92m./out/CErc20.address [0m
[94m[ ] Check if contract is SUICIDAL[0m

[ ] Contract address   : 0x9E536236ABF2288a7864C6A1AfaA4Cb98D464306
[ ] Contract bytecode  : ...
[ ] Bytecode length    : 0
[ ] Blockchain contract: True
[ ] Debug              : False

[92m[-] The code does not contain SUICIDE instructions, hence it is not vulnerable[0m

====================================================================================================
[1m[ ] Compiling Solidity contract from the file /sb/0x67db14e73c2dce786b5bbbfa4d010deab4bbfcf9.sol ... [0m[92m Done [0m
[1m[ ] Connecting to PRIVATE blockchain emptychain  [0m....[92m ESTABLISHED [0m
[1m[ ] Sending Ether to contract 0x9E536236ABF2288a7864C6A1AfaA4Cb98D464306  [0m....... tx[0] mined [92m Sent! [0m
[1m[ ] Deploying contract [0m[92m confirmed at address: 0x9E536236ABF2288a7864C6A1AfaA4Cb98D464306 [0m
[1m[ ] Contract code length on the blockchain : [0m [92m  0  : 0x... [0m
[1m[ ] Contract address saved in file: [0m[92m./out/CErc20.address [0m
[1m[ ] The contract balance: 44  [0m[92m Positive balance[0m
[94m[ ] Check if contract is PRODIGAL[0m

[ ] Contract address   : 0x9E536236ABF2288a7864C6A1AfaA4Cb98D464306
[ ] Contract bytecode  : ...
[ ] Bytecode length    : 0
[ ] Blockchain contract: True
[ ] Debug              : False
[92m[+] The code does not have CALL/SUICIDE, hence it is not prodigal[0m

====================================================================================================
[1m[ ] Compiling Solidity contract from the file /sb/0x67db14e73c2dce786b5bbbfa4d010deab4bbfcf9.sol ... [0m[92m Done [0m
[1m[ ] Connecting to PRIVATE blockchain emptychain  [0m.....[92m ESTABLISHED [0m
[1m[ ] Deploying contract [0m[92m confirmed at address: 0x9E536236ABF2288a7864C6A1AfaA4Cb98D464306 [0m
[1m[ ] Contract code length on the blockchain : [0m [92m  0  : 0x... [0m
[1m[ ] Contract address saved in file: [0m[92m./out/CErc20.address [0m
[94m[ ] Check if contract is GREEDY[0m

[ ] Contract address   : 0x9E536236ABF2288a7864C6A1AfaA4Cb98D464306
[ ] Contract bytecode  : ...
[ ] Bytecode length    : 0
[ ] Debug              : False
[91m[-][0m [1mContract can receive Ether[0m

[92m[-] No lock vulnerability found because the contract cannot receive Ether [0m

====================================================================================================
[1m[ ] Compiling Solidity contract from the file /sb/0x67db14e73c2dce786b5bbbfa4d010deab4bbfcf9.sol ... [0m[92m Done [0m
[1m[ ] Connecting to PRIVATE blockchain emptychain  [0m....[92m ESTABLISHED [0m
[1m[ ] Deploying contract [0m[92m confirmed at address: 0x9E536236ABF2288a7864C6A1AfaA4Cb98D464306 [0m
[1m[ ] Contract code length on the blockchain : [0m [92m  0  : 0x... [0m
[1m[ ] Contract address saved in file: [0m[92m./out/CErc20Delegate.address [0m
[94m[ ] Check if contract is SUICIDAL[0m

[ ] Contract address   : 0x9E536236ABF2288a7864C6A1AfaA4Cb98D464306
[ ] Contract bytecode  : ...
[ ] Bytecode length    : 0
[ ] Blockchain contract: True
[ ] Debug              : False

[92m[-] The code does not contain SUICIDE instructions, hence it is not vulnerable[0m

====================================================================================================
[1m[ ] Compiling Solidity contract from the file /sb/0x67db14e73c2dce786b5bbbfa4d010deab4bbfcf9.sol ... [0m[92m Done [0m
[1m[ ] Connecting to PRIVATE blockchain emptychain  [0m....[92m ESTABLISHED [0m
[1m[ ] Sending Ether to contract 0x9E536236ABF2288a7864C6A1AfaA4Cb98D464306  [0m... tx[0] mined [92m Sent! [0m
[1m[ ] Deploying contract [0m[92m confirmed at address: 0x9E536236ABF2288a7864C6A1AfaA4Cb98D464306 [0m
[1m[ ] Contract code length on the blockchain : [0m [92m  0  : 0x... [0m
[1m[ ] Contract address saved in file: [0m[92m./out/CErc20Delegate.address [0m
[1m[ ] The contract balance: 44  [0m[92m Positive balance[0m
[94m[ ] Check if contract is PRODIGAL[0m

[ ] Contract address   : 0x9E536236ABF2288a7864C6A1AfaA4Cb98D464306
[ ] Contract bytecode  : ...
[ ] Bytecode length    : 0
[ ] Blockchain contract: True
[ ] Debug              : False
[92m[+] The code does not have CALL/SUICIDE, hence it is not prodigal[0m

====================================================================================================
[1m[ ] Compiling Solidity contract from the file /sb/0x67db14e73c2dce786b5bbbfa4d010deab4bbfcf9.sol ... [0m[92m Done [0m
[1m[ ] Connecting to PRIVATE blockchain emptychain  [0m....[92m ESTABLISHED [0m
[1m[ ] Deploying contract [0m[92m confirmed at address: 0x9E536236ABF2288a7864C6A1AfaA4Cb98D464306 [0m
[1m[ ] Contract code length on the blockchain : [0m [92m  0  : 0x... [0m
[1m[ ] Contract address saved in file: [0m[92m./out/CErc20Delegate.address [0m
[94m[ ] Check if contract is GREEDY[0m

[ ] Contract address   : 0x9E536236ABF2288a7864C6A1AfaA4Cb98D464306
[ ] Contract bytecode  : ...
[ ] Bytecode length    : 0
[ ] Debug              : False
[91m[-][0m [1mContract can receive Ether[0m

[92m[-] No lock vulnerability found because the contract cannot receive Ether [0m

====================================================================================================
[1m[ ] Compiling Solidity contract from the file /sb/0x67db14e73c2dce786b5bbbfa4d010deab4bbfcf9.sol ... [0m[92m Done [0m
[1m[ ] Connecting to PRIVATE blockchain emptychain  [0m....[92m ESTABLISHED [0m
[1m[ ] Deploying contract [0m[92m confirmed at address: 0x9E536236ABF2288a7864C6A1AfaA4Cb98D464306 [0m
[1m[ ] Contract code length on the blockchain : [0m [92m  207  : 0x6080604052348015600f57600080... [0m
[1m[ ] Contract address saved in file: [0m[92m./out/CErc20Storage.address [0m
[94m[ ] Check if contract is SUICIDAL[0m

[ ] Contract address   : 0x9E536236ABF2288a7864C6A1AfaA4Cb98D464306
[ ] Contract bytecode  : 6080604052348015600f57600080fd5b506004361060285760...
[ ] Bytecode length    : 414
[ ] Blockchain contract: True
[ ] Debug              : False

[92m[-] The code does not contain SUICIDE instructions, hence it is not vulnerable[0m

====================================================================================================
[1m[ ] Compiling Solidity contract from the file /sb/0x67db14e73c2dce786b5bbbfa4d010deab4bbfcf9.sol ... [0m[92m Done [0m
[1m[ ] Connecting to PRIVATE blockchain emptychain  [0m....[92m ESTABLISHED [0m
[1m[ ] Sending Ether to contract 0x9E536236ABF2288a7864C6A1AfaA4Cb98D464306  [0m....... tx[0] mined [92m Sent! [0m
[1m[ ] Deploying contract [0m[92m confirmed at address: 0x9E536236ABF2288a7864C6A1AfaA4Cb98D464306 [0m
[1m[ ] Contract code length on the blockchain : [0m [92m  207  : 0x6080604052348015600f57600080... [0m
[1m[ ] Contract address saved in file: [0m[92m./out/CErc20Storage.address [0m
[1m[ ] The contract balance: 44  [0m[92m Positive balance[0m
[94m[ ] Check if contract is PRODIGAL[0m

[ ] Contract address   : 0x9E536236ABF2288a7864C6A1AfaA4Cb98D464306
[ ] Contract bytecode  : 6080604052348015600f57600080fd5b506004361060285760...
[ ] Bytecode length    : 414
[ ] Blockchain contract: True
[ ] Debug              : False
[92m[+] The code does not have CALL/SUICIDE, hence it is not prodigal[0m

====================================================================================================
[1m[ ] Compiling Solidity contract from the file /sb/0x67db14e73c2dce786b5bbbfa4d010deab4bbfcf9.sol ... [0m[92m Done [0m
[1m[ ] Connecting to PRIVATE blockchain emptychain  [0m....[92m ESTABLISHED [0m
[1m[ ] Deploying contract [0m[92m confirmed at address: 0x9E536236ABF2288a7864C6A1AfaA4Cb98D464306 [0m
[1m[ ] Contract code length on the blockchain : [0m [92m  207  : 0x6080604052348015600f57600080... [0m
[1m[ ] Contract address saved in file: [0m[92m./out/CErc20Storage.address [0m
[94m[ ] Check if contract is GREEDY[0m

[ ] Contract address   : 0x9E536236ABF2288a7864C6A1AfaA4Cb98D464306
[ ] Contract bytecode  : 6080604052348015600f57600080fd5b506004361060285760...
[ ] Bytecode length    : 414
[ ] Debug              : False
[91m[-][0m [1mContract can receive Ether[0m

[92m[-] No lock vulnerability found because the contract cannot receive Ether [0m

====================================================================================================
[1m[ ] Compiling Solidity contract from the file /sb/0x67db14e73c2dce786b5bbbfa4d010deab4bbfcf9.sol ... [0m[92m Done [0m
[1m[ ] Connecting to PRIVATE blockchain emptychain  [0m....[92m ESTABLISHED [0m
[1m[ ] Deploying contract [0m[92m confirmed at address: 0x9E536236ABF2288a7864C6A1AfaA4Cb98D464306 [0m
[1m[ ] Contract code length on the blockchain : [0m [92m  254  : 0x6080604052348015600f57600080... [0m
[1m[ ] Contract address saved in file: [0m[92m./out/CEtherInterface.address [0m
[94m[ ] Check if contract is SUICIDAL[0m

[ ] Contract address   : 0x9E536236ABF2288a7864C6A1AfaA4Cb98D464306
[ ] Contract bytecode  : 6080604052348015600f57600080fd5b506004361060325760...
[ ] Bytecode length    : 508
[ ] Blockchain contract: True
[ ] Debug              : False

[92m[-] The code does not contain SUICIDE instructions, hence it is not vulnerable[0m

====================================================================================================
[1m[ ] Compiling Solidity contract from the file /sb/0x67db14e73c2dce786b5bbbfa4d010deab4bbfcf9.sol ... [0m[92m Done [0m
[1m[ ] Connecting to PRIVATE blockchain emptychain  [0m....[92m ESTABLISHED [0m
[1m[ ] Sending Ether to contract 0x9E536236ABF2288a7864C6A1AfaA4Cb98D464306  [0m..... tx[0] mined [92m Sent! [0m
[1m[ ] Deploying contract [0m[92m confirmed at address: 0x9E536236ABF2288a7864C6A1AfaA4Cb98D464306 [0m
[1m[ ] Contract code length on the blockchain : [0m [92m  254  : 0x6080604052348015600f57600080... [0m
[1m[ ] Contract address saved in file: [0m[92m./out/CEtherInterface.address [0m
[1m[ ] The contract balance: 44  [0m[92m Positive balance[0m
[94m[ ] Check if contract is PRODIGAL[0m

[ ] Contract address   : 0x9E536236ABF2288a7864C6A1AfaA4Cb98D464306
[ ] Contract bytecode  : 6080604052348015600f57600080fd5b506004361060325760...
[ ] Bytecode length    : 508
[ ] Blockchain contract: True
[ ] Debug              : False
[92m[+] The code does not have CALL/SUICIDE, hence it is not prodigal[0m

====================================================================================================
[1m[ ] Compiling Solidity contract from the file /sb/0x67db14e73c2dce786b5bbbfa4d010deab4bbfcf9.sol ... [0m[92m Done [0m
[1m[ ] Connecting to PRIVATE blockchain emptychain  [0m....[92m ESTABLISHED [0m
[1m[ ] Deploying contract [0m[92m confirmed at address: 0x9E536236ABF2288a7864C6A1AfaA4Cb98D464306 [0m
[1m[ ] Contract code length on the blockchain : [0m [92m  254  : 0x6080604052348015600f57600080... [0m
[1m[ ] Contract address saved in file: [0m[92m./out/CEtherInterface.address [0m
[94m[ ] Check if contract is GREEDY[0m

[ ] Contract address   : 0x9E536236ABF2288a7864C6A1AfaA4Cb98D464306
[ ] Contract bytecode  : 6080604052348015600f57600080fd5b506004361060325760...
[ ] Bytecode length    : 508
[ ] Debug              : False
[91m[-][0m [1mContract can receive Ether[0m

[92m[-] No lock vulnerability found because the contract cannot receive Ether [0m

====================================================================================================
[1m[ ] Compiling Solidity contract from the file /sb/0x67db14e73c2dce786b5bbbfa4d010deab4bbfcf9.sol ... [0m[92m Done [0m
[1m[ ] Connecting to PRIVATE blockchain emptychain  [0m....[92m ESTABLISHED [0m
[1m[ ] Deploying contract [0m[92m confirmed at address: 0x9E536236ABF2288a7864C6A1AfaA4Cb98D464306 [0m
[1m[ ] Contract code length on the blockchain : [0m [92m  62  : 0x6080604052600080fdfea265627a... [0m
[1m[ ] Contract address saved in file: [0m[92m./out/CTokenAdminStorage.address [0m
[94m[ ] Check if contract is SUICIDAL[0m

[ ] Contract address   : 0x9E536236ABF2288a7864C6A1AfaA4Cb98D464306
[ ] Contract bytecode  : 6080604052600080fdfea265627a7a723158208415d5a3e1f8...
[ ] Bytecode length    : 124
[ ] Blockchain contract: True
[ ] Debug              : False

[92m[-] The code does not contain SUICIDE instructions, hence it is not vulnerable[0m

====================================================================================================
[1m[ ] Compiling Solidity contract from the file /sb/0x67db14e73c2dce786b5bbbfa4d010deab4bbfcf9.sol ... [0m[92m Done [0m
[1m[ ] Connecting to PRIVATE blockchain emptychain  [0m....[92m ESTABLISHED [0m
[1m[ ] Sending Ether to contract 0x9E536236ABF2288a7864C6A1AfaA4Cb98D464306  [0m... tx[0] mined [92m Sent! [0m
[1m[ ] Deploying contract [0m[92m confirmed at address: 0x9E536236ABF2288a7864C6A1AfaA4Cb98D464306 [0m
[1m[ ] Contract code length on the blockchain : [0m [92m  62  : 0x6080604052600080fdfea265627a... [0m
[1m[ ] Contract address saved in file: [0m[92m./out/CTokenAdminStorage.address [0m
[1m[ ] The contract balance: 44  [0m[92m Positive balance[0m
[94m[ ] Check if contract is PRODIGAL[0m

[ ] Contract address   : 0x9E536236ABF2288a7864C6A1AfaA4Cb98D464306
[ ] Contract bytecode  : 6080604052600080fdfea265627a7a723158208415d5a3e1f8...
[ ] Bytecode length    : 124
[ ] Blockchain contract: True
[ ] Debug              : False
[92m[+] The code does not have CALL/SUICIDE, hence it is not prodigal[0m

====================================================================================================
[1m[ ] Compiling Solidity contract from the file /sb/0x67db14e73c2dce786b5bbbfa4d010deab4bbfcf9.sol ... [0m[92m Done [0m
[1m[ ] Connecting to PRIVATE blockchain emptychain  [0m....[92m ESTABLISHED [0m
[1m[ ] Deploying contract [0m[92m confirmed at address: 0x9E536236ABF2288a7864C6A1AfaA4Cb98D464306 [0m
[1m[ ] Contract code length on the blockchain : [0m [92m  62  : 0x6080604052600080fdfea265627a... [0m
[1m[ ] Contract address saved in file: [0m[92m./out/CTokenAdminStorage.address [0m
[94m[ ] Check if contract is GREEDY[0m

[ ] Contract address   : 0x9E536236ABF2288a7864C6A1AfaA4Cb98D464306
[ ] Contract bytecode  : 6080604052600080fdfea265627a7a723158208415d5a3e1f8...
[ ] Bytecode length    : 124
[ ] Debug              : False
[91m[-][0m [1mContract can receive Ether[0m

[92m[-] No lock vulnerability found because the contract cannot receive Ether [0m

====================================================================================================
[1m[ ] Compiling Solidity contract from the file /sb/0x67db14e73c2dce786b5bbbfa4d010deab4bbfcf9.sol ... [0m[92m Done [0m
[1m[ ] Connecting to PRIVATE blockchain emptychain  [0m....[92m ESTABLISHED [0m
[1m[ ] Deploying contract [0m[92m confirmed at address: 0x9E536236ABF2288a7864C6A1AfaA4Cb98D464306 [0m
[1m[ ] Contract code length on the blockchain : [0m [92m  1572  : 0x6080604052348015610010576000... [0m
[1m[ ] Contract address saved in file: [0m[92m./out/CTokenStorage.address [0m
[94m[ ] Check if contract is SUICIDAL[0m

[ ] Contract address   : 0x9E536236ABF2288a7864C6A1AfaA4Cb98D464306
[ ] Contract bytecode  : 608060405234801561001057600080fd5b5060043610610100...
[ ] Bytecode length    : 3144
[ ] Blockchain contract: True
[ ] Debug              : False

[92m[-] The code does not contain SUICIDE instructions, hence it is not vulnerable[0m

====================================================================================================
[1m[ ] Compiling Solidity contract from the file /sb/0x67db14e73c2dce786b5bbbfa4d010deab4bbfcf9.sol ... [0m[92m Done [0m
[1m[ ] Connecting to PRIVATE blockchain emptychain  [0m....[92m ESTABLISHED [0m
[1m[ ] Sending Ether to contract 0x9E536236ABF2288a7864C6A1AfaA4Cb98D464306  [0m.... tx[0] mined [92m Sent! [0m
[1m[ ] Deploying contract [0m[92m confirmed at address: 0x9E536236ABF2288a7864C6A1AfaA4Cb98D464306 [0m
[1m[ ] Contract code length on the blockchain : [0m [92m  1572  : 0x6080604052348015610010576000... [0m
[1m[ ] Contract address saved in file: [0m[92m./out/CTokenStorage.address [0m
[1m[ ] The contract balance: 44  [0m[92m Positive balance[0m
[94m[ ] Check if contract is PRODIGAL[0m

[ ] Contract address   : 0x9E536236ABF2288a7864C6A1AfaA4Cb98D464306
[ ] Contract bytecode  : 608060405234801561001057600080fd5b5060043610610100...
[ ] Bytecode length    : 3144
[ ] Blockchain contract: True
[ ] Debug              : False
[92m[+] The code does not have CALL/SUICIDE, hence it is not prodigal[0m

====================================================================================================
[1m[ ] Compiling Solidity contract from the file /sb/0x67db14e73c2dce786b5bbbfa4d010deab4bbfcf9.sol ... [0m[92m Done [0m
[1m[ ] Connecting to PRIVATE blockchain emptychain  [0m....[92m ESTABLISHED [0m
[1m[ ] Deploying contract [0mException: Transaction HexBytes('0xf4b05d9d808c33319de6fbc261ad4b030f738ea63a1d44a159e3515e465df8bb') is not in the chain after 120 seconds
[91m[-] Cannot deploy the contract [0m

====================================================================================================
[1m[ ] Compiling Solidity contract from the file /sb/0x67db14e73c2dce786b5bbbfa4d010deab4bbfcf9.sol ... [0m[92m Done [0m
[1m[ ] Connecting to PRIVATE blockchain emptychain  [0m....[92m ESTABLISHED [0m
[1m[ ] Deploying contract [0m[92m confirmed at address: 0x9E536236ABF2288a7864C6A1AfaA4Cb98D464306 [0m
[1m[ ] Contract code length on the blockchain : [0m [92m  62  : 0x6080604052600080fdfea265627a... [0m
[1m[ ] Contract address saved in file: [0m[92m./out/CarefulMath.address [0m
[94m[ ] Check if contract is SUICIDAL[0m

[ ] Contract address   : 0x9E536236ABF2288a7864C6A1AfaA4Cb98D464306
[ ] Contract bytecode  : 6080604052600080fdfea265627a7a72315820fc9f7549554c...
[ ] Bytecode length    : 124
[ ] Blockchain contract: True
[ ] Debug              : False

[92m[-] The code does not contain SUICIDE instructions, hence it is not vulnerable[0m

====================================================================================================
[1m[ ] Compiling Solidity contract from the file /sb/0x67db14e73c2dce786b5bbbfa4d010deab4bbfcf9.sol ... [0m[92m Done [0m
[1m[ ] Connecting to PRIVATE blockchain emptychain  [0m....[92m ESTABLISHED [0m
[1m[ ] Sending Ether to contract 0x9E536236ABF2288a7864C6A1AfaA4Cb98D464306  [0m...... tx[0] mined [92m Sent! [0m
[1m[ ] Deploying contract [0m[92m confirmed at address: 0x9E536236ABF2288a7864C6A1AfaA4Cb98D464306 [0m
[1m[ ] Contract code length on the blockchain : [0m [92m  62  : 0x6080604052600080fdfea265627a... [0m
[1m[ ] Contract address saved in file: [0m[92m./out/CarefulMath.address [0m
[1m[ ] The contract balance: 44  [0m[92m Positive balance[0m
[94m[ ] Check if contract is PRODIGAL[0m

[ ] Contract address   : 0x9E536236ABF2288a7864C6A1AfaA4Cb98D464306
[ ] Contract bytecode  : 6080604052600080fdfea265627a7a72315820fc9f7549554c...
[ ] Bytecode length    : 124
[ ] Blockchain contract: True
[ ] Debug              : False
[92m[+] The code does not have CALL/SUICIDE, hence it is not prodigal[0m

====================================================================================================
[1m[ ] Compiling Solidity contract from the file /sb/0x67db14e73c2dce786b5bbbfa4d010deab4bbfcf9.sol ... [0m[92m Done [0m
[1m[ ] Connecting to PRIVATE blockchain emptychain  [0m....[92m ESTABLISHED [0m
[1m[ ] Deploying contract [0m[92m confirmed at address: 0x9E536236ABF2288a7864C6A1AfaA4Cb98D464306 [0m
[1m[ ] Contract code length on the blockchain : [0m [92m  62  : 0x6080604052600080fdfea265627a... [0m
[1m[ ] Contract address saved in file: [0m[92m./out/CarefulMath.address [0m
[94m[ ] Check if contract is GREEDY[0m

[ ] Contract address   : 0x9E536236ABF2288a7864C6A1AfaA4Cb98D464306
[ ] Contract bytecode  : 6080604052600080fdfea265627a7a72315820fc9f7549554c...
[ ] Bytecode length    : 124
[ ] Debug              : False
[91m[-][0m [1mContract can receive Ether[0m

[92m[-] No lock vulnerability found because the contract cannot receive Ether [0m

====================================================================================================
[1m[ ] Compiling Solidity contract from the file /sb/0x67db14e73c2dce786b5bbbfa4d010deab4bbfcf9.sol ... [0m[92m Done [0m
[1m[ ] Connecting to PRIVATE blockchain emptychain  [0m.....[92m ESTABLISHED [0m
[1m[ ] Deploying contract [0m[92m confirmed at address: 0x9E536236ABF2288a7864C6A1AfaA4Cb98D464306 [0m
[1m[ ] Contract code length on the blockchain : [0m [92m  62  : 0x6080604052600080fdfea265627a... [0m
[1m[ ] Contract address saved in file: [0m[92m./out/ComptrollerErrorReporter.address [0m
[94m[ ] Check if contract is SUICIDAL[0m

[ ] Contract address   : 0x9E536236ABF2288a7864C6A1AfaA4Cb98D464306
[ ] Contract bytecode  : 6080604052600080fdfea265627a7a72315820f7d6c8e74526...
[ ] Bytecode length    : 124
[ ] Blockchain contract: True
[ ] Debug              : False

[92m[-] The code does not contain SUICIDE instructions, hence it is not vulnerable[0m

====================================================================================================
[1m[ ] Compiling Solidity contract from the file /sb/0x67db14e73c2dce786b5bbbfa4d010deab4bbfcf9.sol ... [0m[92m Done [0m
[1m[ ] Connecting to PRIVATE blockchain emptychain  [0m....[92m ESTABLISHED [0m
[1m[ ] Sending Ether to contract 0x9E536236ABF2288a7864C6A1AfaA4Cb98D464306  [0m.................. tx[0] mined [92m Sent! [0m
[1m[ ] Deploying contract [0m[92m confirmed at address: 0x9E536236ABF2288a7864C6A1AfaA4Cb98D464306 [0m
[1m[ ] Contract code length on the blockchain : [0m [92m  62  : 0x6080604052600080fdfea265627a... [0m
[1m[ ] Contract address saved in file: [0m[92m./out/ComptrollerErrorReporter.address [0m
[1m[ ] The contract balance: 44  [0m[92m Positive balance[0m
[94m[ ] Check if contract is PRODIGAL[0m

[ ] Contract address   : 0x9E536236ABF2288a7864C6A1AfaA4Cb98D464306
[ ] Contract bytecode  : 6080604052600080fdfea265627a7a72315820f7d6c8e74526...
[ ] Bytecode length    : 124
[ ] Blockchain contract: True
[ ] Debug              : False
[92m[+] The code does not have CALL/SUICIDE, hence it is not prodigal[0m

====================================================================================================
[1m[ ] Compiling Solidity contract from the file /sb/0x67db14e73c2dce786b5bbbfa4d010deab4bbfcf9.sol ... [0m[92m Done [0m
[1m[ ] Connecting to PRIVATE blockchain emptychain  [0m....[92m ESTABLISHED [0m
[1m[ ] Deploying contract [0m[92m confirmed at address: 0x9E536236ABF2288a7864C6A1AfaA4Cb98D464306 [0m
[1m[ ] Contract code length on the blockchain : [0m [92m  62  : 0x6080604052600080fdfea265627a... [0m
[1m[ ] Contract address saved in file: [0m[92m./out/ComptrollerErrorReporter.address [0m
[94m[ ] Check if contract is GREEDY[0m

[ ] Contract address   : 0x9E536236ABF2288a7864C6A1AfaA4Cb98D464306
[ ] Contract bytecode  : 6080604052600080fdfea265627a7a72315820f7d6c8e74526...
[ ] Bytecode length    : 124
[ ] Debug              : False
[91m[-][0m [1mContract can receive Ether[0m

[92m[-] No lock vulnerability found because the contract cannot receive Ether [0m

====================================================================================================
[1m[ ] Compiling Solidity contract from the file /sb/0x67db14e73c2dce786b5bbbfa4d010deab4bbfcf9.sol ... [0m[92m Done [0m
[1m[ ] Connecting to PRIVATE blockchain emptychain  [0m....[92m ESTABLISHED [0m
[1m[ ] Deploying contract [0m[92m confirmed at address: 0x9E536236ABF2288a7864C6A1AfaA4Cb98D464306 [0m
[1m[ ] Contract code length on the blockchain : [0m [92m  1170  : 0x6080604052348015610010576000... [0m
[1m[ ] Contract address saved in file: [0m[92m./out/ComptrollerV1Storage.address [0m
[94m[ ] Check if contract is SUICIDAL[0m

[ ] Contract address   : 0x9E536236ABF2288a7864C6A1AfaA4Cb98D464306
[ ] Contract bytecode  : 608060405234801561001057600080fd5b506004361061009e...
[ ] Bytecode length    : 2340
[ ] Blockchain contract: True
[ ] Debug              : False

[92m[-] The code does not contain SUICIDE instructions, hence it is not vulnerable[0m

====================================================================================================
[1m[ ] Compiling Solidity contract from the file /sb/0x67db14e73c2dce786b5bbbfa4d010deab4bbfcf9.sol ... [0m[92m Done [0m
[1m[ ] Connecting to PRIVATE blockchain emptychain  [0m....[92m ESTABLISHED [0m
[1m[ ] Sending Ether to contract 0x9E536236ABF2288a7864C6A1AfaA4Cb98D464306  [0m......... tx[0] mined [92m Sent! [0m
[1m[ ] Deploying contract [0m[92m confirmed at address: 0x9E536236ABF2288a7864C6A1AfaA4Cb98D464306 [0m
[1m[ ] Contract code length on the blockchain : [0m [92m  1170  : 0x6080604052348015610010576000... [0m
[1m[ ] Contract address saved in file: [0m[92m./out/ComptrollerV1Storage.address [0m
[1m[ ] The contract balance: 44  [0m[92m Positive balance[0m
[94m[ ] Check if contract is PRODIGAL[0m

[ ] Contract address   : 0x9E536236ABF2288a7864C6A1AfaA4Cb98D464306
[ ] Contract bytecode  : 608060405234801561001057600080fd5b506004361061009e...
[ ] Bytecode length    : 2340
[ ] Blockchain contract: True
[ ] Debug              : False
[92m[+] The code does not have CALL/SUICIDE, hence it is not prodigal[0m

====================================================================================================
[1m[ ] Compiling Solidity contract from the file /sb/0x67db14e73c2dce786b5bbbfa4d010deab4bbfcf9.sol ... [0m[92m Done [0m
[1m[ ] Connecting to PRIVATE blockchain emptychain  [0m.....[92m ESTABLISHED [0m
[1m[ ] Deploying contract [0m[92m confirmed at address: 0x9E536236ABF2288a7864C6A1AfaA4Cb98D464306 [0m
[1m[ ] Contract code length on the blockchain : [0m [92m  1170  : 0x6080604052348015610010576000... [0m
[1m[ ] Contract address saved in file: [0m[92m./out/ComptrollerV1Storage.address [0m
[94m[ ] Check if contract is GREEDY[0m

[ ] Contract address   : 0x9E536236ABF2288a7864C6A1AfaA4Cb98D464306
[ ] Contract bytecode  : 608060405234801561001057600080fd5b506004361061009e...
[ ] Bytecode length    : 2340
[ ] Debug              : False
[91m[-][0m [1mContract can receive Ether[0m

[92m[-] No lock vulnerability found because the contract cannot receive Ether [0m

====================================================================================================
[1m[ ] Compiling Solidity contract from the file /sb/0x67db14e73c2dce786b5bbbfa4d010deab4bbfcf9.sol ... [0m[92m Done [0m
[1m[ ] Connecting to PRIVATE blockchain emptychain  [0m......[92m ESTABLISHED [0m
[1m[ ] Deploying contract [0m[92m confirmed at address: 0x9E536236ABF2288a7864C6A1AfaA4Cb98D464306 [0m
[1m[ ] Contract code length on the blockchain : [0m [92m  3096  : 0x6080604052348015610010576000... [0m
[1m[ ] Contract address saved in file: [0m[92m./out/ComptrollerV2Storage.address [0m
[94m[ ] Check if contract is SUICIDAL[0m

[ ] Contract address   : 0x9E536236ABF2288a7864C6A1AfaA4Cb98D464306
[ ] Contract bytecode  : 608060405234801561001057600080fd5b5060043610610173...
[ ] Bytecode length    : 6192
[ ] Blockchain contract: True
[ ] Debug              : False

[92m[-] The code does not contain SUICIDE instructions, hence it is not vulnerable[0m

====================================================================================================
[1m[ ] Compiling Solidity contract from the file /sb/0x67db14e73c2dce786b5bbbfa4d010deab4bbfcf9.sol ... [0m[92m Done [0m
[1m[ ] Connecting to PRIVATE blockchain emptychain  [0m....[92m ESTABLISHED [0m
[1m[ ] Sending Ether to contract 0x9E536236ABF2288a7864C6A1AfaA4Cb98D464306  [0m............ tx[0] mined [92m Sent! [0m
[1m[ ] Deploying contract [0m[92m confirmed at address: 0x9E536236ABF2288a7864C6A1AfaA4Cb98D464306 [0m
[1m[ ] Contract code length on the blockchain : [0m [92m  3096  : 0x6080604052348015610010576000... [0m
[1m[ ] Contract address saved in file: [0m[92m./out/ComptrollerV2Storage.address [0m
[1m[ ] The contract balance: 44  [0m[92m Positive balance[0m
[94m[ ] Check if contract is PRODIGAL[0m

[ ] Contract address   : 0x9E536236ABF2288a7864C6A1AfaA4Cb98D464306
[ ] Contract bytecode  : 608060405234801561001057600080fd5b5060043610610173...
[ ] Bytecode length    : 6192
[ ] Blockchain contract: True
[ ] Debug              : False
[92m[+] The code does not have CALL/SUICIDE, hence it is not prodigal[0m

====================================================================================================
[1m[ ] Compiling Solidity contract from the file /sb/0x67db14e73c2dce786b5bbbfa4d010deab4bbfcf9.sol ... [0m[92m Done [0m
[1m[ ] Connecting to PRIVATE blockchain emptychain  [0m....[92m ESTABLISHED [0m
[1m[ ] Deploying contract [0m[92m confirmed at address: 0x9E536236ABF2288a7864C6A1AfaA4Cb98D464306 [0m
[1m[ ] Contract code length on the blockchain : [0m [92m  3096  : 0x6080604052348015610010576000... [0m
[1m[ ] Contract address saved in file: [0m[92m./out/ComptrollerV2Storage.address [0m
[94m[ ] Check if contract is GREEDY[0m

[ ] Contract address   : 0x9E536236ABF2288a7864C6A1AfaA4Cb98D464306
[ ] Contract bytecode  : 608060405234801561001057600080fd5b5060043610610173...
[ ] Bytecode length    : 6192
[ ] Debug              : False
[91m[-][0m [1mContract can receive Ether[0m

[92m[-] No lock vulnerability found because the contract cannot receive Ether [0m

====================================================================================================
[1m[ ] Compiling Solidity contract from the file /sb/0x67db14e73c2dce786b5bbbfa4d010deab4bbfcf9.sol ... [0m[92m Done [0m
[1m[ ] Connecting to PRIVATE blockchain emptychain  [0m....[92m ESTABLISHED [0m
[1m[ ] Deploying contract [0m[92m confirmed at address: 0x9E536236ABF2288a7864C6A1AfaA4Cb98D464306 [0m
[1m[ ] Contract code length on the blockchain : [0m [92m  3758  : 0x6080604052348015610010576000... [0m
[1m[ ] Contract address saved in file: [0m[92m./out/ComptrollerV3Storage.address [0m
[94m[ ] Check if contract is SUICIDAL[0m

[ ] Contract address   : 0x9E536236ABF2288a7864C6A1AfaA4Cb98D464306
[ ] Contract bytecode  : 608060405234801561001057600080fd5b50600436106101da...
[ ] Bytecode length    : 7516
[ ] Blockchain contract: True
[ ] Debug              : False

[92m[-] The code does not contain SUICIDE instructions, hence it is not vulnerable[0m

====================================================================================================
[1m[ ] Compiling Solidity contract from the file /sb/0x67db14e73c2dce786b5bbbfa4d010deab4bbfcf9.sol ... [0m[92m Done [0m
[1m[ ] Connecting to PRIVATE blockchain emptychain  [0m....[92m ESTABLISHED [0m
[1m[ ] Sending Ether to contract 0x9E536236ABF2288a7864C6A1AfaA4Cb98D464306  [0m.............. tx[0] mined [92m Sent! [0m
[1m[ ] Deploying contract [0m[92m confirmed at address: 0x9E536236ABF2288a7864C6A1AfaA4Cb98D464306 [0m
[1m[ ] Contract code length on the blockchain : [0m [92m  3758  : 0x6080604052348015610010576000... [0m
[1m[ ] Contract address saved in file: [0m[92m./out/ComptrollerV3Storage.address [0m
[1m[ ] The contract balance: 44  [0m[92m Positive balance[0m
[94m[ ] Check if contract is PRODIGAL[0m

[ ] Contract address   : 0x9E536236ABF2288a7864C6A1AfaA4Cb98D464306
[ ] Contract bytecode  : 608060405234801561001057600080fd5b50600436106101da...
[ ] Bytecode length    : 7516
[ ] Blockchain contract: True
[ ] Debug              : False
[92m[+] The code does not have CALL/SUICIDE, hence it is not prodigal[0m

====================================================================================================
[1m[ ] Compiling Solidity contract from the file /sb/0x67db14e73c2dce786b5bbbfa4d010deab4bbfcf9.sol ... [0m[92m Done [0m
[1m[ ] Connecting to PRIVATE blockchain emptychain  [0m....[92m ESTABLISHED [0m
[1m[ ] Deploying contract [0m[92m confirmed at address: 0x9E536236ABF2288a7864C6A1AfaA4Cb98D464306 [0m
[1m[ ] Contract code length on the blockchain : [0m [92m  3758  : 0x6080604052348015610010576000... [0m
[1m[ ] Contract address saved in file: [0m[92m./out/ComptrollerV3Storage.address [0m
[94m[ ] Check if contract is GREEDY[0m

[ ] Contract address   : 0x9E536236ABF2288a7864C6A1AfaA4Cb98D464306
[ ] Contract bytecode  : 608060405234801561001057600080fd5b50600436106101da...
[ ] Bytecode length    : 7516
[ ] Debug              : False
[91m[-][0m [1mContract can receive Ether[0m

[92m[-] No lock vulnerability found because the contract cannot receive Ether [0m

====================================================================================================
[1m[ ] Compiling Solidity contract from the file /sb/0x67db14e73c2dce786b5bbbfa4d010deab4bbfcf9.sol ... [0m[92m Done [0m
[1m[ ] Connecting to PRIVATE blockchain emptychain  [0m....[92m ESTABLISHED [0m
[1m[ ] Deploying contract [0m[92m confirmed at address: 0x9E536236ABF2288a7864C6A1AfaA4Cb98D464306 [0m
[1m[ ] Contract code length on the blockchain : [0m [92m  62  : 0x6080604052600080fdfea265627a... [0m
[1m[ ] Contract address saved in file: [0m[92m./out/Exponential.address [0m
[94m[ ] Check if contract is SUICIDAL[0m

[ ] Contract address   : 0x9E536236ABF2288a7864C6A1AfaA4Cb98D464306
[ ] Contract bytecode  : 6080604052600080fdfea265627a7a72315820434e7def0ac9...
[ ] Bytecode length    : 124
[ ] Blockchain contract: True
[ ] Debug              : False

[92m[-] The code does not contain SUICIDE instructions, hence it is not vulnerable[0m

====================================================================================================
[1m[ ] Compiling Solidity contract from the file /sb/0x67db14e73c2dce786b5bbbfa4d010deab4bbfcf9.sol ... [0m[92m Done [0m
[1m[ ] Connecting to PRIVATE blockchain emptychain  [0m.....[92m ESTABLISHED [0m
[1m[ ] Sending Ether to contract 0x9E536236ABF2288a7864C6A1AfaA4Cb98D464306  [0m...................... tx[0] mined [92m Sent! [0m
[1m[ ] Deploying contract [0m[92m confirmed at address: 0x9E536236ABF2288a7864C6A1AfaA4Cb98D464306 [0m
[1m[ ] Contract code length on the blockchain : [0m [92m  62  : 0x6080604052600080fdfea265627a... [0m
[1m[ ] Contract address saved in file: [0m[92m./out/Exponential.address [0m
[1m[ ] The contract balance: 44  [0m[92m Positive balance[0m
[94m[ ] Check if contract is PRODIGAL[0m

[ ] Contract address   : 0x9E536236ABF2288a7864C6A1AfaA4Cb98D464306
[ ] Contract bytecode  : 6080604052600080fdfea265627a7a72315820434e7def0ac9...
[ ] Bytecode length    : 124
[ ] Blockchain contract: True
[ ] Debug              : False
[92m[+] The code does not have CALL/SUICIDE, hence it is not prodigal[0m

====================================================================================================
[1m[ ] Compiling Solidity contract from the file /sb/0x67db14e73c2dce786b5bbbfa4d010deab4bbfcf9.sol ... [0m[92m Done [0m
[1m[ ] Connecting to PRIVATE blockchain emptychain  [0m.....[92m ESTABLISHED [0m
[1m[ ] Deploying contract [0m[92m confirmed at address: 0x9E536236ABF2288a7864C6A1AfaA4Cb98D464306 [0m
[1m[ ] Contract code length on the blockchain : [0m [92m  62  : 0x6080604052600080fdfea265627a... [0m
[1m[ ] Contract address saved in file: [0m[92m./out/Exponential.address [0m
[94m[ ] Check if contract is GREEDY[0m

[ ] Contract address   : 0x9E536236ABF2288a7864C6A1AfaA4Cb98D464306
[ ] Contract bytecode  : 6080604052600080fdfea265627a7a72315820434e7def0ac9...
[ ] Bytecode length    : 124
[ ] Debug              : False
[91m[-][0m [1mContract can receive Ether[0m

[92m[-] No lock vulnerability found because the contract cannot receive Ether [0m

====================================================================================================
[1m[ ] Compiling Solidity contract from the file /sb/0x67db14e73c2dce786b5bbbfa4d010deab4bbfcf9.sol ... [0m[92m Done [0m
[1m[ ] Connecting to PRIVATE blockchain emptychain  [0m....[92m ESTABLISHED [0m
[1m[ ] Deploying contract [0m[92m confirmed at address: 0x9E536236ABF2288a7864C6A1AfaA4Cb98D464306 [0m
[1m[ ] Contract code length on the blockchain : [0m [92m  62  : 0x6080604052600080fdfea265627a... [0m
[1m[ ] Contract address saved in file: [0m[92m./out/ExponentialNoError.address [0m
[94m[ ] Check if contract is SUICIDAL[0m

[ ] Contract address   : 0x9E536236ABF2288a7864C6A1AfaA4Cb98D464306
[ ] Contract bytecode  : 6080604052600080fdfea265627a7a72315820e331a307ffbc...
[ ] Bytecode length    : 124
[ ] Blockchain contract: True
[ ] Debug              : False

[ ][1m Search with call depth: 1   : [0m
[ ][1m Search with call depth: 2   : [0m
[ ][1m Search with call depth: 3   : [0m
[92m[-] No suicidal vulnerability found [0m

====================================================================================================
[1m[ ] Compiling Solidity contract from the file /sb/0x67db14e73c2dce786b5bbbfa4d010deab4bbfcf9.sol ... [0m[92m Done [0m
[1m[ ] Connecting to PRIVATE blockchain emptychain  [0m....[92m ESTABLISHED [0m
[1m[ ] Sending Ether to contract 0x9E536236ABF2288a7864C6A1AfaA4Cb98D464306  [0m.... tx[0] mined [92m Sent! [0m
[1m[ ] Deploying contract [0m[92m confirmed at address: 0x9E536236ABF2288a7864C6A1AfaA4Cb98D464306 [0m
[1m[ ] Contract code length on the blockchain : [0m [92m  62  : 0x6080604052600080fdfea265627a... [0m
[1m[ ] Contract address saved in file: [0m[92m./out/ExponentialNoError.address [0m
[1m[ ] The contract balance: 44  [0m[92m Positive balance[0m
[94m[ ] Check if contract is PRODIGAL[0m

[ ] Contract address   : 0x9E536236ABF2288a7864C6A1AfaA4Cb98D464306
[ ] Contract bytecode  : 6080604052600080fdfea265627a7a72315820e331a307ffbc...
[ ] Bytecode length    : 124
[ ] Blockchain contract: True
[ ] Debug              : False

[ ][1m Search with call depth: 1   : [0m
[ ][1m Search with call depth: 2   : [0m
[ ][1m Search with call depth: 3   : [0m
[92m[+] No prodigal vulnerability found [0m

====================================================================================================
[1m[ ] Compiling Solidity contract from the file /sb/0x67db14e73c2dce786b5bbbfa4d010deab4bbfcf9.sol ... [0m[92m Done [0m
[1m[ ] Connecting to PRIVATE blockchain emptychain  [0m....[92m ESTABLISHED [0m
[1m[ ] Deploying contract [0mException: Transaction HexBytes('0x9ce6a0cea1e748040e2ec51e2918d4731dbf73f05a6fc76c892a27964083e0f7') is not in the chain after 120 seconds
[91m[-] Cannot deploy the contract [0m

====================================================================================================
[1m[ ] Compiling Solidity contract from the file /sb/0x67db14e73c2dce786b5bbbfa4d010deab4bbfcf9.sol ... [0m[92m Done [0m
[1m[ ] Connecting to PRIVATE blockchain emptychain  [0m....[92m ESTABLISHED [0m
[1m[ ] Deploying contract [0m[92m confirmed at address: 0x9E536236ABF2288a7864C6A1AfaA4Cb98D464306 [0m
[1m[ ] Contract code length on the blockchain : [0m [92m  62  : 0x6080604052600080fdfea265627a... [0m
[1m[ ] Contract address saved in file: [0m[92m./out/TokenErrorReporter.address [0m
[94m[ ] Check if contract is SUICIDAL[0m

[ ] Contract address   : 0x9E536236ABF2288a7864C6A1AfaA4Cb98D464306
[ ] Contract bytecode  : 6080604052600080fdfea265627a7a72315820c962dfde1125...
[ ] Bytecode length    : 124
[ ] Blockchain contract: True
[ ] Debug              : False

[92m[-] The code does not contain SUICIDE instructions, hence it is not vulnerable[0m

====================================================================================================
[1m[ ] Compiling Solidity contract from the file /sb/0x67db14e73c2dce786b5bbbfa4d010deab4bbfcf9.sol ... [0m[92m Done [0m
[1m[ ] Connecting to PRIVATE blockchain emptychain  [0m....[92m ESTABLISHED [0m
[1m[ ] Sending Ether to contract 0x9E536236ABF2288a7864C6A1AfaA4Cb98D464306  [0m............ tx[0] mined [92m Sent! [0m
[1m[ ] Deploying contract [0m[92m confirmed at address: 0x9E536236ABF2288a7864C6A1AfaA4Cb98D464306 [0m
[1m[ ] Contract code length on the blockchain : [0m [92m  62  : 0x6080604052600080fdfea265627a... [0m
[1m[ ] Contract address saved in file: [0m[92m./out/TokenErrorReporter.address [0m
[1m[ ] The contract balance: 44  [0m[92m Positive balance[0m
[94m[ ] Check if contract is PRODIGAL[0m

[ ] Contract address   : 0x9E536236ABF2288a7864C6A1AfaA4Cb98D464306
[ ] Contract bytecode  : 6080604052600080fdfea265627a7a72315820c962dfde1125...
[ ] Bytecode length    : 124
[ ] Blockchain contract: True
[ ] Debug              : False
[92m[+] The code does not have CALL/SUICIDE, hence it is not prodigal[0m

====================================================================================================
[1m[ ] Compiling Solidity contract from the file /sb/0x67db14e73c2dce786b5bbbfa4d010deab4bbfcf9.sol ... [0m[92m Done [0m
[1m[ ] Connecting to PRIVATE blockchain emptychain  [0m....[92m ESTABLISHED [0m
[1m[ ] Deploying contract [0m[92m confirmed at address: 0x9E536236ABF2288a7864C6A1AfaA4Cb98D464306 [0m
[1m[ ] Contract code length on the blockchain : [0m [92m  62  : 0x6080604052600080fdfea265627a... [0m
[1m[ ] Contract address saved in file: [0m[92m./out/TokenErrorReporter.address [0m
[94m[ ] Check if contract is GREEDY[0m

[ ] Contract address   : 0x9E536236ABF2288a7864C6A1AfaA4Cb98D464306
[ ] Contract bytecode  : 6080604052600080fdfea265627a7a72315820c962dfde1125...
[ ] Bytecode length    : 124
[ ] Debug              : False
[91m[-][0m [1mContract can receive Ether[0m

[92m[-] No lock vulnerability found because the contract cannot receive Ether [0m

====================================================================================================
[1m[ ] Compiling Solidity contract from the file /sb/0x67db14e73c2dce786b5bbbfa4d010deab4bbfcf9.sol ... [0m[92m Done [0m
[1m[ ] Connecting to PRIVATE blockchain emptychain  [0m....[92m ESTABLISHED [0m
[1m[ ] Deploying contract [0m[92m confirmed at address: 0x9E536236ABF2288a7864C6A1AfaA4Cb98D464306 [0m
[1m[ ] Contract code length on the blockchain : [0m [92m  709  : 0x6080604052348015610010576000... [0m
[1m[ ] Contract address saved in file: [0m[92m./out/UnitrollerAdminStorage.address [0m
[94m[ ] Check if contract is SUICIDAL[0m

[ ] Contract address   : 0x9E536236ABF2288a7864C6A1AfaA4Cb98D464306
[ ] Contract bytecode  : 608060405234801561001057600080fd5b5060043610610062...
[ ] Bytecode length    : 1418
[ ] Blockchain contract: True
[ ] Debug              : False

[92m[-] The code does not contain SUICIDE instructions, hence it is not vulnerable[0m

====================================================================================================
[1m[ ] Compiling Solidity contract from the file /sb/0x67db14e73c2dce786b5bbbfa4d010deab4bbfcf9.sol ... [0m[92m Done [0m
[1m[ ] Connecting to PRIVATE blockchain emptychain  [0m....[92m ESTABLISHED [0m
[1m[ ] Sending Ether to contract 0x9E536236ABF2288a7864C6A1AfaA4Cb98D464306  [0m................ tx[0] mined [92m Sent! [0m
[1m[ ] Deploying contract [0m[92m confirmed at address: 0x9E536236ABF2288a7864C6A1AfaA4Cb98D464306 [0m
[1m[ ] Contract code length on the blockchain : [0m [92m  709  : 0x6080604052348015610010576000... [0m
[1m[ ] Contract address saved in file: [0m[92m./out/UnitrollerAdminStorage.address [0m
[1m[ ] The contract balance: 44  [0m[92m Positive balance[0m
[94m[ ] Check if contract is PRODIGAL[0m

[ ] Contract address   : 0x9E536236ABF2288a7864C6A1AfaA4Cb98D464306
[ ] Contract bytecode  : 608060405234801561001057600080fd5b5060043610610062...
[ ] Bytecode length    : 1418
[ ] Blockchain contract: True
[ ] Debug              : False
[92m[+] The code does not have CALL/SUICIDE, hence it is not prodigal[0m

====================================================================================================
[1m[ ] Compiling Solidity contract from the file /sb/0x67db14e73c2dce786b5bbbfa4d010deab4bbfcf9.sol ... [0m[92m Done [0m
[1m[ ] Connecting to PRIVATE blockchain emptychain  [0m....[92m ESTABLISHED [0m
[1m[ ] Deploying contract [0m[92m confirmed at address: 0x9E536236ABF2288a7864C6A1AfaA4Cb98D464306 [0m
[1m[ ] Contract code length on the blockchain : [0m [92m  709  : 0x6080604052348015610010576000... [0m
[1m[ ] Contract address saved in file: [0m[92m./out/UnitrollerAdminStorage.address [0m
[94m[ ] Check if contract is GREEDY[0m

[ ] Contract address   : 0x9E536236ABF2288a7864C6A1AfaA4Cb98D464306
[ ] Contract bytecode  : 608060405234801561001057600080fd5b5060043610610062...
[ ] Bytecode length    : 1418
[ ] Debug              : False
[91m[-][0m [1mContract can receive Ether[0m

[92m[-] No lock vulnerability found because the contract cannot receive Ether [0m
