2023-03-26 04:52:54,290 - Main     - INFO - [1mInitializing seed to 1427655.0[0m
2023-03-26 04:52:54,476 - Main     - ERROR - [91m[1mNo compiler output for: /sb/0x06c24002f43e3af904eeec581734ea3a7dbf355e.sol[0m[0m

     ______            ______                _           
    / ____/___  ____  / ____/_  __________  (_)_  _______
   / /   / __ \/ __ \/ /_  / / / /_  /_  / / / / / / ___/
  / /___/ /_/ / / / / __/ / /_/ / / /_/ /_/ / /_/ (__  ) 
  \____/\____/_/ /_/_/    \__,_/ /___/___/_/\__,_/____/  

delteed file
Error: Solidity compilation failed!
/sb/0x06c24002f43e3af904eeec581734ea3a7dbf355e.sol:867:32: TypeError: The "extcodehash" instruction is only available for Constantinople-compatible VMs (you are currently compiling for "byzantium").
        assembly { codehash := extcodehash(account) }
                               ^---------^

/sb/0x06c24002f43e3af904eeec581734ea3a7dbf355e.sol:867:20: DeclarationError: Variable count does not match number of values (1 vs. 0)
        assembly { codehash := extcodehash(account) }
                   ^------------------------------^

/sb/0x06c24002f43e3af904eeec581734ea3a7dbf355e.sol:2331:26: TypeError: The "chainid" instruction is only available for Istanbul-compatible VMs (you are currently compiling for "byzantium").
        assembly { id := chainid() }
                         ^-----^

/sb/0x06c24002f43e3af904eeec581734ea3a7dbf355e.sol:2331:20: DeclarationError: Variable count does not match number of values (1 vs. 0)
        assembly { id := chainid() }
                   ^-------------^

/sb/0x06c24002f43e3af904eeec581734ea3a7dbf355e.sol:3071:28: TypeError: The "create2" instruction is only available for Constantinople-compatible VMs (you are currently compiling for "byzantium").
            tokenMapped := create2(0, add(bytecode, 32), mload(bytecode), salt)
                           ^-----^

/sb/0x06c24002f43e3af904eeec581734ea3a7dbf355e.sol:3071:13: DeclarationError: Variable count does not match number of values (1 vs. 0)
            tokenMapped := create2(0, add(bytecode, 32), mload(bytecode), salt)
            ^-----------------------------------------------------------------^

/sb/0x06c24002f43e3af904eeec581734ea3a7dbf355e.sol:3090:30: TypeError: The "create2" instruction is only available for Constantinople-compatible VMs (you are currently compiling for "byzantium").
            mappableToken := create2(0, add(bytecode, 32), mload(bytecode), salt)
                             ^-----^

/sb/0x06c24002f43e3af904eeec581734ea3a7dbf355e.sol:3090:13: DeclarationError: Variable count does not match number of values (1 vs. 0)
            mappableToken := create2(0, add(bytecode, 32), mload(bytecode), salt)
            ^-------------------------------------------------------------------^

/sb/0x06c24002f43e3af904eeec581734ea3a7dbf355e.sol:3108:29: TypeError: The "create2" instruction is only available for Constantinople-compatible VMs (you are currently compiling for "byzantium").
            mappingToken := create2(0, add(bytecode, 32), mload(bytecode), salt)
                            ^-----^

/sb/0x06c24002f43e3af904eeec581734ea3a7dbf355e.sol:3108:13: DeclarationError: Variable count does not match number of values (1 vs. 0)
            mappingToken := create2(0, add(bytecode, 32), mload(bytecode), salt)
            ^------------------------------------------------------------------^

