WARNING:root:You are using solc version 0.7.6, The latest supported version is 0.4.19
INFO:CryticCompile:Compilation warnings/errors on /sb/0x66e7d7839333f502df355f5bd87aea24bac2ee63.sol:
Warning: Visibility for constructor is ignored. If you want the contract to be non-deployable, making it "abstract" is sufficient.
    --> /sb/0x66e7d7839333f502df355f5bd87aea24bac2ee63.sol:2330:5:
     |
2330 |     constructor () internal {
     |     ^ (Relevant source part starts here and spans across multiple lines).

Warning: Visibility for constructor is ignored. If you want the contract to be non-deployable, making it "abstract" is sufficient.
    --> /sb/0x66e7d7839333f502df355f5bd87aea24bac2ee63.sol:2407:5:
     |
2407 |     constructor (string memory uri_) public {
     |     ^ (Relevant source part starts here and spans across multiple lines).

Warning: Unused function parameter. Remove or comment out the variable name to silence this warning.
    --> /sb/0x66e7d7839333f502df355f5bd87aea24bac2ee63.sol:3510:22:
     |
3510 |   function _mintFee (uint256 pid, uint256 lastPoolValue, uint256 newPoolValue) internal {
     |                      ^^^^^^^^^^^

Warning: Unused function parameter. Remove or comment out the variable name to silence this warning.
    --> /sb/0x66e7d7839333f502df355f5bd87aea24bac2ee63.sol:3510:35:
     |
3510 |   function _mintFee (uint256 pid, uint256 lastPoolValue, uint256 newPoolValue) internal {
     |                                   ^^^^^^^^^^^^^^^^^^^^^

Warning: Unused function parameter. Remove or comment out the variable name to silence this warning.
    --> /sb/0x66e7d7839333f502df355f5bd87aea24bac2ee63.sol:3510:58:
     |
3510 |   function _mintFee (uint256 pid, uint256 lastPoolValue, uint256 newPoolValue) internal {
     |                                                          ^^^^^^^^^^^^^^^^^^^^

Warning: Unused function parameter. Remove or comment out the variable name to silence this warning.
    --> /sb/0x66e7d7839333f502df355f5bd87aea24bac2ee63.sol:3715:20:
     |
3715 |     uint256 delta, uint256 deltaBlocks, TxType txType) pure internal returns(uint256 price) {
     |                    ^^^^^^^^^^^^^^^^^^^

Warning: Function state mutability can be restricted to pure
    --> /sb/0x66e7d7839333f502df355f5bd87aea24bac2ee63.sol:3510:3:
     |
3510 |   function _mintFee (uint256 pid, uint256 lastPoolValue, uint256 newPoolValue) internal {
     |   ^ (Relevant source part starts here and spans across multiple lines).

Warning: Contract code size exceeds 24576 bytes (a limit introduced in Spurious Dragon). This contract may not be deployable on mainnet. Consider enabling the optimizer (with a low "runs" value!), turning off revert strings, or using libraries.
    --> /sb/0x66e7d7839333f502df355f5bd87aea24bac2ee63.sol:3218:1:
     |
3218 | contract Monoswap is Initializable, OwnableUpgradeable {
     | ^ (Relevant source part starts here and spans across multiple lines).


incomplete push instruction at 78
incomplete push instruction at 41647
incomplete push instruction at 78
INFO:root:contract /sb/0x66e7d7839333f502df355f5bd87aea24bac2ee63.sol:ERC1155:
INFO:symExec:	============ Results ===========
Traceback (most recent call last):
  File "/oyente/oyente/oyente.py", line 232, in <module>
    main()
  File "/oyente/oyente/oyente.py", line 227, in main
    exit_code = analyze_solidity()
  File "/oyente/oyente/oyente.py", line 110, in analyze_solidity
    results, exit_code = run_solidity_analysis(inputs)
  File "/oyente/oyente/oyente.py", line 87, in run_solidity_analysis
    result, return_code = symExec.run(disasm_file=inp['disasm_file'], source_map=inp['source_map'], source_file=inp['source'])
  File "/oyente/oyente/symExec.py", line 2458, in run
    analyze()
  File "/oyente/oyente/symExec.py", line 2441, in analyze
    run_build_cfg_and_analyze(timeout_cb=timeout_cb)
  File "/oyente/oyente/symExec.py", line 2398, in run_build_cfg_and_analyze
    build_cfg_and_analyze()
  File "/oyente/oyente/symExec.py", line 225, in build_cfg_and_analyze
    collect_vertices(tokens)
  File "/oyente/oyente/symExec.py", line 341, in collect_vertices
    idx = mapping_non_push_instruction(current_line_content, current_ins_address, idx, positions, length) if g_src_map else None
  File "/oyente/oyente/symExec.py", line 281, in mapping_non_push_instruction
    raise RuntimeError(F"Source map error, unknown name({name}) or instr_name({instr_name})")
RuntimeError: Source map error, unknown name(SHR) or instr_name(INVALID)
