WARNING:root:You are using solc version 0.7.6, The latest supported version is 0.4.19
INFO:CryticCompile:Compilation warnings/errors on /sb/0xc9f27a50f82571c1c8423a42970613b8dbda14ef.sol:
Warning: This declaration shadows an existing declaration.
    --> /sb/0xc9f27a50f82571c1c8423a42970613b8dbda14ef.sol:1727:57:
     |
1727 |     function isContract(address _addr) private returns (bool isContract){
     |                                                         ^^^^^^^^^^^^^^^
Note: The shadowed declaration is here:
    --> /sb/0xc9f27a50f82571c1c8423a42970613b8dbda14ef.sol:1727:5:
     |
1727 |     function isContract(address _addr) private returns (bool isContract){
     |     ^ (Relevant source part starts here and spans across multiple lines).

Warning: Visibility for constructor is ignored. If you want the contract to be non-deployable, making it "abstract" is sufficient.
   --> /sb/0xc9f27a50f82571c1c8423a42970613b8dbda14ef.sol:383:5:
    |
383 |     constructor (string memory name_, string memory symbol_) public {
    |     ^ (Relevant source part starts here and spans across multiple lines).

Warning: Visibility for constructor is ignored. If you want the contract to be non-deployable, making it "abstract" is sufficient.
   --> /sb/0xc9f27a50f82571c1c8423a42970613b8dbda14ef.sol:927:5:
    |
927 |     constructor () internal {
    |     ^ (Relevant source part starts here and spans across multiple lines).

Warning: Visibility for constructor is ignored. If you want the contract to be non-deployable, making it "abstract" is sufficient.
    --> /sb/0xc9f27a50f82571c1c8423a42970613b8dbda14ef.sol:1208:5:
     |
1208 |     constructor(string memory name, string memory version) internal {
     |     ^ (Relevant source part starts here and spans across multiple lines).

Warning: Visibility for constructor is ignored. If you want the contract to be non-deployable, making it "abstract" is sufficient.
    --> /sb/0xc9f27a50f82571c1c8423a42970613b8dbda14ef.sol:1294:5:
     |
1294 |     constructor(string memory name) internal EIP712(name, "1") {
     |     ^ (Relevant source part starts here and spans across multiple lines).

Warning: Function state mutability can be restricted to view
    --> /sb/0xc9f27a50f82571c1c8423a42970613b8dbda14ef.sol:1727:5:
     |
1727 |     function isContract(address _addr) private returns (bool isContract){
     |     ^ (Relevant source part starts here and spans across multiple lines).


incomplete push instruction at 4667
incomplete push instruction at 68
INFO:root:contract /sb/0xc9f27a50f82571c1c8423a42970613b8dbda14ef.sol:SafeERC20:
INFO:symExec:	============ Results ===========
Traceback (most recent call last):
  File "/oyente/oyente/oyente.py", line 232, in <module>
    main()
  File "/oyente/oyente/oyente.py", line 227, in main
    exit_code = analyze_solidity()
  File "/oyente/oyente/oyente.py", line 110, in analyze_solidity
    results, exit_code = run_solidity_analysis(inputs)
  File "/oyente/oyente/oyente.py", line 87, in run_solidity_analysis
    result, return_code = symExec.run(disasm_file=inp['disasm_file'], source_map=inp['source_map'], source_file=inp['source'])
  File "/oyente/oyente/symExec.py", line 2458, in run
    analyze()
  File "/oyente/oyente/symExec.py", line 2441, in analyze
    run_build_cfg_and_analyze(timeout_cb=timeout_cb)
  File "/oyente/oyente/symExec.py", line 2398, in run_build_cfg_and_analyze
    build_cfg_and_analyze()
  File "/oyente/oyente/symExec.py", line 228, in build_cfg_and_analyze
    full_sym_exec()  # jump targets are constructed on the fly
  File "/oyente/oyente/symExec.py", line 547, in full_sym_exec
    return sym_exec_block(params, 0, 0, 0, -1, 'fallback')
  File "/oyente/oyente/symExec.py", line 612, in sym_exec_block
    sym_exec_ins(params, block, instr, func_call, current_func_name)
  File "/oyente/oyente/symExec.py", line 1858, in sym_exec_ins
    stack.pop(0)
IndexError: pop from empty list
