Compilation warnings/errors on /sb/0x8e9654f15ee934edab16350e933577e0f9566d27.sol:
/sb/0x8e9654f15ee934edab16350e933577e0f9566d27.sol:857:1: Warning: Experimental features are turned on. Do not use experimental features on live deployments.
pragma experimental ABIEncoderV2;
^-------------------------------^

Missing function Incorrect ternary conversion loanParamsId = loanParamsIds[uint256(keccak256(bytes)(abi.encodePacked(collateralTokenAddress,if withdrawAmount != 0 then true else false)))] ../../sb/0x8e9654f15ee934edab16350e933577e0f9566d27.sol#2032-2037
Traceback (most recent call last):
  File "/home/ethsec/.local/lib/python3.6/site-packages/slither/__main__.py", line 744, in main_impl
    ) = process_all(filename, args, detector_classes, printer_classes)
  File "/home/ethsec/.local/lib/python3.6/site-packages/slither/__main__.py", line 87, in process_all
    ) = process_single(compilation, args, detector_classes, printer_classes)
  File "/home/ethsec/.local/lib/python3.6/site-packages/slither/__main__.py", line 70, in process_single
    slither = Slither(target, ast_format=ast, **vars(args))
  File "/home/ethsec/.local/lib/python3.6/site-packages/slither/slither.py", line 123, in __init__
    parser.analyze_contracts()
  File "/home/ethsec/.local/lib/python3.6/site-packages/slither/solc_parsing/slither_compilation_unit_solc.py", line 496, in analyze_contracts
    self._convert_to_slithir()
  File "/home/ethsec/.local/lib/python3.6/site-packages/slither/solc_parsing/slither_compilation_unit_solc.py", line 681, in _convert_to_slithir
    func.generate_slithir_and_analyze()
  File "/home/ethsec/.local/lib/python3.6/site-packages/slither/core/declarations/function.py", line 1706, in generate_slithir_and_analyze
    node.slithir_generation()
  File "/home/ethsec/.local/lib/python3.6/site-packages/slither/core/cfg/node.py", line 720, in slithir_generation
    self._irs = convert_expression(expression, self)
  File "/home/ethsec/.local/lib/python3.6/site-packages/slither/slithir/convert.py", line 115, in convert_expression
    visitor = ExpressionToSlithIR(expression, node)
  File "/home/ethsec/.local/lib/python3.6/site-packages/slither/visitors/slithir/expression_to_slithir.py", line 140, in __init__
    self._visit_expression(self.expression)
  File "/home/ethsec/.local/lib/python3.6/site-packages/slither/visitors/expression/expression.py", line 45, in _visit_expression
    self._visit_assignement_operation(expression)
  File "/home/ethsec/.local/lib/python3.6/site-packages/slither/visitors/expression/expression.py", line 101, in _visit_assignement_operation
    self._visit_expression(expression.expression_right)
  File "/home/ethsec/.local/lib/python3.6/site-packages/slither/visitors/expression/expression.py", line 63, in _visit_expression
    self._visit_index_access(expression)
  File "/home/ethsec/.local/lib/python3.6/site-packages/slither/visitors/expression/expression.py", line 132, in _visit_index_access
    self._visit_expression(expression.expression_right)
  File "/home/ethsec/.local/lib/python3.6/site-packages/slither/visitors/expression/expression.py", line 84, in _visit_expression
    self._visit_type_conversion(expression)
  File "/home/ethsec/.local/lib/python3.6/site-packages/slither/visitors/expression/expression.py", line 155, in _visit_type_conversion
    self._visit_expression(expression.expression)
  File "/home/ethsec/.local/lib/python3.6/site-packages/slither/visitors/expression/expression.py", line 51, in _visit_expression
    self._visit_call_expression(expression)
  File "/home/ethsec/.local/lib/python3.6/site-packages/slither/visitors/expression/expression.py", line 111, in _visit_call_expression
    self._visit_expression(arg)
  File "/home/ethsec/.local/lib/python3.6/site-packages/slither/visitors/expression/expression.py", line 51, in _visit_expression
    self._visit_call_expression(expression)
  File "/home/ethsec/.local/lib/python3.6/site-packages/slither/visitors/expression/expression.py", line 111, in _visit_call_expression
    self._visit_expression(arg)
  File "/home/ethsec/.local/lib/python3.6/site-packages/slither/visitors/expression/expression.py", line 95, in _visit_expression
    self._post_visit(expression)
  File "/home/ethsec/.local/lib/python3.6/site-packages/slither/visitors/expression/expression.py", line 274, in _post_visit
    self._post_conditional_expression(expression)
  File "/home/ethsec/.local/lib/python3.6/site-packages/slither/visitors/slithir/expression_to_slithir.py", line 353, in _post_conditional_expression
    raise Exception(f"Ternary operator are not convertible to SlithIR {expression}")
Exception: Ternary operator are not convertible to SlithIR if withdrawAmount != 0 then true else false
None
Error in /sb/0x8e9654f15ee934edab16350e933577e0f9566d27.sol
Traceback (most recent call last):
  File "/home/ethsec/.local/lib/python3.6/site-packages/slither/__main__.py", line 744, in main_impl
    ) = process_all(filename, args, detector_classes, printer_classes)
  File "/home/ethsec/.local/lib/python3.6/site-packages/slither/__main__.py", line 87, in process_all
    ) = process_single(compilation, args, detector_classes, printer_classes)
  File "/home/ethsec/.local/lib/python3.6/site-packages/slither/__main__.py", line 70, in process_single
    slither = Slither(target, ast_format=ast, **vars(args))
  File "/home/ethsec/.local/lib/python3.6/site-packages/slither/slither.py", line 123, in __init__
    parser.analyze_contracts()
  File "/home/ethsec/.local/lib/python3.6/site-packages/slither/solc_parsing/slither_compilation_unit_solc.py", line 496, in analyze_contracts
    self._convert_to_slithir()
  File "/home/ethsec/.local/lib/python3.6/site-packages/slither/solc_parsing/slither_compilation_unit_solc.py", line 681, in _convert_to_slithir
    func.generate_slithir_and_analyze()
  File "/home/ethsec/.local/lib/python3.6/site-packages/slither/core/declarations/function.py", line 1706, in generate_slithir_and_analyze
    node.slithir_generation()
  File "/home/ethsec/.local/lib/python3.6/site-packages/slither/core/cfg/node.py", line 720, in slithir_generation
    self._irs = convert_expression(expression, self)
  File "/home/ethsec/.local/lib/python3.6/site-packages/slither/slithir/convert.py", line 115, in convert_expression
    visitor = ExpressionToSlithIR(expression, node)
  File "/home/ethsec/.local/lib/python3.6/site-packages/slither/visitors/slithir/expression_to_slithir.py", line 140, in __init__
    self._visit_expression(self.expression)
  File "/home/ethsec/.local/lib/python3.6/site-packages/slither/visitors/expression/expression.py", line 45, in _visit_expression
    self._visit_assignement_operation(expression)
  File "/home/ethsec/.local/lib/python3.6/site-packages/slither/visitors/expression/expression.py", line 101, in _visit_assignement_operation
    self._visit_expression(expression.expression_right)
  File "/home/ethsec/.local/lib/python3.6/site-packages/slither/visitors/expression/expression.py", line 63, in _visit_expression
    self._visit_index_access(expression)
  File "/home/ethsec/.local/lib/python3.6/site-packages/slither/visitors/expression/expression.py", line 132, in _visit_index_access
    self._visit_expression(expression.expression_right)
  File "/home/ethsec/.local/lib/python3.6/site-packages/slither/visitors/expression/expression.py", line 84, in _visit_expression
    self._visit_type_conversion(expression)
  File "/home/ethsec/.local/lib/python3.6/site-packages/slither/visitors/expression/expression.py", line 155, in _visit_type_conversion
    self._visit_expression(expression.expression)
  File "/home/ethsec/.local/lib/python3.6/site-packages/slither/visitors/expression/expression.py", line 51, in _visit_expression
    self._visit_call_expression(expression)
  File "/home/ethsec/.local/lib/python3.6/site-packages/slither/visitors/expression/expression.py", line 111, in _visit_call_expression
    self._visit_expression(arg)
  File "/home/ethsec/.local/lib/python3.6/site-packages/slither/visitors/expression/expression.py", line 51, in _visit_expression
    self._visit_call_expression(expression)
  File "/home/ethsec/.local/lib/python3.6/site-packages/slither/visitors/expression/expression.py", line 111, in _visit_call_expression
    self._visit_expression(arg)
  File "/home/ethsec/.local/lib/python3.6/site-packages/slither/visitors/expression/expression.py", line 95, in _visit_expression
    self._post_visit(expression)
  File "/home/ethsec/.local/lib/python3.6/site-packages/slither/visitors/expression/expression.py", line 274, in _post_visit
    self._post_conditional_expression(expression)
  File "/home/ethsec/.local/lib/python3.6/site-packages/slither/visitors/slithir/expression_to_slithir.py", line 353, in _post_conditional_expression
    raise Exception(f"Ternary operator are not convertible to SlithIR {expression}")
Exception: Ternary operator are not convertible to SlithIR if withdrawAmount != 0 then true else false

