
====================================================================================================
[1m[ ] Compiling Solidity contract from the file /sb/0x70873211cb64c1d4ec027ea63a399a7d07c4085b.sol ... [0m[92m Done [0m
[1m[ ] Connecting to PRIVATE blockchain emptychain  [0m....[92m ESTABLISHED [0m
[1m[ ] Deploying contract [0m[92m confirmed at address: 0x9E536236ABF2288a7864C6A1AfaA4Cb98D464306 [0m
[1m[ ] Contract code length on the blockchain : [0m [92m  86  : 0x739e536236abf2288a7864c6a1af... [0m
[1m[ ] Contract address saved in file: [0m[92m./out/AddrArrayLib.address [0m
[94m[ ] Check if contract is SUICIDAL[0m

[ ] Contract address   : 0x9E536236ABF2288a7864C6A1AfaA4Cb98D464306
[ ] Contract bytecode  : 739e536236abf2288a7864c6a1afaa4cb98d46430630146080...
[ ] Bytecode length    : 172
[ ] Blockchain contract: True
[ ] Debug              : False

[92m[-] The code does not contain SUICIDE instructions, hence it is not vulnerable[0m

====================================================================================================
[1m[ ] Compiling Solidity contract from the file /sb/0x70873211cb64c1d4ec027ea63a399a7d07c4085b.sol ... [0m[92m Done [0m
[1m[ ] Connecting to PRIVATE blockchain emptychain  [0m.....[92m ESTABLISHED [0m
[1m[ ] Sending Ether to contract 0x9E536236ABF2288a7864C6A1AfaA4Cb98D464306  [0m...... tx[0] mined [92m Sent! [0m
[1m[ ] Deploying contract [0m[92m confirmed at address: 0x9E536236ABF2288a7864C6A1AfaA4Cb98D464306 [0m
[1m[ ] Contract code length on the blockchain : [0m [92m  86  : 0x739e536236abf2288a7864c6a1af... [0m
[1m[ ] Contract address saved in file: [0m[92m./out/AddrArrayLib.address [0m
[1m[ ] The contract balance: 44  [0m[92m Positive balance[0m
[94m[ ] Check if contract is PRODIGAL[0m

[ ] Contract address   : 0x9E536236ABF2288a7864C6A1AfaA4Cb98D464306
[ ] Contract bytecode  : 739e536236abf2288a7864c6a1afaa4cb98d46430630146080...
[ ] Bytecode length    : 172
[ ] Blockchain contract: True
[ ] Debug              : False
[92m[+] The code does not have CALL/SUICIDE, hence it is not prodigal[0m

====================================================================================================
[1m[ ] Compiling Solidity contract from the file /sb/0x70873211cb64c1d4ec027ea63a399a7d07c4085b.sol ... [0m[92m Done [0m
[1m[ ] Connecting to PRIVATE blockchain emptychain  [0m.......[92m ESTABLISHED [0m
[1m[ ] Deploying contract [0m[92m confirmed at address: 0x9E536236ABF2288a7864C6A1AfaA4Cb98D464306 [0m
[1m[ ] Contract code length on the blockchain : [0m [92m  86  : 0x739e536236abf2288a7864c6a1af... [0m
[1m[ ] Contract address saved in file: [0m[92m./out/AddrArrayLib.address [0m
[94m[ ] Check if contract is GREEDY[0m

[ ] Contract address   : 0x9E536236ABF2288a7864C6A1AfaA4Cb98D464306
[ ] Contract bytecode  : 739e536236abf2288a7864c6a1afaa4cb98d46430630146080...
[ ] Bytecode length    : 172
[ ] Debug              : False
[91m[-][0m [1mContract can receive Ether[0m

[92m[-] No lock vulnerability found because the contract cannot receive Ether [0m

====================================================================================================
[1m[ ] Compiling Solidity contract from the file /sb/0x70873211cb64c1d4ec027ea63a399a7d07c4085b.sol ... [0m[92m Done [0m
[1m[ ] Connecting to PRIVATE blockchain emptychain  [0m.....[92m ESTABLISHED [0m
[1m[ ] Deploying contract [0m[92m confirmed at address: 0x9E536236ABF2288a7864C6A1AfaA4Cb98D464306 [0m
[1m[ ] Contract code length on the blockchain : [0m [92m  86  : 0x739e536236abf2288a7864c6a1af... [0m
[1m[ ] Contract address saved in file: [0m[92m./out/Address.address [0m
[94m[ ] Check if contract is SUICIDAL[0m

[ ] Contract address   : 0x9E536236ABF2288a7864C6A1AfaA4Cb98D464306
[ ] Contract bytecode  : 739e536236abf2288a7864c6a1afaa4cb98d46430630146080...
[ ] Bytecode length    : 172
[ ] Blockchain contract: True
[ ] Debug              : False

[92m[-] The code does not contain SUICIDE instructions, hence it is not vulnerable[0m

====================================================================================================
[1m[ ] Compiling Solidity contract from the file /sb/0x70873211cb64c1d4ec027ea63a399a7d07c4085b.sol ... [0m[92m Done [0m
[1m[ ] Connecting to PRIVATE blockchain emptychain  [0m......[92m ESTABLISHED [0m
[1m[ ] Sending Ether to contract 0x9E536236ABF2288a7864C6A1AfaA4Cb98D464306  [0m......... tx[0] mined [92m Sent! [0m
[1m[ ] Deploying contract [0m[92m confirmed at address: 0x9E536236ABF2288a7864C6A1AfaA4Cb98D464306 [0m
[1m[ ] Contract code length on the blockchain : [0m [92m  86  : 0x739e536236abf2288a7864c6a1af... [0m
[1m[ ] Contract address saved in file: [0m[92m./out/Address.address [0m
[1m[ ] The contract balance: 44  [0m[92m Positive balance[0m
[94m[ ] Check if contract is PRODIGAL[0m

[ ] Contract address   : 0x9E536236ABF2288a7864C6A1AfaA4Cb98D464306
[ ] Contract bytecode  : 739e536236abf2288a7864c6a1afaa4cb98d46430630146080...
[ ] Bytecode length    : 172
[ ] Blockchain contract: True
[ ] Debug              : False
[92m[+] The code does not have CALL/SUICIDE, hence it is not prodigal[0m

====================================================================================================
[1m[ ] Compiling Solidity contract from the file /sb/0x70873211cb64c1d4ec027ea63a399a7d07c4085b.sol ... [0m[92m Done [0m
[1m[ ] Connecting to PRIVATE blockchain emptychain  [0m.....[92m ESTABLISHED [0m
[1m[ ] Deploying contract [0m[92m confirmed at address: 0x9E536236ABF2288a7864C6A1AfaA4Cb98D464306 [0m
[1m[ ] Contract code length on the blockchain : [0m [92m  86  : 0x739e536236abf2288a7864c6a1af... [0m
[1m[ ] Contract address saved in file: [0m[92m./out/Address.address [0m
[94m[ ] Check if contract is GREEDY[0m

[ ] Contract address   : 0x9E536236ABF2288a7864C6A1AfaA4Cb98D464306
[ ] Contract bytecode  : 739e536236abf2288a7864c6a1afaa4cb98d46430630146080...
[ ] Bytecode length    : 172
[ ] Debug              : False
[91m[-][0m [1mContract can receive Ether[0m

[92m[-] No lock vulnerability found because the contract cannot receive Ether [0m

====================================================================================================
[1m[ ] Compiling Solidity contract from the file /sb/0x70873211cb64c1d4ec027ea63a399a7d07c4085b.sol ... [0m[92m Done [0m
[1m[ ] Connecting to PRIVATE blockchain emptychain  [0m.......[92m ESTABLISHED [0m
[1m[ ] Deploying contract [0m[92m confirmed at address: 0x9E536236ABF2288a7864C6A1AfaA4Cb98D464306 [0m
[1m[ ] Contract code length on the blockchain : [0m [92m  4323  : 0x6080604052348015610010576000... [0m
[1m[ ] Contract address saved in file: [0m[92m./out/BEP20UpgradeSafe.address [0m
[94m[ ] Check if contract is SUICIDAL[0m

[ ] Contract address   : 0x9E536236ABF2288a7864C6A1AfaA4Cb98D464306
[ ] Contract bytecode  : 608060405234801561001057600080fd5b50600436106100a9...
[ ] Bytecode length    : 8646
[ ] Blockchain contract: True
[ ] Debug              : False

[92m[-] The code does not contain SUICIDE instructions, hence it is not vulnerable[0m

====================================================================================================
[1m[ ] Compiling Solidity contract from the file /sb/0x70873211cb64c1d4ec027ea63a399a7d07c4085b.sol ... [0m[92m Done [0m
[1m[ ] Connecting to PRIVATE blockchain emptychain  [0m....[92m ESTABLISHED [0m
[1m[ ] Sending Ether to contract 0x9E536236ABF2288a7864C6A1AfaA4Cb98D464306  [0m.... tx[0] mined [92m Sent! [0m
[1m[ ] Deploying contract [0m[92m confirmed at address: 0x9E536236ABF2288a7864C6A1AfaA4Cb98D464306 [0m
[1m[ ] Contract code length on the blockchain : [0m [92m  4323  : 0x6080604052348015610010576000... [0m
[1m[ ] Contract address saved in file: [0m[92m./out/BEP20UpgradeSafe.address [0m
[1m[ ] The contract balance: 44  [0m[92m Positive balance[0m
[94m[ ] Check if contract is PRODIGAL[0m

[ ] Contract address   : 0x9E536236ABF2288a7864C6A1AfaA4Cb98D464306
[ ] Contract bytecode  : 608060405234801561001057600080fd5b50600436106100a9...
[ ] Bytecode length    : 8646
[ ] Blockchain contract: True
[ ] Debug              : False
[92m[+] The code does not have CALL/SUICIDE, hence it is not prodigal[0m

====================================================================================================
[1m[ ] Compiling Solidity contract from the file /sb/0x70873211cb64c1d4ec027ea63a399a7d07c4085b.sol ... [0m[92m Done [0m
[1m[ ] Connecting to PRIVATE blockchain emptychain  [0m...[92m ESTABLISHED [0m
[1m[ ] Deploying contract [0m[92m confirmed at address: 0x9E536236ABF2288a7864C6A1AfaA4Cb98D464306 [0m
[1m[ ] Contract code length on the blockchain : [0m [92m  4323  : 0x6080604052348015610010576000... [0m
[1m[ ] Contract address saved in file: [0m[92m./out/BEP20UpgradeSafe.address [0m
[94m[ ] Check if contract is GREEDY[0m

[ ] Contract address   : 0x9E536236ABF2288a7864C6A1AfaA4Cb98D464306
[ ] Contract bytecode  : 608060405234801561001057600080fd5b50600436106100a9...
[ ] Bytecode length    : 8646
[ ] Debug              : False
[91m[-][0m [1mContract can receive Ether[0m

[92m[-] No lock vulnerability found because the contract cannot receive Ether [0m

====================================================================================================
[1m[ ] Compiling Solidity contract from the file /sb/0x70873211cb64c1d4ec027ea63a399a7d07c4085b.sol ... [0m[92m Done [0m
[1m[ ] Connecting to PRIVATE blockchain emptychain  [0m....[92m ESTABLISHED [0m
[1m[ ] Deploying contract [0m[92m confirmed at address: 0x9E536236ABF2288a7864C6A1AfaA4Cb98D464306 [0m
[1m[ ] Contract code length on the blockchain : [0m [92m  63  : 0x6080604052600080fdfea2646970... [0m
[1m[ ] Contract address saved in file: [0m[92m./out/Context.address [0m
[94m[ ] Check if contract is SUICIDAL[0m

[ ] Contract address   : 0x9E536236ABF2288a7864C6A1AfaA4Cb98D464306
[ ] Contract bytecode  : 6080604052600080fdfea264697066735822122049b5cd0578...
[ ] Bytecode length    : 126
[ ] Blockchain contract: True
[ ] Debug              : False

[92m[-] The code does not contain SUICIDE instructions, hence it is not vulnerable[0m

====================================================================================================
[1m[ ] Compiling Solidity contract from the file /sb/0x70873211cb64c1d4ec027ea63a399a7d07c4085b.sol ... [0m[92m Done [0m
[1m[ ] Connecting to PRIVATE blockchain emptychain  [0m....[92m ESTABLISHED [0m
[1m[ ] Sending Ether to contract 0x9E536236ABF2288a7864C6A1AfaA4Cb98D464306  [0m...................... tx[0] mined [92m Sent! [0m
[1m[ ] Deploying contract [0m[92m confirmed at address: 0x9E536236ABF2288a7864C6A1AfaA4Cb98D464306 [0m
[1m[ ] Contract code length on the blockchain : [0m [92m  63  : 0x6080604052600080fdfea2646970... [0m
[1m[ ] Contract address saved in file: [0m[92m./out/Context.address [0m
[1m[ ] The contract balance: 44  [0m[92m Positive balance[0m
[94m[ ] Check if contract is PRODIGAL[0m

[ ] Contract address   : 0x9E536236ABF2288a7864C6A1AfaA4Cb98D464306
[ ] Contract bytecode  : 6080604052600080fdfea264697066735822122049b5cd0578...
[ ] Bytecode length    : 126
[ ] Blockchain contract: True
[ ] Debug              : False
[92m[+] The code does not have CALL/SUICIDE, hence it is not prodigal[0m

====================================================================================================
[1m[ ] Compiling Solidity contract from the file /sb/0x70873211cb64c1d4ec027ea63a399a7d07c4085b.sol ... [0m[92m Done [0m
[1m[ ] Connecting to PRIVATE blockchain emptychain  [0m....[92m ESTABLISHED [0m
[1m[ ] Deploying contract [0m[92m confirmed at address: 0x9E536236ABF2288a7864C6A1AfaA4Cb98D464306 [0m
[1m[ ] Contract code length on the blockchain : [0m [92m  63  : 0x6080604052600080fdfea2646970... [0m
[1m[ ] Contract address saved in file: [0m[92m./out/Context.address [0m
[94m[ ] Check if contract is GREEDY[0m

[ ] Contract address   : 0x9E536236ABF2288a7864C6A1AfaA4Cb98D464306
[ ] Contract bytecode  : 6080604052600080fdfea264697066735822122049b5cd0578...
[ ] Bytecode length    : 126
[ ] Debug              : False
[91m[-][0m [1mContract can receive Ether[0m

[92m[-] No lock vulnerability found because the contract cannot receive Ether [0m

====================================================================================================
[1m[ ] Compiling Solidity contract from the file /sb/0x70873211cb64c1d4ec027ea63a399a7d07c4085b.sol ... [0m[92m Done [0m
[1m[ ] Connecting to PRIVATE blockchain emptychain  [0m....[92m ESTABLISHED [0m
[1m[ ] Deploying contract [0m[92m confirmed at address: 0x9E536236ABF2288a7864C6A1AfaA4Cb98D464306 [0m
[1m[ ] Contract code length on the blockchain : [0m [92m  63  : 0x6080604052600080fdfea2646970... [0m
[1m[ ] Contract address saved in file: [0m[92m./out/ContextUpgradeSafe.address [0m
[94m[ ] Check if contract is SUICIDAL[0m

[ ] Contract address   : 0x9E536236ABF2288a7864C6A1AfaA4Cb98D464306
[ ] Contract bytecode  : 6080604052600080fdfea26469706673582212202793e8349c...
[ ] Bytecode length    : 126
[ ] Blockchain contract: True
[ ] Debug              : False

[92m[-] The code does not contain SUICIDE instructions, hence it is not vulnerable[0m

====================================================================================================
[1m[ ] Compiling Solidity contract from the file /sb/0x70873211cb64c1d4ec027ea63a399a7d07c4085b.sol ... [0m[92m Done [0m
[1m[ ] Connecting to PRIVATE blockchain emptychain  [0m....[92m ESTABLISHED [0m
[1m[ ] Sending Ether to contract 0x9E536236ABF2288a7864C6A1AfaA4Cb98D464306  [0m..... tx[0] mined [92m Sent! [0m
[1m[ ] Deploying contract [0m[92m confirmed at address: 0x9E536236ABF2288a7864C6A1AfaA4Cb98D464306 [0m
[1m[ ] Contract code length on the blockchain : [0m [92m  63  : 0x6080604052600080fdfea2646970... [0m
[1m[ ] Contract address saved in file: [0m[92m./out/ContextUpgradeSafe.address [0m
[1m[ ] The contract balance: 44  [0m[92m Positive balance[0m
[94m[ ] Check if contract is PRODIGAL[0m

[ ] Contract address   : 0x9E536236ABF2288a7864C6A1AfaA4Cb98D464306
[ ] Contract bytecode  : 6080604052600080fdfea26469706673582212202793e8349c...
[ ] Bytecode length    : 126
[ ] Blockchain contract: True
[ ] Debug              : False
[92m[+] The code does not have CALL/SUICIDE, hence it is not prodigal[0m

====================================================================================================
[1m[ ] Compiling Solidity contract from the file /sb/0x70873211cb64c1d4ec027ea63a399a7d07c4085b.sol ... [0m[92m Done [0m
[1m[ ] Connecting to PRIVATE blockchain emptychain  [0m....[92m ESTABLISHED [0m
[1m[ ] Deploying contract [0m[92m confirmed at address: 0x9E536236ABF2288a7864C6A1AfaA4Cb98D464306 [0m
[1m[ ] Contract code length on the blockchain : [0m [92m  63  : 0x6080604052600080fdfea2646970... [0m
[1m[ ] Contract address saved in file: [0m[92m./out/ContextUpgradeSafe.address [0m
[94m[ ] Check if contract is GREEDY[0m

[ ] Contract address   : 0x9E536236ABF2288a7864C6A1AfaA4Cb98D464306
[ ] Contract bytecode  : 6080604052600080fdfea26469706673582212202793e8349c...
[ ] Bytecode length    : 126
[ ] Debug              : False
[91m[-][0m [1mContract can receive Ether[0m

[92m[-] No lock vulnerability found because the contract cannot receive Ether [0m

====================================================================================================
[1m[ ] Compiling Solidity contract from the file /sb/0x70873211cb64c1d4ec027ea63a399a7d07c4085b.sol ... [0m[92m Done [0m
[1m[ ] Connecting to PRIVATE blockchain emptychain  [0m......[92m ESTABLISHED [0m
[1m[ ] Deploying contract [0m[92m confirmed at address: 0x9E536236ABF2288a7864C6A1AfaA4Cb98D464306 [0m
[1m[ ] Contract code length on the blockchain : [0m [92m  0  : 0x... [0m
[1m[ ] Contract address saved in file: [0m[92m./out/CrssToken.address [0m
[94m[ ] Check if contract is SUICIDAL[0m

[ ] Contract address   : 0x9E536236ABF2288a7864C6A1AfaA4Cb98D464306
[ ] Contract bytecode  : ...
[ ] Bytecode length    : 0
[ ] Blockchain contract: True
[ ] Debug              : False

[92m[-] The code does not contain SUICIDE instructions, hence it is not vulnerable[0m

====================================================================================================
[1m[ ] Compiling Solidity contract from the file /sb/0x70873211cb64c1d4ec027ea63a399a7d07c4085b.sol ... [0m[92m Done [0m
[1m[ ] Connecting to PRIVATE blockchain emptychain  [0m....[92m ESTABLISHED [0m
[1m[ ] Sending Ether to contract 0x9E536236ABF2288a7864C6A1AfaA4Cb98D464306  [0m...... tx[0] mined [92m Sent! [0m
[1m[ ] Deploying contract [0m[92m confirmed at address: 0x9E536236ABF2288a7864C6A1AfaA4Cb98D464306 [0m
[1m[ ] Contract code length on the blockchain : [0m [92m  0  : 0x... [0m
[1m[ ] Contract address saved in file: [0m[92m./out/CrssToken.address [0m
[1m[ ] The contract balance: 44  [0m[92m Positive balance[0m
[94m[ ] Check if contract is PRODIGAL[0m

[ ] Contract address   : 0x9E536236ABF2288a7864C6A1AfaA4Cb98D464306
[ ] Contract bytecode  : ...
[ ] Bytecode length    : 0
[ ] Blockchain contract: True
[ ] Debug              : False
[92m[+] The code does not have CALL/SUICIDE, hence it is not prodigal[0m

====================================================================================================
[1m[ ] Compiling Solidity contract from the file /sb/0x70873211cb64c1d4ec027ea63a399a7d07c4085b.sol ... [0m[92m Done [0m
[1m[ ] Connecting to PRIVATE blockchain emptychain  [0m....[92m ESTABLISHED [0m
[1m[ ] Deploying contract [0m[92m confirmed at address: 0x9E536236ABF2288a7864C6A1AfaA4Cb98D464306 [0m
[1m[ ] Contract code length on the blockchain : [0m [92m  0  : 0x... [0m
[1m[ ] Contract address saved in file: [0m[92m./out/CrssToken.address [0m
[94m[ ] Check if contract is GREEDY[0m

[ ] Contract address   : 0x9E536236ABF2288a7864C6A1AfaA4Cb98D464306
[ ] Contract bytecode  : ...
[ ] Bytecode length    : 0
[ ] Debug              : False
[91m[-][0m [1mContract can receive Ether[0m

[92m[-] No lock vulnerability found because the contract cannot receive Ether [0m

====================================================================================================
[1m[ ] Compiling Solidity contract from the file /sb/0x70873211cb64c1d4ec027ea63a399a7d07c4085b.sol ... [0m[92m Done [0m
[1m[ ] Connecting to PRIVATE blockchain emptychain  [0m....[92m ESTABLISHED [0m
[1m[ ] Deploying contract [0m[92m confirmed at address: 0x9E536236ABF2288a7864C6A1AfaA4Cb98D464306 [0m
[1m[ ] Contract code length on the blockchain : [0m [92m  63  : 0x6080604052600080fdfea2646970... [0m
[1m[ ] Contract address saved in file: [0m[92m./out/Initializable.address [0m
[94m[ ] Check if contract is SUICIDAL[0m

[ ] Contract address   : 0x9E536236ABF2288a7864C6A1AfaA4Cb98D464306
[ ] Contract bytecode  : 6080604052600080fdfea26469706673582212201570e6f43a...
[ ] Bytecode length    : 126
[ ] Blockchain contract: True
[ ] Debug              : False

[92m[-] The code does not contain SUICIDE instructions, hence it is not vulnerable[0m

====================================================================================================
[1m[ ] Compiling Solidity contract from the file /sb/0x70873211cb64c1d4ec027ea63a399a7d07c4085b.sol ... [0m[92m Done [0m
[1m[ ] Connecting to PRIVATE blockchain emptychain  [0m.....[92m ESTABLISHED [0m
[1m[ ] Sending Ether to contract 0x9E536236ABF2288a7864C6A1AfaA4Cb98D464306  [0m.......... tx[0] mined [92m Sent! [0m
[1m[ ] Deploying contract [0m[92m confirmed at address: 0x9E536236ABF2288a7864C6A1AfaA4Cb98D464306 [0m
[1m[ ] Contract code length on the blockchain : [0m [92m  63  : 0x6080604052600080fdfea2646970... [0m
[1m[ ] Contract address saved in file: [0m[92m./out/Initializable.address [0m
[1m[ ] The contract balance: 44  [0m[92m Positive balance[0m
[94m[ ] Check if contract is PRODIGAL[0m

[ ] Contract address   : 0x9E536236ABF2288a7864C6A1AfaA4Cb98D464306
[ ] Contract bytecode  : 6080604052600080fdfea26469706673582212201570e6f43a...
[ ] Bytecode length    : 126
[ ] Blockchain contract: True
[ ] Debug              : False
[92m[+] The code does not have CALL/SUICIDE, hence it is not prodigal[0m

====================================================================================================
[1m[ ] Compiling Solidity contract from the file /sb/0x70873211cb64c1d4ec027ea63a399a7d07c4085b.sol ... [0m[92m Done [0m
[1m[ ] Connecting to PRIVATE blockchain emptychain  [0m.....[92m ESTABLISHED [0m
[1m[ ] Deploying contract [0m[92m confirmed at address: 0x9E536236ABF2288a7864C6A1AfaA4Cb98D464306 [0m
[1m[ ] Contract code length on the blockchain : [0m [92m  63  : 0x6080604052600080fdfea2646970... [0m
[1m[ ] Contract address saved in file: [0m[92m./out/Initializable.address [0m
[94m[ ] Check if contract is GREEDY[0m

[ ] Contract address   : 0x9E536236ABF2288a7864C6A1AfaA4Cb98D464306
[ ] Contract bytecode  : 6080604052600080fdfea26469706673582212201570e6f43a...
[ ] Bytecode length    : 126
[ ] Debug              : False
[91m[-][0m [1mContract can receive Ether[0m

[92m[-] No lock vulnerability found because the contract cannot receive Ether [0m

====================================================================================================
[1m[ ] Compiling Solidity contract from the file /sb/0x70873211cb64c1d4ec027ea63a399a7d07c4085b.sol ... [0m[92m Done [0m
[1m[ ] Connecting to PRIVATE blockchain emptychain  [0m....[92m ESTABLISHED [0m
[1m[ ] Deploying contract [0m[92m confirmed at address: 0x9E536236ABF2288a7864C6A1AfaA4Cb98D464306 [0m
[1m[ ] Contract code length on the blockchain : [0m [92m  0  : 0x... [0m
[1m[ ] Contract address saved in file: [0m[92m./out/MasterChef.address [0m
[94m[ ] Check if contract is SUICIDAL[0m

[ ] Contract address   : 0x9E536236ABF2288a7864C6A1AfaA4Cb98D464306
[ ] Contract bytecode  : ...
[ ] Bytecode length    : 0
[ ] Blockchain contract: True
[ ] Debug              : False

[92m[-] The code does not contain SUICIDE instructions, hence it is not vulnerable[0m

====================================================================================================
[1m[ ] Compiling Solidity contract from the file /sb/0x70873211cb64c1d4ec027ea63a399a7d07c4085b.sol ... [0m[92m Done [0m
[1m[ ] Connecting to PRIVATE blockchain emptychain  [0m....[92m ESTABLISHED [0m
[1m[ ] Sending Ether to contract 0x9E536236ABF2288a7864C6A1AfaA4Cb98D464306  [0m........................................................................................................................... tx[0] mined [92m Sent! [0m
[1m[ ] Deploying contract [0m[92m confirmed at address: 0x9E536236ABF2288a7864C6A1AfaA4Cb98D464306 [0m
[1m[ ] Contract code length on the blockchain : [0m [92m  0  : 0x... [0m
[1m[ ] Contract address saved in file: [0m[92m./out/MasterChef.address [0m
[1m[ ] The contract balance: 44  [0m[92m Positive balance[0m
[94m[ ] Check if contract is PRODIGAL[0m

[ ] Contract address   : 0x9E536236ABF2288a7864C6A1AfaA4Cb98D464306
[ ] Contract bytecode  : ...
[ ] Bytecode length    : 0
[ ] Blockchain contract: True
[ ] Debug              : False
[92m[+] The code does not have CALL/SUICIDE, hence it is not prodigal[0m

====================================================================================================
[1m[ ] Compiling Solidity contract from the file /sb/0x70873211cb64c1d4ec027ea63a399a7d07c4085b.sol ... [0m[92m Done [0m
[1m[ ] Connecting to PRIVATE blockchain emptychain  [0m....[92m ESTABLISHED [0m
[1m[ ] Deploying contract [0m[92m confirmed at address: 0x9E536236ABF2288a7864C6A1AfaA4Cb98D464306 [0m
[1m[ ] Contract code length on the blockchain : [0m [92m  0  : 0x... [0m
[1m[ ] Contract address saved in file: [0m[92m./out/MasterChef.address [0m
[94m[ ] Check if contract is GREEDY[0m

[ ] Contract address   : 0x9E536236ABF2288a7864C6A1AfaA4Cb98D464306
[ ] Contract bytecode  : ...
[ ] Bytecode length    : 0
[ ] Debug              : False
[91m[-][0m [1mContract can receive Ether[0m

[92m[-] No lock vulnerability found because the contract cannot receive Ether [0m

====================================================================================================
[1m[ ] Compiling Solidity contract from the file /sb/0x70873211cb64c1d4ec027ea63a399a7d07c4085b.sol ... [0m[92m Done [0m
[1m[ ] Connecting to PRIVATE blockchain emptychain  [0m......[92m ESTABLISHED [0m
[1m[ ] Deploying contract [0m[92m confirmed at address: 0x9E536236ABF2288a7864C6A1AfaA4Cb98D464306 [0m
[1m[ ] Contract code length on the blockchain : [0m [92m  86  : 0x739e536236abf2288a7864c6a1af... [0m
[1m[ ] Contract address saved in file: [0m[92m./out/SafeBEP20.address [0m
[94m[ ] Check if contract is SUICIDAL[0m

[ ] Contract address   : 0x9E536236ABF2288a7864C6A1AfaA4Cb98D464306
[ ] Contract bytecode  : 739e536236abf2288a7864c6a1afaa4cb98d46430630146080...
[ ] Bytecode length    : 172
[ ] Blockchain contract: True
[ ] Debug              : False

[92m[-] The code does not contain SUICIDE instructions, hence it is not vulnerable[0m

====================================================================================================
[1m[ ] Compiling Solidity contract from the file /sb/0x70873211cb64c1d4ec027ea63a399a7d07c4085b.sol ... [0m[92m Done [0m
[1m[ ] Connecting to PRIVATE blockchain emptychain  [0m....[92m ESTABLISHED [0m
[1m[ ] Sending Ether to contract 0x9E536236ABF2288a7864C6A1AfaA4Cb98D464306  [0m.. tx[0] mined [92m Sent! [0m
[1m[ ] Deploying contract [0m[92m confirmed at address: 0x9E536236ABF2288a7864C6A1AfaA4Cb98D464306 [0m
[1m[ ] Contract code length on the blockchain : [0m [92m  86  : 0x739e536236abf2288a7864c6a1af... [0m
[1m[ ] Contract address saved in file: [0m[92m./out/SafeBEP20.address [0m
[1m[ ] The contract balance: 44  [0m[92m Positive balance[0m
[94m[ ] Check if contract is PRODIGAL[0m

[ ] Contract address   : 0x9E536236ABF2288a7864C6A1AfaA4Cb98D464306
[ ] Contract bytecode  : 739e536236abf2288a7864c6a1afaa4cb98d46430630146080...
[ ] Bytecode length    : 172
[ ] Blockchain contract: True
[ ] Debug              : False
[92m[+] The code does not have CALL/SUICIDE, hence it is not prodigal[0m

====================================================================================================
[1m[ ] Compiling Solidity contract from the file /sb/0x70873211cb64c1d4ec027ea63a399a7d07c4085b.sol ... [0m[92m Done [0m
[1m[ ] Connecting to PRIVATE blockchain emptychain  [0m.....[92m ESTABLISHED [0m
[1m[ ] Deploying contract [0m[92m confirmed at address: 0x9E536236ABF2288a7864C6A1AfaA4Cb98D464306 [0m
[1m[ ] Contract code length on the blockchain : [0m [92m  86  : 0x739e536236abf2288a7864c6a1af... [0m
[1m[ ] Contract address saved in file: [0m[92m./out/SafeBEP20.address [0m
[94m[ ] Check if contract is GREEDY[0m

[ ] Contract address   : 0x9E536236ABF2288a7864C6A1AfaA4Cb98D464306
[ ] Contract bytecode  : 739e536236abf2288a7864c6a1afaa4cb98d46430630146080...
[ ] Bytecode length    : 172
[ ] Debug              : False
[91m[-][0m [1mContract can receive Ether[0m

[92m[-] No lock vulnerability found because the contract cannot receive Ether [0m

====================================================================================================
[1m[ ] Compiling Solidity contract from the file /sb/0x70873211cb64c1d4ec027ea63a399a7d07c4085b.sol ... [0m[92m Done [0m
[1m[ ] Connecting to PRIVATE blockchain emptychain  [0m....[92m ESTABLISHED [0m
[1m[ ] Deploying contract [0m[92m confirmed at address: 0x9E536236ABF2288a7864C6A1AfaA4Cb98D464306 [0m
[1m[ ] Contract code length on the blockchain : [0m [92m  86  : 0x739e536236abf2288a7864c6a1af... [0m
[1m[ ] Contract address saved in file: [0m[92m./out/SafeMath.address [0m
[94m[ ] Check if contract is SUICIDAL[0m

[ ] Contract address   : 0x9E536236ABF2288a7864C6A1AfaA4Cb98D464306
[ ] Contract bytecode  : 739e536236abf2288a7864c6a1afaa4cb98d46430630146080...
[ ] Bytecode length    : 172
[ ] Blockchain contract: True
[ ] Debug              : False

[92m[-] The code does not contain SUICIDE instructions, hence it is not vulnerable[0m

====================================================================================================
[1m[ ] Compiling Solidity contract from the file /sb/0x70873211cb64c1d4ec027ea63a399a7d07c4085b.sol ... [0m[92m Done [0m
[1m[ ] Connecting to PRIVATE blockchain emptychain  [0m....[92m ESTABLISHED [0m
[1m[ ] Sending Ether to contract 0x9E536236ABF2288a7864C6A1AfaA4Cb98D464306  [0m...... tx[0] mined [92m Sent! [0m
[1m[ ] Deploying contract [0m[92m confirmed at address: 0x9E536236ABF2288a7864C6A1AfaA4Cb98D464306 [0m
[1m[ ] Contract code length on the blockchain : [0m [92m  86  : 0x739e536236abf2288a7864c6a1af... [0m
[1m[ ] Contract address saved in file: [0m[92m./out/SafeMath.address [0m
[1m[ ] The contract balance: 44  [0m[92m Positive balance[0m
[94m[ ] Check if contract is PRODIGAL[0m

[ ] Contract address   : 0x9E536236ABF2288a7864C6A1AfaA4Cb98D464306
[ ] Contract bytecode  : 739e536236abf2288a7864c6a1afaa4cb98d46430630146080...
[ ] Bytecode length    : 172
[ ] Blockchain contract: True
[ ] Debug              : False
[92m[+] The code does not have CALL/SUICIDE, hence it is not prodigal[0m

====================================================================================================
[1m[ ] Compiling Solidity contract from the file /sb/0x70873211cb64c1d4ec027ea63a399a7d07c4085b.sol ... [0m[92m Done [0m
[1m[ ] Connecting to PRIVATE blockchain emptychain  [0m....[92m ESTABLISHED [0m
[1m[ ] Deploying contract [0mException: Transaction HexBytes('0x7ca3ea29a4563a90d54e4142a12ef1fb81e64bb5da81f34e58f1d27ec5ad789a') is not in the chain after 120 seconds
[91m[-] Cannot deploy the contract [0m

====================================================================================================
[1m[ ] Compiling Solidity contract from the file /sb/0x70873211cb64c1d4ec027ea63a399a7d07c4085b.sol ... [0m[92m Done [0m
[1m[ ] Connecting to PRIVATE blockchain emptychain  [0m.....[92m ESTABLISHED [0m
[1m[ ] Deploying contract [0m[92m confirmed at address: 0x9E536236ABF2288a7864C6A1AfaA4Cb98D464306 [0m
[1m[ ] Contract code length on the blockchain : [0m [92m  12818  : 0x6080604052348015610010576000... [0m
[1m[ ] Contract address saved in file: [0m[92m./out/xCrssToken.address [0m
[94m[ ] Check if contract is SUICIDAL[0m

[ ] Contract address   : 0x9E536236ABF2288a7864C6A1AfaA4Cb98D464306
[ ] Contract bytecode  : 608060405234801561001057600080fd5b5060043610610142...
[ ] Bytecode length    : 25636
[ ] Blockchain contract: True
[ ] Debug              : False

[92m[-] The code does not contain SUICIDE instructions, hence it is not vulnerable[0m

====================================================================================================
[1m[ ] Compiling Solidity contract from the file /sb/0x70873211cb64c1d4ec027ea63a399a7d07c4085b.sol ... [0m[92m Done [0m
[1m[ ] Connecting to PRIVATE blockchain emptychain  [0m....[92m ESTABLISHED [0m
[1m[ ] Sending Ether to contract 0x9E536236ABF2288a7864C6A1AfaA4Cb98D464306  [0m..... tx[0] mined [92m Sent! [0m
[1m[ ] Deploying contract [0m[92m confirmed at address: 0x9E536236ABF2288a7864C6A1AfaA4Cb98D464306 [0m
[1m[ ] Contract code length on the blockchain : [0m [92m  12818  : 0x6080604052348015610010576000... [0m
[1m[ ] Contract address saved in file: [0m[92m./out/xCrssToken.address [0m
[1m[ ] The contract balance: 44  [0m[92m Positive balance[0m
[94m[ ] Check if contract is PRODIGAL[0m

[ ] Contract address   : 0x9E536236ABF2288a7864C6A1AfaA4Cb98D464306
[ ] Contract bytecode  : 608060405234801561001057600080fd5b5060043610610142...
[ ] Bytecode length    : 25636
[ ] Blockchain contract: True
[ ] Debug              : False

[ ][1m Search with call depth: 1   : [0mUnknown operation  at pos 15

[ ][1m Search with call depth: 2   : [0mUnknown operation  at pos 15

[ ][1m Search with call depth: 3   : [0mUnknown operation  at pos 15

[92m[+] No prodigal vulnerability found [0m

====================================================================================================
[1m[ ] Compiling Solidity contract from the file /sb/0x70873211cb64c1d4ec027ea63a399a7d07c4085b.sol ... [0m[92m Done [0m
[1m[ ] Connecting to PRIVATE blockchain emptychain  [0m.....[92m ESTABLISHED [0m
[1m[ ] Deploying contract [0m[92m confirmed at address: 0x9E536236ABF2288a7864C6A1AfaA4Cb98D464306 [0m
[1m[ ] Contract code length on the blockchain : [0m [92m  12818  : 0x6080604052348015610010576000... [0m
[1m[ ] Contract address saved in file: [0m[92m./out/xCrssToken.address [0m
[94m[ ] Check if contract is GREEDY[0m

[ ] Contract address   : 0x9E536236ABF2288a7864C6A1AfaA4Cb98D464306
[ ] Contract bytecode  : 608060405234801561001057600080fd5b5060043610610142...
[ ] Bytecode length    : 25636
[ ] Debug              : False
[91m[-][0m [1mContract can receive Ether[0m

[92m[-] No lock vulnerability found because the contract cannot receive Ether [0m
