2023-03-26 02:50:44,133 - Main     - INFO - [1mInitializing seed to 1427655.0[0m
2023-03-26 02:50:44,464 - Main     - ERROR - [91m[1mNo compiler output for: /sb/0x70873211cb64c1d4ec027ea63a399a7d07c4085b.sol[0m[0m

     ______            ______                _           
    / ____/___  ____  / ____/_  __________  (_)_  _______
   / /   / __ \/ __ \/ /_  / / / /_  /_  / / / / / / ___/
  / /___/ /_/ / / / / __/ / /_/ / / /_/ /_/ / /_/ (__  ) 
  \____/\____/_/ /_/_/    \__,_/ /___/___/_/\__,_/____/  

delteed file
Error: Solidity compilation failed!
/sb/0x70873211cb64c1d4ec027ea63a399a7d07c4085b.sol:351:24: TypeError: The "shr" instruction is only available for Constantinople-compatible VMs (you are currently compiling for "byzantium").
                ret := shr(96,calldataload(sub(calldatasize(),20)))
                       ^-^

/sb/0x70873211cb64c1d4ec027ea63a399a7d07c4085b.sol:351:17: DeclarationError: Variable count does not match number of values (1 vs. 0)
                ret := shr(96,calldataload(sub(calldatasize(),20)))
                ^-------------------------------------------------^

/sb/0x70873211cb64c1d4ec027ea63a399a7d07c4085b.sol:1909:31: TypeError: The "chainid" instruction is only available for Istanbul-compatible VMs (you are currently compiling for "byzantium").
        assembly { chainId := chainid() }
                              ^-----^

/sb/0x70873211cb64c1d4ec027ea63a399a7d07c4085b.sol:1909:20: DeclarationError: Variable count does not match number of values (1 vs. 0)
        assembly { chainId := chainid() }
                   ^------------------^

