Compilation warnings/errors on /sb/0x9daec8d56cdcbde72abe65f4a5daf8cc0a5bf2f9.sol:
Warning: Using ".value(...)" is deprecated. Use "{value: ...}" instead.
    --> /sb/0x9daec8d56cdcbde72abe65f4a5daf8cc0a5bf2f9.sol:3439:9:
     |
3439 |         weth.deposit.value(msg.value)();
     |         ^^^^^^^^^^^^^^^^^^

Warning: Using ".value(...)" is deprecated. Use "{value: ...}" instead.
    --> /sb/0x9daec8d56cdcbde72abe65f4a5daf8cc0a5bf2f9.sol:3459:28:
     |
3459 |         (bool success, ) = to.call.value(quantity)("");
     |                            ^^^^^^^^^^^^^

Warning: Unused local variable.
    --> /sb/0x9daec8d56cdcbde72abe65f4a5daf8cc0a5bf2f9.sol:3500:10:
     |
3500 |         (uint256 outputOptions, uint256 outputRedeems) =
     |          ^^^^^^^^^^^^^^^^^^^^^

Warning: Unused function parameter. Remove or comment out the variable name to silence this warning.
    --> /sb/0x9daec8d56cdcbde72abe65f4a5daf8cc0a5bf2f9.sol:4678:9:
     |
4678 |         address sender,
     |         ^^^^^^^^^^^^^^

Warning: Unused function parameter. Remove or comment out the variable name to silence this warning.
    --> /sb/0x9daec8d56cdcbde72abe65f4a5daf8cc0a5bf2f9.sol:4679:9:
     |
4679 |         uint256 amount0,
     |         ^^^^^^^^^^^^^^^

Warning: Unused function parameter. Remove or comment out the variable name to silence this warning.
    --> /sb/0x9daec8d56cdcbde72abe65f4a5daf8cc0a5bf2f9.sol:4680:9:
     |
4680 |         uint256 amount1,
     |         ^^^^^^^^^^^^^^^

Warning: Contract code size exceeds 24576 bytes (a limit introduced in Spurious Dragon). This contract may not be deployable on mainnet. Consider enabling the optimizer (with a low "runs" value!), turning off revert strings, or using libraries.
    --> /sb/0x9daec8d56cdcbde72abe65f4a5daf8cc0a5bf2f9.sol:4286:1:
     |
4286 | contract UniswapConnector03 is
     | ^ (Relevant source part starts here and spans across multiple lines).


[91m
WethConnectorLib01._depositEthSendWeth(IWETH,address) (../../sb/0x9daec8d56cdcbde72abe65f4a5daf8cc0a5bf2f9.sol#3437-3443) ignores return value by weth.transfer(to,msg.value) (../../sb/0x9daec8d56cdcbde72abe65f4a5daf8cc0a5bf2f9.sol#3442)
Reference: https://github.com/crytic/slither/wiki/Detector-Documentation#unchecked-transfer[0m
[93m
UniswapConnectorLib03.getClosePremium(IUniswapV2Router02,IOption,uint256).loanRemainder (../../sb/0x9daec8d56cdcbde72abe65f4a5daf8cc0a5bf2f9.sol#4106) is a local variable never initialized
UniswapConnectorLib03.getOpenPremium(IUniswapV2Router02,IOption,uint256).loanRemainderInUnderlyings (../../sb/0x9daec8d56cdcbde72abe65f4a5daf8cc0a5bf2f9.sol#4034) is a local variable never initialized
Reference: https://github.com/crytic/slither/wiki/Detector-Documentation#uninitialized-local-variables[0m
[93m
UniswapConnectorLib03.swapExactOptionsForTokens(IUniswapV2Router02,address,uint256,uint256,address[],address,uint256) (../../sb/0x9daec8d56cdcbde72abe65f4a5daf8cc0a5bf2f9.sol#3795-3818) ignores return value by IERC20(tokenAddress).approve(address(router),uint256(- 1)) (../../sb/0x9daec8d56cdcbde72abe65f4a5daf8cc0a5bf2f9.sol#3808)
UniswapConnectorLib03.addExactShortLiquidity(IUniswapV2Router02,address,address,uint256,uint256,uint256,address,uint256) (../../sb/0x9daec8d56cdcbde72abe65f4a5daf8cc0a5bf2f9.sol#3822-3862) ignores return value by IERC20(tokenA).approve(address(router),uint256(- 1)) (../../sb/0x9daec8d56cdcbde72abe65f4a5daf8cc0a5bf2f9.sol#3847)
UniswapConnectorLib03.addExactShortLiquidity(IUniswapV2Router02,address,address,uint256,uint256,uint256,address,uint256) (../../sb/0x9daec8d56cdcbde72abe65f4a5daf8cc0a5bf2f9.sol#3822-3862) ignores return value by IERC20(tokenB).approve(address(router),uint256(- 1)) (../../sb/0x9daec8d56cdcbde72abe65f4a5daf8cc0a5bf2f9.sol#3848)
UniswapConnectorLib03.removeLiquidity(IUniswapV2Router02,address,address,uint256,uint256,uint256,uint256) (../../sb/0x9daec8d56cdcbde72abe65f4a5daf8cc0a5bf2f9.sol#3934-3963) ignores return value by IERC20(pair).approve(address(router),uint256(- 1)) (../../sb/0x9daec8d56cdcbde72abe65f4a5daf8cc0a5bf2f9.sol#3949)
UniswapConnectorLib03.closeOptionsWithShortTokens(ITrader,IOption,uint256,address) (../../sb/0x9daec8d56cdcbde72abe65f4a5daf8cc0a5bf2f9.sol#3971-4003) ignores return value by IERC20(address(optionToken)).approve(address(trader),uint256(- 1)) (../../sb/0x9daec8d56cdcbde72abe65f4a5daf8cc0a5bf2f9.sol#3985)
UniswapConnectorLib03.closeOptionsWithShortTokens(ITrader,IOption,uint256,address) (../../sb/0x9daec8d56cdcbde72abe65f4a5daf8cc0a5bf2f9.sol#3971-4003) ignores return value by IERC20(optionToken.redeemToken()).approve(address(trader),uint256(- 1)) (../../sb/0x9daec8d56cdcbde72abe65f4a5daf8cc0a5bf2f9.sol#3986)
Reference: https://github.com/crytic/slither/wiki/Detector-Documentation#unused-return[0m
[92m
ERC20.constructor(string,string).name (../../sb/0x9daec8d56cdcbde72abe65f4a5daf8cc0a5bf2f9.sol#425) shadows:
	- ERC20.name() (../../sb/0x9daec8d56cdcbde72abe65f4a5daf8cc0a5bf2f9.sol#434-436) (function)
ERC20.constructor(string,string).symbol (../../sb/0x9daec8d56cdcbde72abe65f4a5daf8cc0a5bf2f9.sol#425) shadows:
	- ERC20.symbol() (../../sb/0x9daec8d56cdcbde72abe65f4a5daf8cc0a5bf2f9.sol#442-444) (function)
Reference: https://github.com/crytic/slither/wiki/Detector-Documentation#local-variable-shadowing[0m
[92m
Reentrancy in UniswapConnector03.flashCloseLongOptionsThenSwap(address,address,uint256,uint256,address[],address) (../../sb/0x9daec8d56cdcbde72abe65f4a5daf8cc0a5bf2f9.sol#4422-4442):
	External calls:
	- (outputUnderlyings,underlyingPayout) = UniswapConnectorLib03.flashCloseLongOptionsThenSwap(router,pairAddress,optionAddress,flashLoanQuantity,minPayout,path,to) (../../sb/0x9daec8d56cdcbde72abe65f4a5daf8cc0a5bf2f9.sol#4430-4439)
	Event emitted after the call(s):
	- FlashClosed(msg.sender,outputUnderlyings,underlyingPayout) (../../sb/0x9daec8d56cdcbde72abe65f4a5daf8cc0a5bf2f9.sol#4440)
Reentrancy in UniswapConnector03.flashMintShortOptionsThenSwap(address,address,uint256,uint256,address[],address) (../../sb/0x9daec8d56cdcbde72abe65f4a5daf8cc0a5bf2f9.sol#4392-4412):
	External calls:
	- (outputOptions,loanRemainder) = UniswapConnectorLib03.flashMintShortOptionsThenSwap(router,pairAddress,optionAddress,flashLoanQuantity,maxPremium,path,to) (../../sb/0x9daec8d56cdcbde72abe65f4a5daf8cc0a5bf2f9.sol#4400-4409)
	Event emitted after the call(s):
	- FlashOpened(msg.sender,outputOptions,loanRemainder) (../../sb/0x9daec8d56cdcbde72abe65f4a5daf8cc0a5bf2f9.sol#4410)
Reentrancy in UniswapConnector03.mintOptionsThenFlashCloseLong(IOption,uint256,uint256) (../../sb/0x9daec8d56cdcbde72abe65f4a5daf8cc0a5bf2f9.sol#4360-4374):
	External calls:
	- (outputRedeems) = TraderLib.safeMint(optionToken,writeQuantity,msg.sender) (../../sb/0x9daec8d56cdcbde72abe65f4a5daf8cc0a5bf2f9.sol#4366-4367)
	- success = closeFlashLong(optionToken,outputRedeems,minPayout) (../../sb/0x9daec8d56cdcbde72abe65f4a5daf8cc0a5bf2f9.sol#4370)
		- pair.swap(amount0Out,amount1Out,address(this),params) (../../sb/0x9daec8d56cdcbde72abe65f4a5daf8cc0a5bf2f9.sol#4551)
	Event emitted after the call(s):
	- WroteOption(msg.sender,writeQuantity) (../../sb/0x9daec8d56cdcbde72abe65f4a5daf8cc0a5bf2f9.sol#4372)
Reference: https://github.com/crytic/slither/wiki/Detector-Documentation#reentrancy-vulnerabilities-3[0m
[92m
TraderLib.safeUnwind(IOption,uint256,address) (../../sb/0x9daec8d56cdcbde72abe65f4a5daf8cc0a5bf2f9.sol#3014-3056) uses timestamp for comparisons
	Dangerous comparisons:
	- require(bool,string)(optionToken.getExpiryTime() < block.timestamp,ERR_NOT_EXPIRED) (../../sb/0x9daec8d56cdcbde72abe65f4a5daf8cc0a5bf2f9.sol#3029-3032)
WethConnectorLib01.safeUnwindForETH(IWETH,IOption,uint256,address) (../../sb/0x9daec8d56cdcbde72abe65f4a5daf8cc0a5bf2f9.sol#3378-3429) uses timestamp for comparisons
	Dangerous comparisons:
	- require(bool,string)(optionToken.getExpiryTime() < now,ERR_NOT_EXPIRED) (../../sb/0x9daec8d56cdcbde72abe65f4a5daf8cc0a5bf2f9.sol#3398)
Reference: https://github.com/crytic/slither/wiki/Detector-Documentation#block-timestamp[0m
[92m
Address.isContract(address) (../../sb/0x9daec8d56cdcbde72abe65f4a5daf8cc0a5bf2f9.sol#773-782) uses assembly
	- INLINE ASM (../../sb/0x9daec8d56cdcbde72abe65f4a5daf8cc0a5bf2f9.sol#780)
Address._functionCallWithValue(address,bytes,uint256,string) (../../sb/0x9daec8d56cdcbde72abe65f4a5daf8cc0a5bf2f9.sol#866-887) uses assembly
	- INLINE ASM (../../sb/0x9daec8d56cdcbde72abe65f4a5daf8cc0a5bf2f9.sol#879-882)
console._sendLogPayload(bytes) (../../sb/0x9daec8d56cdcbde72abe65f4a5daf8cc0a5bf2f9.sol#1192-1199) uses assembly
	- INLINE ASM (../../sb/0x9daec8d56cdcbde72abe65f4a5daf8cc0a5bf2f9.sol#1195-1198)
Reference: https://github.com/crytic/slither/wiki/Detector-Documentation#assembly-usage[0m
[92m
Address.functionCall(address,bytes) (../../sb/0x9daec8d56cdcbde72abe65f4a5daf8cc0a5bf2f9.sol#826-828) is never used and should be removed
Address.functionCallWithValue(address,bytes,uint256) (../../sb/0x9daec8d56cdcbde72abe65f4a5daf8cc0a5bf2f9.sol#851-853) is never used and should be removed
Address.functionCallWithValue(address,bytes,uint256,string) (../../sb/0x9daec8d56cdcbde72abe65f4a5daf8cc0a5bf2f9.sol#861-864) is never used and should be removed
Address.sendValue(address,uint256) (../../sb/0x9daec8d56cdcbde72abe65f4a5daf8cc0a5bf2f9.sol#800-806) is never used and should be removed
Context._msgData() (../../sb/0x9daec8d56cdcbde72abe65f4a5daf8cc0a5bf2f9.sol#368-371) is never used and should be removed
ERC20._burn(address,uint256) (../../sb/0x9daec8d56cdcbde72abe65f4a5daf8cc0a5bf2f9.sol#618-626) is never used and should be removed
ERC20._mint(address,uint256) (../../sb/0x9daec8d56cdcbde72abe65f4a5daf8cc0a5bf2f9.sol#597-605) is never used and should be removed
ERC20._setupDecimals(uint8) (../../sb/0x9daec8d56cdcbde72abe65f4a5daf8cc0a5bf2f9.sol#656-658) is never used and should be removed
SafeERC20.safeApprove(IERC20,address,uint256) (../../sb/0x9daec8d56cdcbde72abe65f4a5daf8cc0a5bf2f9.sol#919-928) is never used and should be removed
SafeERC20.safeDecreaseAllowance(IERC20,address,uint256) (../../sb/0x9daec8d56cdcbde72abe65f4a5daf8cc0a5bf2f9.sol#935-938) is never used and should be removed
SafeERC20.safeIncreaseAllowance(IERC20,address,uint256) (../../sb/0x9daec8d56cdcbde72abe65f4a5daf8cc0a5bf2f9.sol#930-933) is never used and should be removed
SafeMath.mod(uint256,uint256) (../../sb/0x9daec8d56cdcbde72abe65f4a5daf8cc0a5bf2f9.sol#139-141) is never used and should be removed
SafeMath.mod(uint256,uint256,string) (../../sb/0x9daec8d56cdcbde72abe65f4a5daf8cc0a5bf2f9.sol#155-158) is never used and should be removed
TraderLib.safeClose(IOption,uint256,address) (../../sb/0x9daec8d56cdcbde72abe65f4a5daf8cc0a5bf2f9.sol#2962-3006) is never used and should be removed
TraderLib.safeExercise(IOption,uint256,address) (../../sb/0x9daec8d56cdcbde72abe65f4a5daf8cc0a5bf2f9.sol#2884-2923) is never used and should be removed
TraderLib.safeRedeem(IOption,uint256,address) (../../sb/0x9daec8d56cdcbde72abe65f4a5daf8cc0a5bf2f9.sol#2932-2951) is never used and should be removed
TraderLib.safeUnwind(IOption,uint256,address) (../../sb/0x9daec8d56cdcbde72abe65f4a5daf8cc0a5bf2f9.sol#3014-3056) is never used and should be removed
WethConnectorLib01._depositEthSendWeth(IWETH,address) (../../sb/0x9daec8d56cdcbde72abe65f4a5daf8cc0a5bf2f9.sol#3437-3443) is never used and should be removed
WethConnectorLib01._withdrawEthAndSend(IWETH,address,uint256) (../../sb/0x9daec8d56cdcbde72abe65f4a5daf8cc0a5bf2f9.sol#3450-3463) is never used and should be removed
WethConnectorLib01.safeCloseForETH(IWETH,IOption,uint256,address) (../../sb/0x9daec8d56cdcbde72abe65f4a5daf8cc0a5bf2f9.sol#3309-3368) is never used and should be removed
WethConnectorLib01.safeExerciseForETH(IWETH,IOption,uint256,address) (../../sb/0x9daec8d56cdcbde72abe65f4a5daf8cc0a5bf2f9.sol#3198-3254) is never used and should be removed
WethConnectorLib01.safeExerciseWithETH(IWETH,IOption,address) (../../sb/0x9daec8d56cdcbde72abe65f4a5daf8cc0a5bf2f9.sol#3143-3187) is never used and should be removed
WethConnectorLib01.safeMintWithETH(IWETH,IOption,address) (../../sb/0x9daec8d56cdcbde72abe65f4a5daf8cc0a5bf2f9.sol#3115-3132) is never used and should be removed
WethConnectorLib01.safeRedeemForETH(IWETH,IOption,uint256,address) (../../sb/0x9daec8d56cdcbde72abe65f4a5daf8cc0a5bf2f9.sol#3264-3297) is never used and should be removed
WethConnectorLib01.safeUnwindForETH(IWETH,IOption,uint256,address) (../../sb/0x9daec8d56cdcbde72abe65f4a5daf8cc0a5bf2f9.sol#3378-3429) is never used and should be removed
console._sendLogPayload(bytes) (../../sb/0x9daec8d56cdcbde72abe65f4a5daf8cc0a5bf2f9.sol#1192-1199) is never used and should be removed
console.log() (../../sb/0x9daec8d56cdcbde72abe65f4a5daf8cc0a5bf2f9.sol#1201-1203) is never used and should be removed
console.log(address) (../../sb/0x9daec8d56cdcbde72abe65f4a5daf8cc0a5bf2f9.sol#1373-1375) is never used and should be removed
console.log(address,address) (../../sb/0x9daec8d56cdcbde72abe65f4a5daf8cc0a5bf2f9.sol#1437-1439) is never used and should be removed
console.log(address,address,address) (../../sb/0x9daec8d56cdcbde72abe65f4a5daf8cc0a5bf2f9.sol#1693-1695) is never used and should be removed
console.log(address,address,address,address) (../../sb/0x9daec8d56cdcbde72abe65f4a5daf8cc0a5bf2f9.sol#2717-2719) is never used and should be removed
console.log(address,address,address,bool) (../../sb/0x9daec8d56cdcbde72abe65f4a5daf8cc0a5bf2f9.sol#2713-2715) is never used and should be removed
console.log(address,address,address,string) (../../sb/0x9daec8d56cdcbde72abe65f4a5daf8cc0a5bf2f9.sol#2709-2711) is never used and should be removed
console.log(address,address,address,uint256) (../../sb/0x9daec8d56cdcbde72abe65f4a5daf8cc0a5bf2f9.sol#2705-2707) is never used and should be removed
console.log(address,address,bool) (../../sb/0x9daec8d56cdcbde72abe65f4a5daf8cc0a5bf2f9.sol#1689-1691) is never used and should be removed
console.log(address,address,bool,address) (../../sb/0x9daec8d56cdcbde72abe65f4a5daf8cc0a5bf2f9.sol#2701-2703) is never used and should be removed
console.log(address,address,bool,bool) (../../sb/0x9daec8d56cdcbde72abe65f4a5daf8cc0a5bf2f9.sol#2697-2699) is never used and should be removed
console.log(address,address,bool,string) (../../sb/0x9daec8d56cdcbde72abe65f4a5daf8cc0a5bf2f9.sol#2693-2695) is never used and should be removed
console.log(address,address,bool,uint256) (../../sb/0x9daec8d56cdcbde72abe65f4a5daf8cc0a5bf2f9.sol#2689-2691) is never used and should be removed
console.log(address,address,string) (../../sb/0x9daec8d56cdcbde72abe65f4a5daf8cc0a5bf2f9.sol#1685-1687) is never used and should be removed
console.log(address,address,string,address) (../../sb/0x9daec8d56cdcbde72abe65f4a5daf8cc0a5bf2f9.sol#2685-2687) is never used and should be removed
console.log(address,address,string,bool) (../../sb/0x9daec8d56cdcbde72abe65f4a5daf8cc0a5bf2f9.sol#2681-2683) is never used and should be removed
console.log(address,address,string,string) (../../sb/0x9daec8d56cdcbde72abe65f4a5daf8cc0a5bf2f9.sol#2677-2679) is never used and should be removed
console.log(address,address,string,uint256) (../../sb/0x9daec8d56cdcbde72abe65f4a5daf8cc0a5bf2f9.sol#2673-2675) is never used and should be removed
console.log(address,address,uint256) (../../sb/0x9daec8d56cdcbde72abe65f4a5daf8cc0a5bf2f9.sol#1681-1683) is never used and should be removed
console.log(address,address,uint256,address) (../../sb/0x9daec8d56cdcbde72abe65f4a5daf8cc0a5bf2f9.sol#2669-2671) is never used and should be removed
console.log(address,address,uint256,bool) (../../sb/0x9daec8d56cdcbde72abe65f4a5daf8cc0a5bf2f9.sol#2665-2667) is never used and should be removed
console.log(address,address,uint256,string) (../../sb/0x9daec8d56cdcbde72abe65f4a5daf8cc0a5bf2f9.sol#2661-2663) is never used and should be removed
console.log(address,address,uint256,uint256) (../../sb/0x9daec8d56cdcbde72abe65f4a5daf8cc0a5bf2f9.sol#2657-2659) is never used and should be removed
console.log(address,bool) (../../sb/0x9daec8d56cdcbde72abe65f4a5daf8cc0a5bf2f9.sol#1433-1435) is never used and should be removed
console.log(address,bool,address) (../../sb/0x9daec8d56cdcbde72abe65f4a5daf8cc0a5bf2f9.sol#1677-1679) is never used and should be removed
console.log(address,bool,address,address) (../../sb/0x9daec8d56cdcbde72abe65f4a5daf8cc0a5bf2f9.sol#2653-2655) is never used and should be removed
console.log(address,bool,address,bool) (../../sb/0x9daec8d56cdcbde72abe65f4a5daf8cc0a5bf2f9.sol#2649-2651) is never used and should be removed
console.log(address,bool,address,string) (../../sb/0x9daec8d56cdcbde72abe65f4a5daf8cc0a5bf2f9.sol#2645-2647) is never used and should be removed
console.log(address,bool,address,uint256) (../../sb/0x9daec8d56cdcbde72abe65f4a5daf8cc0a5bf2f9.sol#2641-2643) is never used and should be removed
console.log(address,bool,bool) (../../sb/0x9daec8d56cdcbde72abe65f4a5daf8cc0a5bf2f9.sol#1673-1675) is never used and should be removed
console.log(address,bool,bool,address) (../../sb/0x9daec8d56cdcbde72abe65f4a5daf8cc0a5bf2f9.sol#2637-2639) is never used and should be removed
console.log(address,bool,bool,bool) (../../sb/0x9daec8d56cdcbde72abe65f4a5daf8cc0a5bf2f9.sol#2633-2635) is never used and should be removed
console.log(address,bool,bool,string) (../../sb/0x9daec8d56cdcbde72abe65f4a5daf8cc0a5bf2f9.sol#2629-2631) is never used and should be removed
console.log(address,bool,bool,uint256) (../../sb/0x9daec8d56cdcbde72abe65f4a5daf8cc0a5bf2f9.sol#2625-2627) is never used and should be removed
console.log(address,bool,string) (../../sb/0x9daec8d56cdcbde72abe65f4a5daf8cc0a5bf2f9.sol#1669-1671) is never used and should be removed
console.log(address,bool,string,address) (../../sb/0x9daec8d56cdcbde72abe65f4a5daf8cc0a5bf2f9.sol#2621-2623) is never used and should be removed
console.log(address,bool,string,bool) (../../sb/0x9daec8d56cdcbde72abe65f4a5daf8cc0a5bf2f9.sol#2617-2619) is never used and should be removed
console.log(address,bool,string,string) (../../sb/0x9daec8d56cdcbde72abe65f4a5daf8cc0a5bf2f9.sol#2613-2615) is never used and should be removed
console.log(address,bool,string,uint256) (../../sb/0x9daec8d56cdcbde72abe65f4a5daf8cc0a5bf2f9.sol#2609-2611) is never used and should be removed
console.log(address,bool,uint256) (../../sb/0x9daec8d56cdcbde72abe65f4a5daf8cc0a5bf2f9.sol#1665-1667) is never used and should be removed
console.log(address,bool,uint256,address) (../../sb/0x9daec8d56cdcbde72abe65f4a5daf8cc0a5bf2f9.sol#2605-2607) is never used and should be removed
console.log(address,bool,uint256,bool) (../../sb/0x9daec8d56cdcbde72abe65f4a5daf8cc0a5bf2f9.sol#2601-2603) is never used and should be removed
console.log(address,bool,uint256,string) (../../sb/0x9daec8d56cdcbde72abe65f4a5daf8cc0a5bf2f9.sol#2597-2599) is never used and should be removed
console.log(address,bool,uint256,uint256) (../../sb/0x9daec8d56cdcbde72abe65f4a5daf8cc0a5bf2f9.sol#2593-2595) is never used and should be removed
console.log(address,string) (../../sb/0x9daec8d56cdcbde72abe65f4a5daf8cc0a5bf2f9.sol#1429-1431) is never used and should be removed
console.log(address,string,address) (../../sb/0x9daec8d56cdcbde72abe65f4a5daf8cc0a5bf2f9.sol#1661-1663) is never used and should be removed
console.log(address,string,address,address) (../../sb/0x9daec8d56cdcbde72abe65f4a5daf8cc0a5bf2f9.sol#2589-2591) is never used and should be removed
console.log(address,string,address,bool) (../../sb/0x9daec8d56cdcbde72abe65f4a5daf8cc0a5bf2f9.sol#2585-2587) is never used and should be removed
console.log(address,string,address,string) (../../sb/0x9daec8d56cdcbde72abe65f4a5daf8cc0a5bf2f9.sol#2581-2583) is never used and should be removed
console.log(address,string,address,uint256) (../../sb/0x9daec8d56cdcbde72abe65f4a5daf8cc0a5bf2f9.sol#2577-2579) is never used and should be removed
console.log(address,string,bool) (../../sb/0x9daec8d56cdcbde72abe65f4a5daf8cc0a5bf2f9.sol#1657-1659) is never used and should be removed
console.log(address,string,bool,address) (../../sb/0x9daec8d56cdcbde72abe65f4a5daf8cc0a5bf2f9.sol#2573-2575) is never used and should be removed
console.log(address,string,bool,bool) (../../sb/0x9daec8d56cdcbde72abe65f4a5daf8cc0a5bf2f9.sol#2569-2571) is never used and should be removed
console.log(address,string,bool,string) (../../sb/0x9daec8d56cdcbde72abe65f4a5daf8cc0a5bf2f9.sol#2565-2567) is never used and should be removed
console.log(address,string,bool,uint256) (../../sb/0x9daec8d56cdcbde72abe65f4a5daf8cc0a5bf2f9.sol#2561-2563) is never used and should be removed
console.log(address,string,string) (../../sb/0x9daec8d56cdcbde72abe65f4a5daf8cc0a5bf2f9.sol#1653-1655) is never used and should be removed
console.log(address,string,string,address) (../../sb/0x9daec8d56cdcbde72abe65f4a5daf8cc0a5bf2f9.sol#2557-2559) is never used and should be removed
console.log(address,string,string,bool) (../../sb/0x9daec8d56cdcbde72abe65f4a5daf8cc0a5bf2f9.sol#2553-2555) is never used and should be removed
console.log(address,string,string,string) (../../sb/0x9daec8d56cdcbde72abe65f4a5daf8cc0a5bf2f9.sol#2549-2551) is never used and should be removed
console.log(address,string,string,uint256) (../../sb/0x9daec8d56cdcbde72abe65f4a5daf8cc0a5bf2f9.sol#2545-2547) is never used and should be removed
console.log(address,string,uint256) (../../sb/0x9daec8d56cdcbde72abe65f4a5daf8cc0a5bf2f9.sol#1649-1651) is never used and should be removed
console.log(address,string,uint256,address) (../../sb/0x9daec8d56cdcbde72abe65f4a5daf8cc0a5bf2f9.sol#2541-2543) is never used and should be removed
console.log(address,string,uint256,bool) (../../sb/0x9daec8d56cdcbde72abe65f4a5daf8cc0a5bf2f9.sol#2537-2539) is never used and should be removed
console.log(address,string,uint256,string) (../../sb/0x9daec8d56cdcbde72abe65f4a5daf8cc0a5bf2f9.sol#2533-2535) is never used and should be removed
console.log(address,string,uint256,uint256) (../../sb/0x9daec8d56cdcbde72abe65f4a5daf8cc0a5bf2f9.sol#2529-2531) is never used and should be removed
console.log(address,uint256) (../../sb/0x9daec8d56cdcbde72abe65f4a5daf8cc0a5bf2f9.sol#1425-1427) is never used and should be removed
console.log(address,uint256,address) (../../sb/0x9daec8d56cdcbde72abe65f4a5daf8cc0a5bf2f9.sol#1645-1647) is never used and should be removed
console.log(address,uint256,address,address) (../../sb/0x9daec8d56cdcbde72abe65f4a5daf8cc0a5bf2f9.sol#2525-2527) is never used and should be removed
console.log(address,uint256,address,bool) (../../sb/0x9daec8d56cdcbde72abe65f4a5daf8cc0a5bf2f9.sol#2521-2523) is never used and should be removed
console.log(address,uint256,address,string) (../../sb/0x9daec8d56cdcbde72abe65f4a5daf8cc0a5bf2f9.sol#2517-2519) is never used and should be removed
console.log(address,uint256,address,uint256) (../../sb/0x9daec8d56cdcbde72abe65f4a5daf8cc0a5bf2f9.sol#2513-2515) is never used and should be removed
console.log(address,uint256,bool) (../../sb/0x9daec8d56cdcbde72abe65f4a5daf8cc0a5bf2f9.sol#1641-1643) is never used and should be removed
console.log(address,uint256,bool,address) (../../sb/0x9daec8d56cdcbde72abe65f4a5daf8cc0a5bf2f9.sol#2509-2511) is never used and should be removed
console.log(address,uint256,bool,bool) (../../sb/0x9daec8d56cdcbde72abe65f4a5daf8cc0a5bf2f9.sol#2505-2507) is never used and should be removed
console.log(address,uint256,bool,string) (../../sb/0x9daec8d56cdcbde72abe65f4a5daf8cc0a5bf2f9.sol#2501-2503) is never used and should be removed
console.log(address,uint256,bool,uint256) (../../sb/0x9daec8d56cdcbde72abe65f4a5daf8cc0a5bf2f9.sol#2497-2499) is never used and should be removed
console.log(address,uint256,string) (../../sb/0x9daec8d56cdcbde72abe65f4a5daf8cc0a5bf2f9.sol#1637-1639) is never used and should be removed
console.log(address,uint256,string,address) (../../sb/0x9daec8d56cdcbde72abe65f4a5daf8cc0a5bf2f9.sol#2493-2495) is never used and should be removed
console.log(address,uint256,string,bool) (../../sb/0x9daec8d56cdcbde72abe65f4a5daf8cc0a5bf2f9.sol#2489-2491) is never used and should be removed
console.log(address,uint256,string,string) (../../sb/0x9daec8d56cdcbde72abe65f4a5daf8cc0a5bf2f9.sol#2485-2487) is never used and should be removed
console.log(address,uint256,string,uint256) (../../sb/0x9daec8d56cdcbde72abe65f4a5daf8cc0a5bf2f9.sol#2481-2483) is never used and should be removed
console.log(address,uint256,uint256) (../../sb/0x9daec8d56cdcbde72abe65f4a5daf8cc0a5bf2f9.sol#1633-1635) is never used and should be removed
console.log(address,uint256,uint256,address) (../../sb/0x9daec8d56cdcbde72abe65f4a5daf8cc0a5bf2f9.sol#2477-2479) is never used and should be removed
console.log(address,uint256,uint256,bool) (../../sb/0x9daec8d56cdcbde72abe65f4a5daf8cc0a5bf2f9.sol#2473-2475) is never used and should be removed
console.log(address,uint256,uint256,string) (../../sb/0x9daec8d56cdcbde72abe65f4a5daf8cc0a5bf2f9.sol#2469-2471) is never used and should be removed
console.log(address,uint256,uint256,uint256) (../../sb/0x9daec8d56cdcbde72abe65f4a5daf8cc0a5bf2f9.sol#2465-2467) is never used and should be removed
console.log(bool) (../../sb/0x9daec8d56cdcbde72abe65f4a5daf8cc0a5bf2f9.sol#1369-1371) is never used and should be removed
console.log(bool,address) (../../sb/0x9daec8d56cdcbde72abe65f4a5daf8cc0a5bf2f9.sol#1421-1423) is never used and should be removed
console.log(bool,address,address) (../../sb/0x9daec8d56cdcbde72abe65f4a5daf8cc0a5bf2f9.sol#1629-1631) is never used and should be removed
console.log(bool,address,address,address) (../../sb/0x9daec8d56cdcbde72abe65f4a5daf8cc0a5bf2f9.sol#2461-2463) is never used and should be removed
console.log(bool,address,address,bool) (../../sb/0x9daec8d56cdcbde72abe65f4a5daf8cc0a5bf2f9.sol#2457-2459) is never used and should be removed
console.log(bool,address,address,string) (../../sb/0x9daec8d56cdcbde72abe65f4a5daf8cc0a5bf2f9.sol#2453-2455) is never used and should be removed
console.log(bool,address,address,uint256) (../../sb/0x9daec8d56cdcbde72abe65f4a5daf8cc0a5bf2f9.sol#2449-2451) is never used and should be removed
console.log(bool,address,bool) (../../sb/0x9daec8d56cdcbde72abe65f4a5daf8cc0a5bf2f9.sol#1625-1627) is never used and should be removed
console.log(bool,address,bool,address) (../../sb/0x9daec8d56cdcbde72abe65f4a5daf8cc0a5bf2f9.sol#2445-2447) is never used and should be removed
console.log(bool,address,bool,bool) (../../sb/0x9daec8d56cdcbde72abe65f4a5daf8cc0a5bf2f9.sol#2441-2443) is never used and should be removed
console.log(bool,address,bool,string) (../../sb/0x9daec8d56cdcbde72abe65f4a5daf8cc0a5bf2f9.sol#2437-2439) is never used and should be removed
console.log(bool,address,bool,uint256) (../../sb/0x9daec8d56cdcbde72abe65f4a5daf8cc0a5bf2f9.sol#2433-2435) is never used and should be removed
console.log(bool,address,string) (../../sb/0x9daec8d56cdcbde72abe65f4a5daf8cc0a5bf2f9.sol#1621-1623) is never used and should be removed
console.log(bool,address,string,address) (../../sb/0x9daec8d56cdcbde72abe65f4a5daf8cc0a5bf2f9.sol#2429-2431) is never used and should be removed
console.log(bool,address,string,bool) (../../sb/0x9daec8d56cdcbde72abe65f4a5daf8cc0a5bf2f9.sol#2425-2427) is never used and should be removed
console.log(bool,address,string,string) (../../sb/0x9daec8d56cdcbde72abe65f4a5daf8cc0a5bf2f9.sol#2421-2423) is never used and should be removed
console.log(bool,address,string,uint256) (../../sb/0x9daec8d56cdcbde72abe65f4a5daf8cc0a5bf2f9.sol#2417-2419) is never used and should be removed
console.log(bool,address,uint256) (../../sb/0x9daec8d56cdcbde72abe65f4a5daf8cc0a5bf2f9.sol#1617-1619) is never used and should be removed
console.log(bool,address,uint256,address) (../../sb/0x9daec8d56cdcbde72abe65f4a5daf8cc0a5bf2f9.sol#2413-2415) is never used and should be removed
console.log(bool,address,uint256,bool) (../../sb/0x9daec8d56cdcbde72abe65f4a5daf8cc0a5bf2f9.sol#2409-2411) is never used and should be removed
console.log(bool,address,uint256,string) (../../sb/0x9daec8d56cdcbde72abe65f4a5daf8cc0a5bf2f9.sol#2405-2407) is never used and should be removed
console.log(bool,address,uint256,uint256) (../../sb/0x9daec8d56cdcbde72abe65f4a5daf8cc0a5bf2f9.sol#2401-2403) is never used and should be removed
console.log(bool,bool) (../../sb/0x9daec8d56cdcbde72abe65f4a5daf8cc0a5bf2f9.sol#1417-1419) is never used and should be removed
console.log(bool,bool,address) (../../sb/0x9daec8d56cdcbde72abe65f4a5daf8cc0a5bf2f9.sol#1613-1615) is never used and should be removed
console.log(bool,bool,address,address) (../../sb/0x9daec8d56cdcbde72abe65f4a5daf8cc0a5bf2f9.sol#2397-2399) is never used and should be removed
console.log(bool,bool,address,bool) (../../sb/0x9daec8d56cdcbde72abe65f4a5daf8cc0a5bf2f9.sol#2393-2395) is never used and should be removed
console.log(bool,bool,address,string) (../../sb/0x9daec8d56cdcbde72abe65f4a5daf8cc0a5bf2f9.sol#2389-2391) is never used and should be removed
console.log(bool,bool,address,uint256) (../../sb/0x9daec8d56cdcbde72abe65f4a5daf8cc0a5bf2f9.sol#2385-2387) is never used and should be removed
console.log(bool,bool,bool) (../../sb/0x9daec8d56cdcbde72abe65f4a5daf8cc0a5bf2f9.sol#1609-1611) is never used and should be removed
console.log(bool,bool,bool,address) (../../sb/0x9daec8d56cdcbde72abe65f4a5daf8cc0a5bf2f9.sol#2381-2383) is never used and should be removed
console.log(bool,bool,bool,bool) (../../sb/0x9daec8d56cdcbde72abe65f4a5daf8cc0a5bf2f9.sol#2377-2379) is never used and should be removed
console.log(bool,bool,bool,string) (../../sb/0x9daec8d56cdcbde72abe65f4a5daf8cc0a5bf2f9.sol#2373-2375) is never used and should be removed
console.log(bool,bool,bool,uint256) (../../sb/0x9daec8d56cdcbde72abe65f4a5daf8cc0a5bf2f9.sol#2369-2371) is never used and should be removed
console.log(bool,bool,string) (../../sb/0x9daec8d56cdcbde72abe65f4a5daf8cc0a5bf2f9.sol#1605-1607) is never used and should be removed
console.log(bool,bool,string,address) (../../sb/0x9daec8d56cdcbde72abe65f4a5daf8cc0a5bf2f9.sol#2365-2367) is never used and should be removed
console.log(bool,bool,string,bool) (../../sb/0x9daec8d56cdcbde72abe65f4a5daf8cc0a5bf2f9.sol#2361-2363) is never used and should be removed
console.log(bool,bool,string,string) (../../sb/0x9daec8d56cdcbde72abe65f4a5daf8cc0a5bf2f9.sol#2357-2359) is never used and should be removed
console.log(bool,bool,string,uint256) (../../sb/0x9daec8d56cdcbde72abe65f4a5daf8cc0a5bf2f9.sol#2353-2355) is never used and should be removed
console.log(bool,bool,uint256) (../../sb/0x9daec8d56cdcbde72abe65f4a5daf8cc0a5bf2f9.sol#1601-1603) is never used and should be removed
console.log(bool,bool,uint256,address) (../../sb/0x9daec8d56cdcbde72abe65f4a5daf8cc0a5bf2f9.sol#2349-2351) is never used and should be removed
console.log(bool,bool,uint256,bool) (../../sb/0x9daec8d56cdcbde72abe65f4a5daf8cc0a5bf2f9.sol#2345-2347) is never used and should be removed
console.log(bool,bool,uint256,string) (../../sb/0x9daec8d56cdcbde72abe65f4a5daf8cc0a5bf2f9.sol#2341-2343) is never used and should be removed
console.log(bool,bool,uint256,uint256) (../../sb/0x9daec8d56cdcbde72abe65f4a5daf8cc0a5bf2f9.sol#2337-2339) is never used and should be removed
console.log(bool,string) (../../sb/0x9daec8d56cdcbde72abe65f4a5daf8cc0a5bf2f9.sol#1413-1415) is never used and should be removed
console.log(bool,string,address) (../../sb/0x9daec8d56cdcbde72abe65f4a5daf8cc0a5bf2f9.sol#1597-1599) is never used and should be removed
console.log(bool,string,address,address) (../../sb/0x9daec8d56cdcbde72abe65f4a5daf8cc0a5bf2f9.sol#2333-2335) is never used and should be removed
console.log(bool,string,address,bool) (../../sb/0x9daec8d56cdcbde72abe65f4a5daf8cc0a5bf2f9.sol#2329-2331) is never used and should be removed
console.log(bool,string,address,string) (../../sb/0x9daec8d56cdcbde72abe65f4a5daf8cc0a5bf2f9.sol#2325-2327) is never used and should be removed
console.log(bool,string,address,uint256) (../../sb/0x9daec8d56cdcbde72abe65f4a5daf8cc0a5bf2f9.sol#2321-2323) is never used and should be removed
console.log(bool,string,bool) (../../sb/0x9daec8d56cdcbde72abe65f4a5daf8cc0a5bf2f9.sol#1593-1595) is never used and should be removed
console.log(bool,string,bool,address) (../../sb/0x9daec8d56cdcbde72abe65f4a5daf8cc0a5bf2f9.sol#2317-2319) is never used and should be removed
console.log(bool,string,bool,bool) (../../sb/0x9daec8d56cdcbde72abe65f4a5daf8cc0a5bf2f9.sol#2313-2315) is never used and should be removed
console.log(bool,string,bool,string) (../../sb/0x9daec8d56cdcbde72abe65f4a5daf8cc0a5bf2f9.sol#2309-2311) is never used and should be removed
console.log(bool,string,bool,uint256) (../../sb/0x9daec8d56cdcbde72abe65f4a5daf8cc0a5bf2f9.sol#2305-2307) is never used and should be removed
console.log(bool,string,string) (../../sb/0x9daec8d56cdcbde72abe65f4a5daf8cc0a5bf2f9.sol#1589-1591) is never used and should be removed
console.log(bool,string,string,address) (../../sb/0x9daec8d56cdcbde72abe65f4a5daf8cc0a5bf2f9.sol#2301-2303) is never used and should be removed
console.log(bool,string,string,bool) (../../sb/0x9daec8d56cdcbde72abe65f4a5daf8cc0a5bf2f9.sol#2297-2299) is never used and should be removed
console.log(bool,string,string,string) (../../sb/0x9daec8d56cdcbde72abe65f4a5daf8cc0a5bf2f9.sol#2293-2295) is never used and should be removed
console.log(bool,string,string,uint256) (../../sb/0x9daec8d56cdcbde72abe65f4a5daf8cc0a5bf2f9.sol#2289-2291) is never used and should be removed
console.log(bool,string,uint256) (../../sb/0x9daec8d56cdcbde72abe65f4a5daf8cc0a5bf2f9.sol#1585-1587) is never used and should be removed
console.log(bool,string,uint256,address) (../../sb/0x9daec8d56cdcbde72abe65f4a5daf8cc0a5bf2f9.sol#2285-2287) is never used and should be removed
console.log(bool,string,uint256,bool) (../../sb/0x9daec8d56cdcbde72abe65f4a5daf8cc0a5bf2f9.sol#2281-2283) is never used and should be removed
console.log(bool,string,uint256,string) (../../sb/0x9daec8d56cdcbde72abe65f4a5daf8cc0a5bf2f9.sol#2277-2279) is never used and should be removed
console.log(bool,string,uint256,uint256) (../../sb/0x9daec8d56cdcbde72abe65f4a5daf8cc0a5bf2f9.sol#2273-2275) is never used and should be removed
console.log(bool,uint256) (../../sb/0x9daec8d56cdcbde72abe65f4a5daf8cc0a5bf2f9.sol#1409-1411) is never used and should be removed
console.log(bool,uint256,address) (../../sb/0x9daec8d56cdcbde72abe65f4a5daf8cc0a5bf2f9.sol#1581-1583) is never used and should be removed
console.log(bool,uint256,address,address) (../../sb/0x9daec8d56cdcbde72abe65f4a5daf8cc0a5bf2f9.sol#2269-2271) is never used and should be removed
console.log(bool,uint256,address,bool) (../../sb/0x9daec8d56cdcbde72abe65f4a5daf8cc0a5bf2f9.sol#2265-2267) is never used and should be removed
console.log(bool,uint256,address,string) (../../sb/0x9daec8d56cdcbde72abe65f4a5daf8cc0a5bf2f9.sol#2261-2263) is never used and should be removed
console.log(bool,uint256,address,uint256) (../../sb/0x9daec8d56cdcbde72abe65f4a5daf8cc0a5bf2f9.sol#2257-2259) is never used and should be removed
console.log(bool,uint256,bool) (../../sb/0x9daec8d56cdcbde72abe65f4a5daf8cc0a5bf2f9.sol#1577-1579) is never used and should be removed
console.log(bool,uint256,bool,address) (../../sb/0x9daec8d56cdcbde72abe65f4a5daf8cc0a5bf2f9.sol#2253-2255) is never used and should be removed
console.log(bool,uint256,bool,bool) (../../sb/0x9daec8d56cdcbde72abe65f4a5daf8cc0a5bf2f9.sol#2249-2251) is never used and should be removed
console.log(bool,uint256,bool,string) (../../sb/0x9daec8d56cdcbde72abe65f4a5daf8cc0a5bf2f9.sol#2245-2247) is never used and should be removed
console.log(bool,uint256,bool,uint256) (../../sb/0x9daec8d56cdcbde72abe65f4a5daf8cc0a5bf2f9.sol#2241-2243) is never used and should be removed
console.log(bool,uint256,string) (../../sb/0x9daec8d56cdcbde72abe65f4a5daf8cc0a5bf2f9.sol#1573-1575) is never used and should be removed
console.log(bool,uint256,string,address) (../../sb/0x9daec8d56cdcbde72abe65f4a5daf8cc0a5bf2f9.sol#2237-2239) is never used and should be removed
console.log(bool,uint256,string,bool) (../../sb/0x9daec8d56cdcbde72abe65f4a5daf8cc0a5bf2f9.sol#2233-2235) is never used and should be removed
console.log(bool,uint256,string,string) (../../sb/0x9daec8d56cdcbde72abe65f4a5daf8cc0a5bf2f9.sol#2229-2231) is never used and should be removed
console.log(bool,uint256,string,uint256) (../../sb/0x9daec8d56cdcbde72abe65f4a5daf8cc0a5bf2f9.sol#2225-2227) is never used and should be removed
console.log(bool,uint256,uint256) (../../sb/0x9daec8d56cdcbde72abe65f4a5daf8cc0a5bf2f9.sol#1569-1571) is never used and should be removed
console.log(bool,uint256,uint256,address) (../../sb/0x9daec8d56cdcbde72abe65f4a5daf8cc0a5bf2f9.sol#2221-2223) is never used and should be removed
console.log(bool,uint256,uint256,bool) (../../sb/0x9daec8d56cdcbde72abe65f4a5daf8cc0a5bf2f9.sol#2217-2219) is never used and should be removed
console.log(bool,uint256,uint256,string) (../../sb/0x9daec8d56cdcbde72abe65f4a5daf8cc0a5bf2f9.sol#2213-2215) is never used and should be removed
console.log(bool,uint256,uint256,uint256) (../../sb/0x9daec8d56cdcbde72abe65f4a5daf8cc0a5bf2f9.sol#2209-2211) is never used and should be removed
console.log(string) (../../sb/0x9daec8d56cdcbde72abe65f4a5daf8cc0a5bf2f9.sol#1365-1367) is never used and should be removed
console.log(string,address) (../../sb/0x9daec8d56cdcbde72abe65f4a5daf8cc0a5bf2f9.sol#1405-1407) is never used and should be removed
console.log(string,address,address) (../../sb/0x9daec8d56cdcbde72abe65f4a5daf8cc0a5bf2f9.sol#1565-1567) is never used and should be removed
console.log(string,address,address,address) (../../sb/0x9daec8d56cdcbde72abe65f4a5daf8cc0a5bf2f9.sol#2205-2207) is never used and should be removed
console.log(string,address,address,bool) (../../sb/0x9daec8d56cdcbde72abe65f4a5daf8cc0a5bf2f9.sol#2201-2203) is never used and should be removed
console.log(string,address,address,string) (../../sb/0x9daec8d56cdcbde72abe65f4a5daf8cc0a5bf2f9.sol#2197-2199) is never used and should be removed
console.log(string,address,address,uint256) (../../sb/0x9daec8d56cdcbde72abe65f4a5daf8cc0a5bf2f9.sol#2193-2195) is never used and should be removed
console.log(string,address,bool) (../../sb/0x9daec8d56cdcbde72abe65f4a5daf8cc0a5bf2f9.sol#1561-1563) is never used and should be removed
console.log(string,address,bool,address) (../../sb/0x9daec8d56cdcbde72abe65f4a5daf8cc0a5bf2f9.sol#2189-2191) is never used and should be removed
console.log(string,address,bool,bool) (../../sb/0x9daec8d56cdcbde72abe65f4a5daf8cc0a5bf2f9.sol#2185-2187) is never used and should be removed
console.log(string,address,bool,string) (../../sb/0x9daec8d56cdcbde72abe65f4a5daf8cc0a5bf2f9.sol#2181-2183) is never used and should be removed
console.log(string,address,bool,uint256) (../../sb/0x9daec8d56cdcbde72abe65f4a5daf8cc0a5bf2f9.sol#2177-2179) is never used and should be removed
console.log(string,address,string) (../../sb/0x9daec8d56cdcbde72abe65f4a5daf8cc0a5bf2f9.sol#1557-1559) is never used and should be removed
console.log(string,address,string,address) (../../sb/0x9daec8d56cdcbde72abe65f4a5daf8cc0a5bf2f9.sol#2173-2175) is never used and should be removed
console.log(string,address,string,bool) (../../sb/0x9daec8d56cdcbde72abe65f4a5daf8cc0a5bf2f9.sol#2169-2171) is never used and should be removed
console.log(string,address,string,string) (../../sb/0x9daec8d56cdcbde72abe65f4a5daf8cc0a5bf2f9.sol#2165-2167) is never used and should be removed
console.log(string,address,string,uint256) (../../sb/0x9daec8d56cdcbde72abe65f4a5daf8cc0a5bf2f9.sol#2161-2163) is never used and should be removed
console.log(string,address,uint256) (../../sb/0x9daec8d56cdcbde72abe65f4a5daf8cc0a5bf2f9.sol#1553-1555) is never used and should be removed
console.log(string,address,uint256,address) (../../sb/0x9daec8d56cdcbde72abe65f4a5daf8cc0a5bf2f9.sol#2157-2159) is never used and should be removed
console.log(string,address,uint256,bool) (../../sb/0x9daec8d56cdcbde72abe65f4a5daf8cc0a5bf2f9.sol#2153-2155) is never used and should be removed
console.log(string,address,uint256,string) (../../sb/0x9daec8d56cdcbde72abe65f4a5daf8cc0a5bf2f9.sol#2149-2151) is never used and should be removed
console.log(string,address,uint256,uint256) (../../sb/0x9daec8d56cdcbde72abe65f4a5daf8cc0a5bf2f9.sol#2145-2147) is never used and should be removed
console.log(string,bool) (../../sb/0x9daec8d56cdcbde72abe65f4a5daf8cc0a5bf2f9.sol#1401-1403) is never used and should be removed
console.log(string,bool,address) (../../sb/0x9daec8d56cdcbde72abe65f4a5daf8cc0a5bf2f9.sol#1549-1551) is never used and should be removed
console.log(string,bool,address,address) (../../sb/0x9daec8d56cdcbde72abe65f4a5daf8cc0a5bf2f9.sol#2141-2143) is never used and should be removed
console.log(string,bool,address,bool) (../../sb/0x9daec8d56cdcbde72abe65f4a5daf8cc0a5bf2f9.sol#2137-2139) is never used and should be removed
console.log(string,bool,address,string) (../../sb/0x9daec8d56cdcbde72abe65f4a5daf8cc0a5bf2f9.sol#2133-2135) is never used and should be removed
console.log(string,bool,address,uint256) (../../sb/0x9daec8d56cdcbde72abe65f4a5daf8cc0a5bf2f9.sol#2129-2131) is never used and should be removed
console.log(string,bool,bool) (../../sb/0x9daec8d56cdcbde72abe65f4a5daf8cc0a5bf2f9.sol#1545-1547) is never used and should be removed
console.log(string,bool,bool,address) (../../sb/0x9daec8d56cdcbde72abe65f4a5daf8cc0a5bf2f9.sol#2125-2127) is never used and should be removed
console.log(string,bool,bool,bool) (../../sb/0x9daec8d56cdcbde72abe65f4a5daf8cc0a5bf2f9.sol#2121-2123) is never used and should be removed
console.log(string,bool,bool,string) (../../sb/0x9daec8d56cdcbde72abe65f4a5daf8cc0a5bf2f9.sol#2117-2119) is never used and should be removed
console.log(string,bool,bool,uint256) (../../sb/0x9daec8d56cdcbde72abe65f4a5daf8cc0a5bf2f9.sol#2113-2115) is never used and should be removed
console.log(string,bool,string) (../../sb/0x9daec8d56cdcbde72abe65f4a5daf8cc0a5bf2f9.sol#1541-1543) is never used and should be removed
console.log(string,bool,string,address) (../../sb/0x9daec8d56cdcbde72abe65f4a5daf8cc0a5bf2f9.sol#2109-2111) is never used and should be removed
console.log(string,bool,string,bool) (../../sb/0x9daec8d56cdcbde72abe65f4a5daf8cc0a5bf2f9.sol#2105-2107) is never used and should be removed
console.log(string,bool,string,string) (../../sb/0x9daec8d56cdcbde72abe65f4a5daf8cc0a5bf2f9.sol#2101-2103) is never used and should be removed
console.log(string,bool,string,uint256) (../../sb/0x9daec8d56cdcbde72abe65f4a5daf8cc0a5bf2f9.sol#2097-2099) is never used and should be removed
console.log(string,bool,uint256) (../../sb/0x9daec8d56cdcbde72abe65f4a5daf8cc0a5bf2f9.sol#1537-1539) is never used and should be removed
console.log(string,bool,uint256,address) (../../sb/0x9daec8d56cdcbde72abe65f4a5daf8cc0a5bf2f9.sol#2093-2095) is never used and should be removed
console.log(string,bool,uint256,bool) (../../sb/0x9daec8d56cdcbde72abe65f4a5daf8cc0a5bf2f9.sol#2089-2091) is never used and should be removed
console.log(string,bool,uint256,string) (../../sb/0x9daec8d56cdcbde72abe65f4a5daf8cc0a5bf2f9.sol#2085-2087) is never used and should be removed
console.log(string,bool,uint256,uint256) (../../sb/0x9daec8d56cdcbde72abe65f4a5daf8cc0a5bf2f9.sol#2081-2083) is never used and should be removed
console.log(string,string) (../../sb/0x9daec8d56cdcbde72abe65f4a5daf8cc0a5bf2f9.sol#1397-1399) is never used and should be removed
console.log(string,string,address) (../../sb/0x9daec8d56cdcbde72abe65f4a5daf8cc0a5bf2f9.sol#1533-1535) is never used and should be removed
console.log(string,string,address,address) (../../sb/0x9daec8d56cdcbde72abe65f4a5daf8cc0a5bf2f9.sol#2077-2079) is never used and should be removed
console.log(string,string,address,bool) (../../sb/0x9daec8d56cdcbde72abe65f4a5daf8cc0a5bf2f9.sol#2073-2075) is never used and should be removed
console.log(string,string,address,string) (../../sb/0x9daec8d56cdcbde72abe65f4a5daf8cc0a5bf2f9.sol#2069-2071) is never used and should be removed
console.log(string,string,address,uint256) (../../sb/0x9daec8d56cdcbde72abe65f4a5daf8cc0a5bf2f9.sol#2065-2067) is never used and should be removed
console.log(string,string,bool) (../../sb/0x9daec8d56cdcbde72abe65f4a5daf8cc0a5bf2f9.sol#1529-1531) is never used and should be removed
console.log(string,string,bool,address) (../../sb/0x9daec8d56cdcbde72abe65f4a5daf8cc0a5bf2f9.sol#2061-2063) is never used and should be removed
console.log(string,string,bool,bool) (../../sb/0x9daec8d56cdcbde72abe65f4a5daf8cc0a5bf2f9.sol#2057-2059) is never used and should be removed
console.log(string,string,bool,string) (../../sb/0x9daec8d56cdcbde72abe65f4a5daf8cc0a5bf2f9.sol#2053-2055) is never used and should be removed
console.log(string,string,bool,uint256) (../../sb/0x9daec8d56cdcbde72abe65f4a5daf8cc0a5bf2f9.sol#2049-2051) is never used and should be removed
console.log(string,string,string) (../../sb/0x9daec8d56cdcbde72abe65f4a5daf8cc0a5bf2f9.sol#1525-1527) is never used and should be removed
console.log(string,string,string,address) (../../sb/0x9daec8d56cdcbde72abe65f4a5daf8cc0a5bf2f9.sol#2045-2047) is never used and should be removed
console.log(string,string,string,bool) (../../sb/0x9daec8d56cdcbde72abe65f4a5daf8cc0a5bf2f9.sol#2041-2043) is never used and should be removed
console.log(string,string,string,string) (../../sb/0x9daec8d56cdcbde72abe65f4a5daf8cc0a5bf2f9.sol#2037-2039) is never used and should be removed
console.log(string,string,string,uint256) (../../sb/0x9daec8d56cdcbde72abe65f4a5daf8cc0a5bf2f9.sol#2033-2035) is never used and should be removed
console.log(string,string,uint256) (../../sb/0x9daec8d56cdcbde72abe65f4a5daf8cc0a5bf2f9.sol#1521-1523) is never used and should be removed
console.log(string,string,uint256,address) (../../sb/0x9daec8d56cdcbde72abe65f4a5daf8cc0a5bf2f9.sol#2029-2031) is never used and should be removed
console.log(string,string,uint256,bool) (../../sb/0x9daec8d56cdcbde72abe65f4a5daf8cc0a5bf2f9.sol#2025-2027) is never used and should be removed
console.log(string,string,uint256,string) (../../sb/0x9daec8d56cdcbde72abe65f4a5daf8cc0a5bf2f9.sol#2021-2023) is never used and should be removed
console.log(string,string,uint256,uint256) (../../sb/0x9daec8d56cdcbde72abe65f4a5daf8cc0a5bf2f9.sol#2017-2019) is never used and should be removed
console.log(string,uint256) (../../sb/0x9daec8d56cdcbde72abe65f4a5daf8cc0a5bf2f9.sol#1393-1395) is never used and should be removed
console.log(string,uint256,address) (../../sb/0x9daec8d56cdcbde72abe65f4a5daf8cc0a5bf2f9.sol#1517-1519) is never used and should be removed
console.log(string,uint256,address,address) (../../sb/0x9daec8d56cdcbde72abe65f4a5daf8cc0a5bf2f9.sol#2013-2015) is never used and should be removed
console.log(string,uint256,address,bool) (../../sb/0x9daec8d56cdcbde72abe65f4a5daf8cc0a5bf2f9.sol#2009-2011) is never used and should be removed
console.log(string,uint256,address,string) (../../sb/0x9daec8d56cdcbde72abe65f4a5daf8cc0a5bf2f9.sol#2005-2007) is never used and should be removed
console.log(string,uint256,address,uint256) (../../sb/0x9daec8d56cdcbde72abe65f4a5daf8cc0a5bf2f9.sol#2001-2003) is never used and should be removed
console.log(string,uint256,bool) (../../sb/0x9daec8d56cdcbde72abe65f4a5daf8cc0a5bf2f9.sol#1513-1515) is never used and should be removed
console.log(string,uint256,bool,address) (../../sb/0x9daec8d56cdcbde72abe65f4a5daf8cc0a5bf2f9.sol#1997-1999) is never used and should be removed
console.log(string,uint256,bool,bool) (../../sb/0x9daec8d56cdcbde72abe65f4a5daf8cc0a5bf2f9.sol#1993-1995) is never used and should be removed
console.log(string,uint256,bool,string) (../../sb/0x9daec8d56cdcbde72abe65f4a5daf8cc0a5bf2f9.sol#1989-1991) is never used and should be removed
console.log(string,uint256,bool,uint256) (../../sb/0x9daec8d56cdcbde72abe65f4a5daf8cc0a5bf2f9.sol#1985-1987) is never used and should be removed
console.log(string,uint256,string) (../../sb/0x9daec8d56cdcbde72abe65f4a5daf8cc0a5bf2f9.sol#1509-1511) is never used and should be removed
console.log(string,uint256,string,address) (../../sb/0x9daec8d56cdcbde72abe65f4a5daf8cc0a5bf2f9.sol#1981-1983) is never used and should be removed
console.log(string,uint256,string,bool) (../../sb/0x9daec8d56cdcbde72abe65f4a5daf8cc0a5bf2f9.sol#1977-1979) is never used and should be removed
console.log(string,uint256,string,string) (../../sb/0x9daec8d56cdcbde72abe65f4a5daf8cc0a5bf2f9.sol#1973-1975) is never used and should be removed
console.log(string,uint256,string,uint256) (../../sb/0x9daec8d56cdcbde72abe65f4a5daf8cc0a5bf2f9.sol#1969-1971) is never used and should be removed
console.log(string,uint256,uint256) (../../sb/0x9daec8d56cdcbde72abe65f4a5daf8cc0a5bf2f9.sol#1505-1507) is never used and should be removed
console.log(string,uint256,uint256,address) (../../sb/0x9daec8d56cdcbde72abe65f4a5daf8cc0a5bf2f9.sol#1965-1967) is never used and should be removed
console.log(string,uint256,uint256,bool) (../../sb/0x9daec8d56cdcbde72abe65f4a5daf8cc0a5bf2f9.sol#1961-1963) is never used and should be removed
console.log(string,uint256,uint256,string) (../../sb/0x9daec8d56cdcbde72abe65f4a5daf8cc0a5bf2f9.sol#1957-1959) is never used and should be removed
console.log(string,uint256,uint256,uint256) (../../sb/0x9daec8d56cdcbde72abe65f4a5daf8cc0a5bf2f9.sol#1953-1955) is never used and should be removed
console.log(uint256) (../../sb/0x9daec8d56cdcbde72abe65f4a5daf8cc0a5bf2f9.sol#1361-1363) is never used and should be removed
console.log(uint256,address) (../../sb/0x9daec8d56cdcbde72abe65f4a5daf8cc0a5bf2f9.sol#1389-1391) is never used and should be removed
console.log(uint256,address,address) (../../sb/0x9daec8d56cdcbde72abe65f4a5daf8cc0a5bf2f9.sol#1501-1503) is never used and should be removed
console.log(uint256,address,address,address) (../../sb/0x9daec8d56cdcbde72abe65f4a5daf8cc0a5bf2f9.sol#1949-1951) is never used and should be removed
console.log(uint256,address,address,bool) (../../sb/0x9daec8d56cdcbde72abe65f4a5daf8cc0a5bf2f9.sol#1945-1947) is never used and should be removed
console.log(uint256,address,address,string) (../../sb/0x9daec8d56cdcbde72abe65f4a5daf8cc0a5bf2f9.sol#1941-1943) is never used and should be removed
console.log(uint256,address,address,uint256) (../../sb/0x9daec8d56cdcbde72abe65f4a5daf8cc0a5bf2f9.sol#1937-1939) is never used and should be removed
console.log(uint256,address,bool) (../../sb/0x9daec8d56cdcbde72abe65f4a5daf8cc0a5bf2f9.sol#1497-1499) is never used and should be removed
console.log(uint256,address,bool,address) (../../sb/0x9daec8d56cdcbde72abe65f4a5daf8cc0a5bf2f9.sol#1933-1935) is never used and should be removed
console.log(uint256,address,bool,bool) (../../sb/0x9daec8d56cdcbde72abe65f4a5daf8cc0a5bf2f9.sol#1929-1931) is never used and should be removed
console.log(uint256,address,bool,string) (../../sb/0x9daec8d56cdcbde72abe65f4a5daf8cc0a5bf2f9.sol#1925-1927) is never used and should be removed
console.log(uint256,address,bool,uint256) (../../sb/0x9daec8d56cdcbde72abe65f4a5daf8cc0a5bf2f9.sol#1921-1923) is never used and should be removed
console.log(uint256,address,string) (../../sb/0x9daec8d56cdcbde72abe65f4a5daf8cc0a5bf2f9.sol#1493-1495) is never used and should be removed
console.log(uint256,address,string,address) (../../sb/0x9daec8d56cdcbde72abe65f4a5daf8cc0a5bf2f9.sol#1917-1919) is never used and should be removed
console.log(uint256,address,string,bool) (../../sb/0x9daec8d56cdcbde72abe65f4a5daf8cc0a5bf2f9.sol#1913-1915) is never used and should be removed
console.log(uint256,address,string,string) (../../sb/0x9daec8d56cdcbde72abe65f4a5daf8cc0a5bf2f9.sol#1909-1911) is never used and should be removed
console.log(uint256,address,string,uint256) (../../sb/0x9daec8d56cdcbde72abe65f4a5daf8cc0a5bf2f9.sol#1905-1907) is never used and should be removed
console.log(uint256,address,uint256) (../../sb/0x9daec8d56cdcbde72abe65f4a5daf8cc0a5bf2f9.sol#1489-1491) is never used and should be removed
console.log(uint256,address,uint256,address) (../../sb/0x9daec8d56cdcbde72abe65f4a5daf8cc0a5bf2f9.sol#1901-1903) is never used and should be removed
console.log(uint256,address,uint256,bool) (../../sb/0x9daec8d56cdcbde72abe65f4a5daf8cc0a5bf2f9.sol#1897-1899) is never used and should be removed
console.log(uint256,address,uint256,string) (../../sb/0x9daec8d56cdcbde72abe65f4a5daf8cc0a5bf2f9.sol#1893-1895) is never used and should be removed
console.log(uint256,address,uint256,uint256) (../../sb/0x9daec8d56cdcbde72abe65f4a5daf8cc0a5bf2f9.sol#1889-1891) is never used and should be removed
console.log(uint256,bool) (../../sb/0x9daec8d56cdcbde72abe65f4a5daf8cc0a5bf2f9.sol#1385-1387) is never used and should be removed
console.log(uint256,bool,address) (../../sb/0x9daec8d56cdcbde72abe65f4a5daf8cc0a5bf2f9.sol#1485-1487) is never used and should be removed
console.log(uint256,bool,address,address) (../../sb/0x9daec8d56cdcbde72abe65f4a5daf8cc0a5bf2f9.sol#1885-1887) is never used and should be removed
console.log(uint256,bool,address,bool) (../../sb/0x9daec8d56cdcbde72abe65f4a5daf8cc0a5bf2f9.sol#1881-1883) is never used and should be removed
console.log(uint256,bool,address,string) (../../sb/0x9daec8d56cdcbde72abe65f4a5daf8cc0a5bf2f9.sol#1877-1879) is never used and should be removed
console.log(uint256,bool,address,uint256) (../../sb/0x9daec8d56cdcbde72abe65f4a5daf8cc0a5bf2f9.sol#1873-1875) is never used and should be removed
console.log(uint256,bool,bool) (../../sb/0x9daec8d56cdcbde72abe65f4a5daf8cc0a5bf2f9.sol#1481-1483) is never used and should be removed
console.log(uint256,bool,bool,address) (../../sb/0x9daec8d56cdcbde72abe65f4a5daf8cc0a5bf2f9.sol#1869-1871) is never used and should be removed
console.log(uint256,bool,bool,bool) (../../sb/0x9daec8d56cdcbde72abe65f4a5daf8cc0a5bf2f9.sol#1865-1867) is never used and should be removed
console.log(uint256,bool,bool,string) (../../sb/0x9daec8d56cdcbde72abe65f4a5daf8cc0a5bf2f9.sol#1861-1863) is never used and should be removed
console.log(uint256,bool,bool,uint256) (../../sb/0x9daec8d56cdcbde72abe65f4a5daf8cc0a5bf2f9.sol#1857-1859) is never used and should be removed
console.log(uint256,bool,string) (../../sb/0x9daec8d56cdcbde72abe65f4a5daf8cc0a5bf2f9.sol#1477-1479) is never used and should be removed
console.log(uint256,bool,string,address) (../../sb/0x9daec8d56cdcbde72abe65f4a5daf8cc0a5bf2f9.sol#1853-1855) is never used and should be removed
console.log(uint256,bool,string,bool) (../../sb/0x9daec8d56cdcbde72abe65f4a5daf8cc0a5bf2f9.sol#1849-1851) is never used and should be removed
console.log(uint256,bool,string,string) (../../sb/0x9daec8d56cdcbde72abe65f4a5daf8cc0a5bf2f9.sol#1845-1847) is never used and should be removed
console.log(uint256,bool,string,uint256) (../../sb/0x9daec8d56cdcbde72abe65f4a5daf8cc0a5bf2f9.sol#1841-1843) is never used and should be removed
console.log(uint256,bool,uint256) (../../sb/0x9daec8d56cdcbde72abe65f4a5daf8cc0a5bf2f9.sol#1473-1475) is never used and should be removed
console.log(uint256,bool,uint256,address) (../../sb/0x9daec8d56cdcbde72abe65f4a5daf8cc0a5bf2f9.sol#1837-1839) is never used and should be removed
console.log(uint256,bool,uint256,bool) (../../sb/0x9daec8d56cdcbde72abe65f4a5daf8cc0a5bf2f9.sol#1833-1835) is never used and should be removed
console.log(uint256,bool,uint256,string) (../../sb/0x9daec8d56cdcbde72abe65f4a5daf8cc0a5bf2f9.sol#1829-1831) is never used and should be removed
console.log(uint256,bool,uint256,uint256) (../../sb/0x9daec8d56cdcbde72abe65f4a5daf8cc0a5bf2f9.sol#1825-1827) is never used and should be removed
console.log(uint256,string) (../../sb/0x9daec8d56cdcbde72abe65f4a5daf8cc0a5bf2f9.sol#1381-1383) is never used and should be removed
console.log(uint256,string,address) (../../sb/0x9daec8d56cdcbde72abe65f4a5daf8cc0a5bf2f9.sol#1469-1471) is never used and should be removed
console.log(uint256,string,address,address) (../../sb/0x9daec8d56cdcbde72abe65f4a5daf8cc0a5bf2f9.sol#1821-1823) is never used and should be removed
console.log(uint256,string,address,bool) (../../sb/0x9daec8d56cdcbde72abe65f4a5daf8cc0a5bf2f9.sol#1817-1819) is never used and should be removed
console.log(uint256,string,address,string) (../../sb/0x9daec8d56cdcbde72abe65f4a5daf8cc0a5bf2f9.sol#1813-1815) is never used and should be removed
console.log(uint256,string,address,uint256) (../../sb/0x9daec8d56cdcbde72abe65f4a5daf8cc0a5bf2f9.sol#1809-1811) is never used and should be removed
console.log(uint256,string,bool) (../../sb/0x9daec8d56cdcbde72abe65f4a5daf8cc0a5bf2f9.sol#1465-1467) is never used and should be removed
console.log(uint256,string,bool,address) (../../sb/0x9daec8d56cdcbde72abe65f4a5daf8cc0a5bf2f9.sol#1805-1807) is never used and should be removed
console.log(uint256,string,bool,bool) (../../sb/0x9daec8d56cdcbde72abe65f4a5daf8cc0a5bf2f9.sol#1801-1803) is never used and should be removed
console.log(uint256,string,bool,string) (../../sb/0x9daec8d56cdcbde72abe65f4a5daf8cc0a5bf2f9.sol#1797-1799) is never used and should be removed
console.log(uint256,string,bool,uint256) (../../sb/0x9daec8d56cdcbde72abe65f4a5daf8cc0a5bf2f9.sol#1793-1795) is never used and should be removed
console.log(uint256,string,string) (../../sb/0x9daec8d56cdcbde72abe65f4a5daf8cc0a5bf2f9.sol#1461-1463) is never used and should be removed
console.log(uint256,string,string,address) (../../sb/0x9daec8d56cdcbde72abe65f4a5daf8cc0a5bf2f9.sol#1789-1791) is never used and should be removed
console.log(uint256,string,string,bool) (../../sb/0x9daec8d56cdcbde72abe65f4a5daf8cc0a5bf2f9.sol#1785-1787) is never used and should be removed
console.log(uint256,string,string,string) (../../sb/0x9daec8d56cdcbde72abe65f4a5daf8cc0a5bf2f9.sol#1781-1783) is never used and should be removed
console.log(uint256,string,string,uint256) (../../sb/0x9daec8d56cdcbde72abe65f4a5daf8cc0a5bf2f9.sol#1777-1779) is never used and should be removed
console.log(uint256,string,uint256) (../../sb/0x9daec8d56cdcbde72abe65f4a5daf8cc0a5bf2f9.sol#1457-1459) is never used and should be removed
console.log(uint256,string,uint256,address) (../../sb/0x9daec8d56cdcbde72abe65f4a5daf8cc0a5bf2f9.sol#1773-1775) is never used and should be removed
console.log(uint256,string,uint256,bool) (../../sb/0x9daec8d56cdcbde72abe65f4a5daf8cc0a5bf2f9.sol#1769-1771) is never used and should be removed
console.log(uint256,string,uint256,string) (../../sb/0x9daec8d56cdcbde72abe65f4a5daf8cc0a5bf2f9.sol#1765-1767) is never used and should be removed
console.log(uint256,string,uint256,uint256) (../../sb/0x9daec8d56cdcbde72abe65f4a5daf8cc0a5bf2f9.sol#1761-1763) is never used and should be removed
console.log(uint256,uint256) (../../sb/0x9daec8d56cdcbde72abe65f4a5daf8cc0a5bf2f9.sol#1377-1379) is never used and should be removed
console.log(uint256,uint256,address) (../../sb/0x9daec8d56cdcbde72abe65f4a5daf8cc0a5bf2f9.sol#1453-1455) is never used and should be removed
console.log(uint256,uint256,address,address) (../../sb/0x9daec8d56cdcbde72abe65f4a5daf8cc0a5bf2f9.sol#1757-1759) is never used and should be removed
console.log(uint256,uint256,address,bool) (../../sb/0x9daec8d56cdcbde72abe65f4a5daf8cc0a5bf2f9.sol#1753-1755) is never used and should be removed
console.log(uint256,uint256,address,string) (../../sb/0x9daec8d56cdcbde72abe65f4a5daf8cc0a5bf2f9.sol#1749-1751) is never used and should be removed
console.log(uint256,uint256,address,uint256) (../../sb/0x9daec8d56cdcbde72abe65f4a5daf8cc0a5bf2f9.sol#1745-1747) is never used and should be removed
console.log(uint256,uint256,bool) (../../sb/0x9daec8d56cdcbde72abe65f4a5daf8cc0a5bf2f9.sol#1449-1451) is never used and should be removed
console.log(uint256,uint256,bool,address) (../../sb/0x9daec8d56cdcbde72abe65f4a5daf8cc0a5bf2f9.sol#1741-1743) is never used and should be removed
console.log(uint256,uint256,bool,bool) (../../sb/0x9daec8d56cdcbde72abe65f4a5daf8cc0a5bf2f9.sol#1737-1739) is never used and should be removed
console.log(uint256,uint256,bool,string) (../../sb/0x9daec8d56cdcbde72abe65f4a5daf8cc0a5bf2f9.sol#1733-1735) is never used and should be removed
console.log(uint256,uint256,bool,uint256) (../../sb/0x9daec8d56cdcbde72abe65f4a5daf8cc0a5bf2f9.sol#1729-1731) is never used and should be removed
console.log(uint256,uint256,string) (../../sb/0x9daec8d56cdcbde72abe65f4a5daf8cc0a5bf2f9.sol#1445-1447) is never used and should be removed
console.log(uint256,uint256,string,address) (../../sb/0x9daec8d56cdcbde72abe65f4a5daf8cc0a5bf2f9.sol#1725-1727) is never used and should be removed
console.log(uint256,uint256,string,bool) (../../sb/0x9daec8d56cdcbde72abe65f4a5daf8cc0a5bf2f9.sol#1721-1723) is never used and should be removed
console.log(uint256,uint256,string,string) (../../sb/0x9daec8d56cdcbde72abe65f4a5daf8cc0a5bf2f9.sol#1717-1719) is never used and should be removed
console.log(uint256,uint256,string,uint256) (../../sb/0x9daec8d56cdcbde72abe65f4a5daf8cc0a5bf2f9.sol#1713-1715) is never used and should be removed
console.log(uint256,uint256,uint256) (../../sb/0x9daec8d56cdcbde72abe65f4a5daf8cc0a5bf2f9.sol#1441-1443) is never used and should be removed
console.log(uint256,uint256,uint256,address) (../../sb/0x9daec8d56cdcbde72abe65f4a5daf8cc0a5bf2f9.sol#1709-1711) is never used and should be removed
console.log(uint256,uint256,uint256,bool) (../../sb/0x9daec8d56cdcbde72abe65f4a5daf8cc0a5bf2f9.sol#1705-1707) is never used and should be removed
console.log(uint256,uint256,uint256,string) (../../sb/0x9daec8d56cdcbde72abe65f4a5daf8cc0a5bf2f9.sol#1701-1703) is never used and should be removed
console.log(uint256,uint256,uint256,uint256) (../../sb/0x9daec8d56cdcbde72abe65f4a5daf8cc0a5bf2f9.sol#1697-1699) is never used and should be removed
console.logAddress(address) (../../sb/0x9daec8d56cdcbde72abe65f4a5daf8cc0a5bf2f9.sol#1221-1223) is never used and should be removed
console.logBool(bool) (../../sb/0x9daec8d56cdcbde72abe65f4a5daf8cc0a5bf2f9.sol#1217-1219) is never used and should be removed
console.logByte(bytes1) (../../sb/0x9daec8d56cdcbde72abe65f4a5daf8cc0a5bf2f9.sol#1229-1231) is never used and should be removed
console.logBytes(bytes) (../../sb/0x9daec8d56cdcbde72abe65f4a5daf8cc0a5bf2f9.sol#1225-1227) is never used and should be removed
console.logBytes1(bytes1) (../../sb/0x9daec8d56cdcbde72abe65f4a5daf8cc0a5bf2f9.sol#1233-1235) is never used and should be removed
console.logBytes10(bytes10) (../../sb/0x9daec8d56cdcbde72abe65f4a5daf8cc0a5bf2f9.sol#1269-1271) is never used and should be removed
console.logBytes11(bytes11) (../../sb/0x9daec8d56cdcbde72abe65f4a5daf8cc0a5bf2f9.sol#1273-1275) is never used and should be removed
console.logBytes12(bytes12) (../../sb/0x9daec8d56cdcbde72abe65f4a5daf8cc0a5bf2f9.sol#1277-1279) is never used and should be removed
console.logBytes13(bytes13) (../../sb/0x9daec8d56cdcbde72abe65f4a5daf8cc0a5bf2f9.sol#1281-1283) is never used and should be removed
console.logBytes14(bytes14) (../../sb/0x9daec8d56cdcbde72abe65f4a5daf8cc0a5bf2f9.sol#1285-1287) is never used and should be removed
console.logBytes15(bytes15) (../../sb/0x9daec8d56cdcbde72abe65f4a5daf8cc0a5bf2f9.sol#1289-1291) is never used and should be removed
console.logBytes16(bytes16) (../../sb/0x9daec8d56cdcbde72abe65f4a5daf8cc0a5bf2f9.sol#1293-1295) is never used and should be removed
console.logBytes17(bytes17) (../../sb/0x9daec8d56cdcbde72abe65f4a5daf8cc0a5bf2f9.sol#1297-1299) is never used and should be removed
console.logBytes18(bytes18) (../../sb/0x9daec8d56cdcbde72abe65f4a5daf8cc0a5bf2f9.sol#1301-1303) is never used and should be removed
console.logBytes19(bytes19) (../../sb/0x9daec8d56cdcbde72abe65f4a5daf8cc0a5bf2f9.sol#1305-1307) is never used and should be removed
console.logBytes2(bytes2) (../../sb/0x9daec8d56cdcbde72abe65f4a5daf8cc0a5bf2f9.sol#1237-1239) is never used and should be removed
console.logBytes20(bytes20) (../../sb/0x9daec8d56cdcbde72abe65f4a5daf8cc0a5bf2f9.sol#1309-1311) is never used and should be removed
console.logBytes21(bytes21) (../../sb/0x9daec8d56cdcbde72abe65f4a5daf8cc0a5bf2f9.sol#1313-1315) is never used and should be removed
console.logBytes22(bytes22) (../../sb/0x9daec8d56cdcbde72abe65f4a5daf8cc0a5bf2f9.sol#1317-1319) is never used and should be removed
console.logBytes23(bytes23) (../../sb/0x9daec8d56cdcbde72abe65f4a5daf8cc0a5bf2f9.sol#1321-1323) is never used and should be removed
console.logBytes24(bytes24) (../../sb/0x9daec8d56cdcbde72abe65f4a5daf8cc0a5bf2f9.sol#1325-1327) is never used and should be removed
console.logBytes25(bytes25) (../../sb/0x9daec8d56cdcbde72abe65f4a5daf8cc0a5bf2f9.sol#1329-1331) is never used and should be removed
console.logBytes26(bytes26) (../../sb/0x9daec8d56cdcbde72abe65f4a5daf8cc0a5bf2f9.sol#1333-1335) is never used and should be removed
console.logBytes27(bytes27) (../../sb/0x9daec8d56cdcbde72abe65f4a5daf8cc0a5bf2f9.sol#1337-1339) is never used and should be removed
console.logBytes28(bytes28) (../../sb/0x9daec8d56cdcbde72abe65f4a5daf8cc0a5bf2f9.sol#1341-1343) is never used and should be removed
console.logBytes29(bytes29) (../../sb/0x9daec8d56cdcbde72abe65f4a5daf8cc0a5bf2f9.sol#1345-1347) is never used and should be removed
console.logBytes3(bytes3) (../../sb/0x9daec8d56cdcbde72abe65f4a5daf8cc0a5bf2f9.sol#1241-1243) is never used and should be removed
console.logBytes30(bytes30) (../../sb/0x9daec8d56cdcbde72abe65f4a5daf8cc0a5bf2f9.sol#1349-1351) is never used and should be removed
console.logBytes31(bytes31) (../../sb/0x9daec8d56cdcbde72abe65f4a5daf8cc0a5bf2f9.sol#1353-1355) is never used and should be removed
console.logBytes32(bytes32) (../../sb/0x9daec8d56cdcbde72abe65f4a5daf8cc0a5bf2f9.sol#1357-1359) is never used and should be removed
console.logBytes4(bytes4) (../../sb/0x9daec8d56cdcbde72abe65f4a5daf8cc0a5bf2f9.sol#1245-1247) is never used and should be removed
console.logBytes5(bytes5) (../../sb/0x9daec8d56cdcbde72abe65f4a5daf8cc0a5bf2f9.sol#1249-1251) is never used and should be removed
console.logBytes6(bytes6) (../../sb/0x9daec8d56cdcbde72abe65f4a5daf8cc0a5bf2f9.sol#1253-1255) is never used and should be removed
console.logBytes7(bytes7) (../../sb/0x9daec8d56cdcbde72abe65f4a5daf8cc0a5bf2f9.sol#1257-1259) is never used and should be removed
console.logBytes8(bytes8) (../../sb/0x9daec8d56cdcbde72abe65f4a5daf8cc0a5bf2f9.sol#1261-1263) is never used and should be removed
console.logBytes9(bytes9) (../../sb/0x9daec8d56cdcbde72abe65f4a5daf8cc0a5bf2f9.sol#1265-1267) is never used and should be removed
console.logInt(int256) (../../sb/0x9daec8d56cdcbde72abe65f4a5daf8cc0a5bf2f9.sol#1205-1207) is never used and should be removed
console.logString(string) (../../sb/0x9daec8d56cdcbde72abe65f4a5daf8cc0a5bf2f9.sol#1213-1215) is never used and should be removed
console.logUint(uint256) (../../sb/0x9daec8d56cdcbde72abe65f4a5daf8cc0a5bf2f9.sol#1209-1211) is never used and should be removed
Reference: https://github.com/crytic/slither/wiki/Detector-Documentation#dead-code[0m
[92m
Pragma version^0.6.2 (../../sb/0x9daec8d56cdcbde72abe65f4a5daf8cc0a5bf2f9.sol#3) allows old versions
Reference: https://github.com/crytic/slither/wiki/Detector-Documentation#incorrect-versions-of-solidity[0m
[92m
Low level call in Address.sendValue(address,uint256) (../../sb/0x9daec8d56cdcbde72abe65f4a5daf8cc0a5bf2f9.sol#800-806):
	- (success) = recipient.call{value: amount}() (../../sb/0x9daec8d56cdcbde72abe65f4a5daf8cc0a5bf2f9.sol#804)
Low level call in Address._functionCallWithValue(address,bytes,uint256,string) (../../sb/0x9daec8d56cdcbde72abe65f4a5daf8cc0a5bf2f9.sol#866-887):
	- (success,returndata) = target.call{value: weiValue}(data) (../../sb/0x9daec8d56cdcbde72abe65f4a5daf8cc0a5bf2f9.sol#870)
Low level call in WethConnectorLib01._withdrawEthAndSend(IWETH,address,uint256) (../../sb/0x9daec8d56cdcbde72abe65f4a5daf8cc0a5bf2f9.sol#3450-3463):
	- (success) = to.call.value(quantity)() (../../sb/0x9daec8d56cdcbde72abe65f4a5daf8cc0a5bf2f9.sol#3459)
Low level call in UniswapConnector03.uniswapV2Call(address,uint256,uint256,bytes) (../../sb/0x9daec8d56cdcbde72abe65f4a5daf8cc0a5bf2f9.sol#4677-4692):
	- (success,returnData) = address(this).call(data) (../../sb/0x9daec8d56cdcbde72abe65f4a5daf8cc0a5bf2f9.sol#4686)
Reference: https://github.com/crytic/slither/wiki/Detector-Documentation#low-level-calls[0m
[92m
Function IUniswapV2Router01.WETH() (../../sb/0x9daec8d56cdcbde72abe65f4a5daf8cc0a5bf2f9.sol#250) is not in mixedCase
Function IUniswapV2Pair.DOMAIN_SEPARATOR() (../../sb/0x9daec8d56cdcbde72abe65f4a5daf8cc0a5bf2f9.sol#1036) is not in mixedCase
Function IUniswapV2Pair.PERMIT_TYPEHASH() (../../sb/0x9daec8d56cdcbde72abe65f4a5daf8cc0a5bf2f9.sol#1037) is not in mixedCase
Function IUniswapV2Pair.MINIMUM_LIQUIDITY() (../../sb/0x9daec8d56cdcbde72abe65f4a5daf8cc0a5bf2f9.sol#1054) is not in mixedCase
Contract console (../../sb/0x9daec8d56cdcbde72abe65f4a5daf8cc0a5bf2f9.sol#1189-2721) is not in CapWords
Reference: https://github.com/crytic/slither/wiki/Detector-Documentation#conformance-to-solidity-naming-conventions[0m
[92m
Redundant expression "this (../../sb/0x9daec8d56cdcbde72abe65f4a5daf8cc0a5bf2f9.sol#369)" inContext (../../sb/0x9daec8d56cdcbde72abe65f4a5daf8cc0a5bf2f9.sol#363-372)
Reference: https://github.com/crytic/slither/wiki/Detector-Documentation#redundant-statements[0m
[92m
Variable IUniswapV2Router01.addLiquidity(address,address,uint256,uint256,uint256,uint256,address,uint256).amountADesired (../../sb/0x9daec8d56cdcbde72abe65f4a5daf8cc0a5bf2f9.sol#255) is too similar to IUniswapV2Router01.addLiquidity(address,address,uint256,uint256,uint256,uint256,address,uint256).amountBDesired (../../sb/0x9daec8d56cdcbde72abe65f4a5daf8cc0a5bf2f9.sol#256)
Variable UniswapConnectorLib03.addExactShortLiquidity(IUniswapV2Router02,address,address,uint256,uint256,uint256,address,uint256).amountADesired (../../sb/0x9daec8d56cdcbde72abe65f4a5daf8cc0a5bf2f9.sol#3826) is too similar to UniswapConnectorLib03.addExactShortLiquidity(IUniswapV2Router02,address,address,uint256,uint256,uint256,address,uint256).amountBDesired (../../sb/0x9daec8d56cdcbde72abe65f4a5daf8cc0a5bf2f9.sol#3827)
Reference: https://github.com/crytic/slither/wiki/Detector-Documentation#variable-names-are-too-similar[0m
[92m
console.slitherConstructorConstantVariables() (../../sb/0x9daec8d56cdcbde72abe65f4a5daf8cc0a5bf2f9.sol#1189-2721) uses literals with too many digits:
	- CONSOLE_ADDRESS = address(0x000000000000000000636F6e736F6c652e6c6f67) (../../sb/0x9daec8d56cdcbde72abe65f4a5daf8cc0a5bf2f9.sol#1190)
UniswapConnectorLib03.getOpenPremium(IUniswapV2Router02,IOption,uint256) (../../sb/0x9daec8d56cdcbde72abe65f4a5daf8cc0a5bf2f9.sol#4016-4087) uses literals with too many digits:
	- loanRemainderInUnderlyings = (amountsOut[1].mul(100000).add(amountsOut[1].mul(301))).div(100000) (../../sb/0x9daec8d56cdcbde72abe65f4a5daf8cc0a5bf2f9.sol#4081-4084)
Reference: https://github.com/crytic/slither/wiki/Detector-Documentation#too-many-digits[0m
[92m
name() should be declared external:
	- ERC20.name() (../../sb/0x9daec8d56cdcbde72abe65f4a5daf8cc0a5bf2f9.sol#434-436)
symbol() should be declared external:
	- ERC20.symbol() (../../sb/0x9daec8d56cdcbde72abe65f4a5daf8cc0a5bf2f9.sol#442-444)
decimals() should be declared external:
	- ERC20.decimals() (../../sb/0x9daec8d56cdcbde72abe65f4a5daf8cc0a5bf2f9.sol#459-461)
totalSupply() should be declared external:
	- ERC20.totalSupply() (../../sb/0x9daec8d56cdcbde72abe65f4a5daf8cc0a5bf2f9.sol#466-468)
balanceOf(address) should be declared external:
	- ERC20.balanceOf(address) (../../sb/0x9daec8d56cdcbde72abe65f4a5daf8cc0a5bf2f9.sol#473-475)
transfer(address,uint256) should be declared external:
	- ERC20.transfer(address,uint256) (../../sb/0x9daec8d56cdcbde72abe65f4a5daf8cc0a5bf2f9.sol#485-488)
allowance(address,address) should be declared external:
	- ERC20.allowance(address,address) (../../sb/0x9daec8d56cdcbde72abe65f4a5daf8cc0a5bf2f9.sol#493-495)
approve(address,uint256) should be declared external:
	- ERC20.approve(address,uint256) (../../sb/0x9daec8d56cdcbde72abe65f4a5daf8cc0a5bf2f9.sol#504-507)
transferFrom(address,address,uint256) should be declared external:
	- ERC20.transferFrom(address,address,uint256) (../../sb/0x9daec8d56cdcbde72abe65f4a5daf8cc0a5bf2f9.sol#521-525)
increaseAllowance(address,uint256) should be declared external:
	- ERC20.increaseAllowance(address,uint256) (../../sb/0x9daec8d56cdcbde72abe65f4a5daf8cc0a5bf2f9.sol#539-542)
decreaseAllowance(address,uint256) should be declared external:
	- ERC20.decreaseAllowance(address,uint256) (../../sb/0x9daec8d56cdcbde72abe65f4a5daf8cc0a5bf2f9.sol#558-561)
flashMintShortOptionsThenSwap(address,address,uint256,uint256,address[],address) should be declared external:
	- UniswapConnector03.flashMintShortOptionsThenSwap(address,address,uint256,uint256,address[],address) (../../sb/0x9daec8d56cdcbde72abe65f4a5daf8cc0a5bf2f9.sol#4392-4412)
flashCloseLongOptionsThenSwap(address,address,uint256,uint256,address[],address) should be declared external:
	- UniswapConnector03.flashCloseLongOptionsThenSwap(address,address,uint256,uint256,address[],address) (../../sb/0x9daec8d56cdcbde72abe65f4a5daf8cc0a5bf2f9.sol#4422-4442)
getUniswapMarketForTokens(address,address) should be declared external:
	- UniswapConnector03.getUniswapMarketForTokens(address,address) (../../sb/0x9daec8d56cdcbde72abe65f4a5daf8cc0a5bf2f9.sol#4709-4718)
Reference: https://github.com/crytic/slither/wiki/Detector-Documentation#public-function-that-could-be-declared-external[0m
/sb/0x9daec8d56cdcbde72abe65f4a5daf8cc0a5bf2f9.sol analyzed (22 contracts with 78 detectors), 454 result(s) found
