2023-03-26 02:51:03,175 - Main     - INFO - [1mInitializing seed to 1427655.0[0m
2023-03-26 02:51:03,327 - Main     - ERROR - [91m[1mNo compiler output for: /sb/0x8f52e0c41164169818c1fb04b263fdc7c1e56088.sol[0m[0m

     ______            ______                _           
    / ____/___  ____  / ____/_  __________  (_)_  _______
   / /   / __ \/ __ \/ /_  / / / /_  /_  / / / / / / ___/
  / /___/ /_/ / / / / __/ / /_/ / / /_/ /_/ / /_/ (__  ) 
  \____/\____/_/ /_/_/    \__,_/ /___/___/_/\__,_/____/  

delteed file
Error: Solidity compilation failed!
/sb/0x8f52e0c41164169818c1fb04b263fdc7c1e56088.sol:323:25: TypeError: The "extcodehash" instruction is only available for Constantinople-compatible VMs (you are currently compiling for "byzantium").
            codehash := extcodehash(account)
                        ^---------^

/sb/0x8f52e0c41164169818c1fb04b263fdc7c1e56088.sol:323:13: DeclarationError: Variable count does not match number of values (1 vs. 0)
            codehash := extcodehash(account)
            ^------------------------------^

/sb/0x8f52e0c41164169818c1fb04b263fdc7c1e56088.sol:1198:31: TypeError: The "chainid" instruction is only available for Istanbul-compatible VMs (you are currently compiling for "byzantium").
        assembly { chainId := chainid() }
                              ^-----^

/sb/0x8f52e0c41164169818c1fb04b263fdc7c1e56088.sol:1198:20: DeclarationError: Variable count does not match number of values (1 vs. 0)
        assembly { chainId := chainid() }
                   ^------------------^

/sb/0x8f52e0c41164169818c1fb04b263fdc7c1e56088.sol:1467:31: TypeError: The "chainid" instruction is only available for Istanbul-compatible VMs (you are currently compiling for "byzantium").
        assembly { chainId := chainid() }
                              ^-----^

/sb/0x8f52e0c41164169818c1fb04b263fdc7c1e56088.sol:1467:20: DeclarationError: Variable count does not match number of values (1 vs. 0)
        assembly { chainId := chainid() }
                   ^------------------^

