WARNING:root:You are using solc version 0.6.12, The latest supported version is 0.4.19
INFO:CryticCompile:Compilation warnings/errors on /sb/0x06c24002f43e3af904eeec581734ea3a7dbf355e.sol:
Warning: This function is named "receive" but is not the receive function of the contract. If you intend this to be a receive function, use "receive(...) { ... }" without the "function" keyword to define it.
    --> /sb/0x06c24002f43e3af904eeec581734ea3a7dbf355e.sol:2448:14:
     |
2448 |     function receive(uint256 fromChainId, address to, uint256 nonce, uint256 volume, Signature[] memory signatures) virtual external payable {
     |              ^^^^^^^

Warning: Contract code size exceeds 24576 bytes (a limit introduced in Spurious Dragon). This contract may not be deployable on mainnet. Consider enabling the optimizer (with a low "runs" value!), turning off revert strings, or using libraries.
    --> /sb/0x06c24002f43e3af904eeec581734ea3a7dbf355e.sol:2754:1:
     |
2754 | contract Factory is ContextUpgradeSafe, Configurable, Constants {
     | ^ (Relevant source part starts here and spans across multiple lines).


incomplete push instruction at 73
incomplete push instruction at 788
incomplete push instruction at 69
incomplete push instruction at 1669
incomplete push instruction at 10841
incomplete push instruction at 68
incomplete push instruction at 54
incomplete push instruction at 15269
incomplete push instruction at 667
incomplete push instruction at 4908
incomplete push instruction at 38860
incomplete push instruction at 19876
incomplete push instruction at 54
incomplete push instruction at 2559
INFO:root:contract /sb/0x06c24002f43e3af904eeec581734ea3a7dbf355e.sol:ContextUpgradeSafe:
INFO:symExec:	============ Results ===========
Traceback (most recent call last):
  File "/oyente/oyente/oyente.py", line 232, in <module>
    main()
  File "/oyente/oyente/oyente.py", line 227, in main
    exit_code = analyze_solidity()
  File "/oyente/oyente/oyente.py", line 110, in analyze_solidity
    results, exit_code = run_solidity_analysis(inputs)
  File "/oyente/oyente/oyente.py", line 87, in run_solidity_analysis
    result, return_code = symExec.run(disasm_file=inp['disasm_file'], source_map=inp['source_map'], source_file=inp['source'])
  File "/oyente/oyente/symExec.py", line 2458, in run
    analyze()
  File "/oyente/oyente/symExec.py", line 2441, in analyze
    run_build_cfg_and_analyze(timeout_cb=timeout_cb)
  File "/oyente/oyente/symExec.py", line 2398, in run_build_cfg_and_analyze
    build_cfg_and_analyze()
  File "/oyente/oyente/symExec.py", line 228, in build_cfg_and_analyze
    full_sym_exec()  # jump targets are constructed on the fly
  File "/oyente/oyente/symExec.py", line 547, in full_sym_exec
    return sym_exec_block(params, 0, 0, 0, -1, 'fallback')
  File "/oyente/oyente/symExec.py", line 612, in sym_exec_block
    sym_exec_ins(params, block, instr, func_call, current_func_name)
  File "/oyente/oyente/symExec.py", line 1858, in sym_exec_ins
    stack.pop(0)
IndexError: pop from empty list
