2023-03-26 04:55:00,197 - Main     - INFO - [1mInitializing seed to 1427655.0[0m
2023-03-26 04:55:00,751 - Fuzzer   - INFO - [1mFuzzing contract [1mLPTokenMaster[0m[0m
2023-03-26 04:55:01,052 - Detector - INFO - [1m[31m-----------------------------------------------------[0m
2023-03-26 04:55:01,053 - Detector - INFO - [1m[31m          !!! Integer underflow detected !!!          [0m
2023-03-26 04:55:01,053 - Detector - INFO - [1m[31m-----------------------------------------------------[0m
2023-03-26 04:55:01,053 - Detector - INFO - [1m[31mSWC-ID:   101[0m
2023-03-26 04:55:01,053 - Detector - INFO - [1m[31mSeverity: High[0m
2023-03-26 04:55:01,053 - Detector - INFO - [1m[31m-----------------------------------------------------[0m
2023-03-26 04:55:01,054 - Detector - INFO - [1m[31mSource code line:[0m
2023-03-26 04:55:01,054 - Detector - INFO - [1m[31m-----------------------------------------------------[0m
2023-03-26 04:55:01,054 - Detector - INFO - [1m[31m/sb/0x7b3b69eab43c1aa677df04b4b65f0d169fcdc6ca.sol:67:1[0m
2023-03-26 04:55:01,054 - Detector - INFO - [1m[31mOwnable {[0m
2023-03-26 04:55:01,055 - Detector - INFO - [1m[31m-----------------------------------------------------[0m
2023-03-26 04:55:01,055 - Detector - INFO - [1m[31mTransaction sequence:[0m
2023-03-26 04:55:01,055 - Detector - INFO - [1m[31m-----------------------------------------------------[0m
2023-03-26 04:55:01,055 - Detector - INFO - [1m[31mTransaction - selfBurn(uint256):[0m
2023-03-26 04:55:01,055 - Detector - INFO - [1m[31m-----------------------------------------------------[0m
2023-03-26 04:55:01,055 - Detector - INFO - [1m[31mFrom:      0xcafebabecafebabecafebabecafebabecafebabe[0m
2023-03-26 04:55:01,055 - Detector - INFO - [1m[31mTo:        0x2c5e8a3b3aad9df32339409534e64dfcabcd3a65[0m
2023-03-26 04:55:01,055 - Detector - INFO - [1m[31mValue:     0 Wei[0m
2023-03-26 04:55:01,055 - Detector - INFO - [1m[31mGas Limit: 4500000[0m
2023-03-26 04:55:01,055 - Detector - INFO - [1m[31mInput:     0x5e5ea327ffffffffffffffffffffffffffffffff[0m
2023-03-26 04:55:01,056 - Detector - INFO - [1m[31m           fffffffffffffffffffffffffffffffe[0m
2023-03-26 04:55:01,056 - Detector - INFO - [1m[31m-----------------------------------------------------[0m
2023-03-26 04:55:01,420 - Analysis - INFO - [1mGeneration number 0 	 Code coverage: 53.32% (1013/1900) 	 Branch coverage: 60.20% (59/98) 	 Transactions: 37 (36 unique)   	 Time: 0.6323473453521729[0m
2023-03-26 04:55:02,294 - Analysis - INFO - [1mGeneration number 1 	 Code coverage: 54.84% (1042/1900) 	 Branch coverage: 64.29% (63/98) 	 Transactions: 73 (54 unique)   	 Time: 1.505643367767334[0m
2023-03-26 04:55:03,880 - Analysis - INFO - [1mGeneration number 2 	 Code coverage: 57.42% (1091/1900) 	 Branch coverage: 67.35% (66/98) 	 Transactions: 135 (79 unique)   	 Time: 3.092205762863159[0m
2023-03-26 04:55:05,949 - Analysis - INFO - [1mGeneration number 3 	 Code coverage: 57.42% (1091/1900) 	 Branch coverage: 67.35% (66/98) 	 Transactions: 218 (106 unique)   	 Time: 5.160818576812744[0m
2023-03-26 04:55:08,978 - Analysis - INFO - [1mGeneration number 4 	 Code coverage: 59.16% (1124/1900) 	 Branch coverage: 71.43% (70/98) 	 Transactions: 319 (131 unique)   	 Time: 8.19040584564209[0m
2023-03-26 04:55:12,465 - Analysis - INFO - [1mGeneration number 5 	 Code coverage: 59.16% (1124/1900) 	 Branch coverage: 72.45% (71/98) 	 Transactions: 438 (158 unique)   	 Time: 11.677096843719482[0m
2023-03-26 04:55:17,254 - Analysis - INFO - [1mGeneration number 6 	 Code coverage: 59.16% (1124/1900) 	 Branch coverage: 75.51% (74/98) 	 Transactions: 570 (189 unique)   	 Time: 16.46559977531433[0m
2023-03-26 04:55:22,243 - Analysis - INFO - [1mGeneration number 7 	 Code coverage: 59.16% (1124/1900) 	 Branch coverage: 75.51% (74/98) 	 Transactions: 704 (220 unique)   	 Time: 21.455482959747314[0m
2023-03-26 04:55:27,544 - Analysis - INFO - [1mGeneration number 8 	 Code coverage: 59.16% (1124/1900) 	 Branch coverage: 75.51% (74/98) 	 Transactions: 854 (252 unique)   	 Time: 26.755716800689697[0m
2023-03-26 04:55:32,569 - Analysis - INFO - [1mGeneration number 9 	 Code coverage: 59.16% (1124/1900) 	 Branch coverage: 77.55% (76/98) 	 Transactions: 998 (278 unique)   	 Time: 31.781073331832886[0m
2023-03-26 04:55:37,674 - Analysis - INFO - [1mGeneration number 10 	 Code coverage: 59.16% (1124/1900) 	 Branch coverage: 77.55% (76/98) 	 Transactions: 1146 (303 unique)   	 Time: 36.886308431625366[0m
2023-03-26 04:55:42,215 - Analysis - INFO - [1mGeneration number 11 	 Code coverage: 59.16% (1124/1900) 	 Branch coverage: 77.55% (76/98) 	 Transactions: 1274 (326 unique)   	 Time: 41.42656874656677[0m
2023-03-26 04:55:46,696 - Analysis - INFO - [1mGeneration number 12 	 Code coverage: 59.16% (1124/1900) 	 Branch coverage: 78.57% (77/98) 	 Transactions: 1408 (347 unique)   	 Time: 45.90829682350159[0m
2023-03-26 04:55:50,960 - Analysis - INFO - [1mGeneration number 13 	 Code coverage: 59.16% (1124/1900) 	 Branch coverage: 80.61% (79/98) 	 Transactions: 1533 (368 unique)   	 Time: 50.17159104347229[0m
2023-03-26 04:55:55,762 - Analysis - INFO - [1mGeneration number 14 	 Code coverage: 59.16% (1124/1900) 	 Branch coverage: 82.65% (81/98) 	 Transactions: 1654 (391 unique)   	 Time: 54.97389268875122[0m
2023-03-26 04:56:01,187 - Analysis - INFO - [1mGeneration number 15 	 Code coverage: 59.16% (1124/1900) 	 Branch coverage: 84.69% (83/98) 	 Transactions: 1801 (416 unique)   	 Time: 60.39923429489136[0m
2023-03-26 04:56:04,397 - Analysis - INFO - [1mGeneration number 16 	 Code coverage: 76.89% (1461/1900) 	 Branch coverage: 97.96% (96/98) 	 Transactions: 1878 (468 unique)   	 Time: 63.60942554473877[0m
2023-03-26 04:56:07,502 - Analysis - INFO - [1mGeneration number 17 	 Code coverage: 76.89% (1461/1900) 	 Branch coverage: 100.00% (98/98) 	 Transactions: 1948 (497 unique)   	 Time: 66.71446251869202[0m
2023-03-26 04:56:12,826 - Analysis - INFO - [1mGeneration number 18 	 Code coverage: 76.89% (1461/1900) 	 Branch coverage: 105.10% (103/98) 	 Transactions: 2049 (527 unique)   	 Time: 72.0376808643341[0m
2023-03-26 04:56:19,327 - Analysis - INFO - [1mGeneration number 19 	 Code coverage: 76.89% (1461/1900) 	 Branch coverage: 105.10% (103/98) 	 Transactions: 2164 (556 unique)   	 Time: 78.53946018218994[0m
2023-03-26 04:56:25,638 - Analysis - INFO - [1mGeneration number 20 	 Code coverage: 76.89% (1461/1900) 	 Branch coverage: 106.12% (104/98) 	 Transactions: 2290 (584 unique)   	 Time: 84.8500497341156[0m
2023-03-26 04:56:33,095 - Analysis - INFO - [1mGeneration number 21 	 Code coverage: 79.42% (1509/1900) 	 Branch coverage: 108.16% (106/98) 	 Transactions: 2431 (615 unique)   	 Time: 92.30683422088623[0m
2023-03-26 04:56:40,334 - Analysis - INFO - [1mGeneration number 22 	 Code coverage: 81.68% (1552/1900) 	 Branch coverage: 110.20% (108/98) 	 Transactions: 2570 (645 unique)   	 Time: 99.54612278938293[0m
2023-03-26 04:56:47,929 - Analysis - INFO - [1mGeneration number 23 	 Code coverage: 81.68% (1552/1900) 	 Branch coverage: 110.20% (108/98) 	 Transactions: 2709 (669 unique)   	 Time: 107.14146184921265[0m
2023-03-26 04:56:56,699 - Analysis - INFO - [1mGeneration number 24 	 Code coverage: 81.68% (1552/1900) 	 Branch coverage: 110.20% (108/98) 	 Transactions: 2870 (701 unique)   	 Time: 115.91063094139099[0m
2023-03-26 04:56:57,106 - engine.EvolutionaryFuzzingEngine - ERROR - AttributeError exception is catched
Traceback (most recent call last):
  File "/root/fuzzer/engine/engine.py", line 169, in run
    a.register_step(g=g, population=self.population, engine=self)
  File "/root/fuzzer/engine/analysis/execution_trace_analysis.py", line 100, in register_step
    self.symbolic_execution(population.indv_generator)
  File "/root/fuzzer/engine/analysis/execution_trace_analysis.py", line 543, in symbolic_execution
    if model[variable].as_long() > 8 and model[variable].as_long() < 2**160:
AttributeError: 'NoneType' object has no attribute 'as_long'
2023-03-26 04:56:57,107 - Analysis - INFO - [1m-----------------------------------------------------[0m
2023-03-26 04:56:57,108 - Analysis - INFO - Number of generations: 	 24
2023-03-26 04:56:57,108 - Analysis - INFO - Number of transactions: 	 2870 (701 unique)
2023-03-26 04:56:57,108 - Analysis - INFO - Transactions per second: 	 25
2023-03-26 04:56:57,108 - Analysis - INFO - Total code coverage: 	 81.68% (1552/1900)
2023-03-26 04:56:57,108 - Analysis - INFO - Total branch coverage: 	 110.20% (108/98)
2023-03-26 04:56:57,108 - Analysis - INFO - Total execution time: 	 116.32 seconds
2023-03-26 04:56:57,109 - Analysis - INFO - Total memory consumption: 	 97.46 MB

     ______            ______                _           
    / ____/___  ____  / ____/_  __________  (_)_  _______
   / /   / __ \/ __ \/ /_  / / / /_  /_  / / / / / / ___/
  / /___/ /_/ / / / / __/ / /_/ / / /_/ /_/ / /_/ (__  ) 
  \____/\____/_/ /_/_/    \__,_/ /___/___/_/\__,_/____/  

delteed file
Traceback (most recent call last):
  File "fuzzer/main.py", line 372, in <module>
    main()
  File "fuzzer/main.py", line 232, in main
    Fuzzer(contract_name, contract["abi"], contract['evm']['bytecode']['object'], contract['evm']['deployedBytecode']['object'], instrumented_evm, blockchain_state, solver, args, seed, source_map).run()
  File "fuzzer/main.py", line 165, in run
    engine.run(ng=settings.GENERATIONS)
  File "/root/fuzzer/engine/engine.py", line 47, in profiled_func
    result = func(*args, **kwargs)
  File "/root/fuzzer/engine/engine.py", line 176, in run
    raise e
  File "/root/fuzzer/engine/engine.py", line 169, in run
    a.register_step(g=g, population=self.population, engine=self)
  File "/root/fuzzer/engine/analysis/execution_trace_analysis.py", line 100, in register_step
    self.symbolic_execution(population.indv_generator)
  File "/root/fuzzer/engine/analysis/execution_trace_analysis.py", line 543, in symbolic_execution
    if model[variable].as_long() > 8 and model[variable].as_long() < 2**160:
AttributeError: 'NoneType' object has no attribute 'as_long'
