Compilation warnings/errors on /sb/0xef9cd7882c067686691b6ff49e650b43afbbcc6b.sol:
/sb/0xef9cd7882c067686691b6ff49e650b43afbbcc6b.sol:451:30: Warning: This declaration shadows an existing declaration.
    function changeTokenName(string memory name, string memory symbol)
                             ^----------------^
/sb/0xef9cd7882c067686691b6ff49e650b43afbbcc6b.sol:425:5: The shadowed declaration is here:
    function name() public view returns (string memory) {
    ^ (Relevant source part starts here and spans across multiple lines).

/sb/0xef9cd7882c067686691b6ff49e650b43afbbcc6b.sol:451:50: Warning: This declaration shadows an existing declaration.
    function changeTokenName(string memory name, string memory symbol)
                                                 ^------------------^
/sb/0xef9cd7882c067686691b6ff49e650b43afbbcc6b.sol:432:5: The shadowed declaration is here:
    function symbol() public view returns (string memory) {
    ^ (Relevant source part starts here and spans across multiple lines).


[92m
FnxToken.changeTokenName(string,string).name (../../sb/0xef9cd7882c067686691b6ff49e650b43afbbcc6b.sol#451) shadows:
	- FnxToken.name() (../../sb/0xef9cd7882c067686691b6ff49e650b43afbbcc6b.sol#425-427) (function)
FnxToken.changeTokenName(string,string).symbol (../../sb/0xef9cd7882c067686691b6ff49e650b43afbbcc6b.sol#451) shadows:
	- FnxToken.symbol() (../../sb/0xef9cd7882c067686691b6ff49e650b43afbbcc6b.sol#432-434) (function)
Reference: https://github.com/crytic/slither/wiki/Detector-Documentation#local-variable-shadowing[0m
[92m
Owned.changeOwner(address)._newOwner (../../sb/0xef9cd7882c067686691b6ff49e650b43afbbcc6b.sol#391) lacks a zero-check on :
		- newOwner = _newOwner (../../sb/0xef9cd7882c067686691b6ff49e650b43afbbcc6b.sol#392)
Reference: https://github.com/crytic/slither/wiki/Detector-Documentation#missing-zero-address-validation[0m
[92m
ERC20._burn(address,uint256) (../../sb/0xef9cd7882c067686691b6ff49e650b43afbbcc6b.sol#342-348) is never used and should be removed
ERC20._burnFrom(address,uint256) (../../sb/0xef9cd7882c067686691b6ff49e650b43afbbcc6b.sol#358-362) is never used and should be removed
SafeMath.div(uint256,uint256) (../../sb/0xef9cd7882c067686691b6ff49e650b43afbbcc6b.sol#123-125) is never used and should be removed
SafeMath.div(uint256,uint256,string) (../../sb/0xef9cd7882c067686691b6ff49e650b43afbbcc6b.sol#139-145) is never used and should be removed
SafeMath.mod(uint256,uint256) (../../sb/0xef9cd7882c067686691b6ff49e650b43afbbcc6b.sol#159-161) is never used and should be removed
SafeMath.mod(uint256,uint256,string) (../../sb/0xef9cd7882c067686691b6ff49e650b43afbbcc6b.sol#175-178) is never used and should be removed
SafeMath.mul(uint256,uint256) (../../sb/0xef9cd7882c067686691b6ff49e650b43afbbcc6b.sol#97-109) is never used and should be removed
Reference: https://github.com/crytic/slither/wiki/Detector-Documentation#dead-code[0m
[92m
Pragma version^0.4.24 (../../sb/0xef9cd7882c067686691b6ff49e650b43afbbcc6b.sol#1) allows old versions
solc-0.4.26 is not recommended for deployment
Reference: https://github.com/crytic/slither/wiki/Detector-Documentation#incorrect-versions-of-solidity[0m
[92m
Parameter Owned.changeOwner(address)._newOwner (../../sb/0xef9cd7882c067686691b6ff49e650b43afbbcc6b.sol#391) is not in mixedCase
Variable FnxToken.MAX_TOTAL_TOKEN_AMOUNT (../../sb/0xef9cd7882c067686691b6ff49e650b43afbbcc6b.sol#415) is not in mixedCase
Reference: https://github.com/crytic/slither/wiki/Detector-Documentation#conformance-to-solidity-naming-conventions[0m
[92m
FnxToken.slitherConstructorVariables() (../../sb/0xef9cd7882c067686691b6ff49e650b43afbbcc6b.sol#406-479) uses literals with too many digits:
	- MAX_TOTAL_TOKEN_AMOUNT = 500000000000000000000000000 (../../sb/0xef9cd7882c067686691b6ff49e650b43afbbcc6b.sol#415)
Reference: https://github.com/crytic/slither/wiki/Detector-Documentation#too-many-digits[0m
[92m
FnxToken.MAX_TOTAL_TOKEN_AMOUNT (../../sb/0xef9cd7882c067686691b6ff49e650b43afbbcc6b.sol#415) should be constant
FnxToken._decimals (../../sb/0xef9cd7882c067686691b6ff49e650b43afbbcc6b.sol#412) should be constant
Reference: https://github.com/crytic/slither/wiki/Detector-Documentation#state-variables-that-could-be-declared-constant[0m
[92m
balanceOf(address) should be declared external:
	- ERC20.balanceOf(address) (../../sb/0xef9cd7882c067686691b6ff49e650b43afbbcc6b.sol#215-217)
allowance(address,address) should be declared external:
	- ERC20.allowance(address,address) (../../sb/0xef9cd7882c067686691b6ff49e650b43afbbcc6b.sol#225-227)
transfer(address,uint256) should be declared external:
	- ERC20.transfer(address,uint256) (../../sb/0xef9cd7882c067686691b6ff49e650b43afbbcc6b.sol#234-237)
approve(address,uint256) should be declared external:
	- ERC20.approve(address,uint256) (../../sb/0xef9cd7882c067686691b6ff49e650b43afbbcc6b.sol#248-254)
transferFrom(address,address,uint256) should be declared external:
	- ERC20.transferFrom(address,address,uint256) (../../sb/0xef9cd7882c067686691b6ff49e650b43afbbcc6b.sol#264-269)
increaseAllowance(address,uint256) should be declared external:
	- ERC20.increaseAllowance(address,uint256) (../../sb/0xef9cd7882c067686691b6ff49e650b43afbbcc6b.sol#281-287)
decreaseAllowance(address,uint256) should be declared external:
	- ERC20.decreaseAllowance(address,uint256) (../../sb/0xef9cd7882c067686691b6ff49e650b43afbbcc6b.sol#299-305)
changeOwner(address) should be declared external:
	- Owned.changeOwner(address) (../../sb/0xef9cd7882c067686691b6ff49e650b43afbbcc6b.sol#391-393)
acceptOwnership() should be declared external:
	- Owned.acceptOwnership() (../../sb/0xef9cd7882c067686691b6ff49e650b43afbbcc6b.sol#396-400)
name() should be declared external:
	- FnxToken.name() (../../sb/0xef9cd7882c067686691b6ff49e650b43afbbcc6b.sol#425-427)
symbol() should be declared external:
	- FnxToken.symbol() (../../sb/0xef9cd7882c067686691b6ff49e650b43afbbcc6b.sol#432-434)
decimals() should be declared external:
	- FnxToken.decimals() (../../sb/0xef9cd7882c067686691b6ff49e650b43afbbcc6b.sol#439-441)
changeTokenName(string,string) should be declared external:
	- FnxToken.changeTokenName(string,string) (../../sb/0xef9cd7882c067686691b6ff49e650b43afbbcc6b.sol#451-458)
mint(address,uint256) should be declared external:
	- FnxToken.mint(address,uint256) (../../sb/0xef9cd7882c067686691b6ff49e650b43afbbcc6b.sol#469-475)
Reference: https://github.com/crytic/slither/wiki/Detector-Documentation#public-function-that-could-be-declared-external[0m
/sb/0xef9cd7882c067686691b6ff49e650b43afbbcc6b.sol analyzed (5 contracts with 78 detectors), 31 result(s) found
