
====================================================================================================
[94m[ ] Check if contract is SUICIDAL[0m

[ ] Contract address   : 0xaFFECAFEAFfECaFEaFFecAfEAFfecAfEAffEcaFE
[ ] Contract bytecode  : 60806040526004361061012f5763ffffffff60e060020a6000...
[ ] Bytecode length    : 22608
[ ] Blockchain contract: False
[ ] Debug              : False

[92m[-] The code does not contain SUICIDE instructions, hence it is not vulnerable[0m

====================================================================================================
[94m[ ] Check if contract is PRODIGAL[0m

[ ] Contract address   : 0xaFFECAFEAFfECaFEaFFecAfEAFfecAfEAffEcaFE
[ ] Contract bytecode  : 60806040526004361061012f5763ffffffff60e060020a6000...
[ ] Bytecode length    : 22608
[ ] Blockchain contract: False
[ ] Debug              : False

[ ][1m Search with call depth: 1   : [0m1111111
[ ][1m Search with call depth: 2   : [0m1222222211222222212222222
[ ][1m Search with call depth: 3   : [0m122233333332333333323333333
[92m[+] No prodigal vulnerability found [0m

====================================================================================================
[94m[ ] Check if contract is GREEDY[0m

[ ] Contract address   : 0xaFFECAFEAFfECaFEaFFecAfEAFfecAfEAffEcaFE
[ ] Contract bytecode  : 60806040526004361061012f5763ffffffff60e060020a6000...
[ ] Bytecode length    : 22608
[ ] Debug              : False
[92m[+][0m [1mContract can receive Ether[0m

[ ][1m Search with call depth: 1   : [0m1
[92m[+] No locking vulnerability found [0m
