Compilation warnings/errors on /sb/0xd1c5966f9f5ee6881ff6b261bbeda45972b1b5f3.sol:
Warning: Contract code size is 26153 bytes and exceeds 24576 bytes (a limit introduced in Spurious Dragon). This contract may not be deployable on Mainnet. Consider enabling the optimizer (with a low "runs" value!), turning off revert strings, or using libraries.
   --> /sb/0xd1c5966f9f5ee6881ff6b261bbeda45972b1b5f3.sol:172:1:
    |
172 | contract AnyswapV4Router {
    | ^ (Relevant source part starts here and spans across multiple lines).


[93m
SushiswapV2Library.getAmountsOut(address,uint256,address[]).i (../../sb/0xd1c5966f9f5ee6881ff6b261bbeda45972b1b5f3.sol#96) is a local variable never initialized
AnyswapV4Router._swap(uint256[],address[],address).i (../../sb/0xd1c5966f9f5ee6881ff6b261bbeda45972b1b5f3.sol#337) is a local variable never initialized
Reference: https://github.com/crytic/slither/wiki/Detector-Documentation#uninitialized-local-variables[0m
[93m
AnyswapV4Router._anySwapOut(address,address,address,uint256,uint256) (../../sb/0xd1c5966f9f5ee6881ff6b261bbeda45972b1b5f3.sol#236-239) ignores return value by AnyswapV1ERC20(token).burn(from,amount) (../../sb/0xd1c5966f9f5ee6881ff6b261bbeda45972b1b5f3.sol#237)
AnyswapV4Router.anySwapOutUnderlying(address,address,uint256,uint256) (../../sb/0xd1c5966f9f5ee6881ff6b261bbeda45972b1b5f3.sol#247-251) ignores return value by AnyswapV1ERC20(token).depositVault(amount,msg.sender) (../../sb/0xd1c5966f9f5ee6881ff6b261bbeda45972b1b5f3.sol#249)
AnyswapV4Router.anySwapOutUnderlyingWithPermit(address,address,address,uint256,uint256,uint8,bytes32,bytes32,uint256) (../../sb/0xd1c5966f9f5ee6881ff6b261bbeda45972b1b5f3.sol#253-269) ignores return value by AnyswapV1ERC20(token).depositVault(amount,from) (../../sb/0xd1c5966f9f5ee6881ff6b261bbeda45972b1b5f3.sol#267)
AnyswapV4Router.anySwapOutUnderlyingWithTransferPermit(address,address,address,uint256,uint256,uint8,bytes32,bytes32,uint256) (../../sb/0xd1c5966f9f5ee6881ff6b261bbeda45972b1b5f3.sol#271-285) ignores return value by IERC20(AnyswapV1ERC20(token).underlying()).transferWithPermit(from,token,amount,deadline,v,r,s) (../../sb/0xd1c5966f9f5ee6881ff6b261bbeda45972b1b5f3.sol#282)
AnyswapV4Router.anySwapOutUnderlyingWithTransferPermit(address,address,address,uint256,uint256,uint8,bytes32,bytes32,uint256) (../../sb/0xd1c5966f9f5ee6881ff6b261bbeda45972b1b5f3.sol#271-285) ignores return value by AnyswapV1ERC20(token).depositVault(amount,from) (../../sb/0xd1c5966f9f5ee6881ff6b261bbeda45972b1b5f3.sol#283)
AnyswapV4Router._anySwapIn(bytes32,address,address,uint256,uint256) (../../sb/0xd1c5966f9f5ee6881ff6b261bbeda45972b1b5f3.sol#294-297) ignores return value by AnyswapV1ERC20(token).mint(to,amount) (../../sb/0xd1c5966f9f5ee6881ff6b261bbeda45972b1b5f3.sol#295)
AnyswapV4Router.anySwapInUnderlying(bytes32,address,address,uint256,uint256) (../../sb/0xd1c5966f9f5ee6881ff6b261bbeda45972b1b5f3.sol#306-309) ignores return value by AnyswapV1ERC20(token).withdrawVault(to,amount,to) (../../sb/0xd1c5966f9f5ee6881ff6b261bbeda45972b1b5f3.sol#308)
AnyswapV4Router.anySwapInAuto(bytes32,address,address,uint256,uint256) (../../sb/0xd1c5966f9f5ee6881ff6b261bbeda45972b1b5f3.sol#312-319) ignores return value by _anyToken.withdrawVault(to,amount,to) (../../sb/0xd1c5966f9f5ee6881ff6b261bbeda45972b1b5f3.sol#317)
AnyswapV4Router.anySwapFeeTo(address,uint256) (../../sb/0xd1c5966f9f5ee6881ff6b261bbeda45972b1b5f3.sol#322-326) ignores return value by AnyswapV1ERC20(token).mint(_mpc,amount) (../../sb/0xd1c5966f9f5ee6881ff6b261bbeda45972b1b5f3.sol#324)
AnyswapV4Router.anySwapFeeTo(address,uint256) (../../sb/0xd1c5966f9f5ee6881ff6b261bbeda45972b1b5f3.sol#322-326) ignores return value by AnyswapV1ERC20(token).withdrawVault(_mpc,amount,_mpc) (../../sb/0xd1c5966f9f5ee6881ff6b261bbeda45972b1b5f3.sol#325)
AnyswapV4Router.anySwapOutExactTokensForTokens(uint256,uint256,address[],address,uint256,uint256) (../../sb/0xd1c5966f9f5ee6881ff6b261bbeda45972b1b5f3.sol#350-360) ignores return value by AnyswapV1ERC20(path[0]).burn(msg.sender,amountIn) (../../sb/0xd1c5966f9f5ee6881ff6b261bbeda45972b1b5f3.sol#358)
AnyswapV4Router.anySwapOutExactTokensForTokensUnderlying(uint256,uint256,address[],address,uint256,uint256) (../../sb/0xd1c5966f9f5ee6881ff6b261bbeda45972b1b5f3.sol#363-375) ignores return value by AnyswapV1ERC20(path[0]).depositVault(amountIn,msg.sender) (../../sb/0xd1c5966f9f5ee6881ff6b261bbeda45972b1b5f3.sol#372)
AnyswapV4Router.anySwapOutExactTokensForTokensUnderlying(uint256,uint256,address[],address,uint256,uint256) (../../sb/0xd1c5966f9f5ee6881ff6b261bbeda45972b1b5f3.sol#363-375) ignores return value by AnyswapV1ERC20(path[0]).burn(msg.sender,amountIn) (../../sb/0xd1c5966f9f5ee6881ff6b261bbeda45972b1b5f3.sol#373)
AnyswapV4Router.anySwapOutExactTokensForTokensUnderlyingWithPermit(address,uint256,uint256,address[],address,uint256,uint8,bytes32,bytes32,uint256) (../../sb/0xd1c5966f9f5ee6881ff6b261bbeda45972b1b5f3.sol#378-405) ignores return value by AnyswapV1ERC20(path[0]).depositVault(amountIn,from) (../../sb/0xd1c5966f9f5ee6881ff6b261bbeda45972b1b5f3.sol#393)
AnyswapV4Router.anySwapOutExactTokensForTokensUnderlyingWithPermit(address,uint256,uint256,address[],address,uint256,uint8,bytes32,bytes32,uint256) (../../sb/0xd1c5966f9f5ee6881ff6b261bbeda45972b1b5f3.sol#378-405) ignores return value by AnyswapV1ERC20(path[0]).burn(from,amountIn) (../../sb/0xd1c5966f9f5ee6881ff6b261bbeda45972b1b5f3.sol#394)
AnyswapV4Router.anySwapOutExactTokensForTokensUnderlyingWithTransferPermit(address,uint256,uint256,address[],address,uint256,uint8,bytes32,bytes32,uint256) (../../sb/0xd1c5966f9f5ee6881ff6b261bbeda45972b1b5f3.sol#408-424) ignores return value by IERC20(AnyswapV1ERC20(path[0]).underlying()).transferWithPermit(from,path[0],amountIn,deadline,v,r,s) (../../sb/0xd1c5966f9f5ee6881ff6b261bbeda45972b1b5f3.sol#420)
AnyswapV4Router.anySwapOutExactTokensForTokensUnderlyingWithTransferPermit(address,uint256,uint256,address[],address,uint256,uint8,bytes32,bytes32,uint256) (../../sb/0xd1c5966f9f5ee6881ff6b261bbeda45972b1b5f3.sol#408-424) ignores return value by AnyswapV1ERC20(path[0]).depositVault(amountIn,from) (../../sb/0xd1c5966f9f5ee6881ff6b261bbeda45972b1b5f3.sol#421)
AnyswapV4Router.anySwapOutExactTokensForTokensUnderlyingWithTransferPermit(address,uint256,uint256,address[],address,uint256,uint8,bytes32,bytes32,uint256) (../../sb/0xd1c5966f9f5ee6881ff6b261bbeda45972b1b5f3.sol#408-424) ignores return value by AnyswapV1ERC20(path[0]).burn(from,amountIn) (../../sb/0xd1c5966f9f5ee6881ff6b261bbeda45972b1b5f3.sol#422)
AnyswapV4Router.anySwapOutExactTokensForNative(uint256,uint256,address[],address,uint256,uint256) (../../sb/0xd1c5966f9f5ee6881ff6b261bbeda45972b1b5f3.sol#444-454) ignores return value by AnyswapV1ERC20(path[0]).burn(msg.sender,amountIn) (../../sb/0xd1c5966f9f5ee6881ff6b261bbeda45972b1b5f3.sol#452)
AnyswapV4Router.anySwapOutExactTokensForNativeUnderlying(uint256,uint256,address[],address,uint256,uint256) (../../sb/0xd1c5966f9f5ee6881ff6b261bbeda45972b1b5f3.sol#457-469) ignores return value by AnyswapV1ERC20(path[0]).depositVault(amountIn,msg.sender) (../../sb/0xd1c5966f9f5ee6881ff6b261bbeda45972b1b5f3.sol#466)
AnyswapV4Router.anySwapOutExactTokensForNativeUnderlying(uint256,uint256,address[],address,uint256,uint256) (../../sb/0xd1c5966f9f5ee6881ff6b261bbeda45972b1b5f3.sol#457-469) ignores return value by AnyswapV1ERC20(path[0]).burn(msg.sender,amountIn) (../../sb/0xd1c5966f9f5ee6881ff6b261bbeda45972b1b5f3.sol#467)
AnyswapV4Router.anySwapOutExactTokensForNativeUnderlyingWithPermit(address,uint256,uint256,address[],address,uint256,uint8,bytes32,bytes32,uint256) (../../sb/0xd1c5966f9f5ee6881ff6b261bbeda45972b1b5f3.sol#472-499) ignores return value by AnyswapV1ERC20(path[0]).depositVault(amountIn,from) (../../sb/0xd1c5966f9f5ee6881ff6b261bbeda45972b1b5f3.sol#487)
AnyswapV4Router.anySwapOutExactTokensForNativeUnderlyingWithPermit(address,uint256,uint256,address[],address,uint256,uint8,bytes32,bytes32,uint256) (../../sb/0xd1c5966f9f5ee6881ff6b261bbeda45972b1b5f3.sol#472-499) ignores return value by AnyswapV1ERC20(path[0]).burn(from,amountIn) (../../sb/0xd1c5966f9f5ee6881ff6b261bbeda45972b1b5f3.sol#488)
AnyswapV4Router.anySwapOutExactTokensForNativeUnderlyingWithTransferPermit(address,uint256,uint256,address[],address,uint256,uint8,bytes32,bytes32,uint256) (../../sb/0xd1c5966f9f5ee6881ff6b261bbeda45972b1b5f3.sol#502-518) ignores return value by IERC20(AnyswapV1ERC20(path[0]).underlying()).transferWithPermit(from,path[0],amountIn,deadline,v,r,s) (../../sb/0xd1c5966f9f5ee6881ff6b261bbeda45972b1b5f3.sol#514)
AnyswapV4Router.anySwapOutExactTokensForNativeUnderlyingWithTransferPermit(address,uint256,uint256,address[],address,uint256,uint8,bytes32,bytes32,uint256) (../../sb/0xd1c5966f9f5ee6881ff6b261bbeda45972b1b5f3.sol#502-518) ignores return value by AnyswapV1ERC20(path[0]).depositVault(amountIn,from) (../../sb/0xd1c5966f9f5ee6881ff6b261bbeda45972b1b5f3.sol#515)
AnyswapV4Router.anySwapOutExactTokensForNativeUnderlyingWithTransferPermit(address,uint256,uint256,address[],address,uint256,uint8,bytes32,bytes32,uint256) (../../sb/0xd1c5966f9f5ee6881ff6b261bbeda45972b1b5f3.sol#502-518) ignores return value by AnyswapV1ERC20(path[0]).burn(from,amountIn) (../../sb/0xd1c5966f9f5ee6881ff6b261bbeda45972b1b5f3.sol#516)
Reference: https://github.com/crytic/slither/wiki/Detector-Documentation#unused-return[0m
[92m
AnyswapV4Router.constructor(address,address,address)._mpc (../../sb/0xd1c5966f9f5ee6881ff6b261bbeda45972b1b5f3.sol#183) lacks a zero-check on :
		- _newMPC = _mpc (../../sb/0xd1c5966f9f5ee6881ff6b261bbeda45972b1b5f3.sol#184)
AnyswapV4Router.constructor(address,address,address)._factory (../../sb/0xd1c5966f9f5ee6881ff6b261bbeda45972b1b5f3.sol#183) lacks a zero-check on :
		- factory = _factory (../../sb/0xd1c5966f9f5ee6881ff6b261bbeda45972b1b5f3.sol#186)
AnyswapV4Router.constructor(address,address,address)._wNATIVE (../../sb/0xd1c5966f9f5ee6881ff6b261bbeda45972b1b5f3.sol#183) lacks a zero-check on :
		- wNATIVE = _wNATIVE (../../sb/0xd1c5966f9f5ee6881ff6b261bbeda45972b1b5f3.sol#187)
Reference: https://github.com/crytic/slither/wiki/Detector-Documentation#missing-zero-address-validation[0m
[92m
AnyswapV4Router._anySwapOut(address,address,address,uint256,uint256) (../../sb/0xd1c5966f9f5ee6881ff6b261bbeda45972b1b5f3.sol#236-239) has external calls inside a loop: AnyswapV1ERC20(token).burn(from,amount) (../../sb/0xd1c5966f9f5ee6881ff6b261bbeda45972b1b5f3.sol#237)
AnyswapV4Router._anySwapIn(bytes32,address,address,uint256,uint256) (../../sb/0xd1c5966f9f5ee6881ff6b261bbeda45972b1b5f3.sol#294-297) has external calls inside a loop: AnyswapV1ERC20(token).mint(to,amount) (../../sb/0xd1c5966f9f5ee6881ff6b261bbeda45972b1b5f3.sol#295)
Reference: https://github.com/crytic/slither/wiki/Detector-Documentation/#calls-inside-a-loop[0m
[92m
Reentrancy in AnyswapV4Router._anySwapIn(bytes32,address,address,uint256,uint256) (../../sb/0xd1c5966f9f5ee6881ff6b261bbeda45972b1b5f3.sol#294-297):
	External calls:
	- AnyswapV1ERC20(token).mint(to,amount) (../../sb/0xd1c5966f9f5ee6881ff6b261bbeda45972b1b5f3.sol#295)
	Event emitted after the call(s):
	- LogAnySwapIn(txs,token,to,amount,fromChainID,cID()) (../../sb/0xd1c5966f9f5ee6881ff6b261bbeda45972b1b5f3.sol#296)
Reentrancy in AnyswapV4Router._anySwapOut(address,address,address,uint256,uint256) (../../sb/0xd1c5966f9f5ee6881ff6b261bbeda45972b1b5f3.sol#236-239):
	External calls:
	- AnyswapV1ERC20(token).burn(from,amount) (../../sb/0xd1c5966f9f5ee6881ff6b261bbeda45972b1b5f3.sol#237)
	Event emitted after the call(s):
	- LogAnySwapOut(token,from,to,amount,cID(),toChainID) (../../sb/0xd1c5966f9f5ee6881ff6b261bbeda45972b1b5f3.sol#238)
Reentrancy in AnyswapV4Router.anySwapOutExactTokensForNative(uint256,uint256,address[],address,uint256,uint256) (../../sb/0xd1c5966f9f5ee6881ff6b261bbeda45972b1b5f3.sol#444-454):
	External calls:
	- AnyswapV1ERC20(path[0]).burn(msg.sender,amountIn) (../../sb/0xd1c5966f9f5ee6881ff6b261bbeda45972b1b5f3.sol#452)
	Event emitted after the call(s):
	- LogAnySwapTradeTokensForNative(path,msg.sender,to,amountIn,amountOutMin,cID(),toChainID) (../../sb/0xd1c5966f9f5ee6881ff6b261bbeda45972b1b5f3.sol#453)
Reentrancy in AnyswapV4Router.anySwapOutExactTokensForNativeUnderlying(uint256,uint256,address[],address,uint256,uint256) (../../sb/0xd1c5966f9f5ee6881ff6b261bbeda45972b1b5f3.sol#457-469):
	External calls:
	- TransferHelper.safeTransferFrom(AnyswapV1ERC20(path[0]).underlying(),msg.sender,path[0],amountIn) (../../sb/0xd1c5966f9f5ee6881ff6b261bbeda45972b1b5f3.sol#465)
	- AnyswapV1ERC20(path[0]).depositVault(amountIn,msg.sender) (../../sb/0xd1c5966f9f5ee6881ff6b261bbeda45972b1b5f3.sol#466)
	- AnyswapV1ERC20(path[0]).burn(msg.sender,amountIn) (../../sb/0xd1c5966f9f5ee6881ff6b261bbeda45972b1b5f3.sol#467)
	Event emitted after the call(s):
	- LogAnySwapTradeTokensForNative(path,msg.sender,to,amountIn,amountOutMin,cID(),toChainID) (../../sb/0xd1c5966f9f5ee6881ff6b261bbeda45972b1b5f3.sol#468)
Reentrancy in AnyswapV4Router.anySwapOutExactTokensForNativeUnderlyingWithPermit(address,uint256,uint256,address[],address,uint256,uint8,bytes32,bytes32,uint256) (../../sb/0xd1c5966f9f5ee6881ff6b261bbeda45972b1b5f3.sol#472-499):
	External calls:
	- IERC20(_underlying).permit(from,address(this),amountIn,deadline,v,r,s) (../../sb/0xd1c5966f9f5ee6881ff6b261bbeda45972b1b5f3.sol#485)
	- TransferHelper.safeTransferFrom(_underlying,from,path[0],amountIn) (../../sb/0xd1c5966f9f5ee6881ff6b261bbeda45972b1b5f3.sol#486)
	- AnyswapV1ERC20(path[0]).depositVault(amountIn,from) (../../sb/0xd1c5966f9f5ee6881ff6b261bbeda45972b1b5f3.sol#487)
	- AnyswapV1ERC20(path[0]).burn(from,amountIn) (../../sb/0xd1c5966f9f5ee6881ff6b261bbeda45972b1b5f3.sol#488)
	Event emitted after the call(s):
	- LogAnySwapTradeTokensForNative(_path,_from,_to,_amountIn,_amountOutMin,_cID,_toChainID) (../../sb/0xd1c5966f9f5ee6881ff6b261bbeda45972b1b5f3.sol#497)
Reentrancy in AnyswapV4Router.anySwapOutExactTokensForNativeUnderlyingWithTransferPermit(address,uint256,uint256,address[],address,uint256,uint8,bytes32,bytes32,uint256) (../../sb/0xd1c5966f9f5ee6881ff6b261bbeda45972b1b5f3.sol#502-518):
	External calls:
	- IERC20(AnyswapV1ERC20(path[0]).underlying()).transferWithPermit(from,path[0],amountIn,deadline,v,r,s) (../../sb/0xd1c5966f9f5ee6881ff6b261bbeda45972b1b5f3.sol#514)
	- AnyswapV1ERC20(path[0]).depositVault(amountIn,from) (../../sb/0xd1c5966f9f5ee6881ff6b261bbeda45972b1b5f3.sol#515)
	- AnyswapV1ERC20(path[0]).burn(from,amountIn) (../../sb/0xd1c5966f9f5ee6881ff6b261bbeda45972b1b5f3.sol#516)
	Event emitted after the call(s):
	- LogAnySwapTradeTokensForNative(path,from,to,amountIn,amountOutMin,cID(),toChainID) (../../sb/0xd1c5966f9f5ee6881ff6b261bbeda45972b1b5f3.sol#517)
Reentrancy in AnyswapV4Router.anySwapOutExactTokensForTokens(uint256,uint256,address[],address,uint256,uint256) (../../sb/0xd1c5966f9f5ee6881ff6b261bbeda45972b1b5f3.sol#350-360):
	External calls:
	- AnyswapV1ERC20(path[0]).burn(msg.sender,amountIn) (../../sb/0xd1c5966f9f5ee6881ff6b261bbeda45972b1b5f3.sol#358)
	Event emitted after the call(s):
	- LogAnySwapTradeTokensForTokens(path,msg.sender,to,amountIn,amountOutMin,cID(),toChainID) (../../sb/0xd1c5966f9f5ee6881ff6b261bbeda45972b1b5f3.sol#359)
Reentrancy in AnyswapV4Router.anySwapOutExactTokensForTokensUnderlying(uint256,uint256,address[],address,uint256,uint256) (../../sb/0xd1c5966f9f5ee6881ff6b261bbeda45972b1b5f3.sol#363-375):
	External calls:
	- TransferHelper.safeTransferFrom(AnyswapV1ERC20(path[0]).underlying(),msg.sender,path[0],amountIn) (../../sb/0xd1c5966f9f5ee6881ff6b261bbeda45972b1b5f3.sol#371)
	- AnyswapV1ERC20(path[0]).depositVault(amountIn,msg.sender) (../../sb/0xd1c5966f9f5ee6881ff6b261bbeda45972b1b5f3.sol#372)
	- AnyswapV1ERC20(path[0]).burn(msg.sender,amountIn) (../../sb/0xd1c5966f9f5ee6881ff6b261bbeda45972b1b5f3.sol#373)
	Event emitted after the call(s):
	- LogAnySwapTradeTokensForTokens(path,msg.sender,to,amountIn,amountOutMin,cID(),toChainID) (../../sb/0xd1c5966f9f5ee6881ff6b261bbeda45972b1b5f3.sol#374)
Reentrancy in AnyswapV4Router.anySwapOutExactTokensForTokensUnderlyingWithPermit(address,uint256,uint256,address[],address,uint256,uint8,bytes32,bytes32,uint256) (../../sb/0xd1c5966f9f5ee6881ff6b261bbeda45972b1b5f3.sol#378-405):
	External calls:
	- IERC20(_underlying).permit(from,address(this),amountIn,deadline,v,r,s) (../../sb/0xd1c5966f9f5ee6881ff6b261bbeda45972b1b5f3.sol#391)
	- TransferHelper.safeTransferFrom(_underlying,from,path[0],amountIn) (../../sb/0xd1c5966f9f5ee6881ff6b261bbeda45972b1b5f3.sol#392)
	- AnyswapV1ERC20(path[0]).depositVault(amountIn,from) (../../sb/0xd1c5966f9f5ee6881ff6b261bbeda45972b1b5f3.sol#393)
	- AnyswapV1ERC20(path[0]).burn(from,amountIn) (../../sb/0xd1c5966f9f5ee6881ff6b261bbeda45972b1b5f3.sol#394)
	Event emitted after the call(s):
	- LogAnySwapTradeTokensForTokens(_path,_from,_to,_amountIn,_amountOutMin,_cID,_toChainID) (../../sb/0xd1c5966f9f5ee6881ff6b261bbeda45972b1b5f3.sol#403)
Reentrancy in AnyswapV4Router.anySwapOutExactTokensForTokensUnderlyingWithTransferPermit(address,uint256,uint256,address[],address,uint256,uint8,bytes32,bytes32,uint256) (../../sb/0xd1c5966f9f5ee6881ff6b261bbeda45972b1b5f3.sol#408-424):
	External calls:
	- IERC20(AnyswapV1ERC20(path[0]).underlying()).transferWithPermit(from,path[0],amountIn,deadline,v,r,s) (../../sb/0xd1c5966f9f5ee6881ff6b261bbeda45972b1b5f3.sol#420)
	- AnyswapV1ERC20(path[0]).depositVault(amountIn,from) (../../sb/0xd1c5966f9f5ee6881ff6b261bbeda45972b1b5f3.sol#421)
	- AnyswapV1ERC20(path[0]).burn(from,amountIn) (../../sb/0xd1c5966f9f5ee6881ff6b261bbeda45972b1b5f3.sol#422)
	Event emitted after the call(s):
	- LogAnySwapTradeTokensForTokens(path,from,to,amountIn,amountOutMin,cID(),toChainID) (../../sb/0xd1c5966f9f5ee6881ff6b261bbeda45972b1b5f3.sol#423)
Reentrancy in AnyswapV4Router.anySwapOutUnderlying(address,address,uint256,uint256) (../../sb/0xd1c5966f9f5ee6881ff6b261bbeda45972b1b5f3.sol#247-251):
	External calls:
	- TransferHelper.safeTransferFrom(AnyswapV1ERC20(token).underlying(),msg.sender,token,amount) (../../sb/0xd1c5966f9f5ee6881ff6b261bbeda45972b1b5f3.sol#248)
	- AnyswapV1ERC20(token).depositVault(amount,msg.sender) (../../sb/0xd1c5966f9f5ee6881ff6b261bbeda45972b1b5f3.sol#249)
	- _anySwapOut(msg.sender,token,to,amount,toChainID) (../../sb/0xd1c5966f9f5ee6881ff6b261bbeda45972b1b5f3.sol#250)
		- AnyswapV1ERC20(token).burn(from,amount) (../../sb/0xd1c5966f9f5ee6881ff6b261bbeda45972b1b5f3.sol#237)
	Event emitted after the call(s):
	- LogAnySwapOut(token,from,to,amount,cID(),toChainID) (../../sb/0xd1c5966f9f5ee6881ff6b261bbeda45972b1b5f3.sol#238)
		- _anySwapOut(msg.sender,token,to,amount,toChainID) (../../sb/0xd1c5966f9f5ee6881ff6b261bbeda45972b1b5f3.sol#250)
Reentrancy in AnyswapV4Router.anySwapOutUnderlyingWithPermit(address,address,address,uint256,uint256,uint8,bytes32,bytes32,uint256) (../../sb/0xd1c5966f9f5ee6881ff6b261bbeda45972b1b5f3.sol#253-269):
	External calls:
	- IERC20(_underlying).permit(from,address(this),amount,deadline,v,r,s) (../../sb/0xd1c5966f9f5ee6881ff6b261bbeda45972b1b5f3.sol#265)
	- TransferHelper.safeTransferFrom(_underlying,from,token,amount) (../../sb/0xd1c5966f9f5ee6881ff6b261bbeda45972b1b5f3.sol#266)
	- AnyswapV1ERC20(token).depositVault(amount,from) (../../sb/0xd1c5966f9f5ee6881ff6b261bbeda45972b1b5f3.sol#267)
	- _anySwapOut(from,token,to,amount,toChainID) (../../sb/0xd1c5966f9f5ee6881ff6b261bbeda45972b1b5f3.sol#268)
		- AnyswapV1ERC20(token).burn(from,amount) (../../sb/0xd1c5966f9f5ee6881ff6b261bbeda45972b1b5f3.sol#237)
	Event emitted after the call(s):
	- LogAnySwapOut(token,from,to,amount,cID(),toChainID) (../../sb/0xd1c5966f9f5ee6881ff6b261bbeda45972b1b5f3.sol#238)
		- _anySwapOut(from,token,to,amount,toChainID) (../../sb/0xd1c5966f9f5ee6881ff6b261bbeda45972b1b5f3.sol#268)
Reentrancy in AnyswapV4Router.anySwapOutUnderlyingWithTransferPermit(address,address,address,uint256,uint256,uint8,bytes32,bytes32,uint256) (../../sb/0xd1c5966f9f5ee6881ff6b261bbeda45972b1b5f3.sol#271-285):
	External calls:
	- IERC20(AnyswapV1ERC20(token).underlying()).transferWithPermit(from,token,amount,deadline,v,r,s) (../../sb/0xd1c5966f9f5ee6881ff6b261bbeda45972b1b5f3.sol#282)
	- AnyswapV1ERC20(token).depositVault(amount,from) (../../sb/0xd1c5966f9f5ee6881ff6b261bbeda45972b1b5f3.sol#283)
	- _anySwapOut(from,token,to,amount,toChainID) (../../sb/0xd1c5966f9f5ee6881ff6b261bbeda45972b1b5f3.sol#284)
		- AnyswapV1ERC20(token).burn(from,amount) (../../sb/0xd1c5966f9f5ee6881ff6b261bbeda45972b1b5f3.sol#237)
	Event emitted after the call(s):
	- LogAnySwapOut(token,from,to,amount,cID(),toChainID) (../../sb/0xd1c5966f9f5ee6881ff6b261bbeda45972b1b5f3.sol#238)
		- _anySwapOut(from,token,to,amount,toChainID) (../../sb/0xd1c5966f9f5ee6881ff6b261bbeda45972b1b5f3.sol#284)
Reference: https://github.com/crytic/slither/wiki/Detector-Documentation#reentrancy-vulnerabilities-3[0m
[92m
AnyswapV4Router.mpc() (../../sb/0xd1c5966f9f5ee6881ff6b261bbeda45972b1b5f3.sol#211-216) uses timestamp for comparisons
	Dangerous comparisons:
	- block.timestamp >= _newMPCEffectiveTime (../../sb/0xd1c5966f9f5ee6881ff6b261bbeda45972b1b5f3.sol#212)
Reference: https://github.com/crytic/slither/wiki/Detector-Documentation#block-timestamp[0m
[92m
AnyswapV4Router.cID() (../../sb/0xd1c5966f9f5ee6881ff6b261bbeda45972b1b5f3.sol#218-220) uses assembly
	- INLINE ASM (../../sb/0xd1c5966f9f5ee6881ff6b261bbeda45972b1b5f3.sol#219)
Reference: https://github.com/crytic/slither/wiki/Detector-Documentation#assembly-usage[0m
[92m
TransferHelper.safeApprove(address,address,uint256) (../../sb/0xd1c5966f9f5ee6881ff6b261bbeda45972b1b5f3.sol#116-120) is never used and should be removed
TransferHelper.safeTransfer(address,address,uint256) (../../sb/0xd1c5966f9f5ee6881ff6b261bbeda45972b1b5f3.sol#122-126) is never used and should be removed
Reference: https://github.com/crytic/slither/wiki/Detector-Documentation#dead-code[0m
[92m
Pragma version^0.8.1 (../../sb/0xd1c5966f9f5ee6881ff6b261bbeda45972b1b5f3.sol#11) allows old versions
solc-0.8.19 is not recommended for deployment
Reference: https://github.com/crytic/slither/wiki/Detector-Documentation#incorrect-versions-of-solidity[0m
[92m
Low level call in TransferHelper.safeApprove(address,address,uint256) (../../sb/0xd1c5966f9f5ee6881ff6b261bbeda45972b1b5f3.sol#116-120):
	- (success,data) = token.call(abi.encodeWithSelector(0x095ea7b3,to,value)) (../../sb/0xd1c5966f9f5ee6881ff6b261bbeda45972b1b5f3.sol#118)
Low level call in TransferHelper.safeTransfer(address,address,uint256) (../../sb/0xd1c5966f9f5ee6881ff6b261bbeda45972b1b5f3.sol#122-126):
	- (success,data) = token.call(abi.encodeWithSelector(0xa9059cbb,to,value)) (../../sb/0xd1c5966f9f5ee6881ff6b261bbeda45972b1b5f3.sol#124)
Low level call in TransferHelper.safeTransferFrom(address,address,address,uint256) (../../sb/0xd1c5966f9f5ee6881ff6b261bbeda45972b1b5f3.sol#128-132):
	- (success,data) = token.call(abi.encodeWithSelector(0x23b872dd,from,to,value)) (../../sb/0xd1c5966f9f5ee6881ff6b261bbeda45972b1b5f3.sol#130)
Low level call in TransferHelper.safeTransferNative(address,uint256) (../../sb/0xd1c5966f9f5ee6881ff6b261bbeda45972b1b5f3.sol#134-137):
	- (success) = to.call{value: value}(new bytes(0)) (../../sb/0xd1c5966f9f5ee6881ff6b261bbeda45972b1b5f3.sol#135)
Reference: https://github.com/crytic/slither/wiki/Detector-Documentation#low-level-calls[0m
[92m
changeMPC(address) should be declared external:
	- AnyswapV4Router.changeMPC(address) (../../sb/0xd1c5966f9f5ee6881ff6b261bbeda45972b1b5f3.sol#222-229)
changeVault(address,address) should be declared external:
	- AnyswapV4Router.changeVault(address,address) (../../sb/0xd1c5966f9f5ee6881ff6b261bbeda45972b1b5f3.sol#231-234)
quote(uint256,uint256,uint256) should be declared external:
	- AnyswapV4Router.quote(uint256,uint256,uint256) (../../sb/0xd1c5966f9f5ee6881ff6b261bbeda45972b1b5f3.sol#541-543)
getAmountOut(uint256,uint256,uint256) should be declared external:
	- AnyswapV4Router.getAmountOut(uint256,uint256,uint256) (../../sb/0xd1c5966f9f5ee6881ff6b261bbeda45972b1b5f3.sol#545-552)
getAmountIn(uint256,uint256,uint256) should be declared external:
	- AnyswapV4Router.getAmountIn(uint256,uint256,uint256) (../../sb/0xd1c5966f9f5ee6881ff6b261bbeda45972b1b5f3.sol#554-561)
getAmountsOut(uint256,address[]) should be declared external:
	- AnyswapV4Router.getAmountsOut(uint256,address[]) (../../sb/0xd1c5966f9f5ee6881ff6b261bbeda45972b1b5f3.sol#563-570)
getAmountsIn(uint256,address[]) should be declared external:
	- AnyswapV4Router.getAmountsIn(uint256,address[]) (../../sb/0xd1c5966f9f5ee6881ff6b261bbeda45972b1b5f3.sol#572-579)
Reference: https://github.com/crytic/slither/wiki/Detector-Documentation#public-function-that-could-be-declared-external[0m
/sb/0xd1c5966f9f5ee6881ff6b261bbeda45972b1b5f3.sol analyzed (8 contracts with 78 detectors), 63 result(s) found
