[93m
NonCompliantEIP20 (../../sb/0x8b3d70d628ebd30d4a2ea82db95ba2e906c71633.sol#105-109) has incorrect ERC20 function interface:NonCompliantEIP20.transfer(address,uint256) (../../sb/0x8b3d70d628ebd30d4a2ea82db95ba2e906c71633.sol#106)
NonCompliantEIP20 (../../sb/0x8b3d70d628ebd30d4a2ea82db95ba2e906c71633.sol#105-109) has incorrect ERC20 function interface:NonCompliantEIP20.transferFrom(address,address,uint256) (../../sb/0x8b3d70d628ebd30d4a2ea82db95ba2e906c71633.sol#107)
NonCompliantEIP20 (../../sb/0x8b3d70d628ebd30d4a2ea82db95ba2e906c71633.sol#105-109) has incorrect ERC20 function interface:NonCompliantEIP20.approve(address,uint256) (../../sb/0x8b3d70d628ebd30d4a2ea82db95ba2e906c71633.sol#108)
Reference: https://github.com/crytic/slither/wiki/Detector-Documentation#incorrect-erc20-interface[0m
[92m
BZxVault.withdrawEther(address,uint256).to (../../sb/0x8b3d70d628ebd30d4a2ea82db95ba2e906c71633.sol#199) lacks a zero-check on :
		- (to.send(amount)) (../../sb/0x8b3d70d628ebd30d4a2ea82db95ba2e906c71633.sol#210)
Reference: https://github.com/crytic/slither/wiki/Detector-Documentation#missing-zero-address-validation[0m
[92m
EIP20Wrapper.eip20Transfer(address,address,uint256) (../../sb/0x8b3d70d628ebd30d4a2ea82db95ba2e906c71633.sol#113-137) uses assembly
	- INLINE ASM (../../sb/0x8b3d70d628ebd30d4a2ea82db95ba2e906c71633.sol#122-134)
EIP20Wrapper.eip20TransferFrom(address,address,address,uint256) (../../sb/0x8b3d70d628ebd30d4a2ea82db95ba2e906c71633.sol#139-164) uses assembly
	- INLINE ASM (../../sb/0x8b3d70d628ebd30d4a2ea82db95ba2e906c71633.sol#149-161)
EIP20Wrapper.eip20Approve(address,address,uint256) (../../sb/0x8b3d70d628ebd30d4a2ea82db95ba2e906c71633.sol#166-190) uses assembly
	- INLINE ASM (../../sb/0x8b3d70d628ebd30d4a2ea82db95ba2e906c71633.sol#175-187)
Reference: https://github.com/crytic/slither/wiki/Detector-Documentation#assembly-usage[0m
[92m
EIP20Wrapper.eip20Approve(address,address,uint256) (../../sb/0x8b3d70d628ebd30d4a2ea82db95ba2e906c71633.sol#166-190) is never used and should be removed
Ownable._transferOwnership(address) (../../sb/0x8b3d70d628ebd30d4a2ea82db95ba2e906c71633.sol#64-68) is never used and should be removed
Reference: https://github.com/crytic/slither/wiki/Detector-Documentation#dead-code[0m
[92m
Pragma version^0.5.2 (../../sb/0x8b3d70d628ebd30d4a2ea82db95ba2e906c71633.sol#6) allows old versions
Reference: https://github.com/crytic/slither/wiki/Detector-Documentation#incorrect-versions-of-solidity[0m
[92m
Parameter Ownable.transferOwnership(address)._newOwner (../../sb/0x8b3d70d628ebd30d4a2ea82db95ba2e906c71633.sol#56) is not in mixedCase
Reference: https://github.com/crytic/slither/wiki/Detector-Documentation#conformance-to-solidity-naming-conventions[0m
[92m
renounceOwnership() should be declared external:
	- Ownable.renounceOwnership() (../../sb/0x8b3d70d628ebd30d4a2ea82db95ba2e906c71633.sol#47-50)
transferOwnership(address) should be declared external:
	- BZxOwnable.transferOwnership(address) (../../sb/0x8b3d70d628ebd30d4a2ea82db95ba2e906c71633.sol#98-102)
	- Ownable.transferOwnership(address) (../../sb/0x8b3d70d628ebd30d4a2ea82db95ba2e906c71633.sol#56-58)
transferBZxOwnership(address) should be declared external:
	- BZxOwnable.transferBZxOwnership(address) (../../sb/0x8b3d70d628ebd30d4a2ea82db95ba2e906c71633.sol#87-91)
withdrawEther(address,uint256) should be declared external:
	- BZxVault.withdrawEther(address,uint256) (../../sb/0x8b3d70d628ebd30d4a2ea82db95ba2e906c71633.sol#198-211)
depositToken(address,address,uint256) should be declared external:
	- BZxVault.depositToken(address,address,uint256) (../../sb/0x8b3d70d628ebd30d4a2ea82db95ba2e906c71633.sol#213-232)
withdrawToken(address,address,uint256) should be declared external:
	- BZxVault.withdrawToken(address,address,uint256) (../../sb/0x8b3d70d628ebd30d4a2ea82db95ba2e906c71633.sol#234-252)
transferTokenFrom(address,address,address,uint256) should be declared external:
	- BZxVault.transferTokenFrom(address,address,address,uint256) (../../sb/0x8b3d70d628ebd30d4a2ea82db95ba2e906c71633.sol#254-274)
Reference: https://github.com/crytic/slither/wiki/Detector-Documentation#public-function-that-could-be-declared-external[0m
/sb/0x8b3d70d628ebd30d4a2ea82db95ba2e906c71633.sol analyzed (5 contracts with 78 detectors), 18 result(s) found
