
====================================================================================================
[94m[ ] Check if contract is SUICIDAL[0m

[ ] Contract address   : 0xaFFECAFEAFfECaFEaFFecAfEAFfecAfEAffEcaFE
[ ] Contract bytecode  : 60806040526004361061007b5760003560e01c806387c13943...
[ ] Bytecode length    : 12298
[ ] Blockchain contract: False
[ ] Debug              : False

[92m[-] The code does not contain SUICIDE instructions, hence it is not vulnerable[0m

====================================================================================================
[94m[ ] Check if contract is PRODIGAL[0m

[ ] Contract address   : 0xaFFECAFEAFfECaFEaFFecAfEAFfecAfEAffEcaFE
[ ] Contract bytecode  : 60806040526004361061007b5760003560e01c806387c13943...
[ ] Bytecode length    : 12298
[ ] Blockchain contract: False
[ ] Debug              : False

[ ][1m Search with call depth: 1   : [0mUnknown operation  at pos b
Unknown operation  at pos 48

[ ][1m Search with call depth: 2   : [0mUnknown operation  at pos b
Unknown operation  at pos 48

[ ][1m Search with call depth: 3   : [0mUnknown operation  at pos b
Unknown operation  at pos 48

[92m[+] No prodigal vulnerability found [0m

====================================================================================================
[94m[ ] Check if contract is GREEDY[0m

[ ] Contract address   : 0xaFFECAFEAFfECaFEaFFecAfEAFfecAfEAffEcaFE
[ ] Contract bytecode  : 60806040526004361061007b5760003560e01c806387c13943...
[ ] Bytecode length    : 12298
[ ] Debug              : False
Unknown operation  at pos b
Unknown operation  at pos 48
[91m[-][0m [1mContract can receive Ether[0m

[92m[-] No lock vulnerability found because the contract cannot receive Ether [0m
