Compilation warnings/errors on /sb/0xe4fe6a45f354e845f954cddee6084603cedb9410.sol:
Warning: SPDX license identifier not provided in source file. Before publishing, consider adding a comment containing "SPDX-License-Identifier: <SPDX-License>" to each source file. Use "SPDX-License-Identifier: UNLICENSED" for non-open-source code. Please see https://spdx.org for more information.
--> /sb/0xe4fe6a45f354e845f954cddee6084603cedb9410.sol

Warning: Contract code size exceeds 24576 bytes (a limit introduced in Spurious Dragon). This contract may not be deployable on mainnet. Consider enabling the optimizer (with a low "runs" value!), turning off revert strings, or using libraries.
   --> /sb/0xe4fe6a45f354e845f954cddee6084603cedb9410.sol:419:1:
    |
419 | contract UniswapV2Router02 is IUniswapV2Router02 {
    | ^ (Relevant source part starts here and spans across multiple lines).


[91m
Reentrancy in UniswapV2Router02.swapETHForExactTokens(uint256,address[],address,uint256) (../../sb/0xe4fe6a45f354e845f954cddee6084603cedb9410.sol#749-765):
	External calls:
	- _transferInETH(UniswapV2Library.pairFor(factory,path[0],path[1]),amounts[0]) (../../sb/0xe4fe6a45f354e845f954cddee6084603cedb9410.sol#760)
		- IWETH(WETH).deposit{value: amount}() (../../sb/0xe4fe6a45f354e845f954cddee6084603cedb9410.sol#478)
	- _swap(amounts,path,to) (../../sb/0xe4fe6a45f354e845f954cddee6084603cedb9410.sol#762)
		- (success,data) = token.call(abi.encodeWithSelector(0xa9059cbb,to,value)) (../../sb/0xe4fe6a45f354e845f954cddee6084603cedb9410.sol#37)
		- ISashimiInvestment(vault).withdrawWithReBalance(token,amount.sub(balance)) (../../sb/0xe4fe6a45f354e845f954cddee6084603cedb9410.sol#449)
		- TransferHelper.safeTransfer(token,to,amount) (../../sb/0xe4fe6a45f354e845f954cddee6084603cedb9410.sol#451)
		- IUniswapV2Pair(pair).swap(amount0Out,amount1Out,to,new bytes(0)) (../../sb/0xe4fe6a45f354e845f954cddee6084603cedb9410.sol#676-678)
	External calls sending eth:
	- _transferInETH(UniswapV2Library.pairFor(factory,path[0],path[1]),amounts[0]) (../../sb/0xe4fe6a45f354e845f954cddee6084603cedb9410.sol#760)
		- IWETH(WETH).deposit{value: amount}() (../../sb/0xe4fe6a45f354e845f954cddee6084603cedb9410.sol#478)
	State variables written after the call(s):
	- _swap(amounts,path,to) (../../sb/0xe4fe6a45f354e845f954cddee6084603cedb9410.sol#762)
		- _pools[pair][token] = _pools[pair][token].sub(amount) (../../sb/0xe4fe6a45f354e845f954cddee6084603cedb9410.sol#445)
		- _pools[nextPair][output] = _pools[nextPair][output].add(amountOut) (../../sb/0xe4fe6a45f354e845f954cddee6084603cedb9410.sol#674)
Reentrancy in UniswapV2Router02.swapExactETHForTokens(uint256,address[],address,uint256) (../../sb/0xe4fe6a45f354e845f954cddee6084603cedb9410.sol#706-720):
	External calls:
	- _transferInETH(UniswapV2Library.pairFor(factory,path[0],path[1]),amounts[0]) (../../sb/0xe4fe6a45f354e845f954cddee6084603cedb9410.sol#717)
		- IWETH(WETH).deposit{value: amount}() (../../sb/0xe4fe6a45f354e845f954cddee6084603cedb9410.sol#478)
	- _swap(amounts,path,to) (../../sb/0xe4fe6a45f354e845f954cddee6084603cedb9410.sol#719)
		- (success,data) = token.call(abi.encodeWithSelector(0xa9059cbb,to,value)) (../../sb/0xe4fe6a45f354e845f954cddee6084603cedb9410.sol#37)
		- ISashimiInvestment(vault).withdrawWithReBalance(token,amount.sub(balance)) (../../sb/0xe4fe6a45f354e845f954cddee6084603cedb9410.sol#449)
		- TransferHelper.safeTransfer(token,to,amount) (../../sb/0xe4fe6a45f354e845f954cddee6084603cedb9410.sol#451)
		- IUniswapV2Pair(pair).swap(amount0Out,amount1Out,to,new bytes(0)) (../../sb/0xe4fe6a45f354e845f954cddee6084603cedb9410.sol#676-678)
	External calls sending eth:
	- _transferInETH(UniswapV2Library.pairFor(factory,path[0],path[1]),amounts[0]) (../../sb/0xe4fe6a45f354e845f954cddee6084603cedb9410.sol#717)
		- IWETH(WETH).deposit{value: amount}() (../../sb/0xe4fe6a45f354e845f954cddee6084603cedb9410.sol#478)
	State variables written after the call(s):
	- _swap(amounts,path,to) (../../sb/0xe4fe6a45f354e845f954cddee6084603cedb9410.sol#719)
		- _pools[pair][token] = _pools[pair][token].sub(amount) (../../sb/0xe4fe6a45f354e845f954cddee6084603cedb9410.sol#445)
		- _pools[nextPair][output] = _pools[nextPair][output].add(amountOut) (../../sb/0xe4fe6a45f354e845f954cddee6084603cedb9410.sol#674)
Reentrancy in UniswapV2Router02.swapExactETHForTokensSupportingFeeOnTransferTokens(uint256,address[],address,uint256) (../../sb/0xe4fe6a45f354e845f954cddee6084603cedb9410.sol#807-829):
	External calls:
	- _transferInETH(UniswapV2Library.pairFor(factory,path[0],path[1]),amountIn) (../../sb/0xe4fe6a45f354e845f954cddee6084603cedb9410.sol#821)
		- IWETH(WETH).deposit{value: amount}() (../../sb/0xe4fe6a45f354e845f954cddee6084603cedb9410.sol#478)
	- _swapSupportingFeeOnTransferTokens(path,to) (../../sb/0xe4fe6a45f354e845f954cddee6084603cedb9410.sol#824)
		- (success,data) = token.call(abi.encodeWithSelector(0xa9059cbb,to,value)) (../../sb/0xe4fe6a45f354e845f954cddee6084603cedb9410.sol#37)
		- ISashimiInvestment(vault).withdrawWithReBalance(token,amount.sub(balance)) (../../sb/0xe4fe6a45f354e845f954cddee6084603cedb9410.sol#449)
		- TransferHelper.safeTransfer(token,to,amount) (../../sb/0xe4fe6a45f354e845f954cddee6084603cedb9410.sol#451)
		- pair.swap(amount0Out,amount1Out,to,new bytes(0)) (../../sb/0xe4fe6a45f354e845f954cddee6084603cedb9410.sol#789)
	External calls sending eth:
	- _transferInETH(UniswapV2Library.pairFor(factory,path[0],path[1]),amountIn) (../../sb/0xe4fe6a45f354e845f954cddee6084603cedb9410.sol#821)
		- IWETH(WETH).deposit{value: amount}() (../../sb/0xe4fe6a45f354e845f954cddee6084603cedb9410.sol#478)
	State variables written after the call(s):
	- _swapSupportingFeeOnTransferTokens(path,to) (../../sb/0xe4fe6a45f354e845f954cddee6084603cedb9410.sol#824)
		- _pools[pair][token] = _pools[pair][token].sub(amount) (../../sb/0xe4fe6a45f354e845f954cddee6084603cedb9410.sol#445)
		- _pools[nextPair][output] = _pools[nextPair][output].add(amountOutput) (../../sb/0xe4fe6a45f354e845f954cddee6084603cedb9410.sol#787)
Reference: https://github.com/crytic/slither/wiki/Detector-Documentation#reentrancy-vulnerabilities[0m
[91m
UniswapV2Router02.removeLiquidity(address,address,uint256,uint256,uint256,address,uint256) (../../sb/0xe4fe6a45f354e845f954cddee6084603cedb9410.sol#551-569) ignores return value by IUniswapV2Pair(pair).transferFrom(msg.sender,pair,liquidity) (../../sb/0xe4fe6a45f354e845f954cddee6084603cedb9410.sol#561)
Reference: https://github.com/crytic/slither/wiki/Detector-Documentation#unchecked-transfer[0m
[93m
Reentrancy in UniswapV2Router02._swap(uint256[],address[],address) (../../sb/0xe4fe6a45f354e845f954cddee6084603cedb9410.sol#662-680):
	External calls:
	- _transferOut(pair,output,amountOut,to) (../../sb/0xe4fe6a45f354e845f954cddee6084603cedb9410.sol#671)
		- (success,data) = token.call(abi.encodeWithSelector(0xa9059cbb,to,value)) (../../sb/0xe4fe6a45f354e845f954cddee6084603cedb9410.sol#37)
		- ISashimiInvestment(vault).withdrawWithReBalance(token,amount.sub(balance)) (../../sb/0xe4fe6a45f354e845f954cddee6084603cedb9410.sol#449)
		- TransferHelper.safeTransfer(token,to,amount) (../../sb/0xe4fe6a45f354e845f954cddee6084603cedb9410.sol#451)
	State variables written after the call(s):
	- _pools[nextPair][output] = _pools[nextPair][output].add(amountOut) (../../sb/0xe4fe6a45f354e845f954cddee6084603cedb9410.sol#674)
Reentrancy in UniswapV2Router02._swapSupportingFeeOnTransferTokens(address[],address) (../../sb/0xe4fe6a45f354e845f954cddee6084603cedb9410.sol#769-791):
	External calls:
	- _transferOut(address(pair),output,amountOutput,to) (../../sb/0xe4fe6a45f354e845f954cddee6084603cedb9410.sol#784)
		- (success,data) = token.call(abi.encodeWithSelector(0xa9059cbb,to,value)) (../../sb/0xe4fe6a45f354e845f954cddee6084603cedb9410.sol#37)
		- ISashimiInvestment(vault).withdrawWithReBalance(token,amount.sub(balance)) (../../sb/0xe4fe6a45f354e845f954cddee6084603cedb9410.sol#449)
		- TransferHelper.safeTransfer(token,to,amount) (../../sb/0xe4fe6a45f354e845f954cddee6084603cedb9410.sol#451)
	State variables written after the call(s):
	- _pools[nextPair][output] = _pools[nextPair][output].add(amountOutput) (../../sb/0xe4fe6a45f354e845f954cddee6084603cedb9410.sol#787)
Reentrancy in UniswapV2Router02.addLiquidity(address,address,uint256,uint256,uint256,uint256,address,uint256) (../../sb/0xe4fe6a45f354e845f954cddee6084603cedb9410.sol#510-525):
	External calls:
	- (amountA,amountB) = _addLiquidity(tokenA,tokenB,amountADesired,amountBDesired,amountAMin,amountBMin) (../../sb/0xe4fe6a45f354e845f954cddee6084603cedb9410.sol#520)
		- IUniswapV2Factory(factory).createPair(tokenA,tokenB) (../../sb/0xe4fe6a45f354e845f954cddee6084603cedb9410.sol#492)
	- _transferIn(msg.sender,pair,tokenA,amountA) (../../sb/0xe4fe6a45f354e845f954cddee6084603cedb9410.sol#522)
		- TransferHelper.safeTransferFrom(token,from,address(this),amount) (../../sb/0xe4fe6a45f354e845f954cddee6084603cedb9410.sol#473)
		- (success,data) = token.call(abi.encodeWithSelector(0x23b872dd,from,to,value)) (../../sb/0xe4fe6a45f354e845f954cddee6084603cedb9410.sol#43)
	- _transferIn(msg.sender,pair,tokenB,amountB) (../../sb/0xe4fe6a45f354e845f954cddee6084603cedb9410.sol#523)
		- TransferHelper.safeTransferFrom(token,from,address(this),amount) (../../sb/0xe4fe6a45f354e845f954cddee6084603cedb9410.sol#473)
		- (success,data) = token.call(abi.encodeWithSelector(0x23b872dd,from,to,value)) (../../sb/0xe4fe6a45f354e845f954cddee6084603cedb9410.sol#43)
	State variables written after the call(s):
	- _transferIn(msg.sender,pair,tokenB,amountB) (../../sb/0xe4fe6a45f354e845f954cddee6084603cedb9410.sol#523)
		- _pools[pair][token] = _pools[pair][token].add(IERC20(token).balanceOf(address(this))).sub(beforeBalance) (../../sb/0xe4fe6a45f354e845f954cddee6084603cedb9410.sol#474)
Reentrancy in UniswapV2Router02.removeLiquidity(address,address,uint256,uint256,uint256,address,uint256) (../../sb/0xe4fe6a45f354e845f954cddee6084603cedb9410.sol#551-569):
	External calls:
	- IUniswapV2Pair(pair).transferFrom(msg.sender,pair,liquidity) (../../sb/0xe4fe6a45f354e845f954cddee6084603cedb9410.sol#561)
	- (amount0,amount1) = IUniswapV2Pair(pair).burn(to) (../../sb/0xe4fe6a45f354e845f954cddee6084603cedb9410.sol#562)
	- _transferOut(pair,tokenA,amountA,to) (../../sb/0xe4fe6a45f354e845f954cddee6084603cedb9410.sol#565)
		- (success,data) = token.call(abi.encodeWithSelector(0xa9059cbb,to,value)) (../../sb/0xe4fe6a45f354e845f954cddee6084603cedb9410.sol#37)
		- ISashimiInvestment(vault).withdrawWithReBalance(token,amount.sub(balance)) (../../sb/0xe4fe6a45f354e845f954cddee6084603cedb9410.sol#449)
		- TransferHelper.safeTransfer(token,to,amount) (../../sb/0xe4fe6a45f354e845f954cddee6084603cedb9410.sol#451)
	- _transferOut(pair,tokenB,amountB,to) (../../sb/0xe4fe6a45f354e845f954cddee6084603cedb9410.sol#566)
		- (success,data) = token.call(abi.encodeWithSelector(0xa9059cbb,to,value)) (../../sb/0xe4fe6a45f354e845f954cddee6084603cedb9410.sol#37)
		- ISashimiInvestment(vault).withdrawWithReBalance(token,amount.sub(balance)) (../../sb/0xe4fe6a45f354e845f954cddee6084603cedb9410.sol#449)
		- TransferHelper.safeTransfer(token,to,amount) (../../sb/0xe4fe6a45f354e845f954cddee6084603cedb9410.sol#451)
	State variables written after the call(s):
	- _transferOut(pair,tokenB,amountB,to) (../../sb/0xe4fe6a45f354e845f954cddee6084603cedb9410.sol#566)
		- _pools[pair][token] = _pools[pair][token].sub(amount) (../../sb/0xe4fe6a45f354e845f954cddee6084603cedb9410.sol#445)
Reentrancy in UniswapV2Router02.swapExactTokensForETH(uint256,uint256,address[],address,uint256) (../../sb/0xe4fe6a45f354e845f954cddee6084603cedb9410.sol#735-748):
	External calls:
	- _transferIn(msg.sender,UniswapV2Library.pairFor(factory,path[0],path[1]),path[0],amounts[0]) (../../sb/0xe4fe6a45f354e845f954cddee6084603cedb9410.sol#745)
		- TransferHelper.safeTransferFrom(token,from,address(this),amount) (../../sb/0xe4fe6a45f354e845f954cddee6084603cedb9410.sol#473)
		- (success,data) = token.call(abi.encodeWithSelector(0x23b872dd,from,to,value)) (../../sb/0xe4fe6a45f354e845f954cddee6084603cedb9410.sol#43)
	- _swap(amounts,path,address(this)) (../../sb/0xe4fe6a45f354e845f954cddee6084603cedb9410.sol#746)
		- (success,data) = token.call(abi.encodeWithSelector(0xa9059cbb,to,value)) (../../sb/0xe4fe6a45f354e845f954cddee6084603cedb9410.sol#37)
		- ISashimiInvestment(vault).withdrawWithReBalance(token,amount.sub(balance)) (../../sb/0xe4fe6a45f354e845f954cddee6084603cedb9410.sol#449)
		- TransferHelper.safeTransfer(token,to,amount) (../../sb/0xe4fe6a45f354e845f954cddee6084603cedb9410.sol#451)
		- IUniswapV2Pair(pair).swap(amount0Out,amount1Out,to,new bytes(0)) (../../sb/0xe4fe6a45f354e845f954cddee6084603cedb9410.sol#676-678)
	State variables written after the call(s):
	- _swap(amounts,path,address(this)) (../../sb/0xe4fe6a45f354e845f954cddee6084603cedb9410.sol#746)
		- _pools[pair][token] = _pools[pair][token].sub(amount) (../../sb/0xe4fe6a45f354e845f954cddee6084603cedb9410.sol#445)
		- _pools[nextPair][output] = _pools[nextPair][output].add(amountOut) (../../sb/0xe4fe6a45f354e845f954cddee6084603cedb9410.sol#674)
Reentrancy in UniswapV2Router02.swapExactTokensForETHSupportingFeeOnTransferTokens(uint256,uint256,address[],address,uint256) (../../sb/0xe4fe6a45f354e845f954cddee6084603cedb9410.sol#830-851):
	External calls:
	- _transferIn(msg.sender,pair,path[0],amountIn) (../../sb/0xe4fe6a45f354e845f954cddee6084603cedb9410.sol#844)
		- TransferHelper.safeTransferFrom(token,from,address(this),amount) (../../sb/0xe4fe6a45f354e845f954cddee6084603cedb9410.sol#473)
		- (success,data) = token.call(abi.encodeWithSelector(0x23b872dd,from,to,value)) (../../sb/0xe4fe6a45f354e845f954cddee6084603cedb9410.sol#43)
	- _swapSupportingFeeOnTransferTokens(path,address(this)) (../../sb/0xe4fe6a45f354e845f954cddee6084603cedb9410.sol#846)
		- (success,data) = token.call(abi.encodeWithSelector(0xa9059cbb,to,value)) (../../sb/0xe4fe6a45f354e845f954cddee6084603cedb9410.sol#37)
		- ISashimiInvestment(vault).withdrawWithReBalance(token,amount.sub(balance)) (../../sb/0xe4fe6a45f354e845f954cddee6084603cedb9410.sol#449)
		- TransferHelper.safeTransfer(token,to,amount) (../../sb/0xe4fe6a45f354e845f954cddee6084603cedb9410.sol#451)
		- pair.swap(amount0Out,amount1Out,to,new bytes(0)) (../../sb/0xe4fe6a45f354e845f954cddee6084603cedb9410.sol#789)
	State variables written after the call(s):
	- _swapSupportingFeeOnTransferTokens(path,address(this)) (../../sb/0xe4fe6a45f354e845f954cddee6084603cedb9410.sol#846)
		- _pools[pair][token] = _pools[pair][token].sub(amount) (../../sb/0xe4fe6a45f354e845f954cddee6084603cedb9410.sol#445)
		- _pools[nextPair][output] = _pools[nextPair][output].add(amountOutput) (../../sb/0xe4fe6a45f354e845f954cddee6084603cedb9410.sol#787)
Reentrancy in UniswapV2Router02.swapExactTokensForTokens(uint256,uint256,address[],address,uint256) (../../sb/0xe4fe6a45f354e845f954cddee6084603cedb9410.sol#682-693):
	External calls:
	- _transferIn(msg.sender,UniswapV2Library.pairFor(factory,path[0],path[1]),path[0],amounts[0]) (../../sb/0xe4fe6a45f354e845f954cddee6084603cedb9410.sol#691)
		- TransferHelper.safeTransferFrom(token,from,address(this),amount) (../../sb/0xe4fe6a45f354e845f954cddee6084603cedb9410.sol#473)
		- (success,data) = token.call(abi.encodeWithSelector(0x23b872dd,from,to,value)) (../../sb/0xe4fe6a45f354e845f954cddee6084603cedb9410.sol#43)
	- _swap(amounts,path,to) (../../sb/0xe4fe6a45f354e845f954cddee6084603cedb9410.sol#692)
		- (success,data) = token.call(abi.encodeWithSelector(0xa9059cbb,to,value)) (../../sb/0xe4fe6a45f354e845f954cddee6084603cedb9410.sol#37)
		- ISashimiInvestment(vault).withdrawWithReBalance(token,amount.sub(balance)) (../../sb/0xe4fe6a45f354e845f954cddee6084603cedb9410.sol#449)
		- TransferHelper.safeTransfer(token,to,amount) (../../sb/0xe4fe6a45f354e845f954cddee6084603cedb9410.sol#451)
		- IUniswapV2Pair(pair).swap(amount0Out,amount1Out,to,new bytes(0)) (../../sb/0xe4fe6a45f354e845f954cddee6084603cedb9410.sol#676-678)
	State variables written after the call(s):
	- _swap(amounts,path,to) (../../sb/0xe4fe6a45f354e845f954cddee6084603cedb9410.sol#692)
		- _pools[pair][token] = _pools[pair][token].sub(amount) (../../sb/0xe4fe6a45f354e845f954cddee6084603cedb9410.sol#445)
		- _pools[nextPair][output] = _pools[nextPair][output].add(amountOut) (../../sb/0xe4fe6a45f354e845f954cddee6084603cedb9410.sol#674)
Reentrancy in UniswapV2Router02.swapExactTokensForTokensSupportingFeeOnTransferTokens(uint256,uint256,address[],address,uint256) (../../sb/0xe4fe6a45f354e845f954cddee6084603cedb9410.sol#792-806):
	External calls:
	- _transferIn(msg.sender,UniswapV2Library.pairFor(factory,path[0],path[1]),path[0],amountIn) (../../sb/0xe4fe6a45f354e845f954cddee6084603cedb9410.sol#799)
		- TransferHelper.safeTransferFrom(token,from,address(this),amount) (../../sb/0xe4fe6a45f354e845f954cddee6084603cedb9410.sol#473)
		- (success,data) = token.call(abi.encodeWithSelector(0x23b872dd,from,to,value)) (../../sb/0xe4fe6a45f354e845f954cddee6084603cedb9410.sol#43)
	- _swapSupportingFeeOnTransferTokens(path,to) (../../sb/0xe4fe6a45f354e845f954cddee6084603cedb9410.sol#801)
		- (success,data) = token.call(abi.encodeWithSelector(0xa9059cbb,to,value)) (../../sb/0xe4fe6a45f354e845f954cddee6084603cedb9410.sol#37)
		- ISashimiInvestment(vault).withdrawWithReBalance(token,amount.sub(balance)) (../../sb/0xe4fe6a45f354e845f954cddee6084603cedb9410.sol#449)
		- TransferHelper.safeTransfer(token,to,amount) (../../sb/0xe4fe6a45f354e845f954cddee6084603cedb9410.sol#451)
		- pair.swap(amount0Out,amount1Out,to,new bytes(0)) (../../sb/0xe4fe6a45f354e845f954cddee6084603cedb9410.sol#789)
	State variables written after the call(s):
	- _swapSupportingFeeOnTransferTokens(path,to) (../../sb/0xe4fe6a45f354e845f954cddee6084603cedb9410.sol#801)
		- _pools[pair][token] = _pools[pair][token].sub(amount) (../../sb/0xe4fe6a45f354e845f954cddee6084603cedb9410.sol#445)
		- _pools[nextPair][output] = _pools[nextPair][output].add(amountOutput) (../../sb/0xe4fe6a45f354e845f954cddee6084603cedb9410.sol#787)
Reentrancy in UniswapV2Router02.swapTokensForExactETH(uint256,uint256,address[],address,uint256) (../../sb/0xe4fe6a45f354e845f954cddee6084603cedb9410.sol#721-734):
	External calls:
	- _transferIn(msg.sender,UniswapV2Library.pairFor(factory,path[0],path[1]),path[0],amounts[0]) (../../sb/0xe4fe6a45f354e845f954cddee6084603cedb9410.sol#731)
		- TransferHelper.safeTransferFrom(token,from,address(this),amount) (../../sb/0xe4fe6a45f354e845f954cddee6084603cedb9410.sol#473)
		- (success,data) = token.call(abi.encodeWithSelector(0x23b872dd,from,to,value)) (../../sb/0xe4fe6a45f354e845f954cddee6084603cedb9410.sol#43)
	- _swap(amounts,path,address(this)) (../../sb/0xe4fe6a45f354e845f954cddee6084603cedb9410.sol#732)
		- (success,data) = token.call(abi.encodeWithSelector(0xa9059cbb,to,value)) (../../sb/0xe4fe6a45f354e845f954cddee6084603cedb9410.sol#37)
		- ISashimiInvestment(vault).withdrawWithReBalance(token,amount.sub(balance)) (../../sb/0xe4fe6a45f354e845f954cddee6084603cedb9410.sol#449)
		- TransferHelper.safeTransfer(token,to,amount) (../../sb/0xe4fe6a45f354e845f954cddee6084603cedb9410.sol#451)
		- IUniswapV2Pair(pair).swap(amount0Out,amount1Out,to,new bytes(0)) (../../sb/0xe4fe6a45f354e845f954cddee6084603cedb9410.sol#676-678)
	State variables written after the call(s):
	- _swap(amounts,path,address(this)) (../../sb/0xe4fe6a45f354e845f954cddee6084603cedb9410.sol#732)
		- _pools[pair][token] = _pools[pair][token].sub(amount) (../../sb/0xe4fe6a45f354e845f954cddee6084603cedb9410.sol#445)
		- _pools[nextPair][output] = _pools[nextPair][output].add(amountOut) (../../sb/0xe4fe6a45f354e845f954cddee6084603cedb9410.sol#674)
Reentrancy in UniswapV2Router02.swapTokensForExactTokens(uint256,uint256,address[],address,uint256) (../../sb/0xe4fe6a45f354e845f954cddee6084603cedb9410.sol#694-705):
	External calls:
	- _transferIn(msg.sender,UniswapV2Library.pairFor(factory,path[0],path[1]),path[0],amounts[0]) (../../sb/0xe4fe6a45f354e845f954cddee6084603cedb9410.sol#703)
		- TransferHelper.safeTransferFrom(token,from,address(this),amount) (../../sb/0xe4fe6a45f354e845f954cddee6084603cedb9410.sol#473)
		- (success,data) = token.call(abi.encodeWithSelector(0x23b872dd,from,to,value)) (../../sb/0xe4fe6a45f354e845f954cddee6084603cedb9410.sol#43)
	- _swap(amounts,path,to) (../../sb/0xe4fe6a45f354e845f954cddee6084603cedb9410.sol#704)
		- (success,data) = token.call(abi.encodeWithSelector(0xa9059cbb,to,value)) (../../sb/0xe4fe6a45f354e845f954cddee6084603cedb9410.sol#37)
		- ISashimiInvestment(vault).withdrawWithReBalance(token,amount.sub(balance)) (../../sb/0xe4fe6a45f354e845f954cddee6084603cedb9410.sol#449)
		- TransferHelper.safeTransfer(token,to,amount) (../../sb/0xe4fe6a45f354e845f954cddee6084603cedb9410.sol#451)
		- IUniswapV2Pair(pair).swap(amount0Out,amount1Out,to,new bytes(0)) (../../sb/0xe4fe6a45f354e845f954cddee6084603cedb9410.sol#676-678)
	State variables written after the call(s):
	- _swap(amounts,path,to) (../../sb/0xe4fe6a45f354e845f954cddee6084603cedb9410.sol#704)
		- _pools[pair][token] = _pools[pair][token].sub(amount) (../../sb/0xe4fe6a45f354e845f954cddee6084603cedb9410.sol#445)
		- _pools[nextPair][output] = _pools[nextPair][output].add(amountOut) (../../sb/0xe4fe6a45f354e845f954cddee6084603cedb9410.sol#674)
Reference: https://github.com/crytic/slither/wiki/Detector-Documentation#reentrancy-vulnerabilities-1[0m
[93m
UniswapV2Router02._swapSupportingFeeOnTransferTokens(address[],address).i (../../sb/0xe4fe6a45f354e845f954cddee6084603cedb9410.sol#770) is a local variable never initialized
UniswapV2Library.getAmountsOut(address,uint256,address[]).i (../../sb/0xe4fe6a45f354e845f954cddee6084603cedb9410.sol#350) is a local variable never initialized
UniswapV2Router02._swap(uint256[],address[],address).i (../../sb/0xe4fe6a45f354e845f954cddee6084603cedb9410.sol#663) is a local variable never initialized
Reference: https://github.com/crytic/slither/wiki/Detector-Documentation#uninitialized-local-variables[0m
[93m
UniswapV2Router02._addLiquidity(address,address,uint256,uint256,uint256,uint256) (../../sb/0xe4fe6a45f354e845f954cddee6084603cedb9410.sol#482-509) ignores return value by IUniswapV2Factory(factory).createPair(tokenA,tokenB) (../../sb/0xe4fe6a45f354e845f954cddee6084603cedb9410.sol#492)
Reference: https://github.com/crytic/slither/wiki/Detector-Documentation#unused-return[0m
[92m
UniswapV2Router02.constructor(address,address)._factory (../../sb/0xe4fe6a45f354e845f954cddee6084603cedb9410.sol#433) lacks a zero-check on :
		- factory = _factory (../../sb/0xe4fe6a45f354e845f954cddee6084603cedb9410.sol#434)
UniswapV2Router02.constructor(address,address)._WETH (../../sb/0xe4fe6a45f354e845f954cddee6084603cedb9410.sol#433) lacks a zero-check on :
		- WETH = _WETH (../../sb/0xe4fe6a45f354e845f954cddee6084603cedb9410.sol#436)
UniswapV2Router02.changeOwner(address)._owner (../../sb/0xe4fe6a45f354e845f954cddee6084603cedb9410.sol#854) lacks a zero-check on :
		- owner = _owner (../../sb/0xe4fe6a45f354e845f954cddee6084603cedb9410.sol#860)
UniswapV2Router02.setVault(address).vaultAddress (../../sb/0xe4fe6a45f354e845f954cddee6084603cedb9410.sol#864) lacks a zero-check on :
		- vault = vaultAddress (../../sb/0xe4fe6a45f354e845f954cddee6084603cedb9410.sol#870)
Reference: https://github.com/crytic/slither/wiki/Detector-Documentation#missing-zero-address-validation[0m
[92m
Reentrancy in UniswapV2Router02._transferIn(address,address,address,uint256) (../../sb/0xe4fe6a45f354e845f954cddee6084603cedb9410.sol#471-475):
	External calls:
	- TransferHelper.safeTransferFrom(token,from,address(this),amount) (../../sb/0xe4fe6a45f354e845f954cddee6084603cedb9410.sol#473)
	State variables written after the call(s):
	- _pools[pair][token] = _pools[pair][token].add(IERC20(token).balanceOf(address(this))).sub(beforeBalance) (../../sb/0xe4fe6a45f354e845f954cddee6084603cedb9410.sol#474)
Reference: https://github.com/crytic/slither/wiki/Detector-Documentation#reentrancy-vulnerabilities-2[0m
[92m
TransferHelper.safeApprove(address,address,uint256) (../../sb/0xe4fe6a45f354e845f954cddee6084603cedb9410.sol#29-33) is never used and should be removed
Reference: https://github.com/crytic/slither/wiki/Detector-Documentation#dead-code[0m
[92m
Low level call in TransferHelper.safeApprove(address,address,uint256) (../../sb/0xe4fe6a45f354e845f954cddee6084603cedb9410.sol#29-33):
	- (success,data) = token.call(abi.encodeWithSelector(0x095ea7b3,to,value)) (../../sb/0xe4fe6a45f354e845f954cddee6084603cedb9410.sol#31)
Low level call in TransferHelper.safeTransfer(address,address,uint256) (../../sb/0xe4fe6a45f354e845f954cddee6084603cedb9410.sol#35-39):
	- (success,data) = token.call(abi.encodeWithSelector(0xa9059cbb,to,value)) (../../sb/0xe4fe6a45f354e845f954cddee6084603cedb9410.sol#37)
Low level call in TransferHelper.safeTransferFrom(address,address,address,uint256) (../../sb/0xe4fe6a45f354e845f954cddee6084603cedb9410.sol#41-45):
	- (success,data) = token.call(abi.encodeWithSelector(0x23b872dd,from,to,value)) (../../sb/0xe4fe6a45f354e845f954cddee6084603cedb9410.sol#43)
Low level call in TransferHelper.safeTransferETH(address,uint256) (../../sb/0xe4fe6a45f354e845f954cddee6084603cedb9410.sol#47-50):
	- (success) = to.call{value: value}(new bytes(0)) (../../sb/0xe4fe6a45f354e845f954cddee6084603cedb9410.sol#48)
Reference: https://github.com/crytic/slither/wiki/Detector-Documentation#low-level-calls[0m
[92m
Function IUniswapV2Router01.WETH() (../../sb/0xe4fe6a45f354e845f954cddee6084603cedb9410.sol#59) is not in mixedCase
Function IUniswapV2Pair.DOMAIN_SEPARATOR() (../../sb/0xe4fe6a45f354e845f954cddee6084603cedb9410.sol#229) is not in mixedCase
Function IUniswapV2Pair.PERMIT_TYPEHASH() (../../sb/0xe4fe6a45f354e845f954cddee6084603cedb9410.sol#230) is not in mixedCase
Function IUniswapV2Pair.MINIMUM_LIQUIDITY() (../../sb/0xe4fe6a45f354e845f954cddee6084603cedb9410.sol#247) is not in mixedCase
Parameter UniswapV2Router02.changeOwner(address)._owner (../../sb/0xe4fe6a45f354e845f954cddee6084603cedb9410.sol#854) is not in mixedCase
Variable UniswapV2Router02.WETH (../../sb/0xe4fe6a45f354e845f954cddee6084603cedb9410.sol#423) is not in mixedCase
Reference: https://github.com/crytic/slither/wiki/Detector-Documentation#conformance-to-solidity-naming-conventions[0m
[92m
Variable IUniswapV2Router01.addLiquidity(address,address,uint256,uint256,uint256,uint256,address,uint256).amountADesired (../../sb/0xe4fe6a45f354e845f954cddee6084603cedb9410.sol#64) is too similar to IUniswapV2Router01.addLiquidity(address,address,uint256,uint256,uint256,uint256,address,uint256).amountBDesired (../../sb/0xe4fe6a45f354e845f954cddee6084603cedb9410.sol#65)
Variable IUniswapV2Router01.addLiquidity(address,address,uint256,uint256,uint256,uint256,address,uint256).amountADesired (../../sb/0xe4fe6a45f354e845f954cddee6084603cedb9410.sol#64) is too similar to UniswapV2Router02.addLiquidity(address,address,uint256,uint256,uint256,uint256,address,uint256).amountBDesired (../../sb/0xe4fe6a45f354e845f954cddee6084603cedb9410.sol#514)
Variable UniswapV2Router02._addLiquidity(address,address,uint256,uint256,uint256,uint256).amountADesired (../../sb/0xe4fe6a45f354e845f954cddee6084603cedb9410.sol#485) is too similar to UniswapV2Router02._addLiquidity(address,address,uint256,uint256,uint256,uint256).amountBDesired (../../sb/0xe4fe6a45f354e845f954cddee6084603cedb9410.sol#486)
Variable IUniswapV2Router01.addLiquidity(address,address,uint256,uint256,uint256,uint256,address,uint256).amountADesired (../../sb/0xe4fe6a45f354e845f954cddee6084603cedb9410.sol#64) is too similar to UniswapV2Router02._addLiquidity(address,address,uint256,uint256,uint256,uint256).amountBDesired (../../sb/0xe4fe6a45f354e845f954cddee6084603cedb9410.sol#486)
Variable UniswapV2Router02.addLiquidity(address,address,uint256,uint256,uint256,uint256,address,uint256).amountADesired (../../sb/0xe4fe6a45f354e845f954cddee6084603cedb9410.sol#513) is too similar to UniswapV2Router02._addLiquidity(address,address,uint256,uint256,uint256,uint256).amountBDesired (../../sb/0xe4fe6a45f354e845f954cddee6084603cedb9410.sol#486)
Variable UniswapV2Router02._addLiquidity(address,address,uint256,uint256,uint256,uint256).amountADesired (../../sb/0xe4fe6a45f354e845f954cddee6084603cedb9410.sol#485) is too similar to UniswapV2Router02.addLiquidity(address,address,uint256,uint256,uint256,uint256,address,uint256).amountBDesired (../../sb/0xe4fe6a45f354e845f954cddee6084603cedb9410.sol#514)
Variable UniswapV2Router02.addLiquidity(address,address,uint256,uint256,uint256,uint256,address,uint256).amountADesired (../../sb/0xe4fe6a45f354e845f954cddee6084603cedb9410.sol#513) is too similar to UniswapV2Router02.addLiquidity(address,address,uint256,uint256,uint256,uint256,address,uint256).amountBDesired (../../sb/0xe4fe6a45f354e845f954cddee6084603cedb9410.sol#514)
Variable UniswapV2Router02._addLiquidity(address,address,uint256,uint256,uint256,uint256).amountADesired (../../sb/0xe4fe6a45f354e845f954cddee6084603cedb9410.sol#485) is too similar to IUniswapV2Router01.addLiquidity(address,address,uint256,uint256,uint256,uint256,address,uint256).amountBDesired (../../sb/0xe4fe6a45f354e845f954cddee6084603cedb9410.sol#65)
Variable UniswapV2Router02.addLiquidity(address,address,uint256,uint256,uint256,uint256,address,uint256).amountADesired (../../sb/0xe4fe6a45f354e845f954cddee6084603cedb9410.sol#513) is too similar to IUniswapV2Router01.addLiquidity(address,address,uint256,uint256,uint256,uint256,address,uint256).amountBDesired (../../sb/0xe4fe6a45f354e845f954cddee6084603cedb9410.sol#65)
Variable UniswapV2Router02._addLiquidity(address,address,uint256,uint256,uint256,uint256).amountAOptimal (../../sb/0xe4fe6a45f354e845f954cddee6084603cedb9410.sol#503) is too similar to UniswapV2Router02._addLiquidity(address,address,uint256,uint256,uint256,uint256).amountBOptimal (../../sb/0xe4fe6a45f354e845f954cddee6084603cedb9410.sol#498)
Reference: https://github.com/crytic/slither/wiki/Detector-Documentation#variable-names-are-too-similar[0m
[92m
quote(uint256,uint256,uint256) should be declared external:
	- UniswapV2Router02.quote(uint256,uint256,uint256) (../../sb/0xe4fe6a45f354e845f954cddee6084603cedb9410.sol#892-894)
getAmountOut(uint256,uint256,uint256) should be declared external:
	- UniswapV2Router02.getAmountOut(uint256,uint256,uint256) (../../sb/0xe4fe6a45f354e845f954cddee6084603cedb9410.sol#896-904)
getAmountIn(uint256,uint256,uint256) should be declared external:
	- UniswapV2Router02.getAmountIn(uint256,uint256,uint256) (../../sb/0xe4fe6a45f354e845f954cddee6084603cedb9410.sol#906-914)
getAmountsOut(uint256,address[]) should be declared external:
	- UniswapV2Router02.getAmountsOut(uint256,address[]) (../../sb/0xe4fe6a45f354e845f954cddee6084603cedb9410.sol#916-924)
getAmountsIn(uint256,address[]) should be declared external:
	- UniswapV2Router02.getAmountsIn(uint256,address[]) (../../sb/0xe4fe6a45f354e845f954cddee6084603cedb9410.sol#926-934)
Reference: https://github.com/crytic/slither/wiki/Detector-Documentation#public-function-that-could-be-declared-external[0m
/sb/0xe4fe6a45f354e845f954cddee6084603cedb9410.sol analyzed (11 contracts with 78 detectors), 49 result(s) found
