Compilation warnings/errors on /sb/0xdac17f958d2ee523a2206206994597c13d831ec7.sol:
/sb/0xdac17f958d2ee523a2206206994597c13d831ec7.sol:48:5: Warning: Defining constructors as functions with the same name as the contract is deprecated. Use "constructor(...) { ... }" instead.
    function Ownable() public {
    ^ (Relevant source part starts here and spans across multiple lines).
/sb/0xdac17f958d2ee523a2206206994597c13d831ec7.sol:168:9: Warning: Use of the "var" keyword is deprecated.
        var _allowance = allowed[_from][msg.sender];
        ^------------^
/sb/0xdac17f958d2ee523a2206206994597c13d831ec7.sol:326:5: Warning: Defining constructors as functions with the same name as the contract is deprecated. Use "constructor(...) { ... }" instead.
    function TetherToken(uint _initialSupply, string _name, string _symbol, uint _decimals) public {
    ^ (Relevant source part starts here and spans across multiple lines).
/sb/0xdac17f958d2ee523a2206206994597c13d831ec7.sol:132:13: Warning: Invoking events without "emit" prefix is deprecated.
            Transfer(msg.sender, owner, fee);
            ^------------------------------^
/sb/0xdac17f958d2ee523a2206206994597c13d831ec7.sol:134:9: Warning: Invoking events without "emit" prefix is deprecated.
        Transfer(msg.sender, _to, sendAmount);
        ^-----------------------------------^
/sb/0xdac17f958d2ee523a2206206994597c13d831ec7.sol:185:13: Warning: Invoking events without "emit" prefix is deprecated.
            Transfer(_from, owner, fee);
            ^-------------------------^
/sb/0xdac17f958d2ee523a2206206994597c13d831ec7.sol:187:9: Warning: Invoking events without "emit" prefix is deprecated.
        Transfer(_from, _to, sendAmount);
        ^------------------------------^
/sb/0xdac17f958d2ee523a2206206994597c13d831ec7.sol:204:9: Warning: Invoking events without "emit" prefix is deprecated.
        Approval(msg.sender, _spender, _value);
        ^------------------------------------^
/sb/0xdac17f958d2ee523a2206206994597c13d831ec7.sol:252:5: Warning: Invoking events without "emit" prefix is deprecated.
    Pause();
    ^-----^
/sb/0xdac17f958d2ee523a2206206994597c13d831ec7.sol:260:5: Warning: Invoking events without "emit" prefix is deprecated.
    Unpause();
    ^-------^
/sb/0xdac17f958d2ee523a2206206994597c13d831ec7.sol:279:9: Warning: Invoking events without "emit" prefix is deprecated.
        AddedBlackList(_evilUser);
        ^-----------------------^
/sb/0xdac17f958d2ee523a2206206994597c13d831ec7.sol:284:9: Warning: Invoking events without "emit" prefix is deprecated.
        RemovedBlackList(_clearedUser);
        ^----------------------------^
/sb/0xdac17f958d2ee523a2206206994597c13d831ec7.sol:292:9: Warning: Invoking events without "emit" prefix is deprecated.
        DestroyedBlackFunds(_blackListedUser, dirtyFunds);
        ^-----------------------------------------------^
/sb/0xdac17f958d2ee523a2206206994597c13d831ec7.sol:386:9: Warning: Invoking events without "emit" prefix is deprecated.
        Deprecate(_upgradedAddress);
        ^-------------------------^
/sb/0xdac17f958d2ee523a2206206994597c13d831ec7.sol:408:9: Warning: Invoking events without "emit" prefix is deprecated.
        Issue(amount);
        ^-----------^
/sb/0xdac17f958d2ee523a2206206994597c13d831ec7.sol:422:9: Warning: Invoking events without "emit" prefix is deprecated.
        Redeem(amount);
        ^------------^
/sb/0xdac17f958d2ee523a2206206994597c13d831ec7.sol:433:9: Warning: Invoking events without "emit" prefix is deprecated.
        Params(basisPointsRate, maximumFee);
        ^---------------------------------^

[93m
UpgradedStandardToken (../../sb/0xdac17f958d2ee523a2206206994597c13d831ec7.sol#303-309) has incorrect ERC20 function interface:StandardToken.transferFrom(address,address,uint256) (../../sb/0xdac17f958d2ee523a2206206994597c13d831ec7.sol#167-188)
UpgradedStandardToken (../../sb/0xdac17f958d2ee523a2206206994597c13d831ec7.sol#303-309) has incorrect ERC20 function interface:StandardToken.approve(address,uint256) (../../sb/0xdac17f958d2ee523a2206206994597c13d831ec7.sol#195-205)
UpgradedStandardToken (../../sb/0xdac17f958d2ee523a2206206994597c13d831ec7.sol#303-309) has incorrect ERC20 function interface:ERC20.transferFrom(address,address,uint256) (../../sb/0xdac17f958d2ee523a2206206994597c13d831ec7.sol#91)
UpgradedStandardToken (../../sb/0xdac17f958d2ee523a2206206994597c13d831ec7.sol#303-309) has incorrect ERC20 function interface:ERC20.approve(address,uint256) (../../sb/0xdac17f958d2ee523a2206206994597c13d831ec7.sol#92)
UpgradedStandardToken (../../sb/0xdac17f958d2ee523a2206206994597c13d831ec7.sol#303-309) has incorrect ERC20 function interface:ERC20Basic.transfer(address,uint256) (../../sb/0xdac17f958d2ee523a2206206994597c13d831ec7.sol#81)
UpgradedStandardToken (../../sb/0xdac17f958d2ee523a2206206994597c13d831ec7.sol#303-309) has incorrect ERC20 function interface:BasicToken.transfer(address,uint256) (../../sb/0xdac17f958d2ee523a2206206994597c13d831ec7.sol#122-135)
TetherToken (../../sb/0xdac17f958d2ee523a2206206994597c13d831ec7.sol#311-448) has incorrect ERC20 function interface:BasicToken.transfer(address,uint256) (../../sb/0xdac17f958d2ee523a2206206994597c13d831ec7.sol#122-135)
TetherToken (../../sb/0xdac17f958d2ee523a2206206994597c13d831ec7.sol#311-448) has incorrect ERC20 function interface:ERC20Basic.transfer(address,uint256) (../../sb/0xdac17f958d2ee523a2206206994597c13d831ec7.sol#81)
TetherToken (../../sb/0xdac17f958d2ee523a2206206994597c13d831ec7.sol#311-448) has incorrect ERC20 function interface:StandardToken.transferFrom(address,address,uint256) (../../sb/0xdac17f958d2ee523a2206206994597c13d831ec7.sol#167-188)
TetherToken (../../sb/0xdac17f958d2ee523a2206206994597c13d831ec7.sol#311-448) has incorrect ERC20 function interface:StandardToken.approve(address,uint256) (../../sb/0xdac17f958d2ee523a2206206994597c13d831ec7.sol#195-205)
TetherToken (../../sb/0xdac17f958d2ee523a2206206994597c13d831ec7.sol#311-448) has incorrect ERC20 function interface:ERC20.transferFrom(address,address,uint256) (../../sb/0xdac17f958d2ee523a2206206994597c13d831ec7.sol#91)
TetherToken (../../sb/0xdac17f958d2ee523a2206206994597c13d831ec7.sol#311-448) has incorrect ERC20 function interface:ERC20.approve(address,uint256) (../../sb/0xdac17f958d2ee523a2206206994597c13d831ec7.sol#92)
TetherToken (../../sb/0xdac17f958d2ee523a2206206994597c13d831ec7.sol#311-448) has incorrect ERC20 function interface:TetherToken.transfer(address,uint256) (../../sb/0xdac17f958d2ee523a2206206994597c13d831ec7.sol#336-343)
TetherToken (../../sb/0xdac17f958d2ee523a2206206994597c13d831ec7.sol#311-448) has incorrect ERC20 function interface:TetherToken.transferFrom(address,address,uint256) (../../sb/0xdac17f958d2ee523a2206206994597c13d831ec7.sol#346-353)
TetherToken (../../sb/0xdac17f958d2ee523a2206206994597c13d831ec7.sol#311-448) has incorrect ERC20 function interface:TetherToken.approve(address,uint256) (../../sb/0xdac17f958d2ee523a2206206994597c13d831ec7.sol#365-371)
Reference: https://github.com/crytic/slither/wiki/Detector-Documentation#incorrect-erc20-interface[0m
[92m
Ownable.transferOwnership(address) (../../sb/0xdac17f958d2ee523a2206206994597c13d831ec7.sol#64-68) should emit an event for: 
	- owner = newOwner (../../sb/0xdac17f958d2ee523a2206206994597c13d831ec7.sol#66) 
Reference: https://github.com/crytic/slither/wiki/Detector-Documentation#missing-events-access-control[0m
[92m
TetherToken.deprecate(address)._upgradedAddress (../../sb/0xdac17f958d2ee523a2206206994597c13d831ec7.sol#383) lacks a zero-check on :
		- upgradedAddress = _upgradedAddress (../../sb/0xdac17f958d2ee523a2206206994597c13d831ec7.sol#385)
Reference: https://github.com/crytic/slither/wiki/Detector-Documentation#missing-zero-address-validation[0m
[92m
Pragma version^0.4.18 (../../sb/0xdac17f958d2ee523a2206206994597c13d831ec7.sol#1) allows old versions
solc-0.4.26 is not recommended for deployment
Reference: https://github.com/crytic/slither/wiki/Detector-Documentation#incorrect-versions-of-solidity[0m
[92m
Variable ERC20Basic._totalSupply (../../sb/0xdac17f958d2ee523a2206206994597c13d831ec7.sol#78) is not in mixedCase
Parameter BasicToken.transfer(address,uint256)._to (../../sb/0xdac17f958d2ee523a2206206994597c13d831ec7.sol#122) is not in mixedCase
Parameter BasicToken.transfer(address,uint256)._value (../../sb/0xdac17f958d2ee523a2206206994597c13d831ec7.sol#122) is not in mixedCase
Parameter BasicToken.balanceOf(address)._owner (../../sb/0xdac17f958d2ee523a2206206994597c13d831ec7.sol#142) is not in mixedCase
Parameter StandardToken.transferFrom(address,address,uint256)._from (../../sb/0xdac17f958d2ee523a2206206994597c13d831ec7.sol#167) is not in mixedCase
Parameter StandardToken.transferFrom(address,address,uint256)._to (../../sb/0xdac17f958d2ee523a2206206994597c13d831ec7.sol#167) is not in mixedCase
Parameter StandardToken.transferFrom(address,address,uint256)._value (../../sb/0xdac17f958d2ee523a2206206994597c13d831ec7.sol#167) is not in mixedCase
Parameter StandardToken.approve(address,uint256)._spender (../../sb/0xdac17f958d2ee523a2206206994597c13d831ec7.sol#195) is not in mixedCase
Parameter StandardToken.approve(address,uint256)._value (../../sb/0xdac17f958d2ee523a2206206994597c13d831ec7.sol#195) is not in mixedCase
Parameter StandardToken.allowance(address,address)._owner (../../sb/0xdac17f958d2ee523a2206206994597c13d831ec7.sol#213) is not in mixedCase
Parameter StandardToken.allowance(address,address)._spender (../../sb/0xdac17f958d2ee523a2206206994597c13d831ec7.sol#213) is not in mixedCase
Parameter BlackList.getBlackListStatus(address)._maker (../../sb/0xdac17f958d2ee523a2206206994597c13d831ec7.sol#267) is not in mixedCase
Parameter BlackList.addBlackList(address)._evilUser (../../sb/0xdac17f958d2ee523a2206206994597c13d831ec7.sol#277) is not in mixedCase
Parameter BlackList.removeBlackList(address)._clearedUser (../../sb/0xdac17f958d2ee523a2206206994597c13d831ec7.sol#282) is not in mixedCase
Parameter BlackList.destroyBlackFunds(address)._blackListedUser (../../sb/0xdac17f958d2ee523a2206206994597c13d831ec7.sol#287) is not in mixedCase
Parameter TetherToken.transfer(address,uint256)._to (../../sb/0xdac17f958d2ee523a2206206994597c13d831ec7.sol#336) is not in mixedCase
Parameter TetherToken.transfer(address,uint256)._value (../../sb/0xdac17f958d2ee523a2206206994597c13d831ec7.sol#336) is not in mixedCase
Parameter TetherToken.transferFrom(address,address,uint256)._from (../../sb/0xdac17f958d2ee523a2206206994597c13d831ec7.sol#346) is not in mixedCase
Parameter TetherToken.transferFrom(address,address,uint256)._to (../../sb/0xdac17f958d2ee523a2206206994597c13d831ec7.sol#346) is not in mixedCase
Parameter TetherToken.transferFrom(address,address,uint256)._value (../../sb/0xdac17f958d2ee523a2206206994597c13d831ec7.sol#346) is not in mixedCase
Parameter TetherToken.approve(address,uint256)._spender (../../sb/0xdac17f958d2ee523a2206206994597c13d831ec7.sol#365) is not in mixedCase
Parameter TetherToken.approve(address,uint256)._value (../../sb/0xdac17f958d2ee523a2206206994597c13d831ec7.sol#365) is not in mixedCase
Parameter TetherToken.allowance(address,address)._owner (../../sb/0xdac17f958d2ee523a2206206994597c13d831ec7.sol#374) is not in mixedCase
Parameter TetherToken.allowance(address,address)._spender (../../sb/0xdac17f958d2ee523a2206206994597c13d831ec7.sol#374) is not in mixedCase
Parameter TetherToken.deprecate(address)._upgradedAddress (../../sb/0xdac17f958d2ee523a2206206994597c13d831ec7.sol#383) is not in mixedCase
Reference: https://github.com/crytic/slither/wiki/Detector-Documentation#conformance-to-solidity-naming-conventions[0m
[92m
UpgradedStandardToken (../../sb/0xdac17f958d2ee523a2206206994597c13d831ec7.sol#303-309) does not implement functions:
	- UpgradedStandardToken.approveByLegacy(address,address,uint256) (../../sb/0xdac17f958d2ee523a2206206994597c13d831ec7.sol#308)
	- ERC20Basic.totalSupply() (../../sb/0xdac17f958d2ee523a2206206994597c13d831ec7.sol#79)
	- UpgradedStandardToken.transferByLegacy(address,address,uint256) (../../sb/0xdac17f958d2ee523a2206206994597c13d831ec7.sol#306)
	- UpgradedStandardToken.transferFromByLegacy(address,address,address,uint256) (../../sb/0xdac17f958d2ee523a2206206994597c13d831ec7.sol#307)
Reference: https://github.com/crytic/slither/wiki/Detector-Documentation#unimplemented-functions[0m
[92m
transferOwnership(address) should be declared external:
	- Ownable.transferOwnership(address) (../../sb/0xdac17f958d2ee523a2206206994597c13d831ec7.sol#64-68)
totalSupply() should be declared external:
	- ERC20Basic.totalSupply() (../../sb/0xdac17f958d2ee523a2206206994597c13d831ec7.sol#79)
	- TetherToken.totalSupply() (../../sb/0xdac17f958d2ee523a2206206994597c13d831ec7.sol#390-396)
pause() should be declared external:
	- Pausable.pause() (../../sb/0xdac17f958d2ee523a2206206994597c13d831ec7.sol#250-253)
unpause() should be declared external:
	- Pausable.unpause() (../../sb/0xdac17f958d2ee523a2206206994597c13d831ec7.sol#258-261)
addBlackList(address) should be declared external:
	- BlackList.addBlackList(address) (../../sb/0xdac17f958d2ee523a2206206994597c13d831ec7.sol#277-280)
removeBlackList(address) should be declared external:
	- BlackList.removeBlackList(address) (../../sb/0xdac17f958d2ee523a2206206994597c13d831ec7.sol#282-285)
destroyBlackFunds(address) should be declared external:
	- BlackList.destroyBlackFunds(address) (../../sb/0xdac17f958d2ee523a2206206994597c13d831ec7.sol#287-293)
transferByLegacy(address,address,uint256) should be declared external:
	- UpgradedStandardToken.transferByLegacy(address,address,uint256) (../../sb/0xdac17f958d2ee523a2206206994597c13d831ec7.sol#306)
transferFromByLegacy(address,address,address,uint256) should be declared external:
	- UpgradedStandardToken.transferFromByLegacy(address,address,address,uint256) (../../sb/0xdac17f958d2ee523a2206206994597c13d831ec7.sol#307)
approveByLegacy(address,address,uint256) should be declared external:
	- UpgradedStandardToken.approveByLegacy(address,address,uint256) (../../sb/0xdac17f958d2ee523a2206206994597c13d831ec7.sol#308)
deprecate(address) should be declared external:
	- TetherToken.deprecate(address) (../../sb/0xdac17f958d2ee523a2206206994597c13d831ec7.sol#383-387)
issue(uint256) should be declared external:
	- TetherToken.issue(uint256) (../../sb/0xdac17f958d2ee523a2206206994597c13d831ec7.sol#402-409)
redeem(uint256) should be declared external:
	- TetherToken.redeem(uint256) (../../sb/0xdac17f958d2ee523a2206206994597c13d831ec7.sol#416-423)
setParams(uint256,uint256) should be declared external:
	- TetherToken.setParams(uint256,uint256) (../../sb/0xdac17f958d2ee523a2206206994597c13d831ec7.sol#425-434)
Reference: https://github.com/crytic/slither/wiki/Detector-Documentation#public-function-that-could-be-declared-external[0m
/sb/0xdac17f958d2ee523a2206206994597c13d831ec7.sol analyzed (10 contracts with 78 detectors), 59 result(s) found
