[92m
WDOGE.allowance(address,address).owner (../../sb/0x46ba8a59f4863bd20a066fd985b163235425b5f9.sol#165) shadows:
	- Ownable.owner() (../../sb/0x46ba8a59f4863bd20a066fd985b163235425b5f9.sol#73-75) (function)
WDOGE._approve(address,address,uint256).owner (../../sb/0x46ba8a59f4863bd20a066fd985b163235425b5f9.sol#285) shadows:
	- Ownable.owner() (../../sb/0x46ba8a59f4863bd20a066fd985b163235425b5f9.sol#73-75) (function)
Reference: https://github.com/crytic/slither/wiki/Detector-Documentation#local-variable-shadowing[0m
[92m
WDOGE._transfer(address,address,uint256) (../../sb/0x46ba8a59f4863bd20a066fd985b163235425b5f9.sol#202-236) uses timestamp for comparisons
	Dangerous comparisons:
	- block.timestamp >= openingTime && block.timestamp <= closingTime (../../sb/0x46ba8a59f4863bd20a066fd985b163235425b5f9.sol#207)
Reference: https://github.com/crytic/slither/wiki/Detector-Documentation#block-timestamp[0m
[92m
WDOGE._burn(address,uint256) (../../sb/0x46ba8a59f4863bd20a066fd985b163235425b5f9.sol#271-282) has costly operations inside a loop:
	- _totalSupply -= amount (../../sb/0x46ba8a59f4863bd20a066fd985b163235425b5f9.sol#279)
Reference: https://github.com/crytic/slither/wiki/Detector-Documentation#costly-operations-inside-a-loop[0m
[92m
Context._msgData() (../../sb/0x46ba8a59f4863bd20a066fd985b163235425b5f9.sol#52-55) is never used and should be removed
Reference: https://github.com/crytic/slither/wiki/Detector-Documentation#dead-code[0m
[92m
Pragma version^0.8.1 (../../sb/0x46ba8a59f4863bd20a066fd985b163235425b5f9.sol#2) allows old versions
solc-0.8.19 is not recommended for deployment
Reference: https://github.com/crytic/slither/wiki/Detector-Documentation#incorrect-versions-of-solidity[0m
[92m
Constant WDOGE.basePercent (../../sb/0x46ba8a59f4863bd20a066fd985b163235425b5f9.sol#109) is not in UPPER_CASE_WITH_UNDERSCORES
Reference: https://github.com/crytic/slither/wiki/Detector-Documentation#conformance-to-solidity-naming-conventions[0m
[92m
Redundant expression "this (../../sb/0x46ba8a59f4863bd20a066fd985b163235425b5f9.sol#53)" inContext (../../sb/0x46ba8a59f4863bd20a066fd985b163235425b5f9.sol#47-56)
Reference: https://github.com/crytic/slither/wiki/Detector-Documentation#redundant-statements[0m
[92m
WDOGE.constructor() (../../sb/0x46ba8a59f4863bd20a066fd985b163235425b5f9.sol#118-124) uses literals with too many digits:
	- initSupply = 10000000000000 * 10 ** 18 (../../sb/0x46ba8a59f4863bd20a066fd985b163235425b5f9.sol#122)
Reference: https://github.com/crytic/slither/wiki/Detector-Documentation#too-many-digits[0m
[92m
WDOGE.closingTime (../../sb/0x46ba8a59f4863bd20a066fd985b163235425b5f9.sol#111) should be constant
WDOGE.dev (../../sb/0x46ba8a59f4863bd20a066fd985b163235425b5f9.sol#108) should be constant
WDOGE.feeWallet (../../sb/0x46ba8a59f4863bd20a066fd985b163235425b5f9.sol#107) should be constant
WDOGE.openingTime (../../sb/0x46ba8a59f4863bd20a066fd985b163235425b5f9.sol#110) should be constant
Reference: https://github.com/crytic/slither/wiki/Detector-Documentation#state-variables-that-could-be-declared-constant[0m
[92m
renounceOwnership() should be declared external:
	- Ownable.renounceOwnership() (../../sb/0x46ba8a59f4863bd20a066fd985b163235425b5f9.sol#84-87)
transferOwnership(address) should be declared external:
	- Ownable.transferOwnership(address) (../../sb/0x46ba8a59f4863bd20a066fd985b163235425b5f9.sol#90-94)
name() should be declared external:
	- WDOGE.name() (../../sb/0x46ba8a59f4863bd20a066fd985b163235425b5f9.sol#127-129)
symbol() should be declared external:
	- WDOGE.symbol() (../../sb/0x46ba8a59f4863bd20a066fd985b163235425b5f9.sol#132-134)
decimals() should be declared external:
	- WDOGE.decimals() (../../sb/0x46ba8a59f4863bd20a066fd985b163235425b5f9.sol#138-140)
totalSupply() should be declared external:
	- WDOGE.totalSupply() (../../sb/0x46ba8a59f4863bd20a066fd985b163235425b5f9.sol#143-145)
balanceOf(address) should be declared external:
	- WDOGE.balanceOf(address) (../../sb/0x46ba8a59f4863bd20a066fd985b163235425b5f9.sol#148-150)
transfer(address,uint256) should be declared external:
	- WDOGE.transfer(address,uint256) (../../sb/0x46ba8a59f4863bd20a066fd985b163235425b5f9.sol#159-162)
allowance(address,address) should be declared external:
	- WDOGE.allowance(address,address) (../../sb/0x46ba8a59f4863bd20a066fd985b163235425b5f9.sol#165-167)
approve(address,uint256) should be declared external:
	- WDOGE.approve(address,uint256) (../../sb/0x46ba8a59f4863bd20a066fd985b163235425b5f9.sol#170-173)
transferFrom(address,address,uint256) should be declared external:
	- WDOGE.transferFrom(address,address,uint256) (../../sb/0x46ba8a59f4863bd20a066fd985b163235425b5f9.sol#176-184)
increaseAllowance(address,uint256) should be declared external:
	- WDOGE.increaseAllowance(address,uint256) (../../sb/0x46ba8a59f4863bd20a066fd985b163235425b5f9.sol#187-190)
decreaseAllowance(address,uint256) should be declared external:
	- WDOGE.decreaseAllowance(address,uint256) (../../sb/0x46ba8a59f4863bd20a066fd985b163235425b5f9.sol#193-199)
multiTransfer(address[],uint256[]) should be declared external:
	- WDOGE.multiTransfer(address[],uint256[]) (../../sb/0x46ba8a59f4863bd20a066fd985b163235425b5f9.sol#253-257)
Reference: https://github.com/crytic/slither/wiki/Detector-Documentation#public-function-that-could-be-declared-external[0m
/sb/0x46ba8a59f4863bd20a066fd985b163235425b5f9.sol analyzed (5 contracts with 78 detectors), 28 result(s) found
