
====================================================================================================
[94m[ ] Check if contract is SUICIDAL[0m

[ ] Contract address   : 0xaFFECAFEAFfECaFEaFFecAfEAFfecAfEAffEcaFE
[ ] Contract bytecode  : 6080604052600436106101875763ffffffff60e060020a6000...
[ ] Bytecode length    : 28470
[ ] Blockchain contract: False
[ ] Debug              : False

[92m[-] The code does not contain SUICIDE instructions, hence it is not vulnerable[0m

====================================================================================================
[94m[ ] Check if contract is PRODIGAL[0m

[ ] Contract address   : 0xaFFECAFEAFfECaFEaFFecAfEAFfecAfEAffEcaFE
[ ] Contract bytecode  : 6080604052600436106101875763ffffffff60e060020a6000...
[ ] Bytecode length    : 28470
[ ] Blockchain contract: False
[ ] Debug              : False

[ ][1m Search with call depth: 1   : [0m111111
[ ][1m Search with call depth: 2   : [0m122222212222221222222
[ ][1m Search with call depth: 3   : [0m1223333332333333233
[92m[+] No prodigal vulnerability found [0m

====================================================================================================
[94m[ ] Check if contract is GREEDY[0m

[ ] Contract address   : 0xaFFECAFEAFfECaFEaFFecAfEAFfecAfEAffEcaFE
[ ] Contract bytecode  : 6080604052600436106101875763ffffffff60e060020a6000...
[ ] Bytecode length    : 28470
[ ] Debug              : False
[91m[-][0m [1mContract can receive Ether[0m

[92m[-] No lock vulnerability found because the contract cannot receive Ether [0m
