
====================================================================================================
[94m[ ] Check if contract is SUICIDAL[0m

[ ] Contract address   : 0xaFFECAFEAFfECaFEaFFecAfEAFfecAfEAffEcaFE
[ ] Contract bytecode  : 60806040526004361061016a5760003560e01c806377233e90...
[ ] Bytecode length    : 31980
[ ] Blockchain contract: False
[ ] Debug              : False

[92m[-] The code does not contain SUICIDE instructions, hence it is not vulnerable[0m

====================================================================================================
[94m[ ] Check if contract is PRODIGAL[0m

[ ] Contract address   : 0xaFFECAFEAFfECaFEaFFecAfEAFfecAfEAffEcaFE
[ ] Contract bytecode  : 60806040526004361061016a5760003560e01c806377233e90...
[ ] Bytecode length    : 31980
[ ] Blockchain contract: False
[ ] Debug              : False

[ ][1m Search with call depth: 1   : [0mUnknown operation  at pos b
1Unknown operation  at pos bc

[ ][1m Search with call depth: 2   : [0mUnknown operation  at pos b
1Unknown operation  at pos bc

[ ][1m Search with call depth: 3   : [0mUnknown operation  at pos b
1Unknown operation  at pos bc

[92m[+] No prodigal vulnerability found [0m

====================================================================================================
[94m[ ] Check if contract is GREEDY[0m

[ ] Contract address   : 0xaFFECAFEAFfECaFEaFFecAfEAFfecAfEAffEcaFE
[ ] Contract bytecode  : 60806040526004361061016a5760003560e01c806377233e90...
[ ] Bytecode length    : 31980
[ ] Debug              : False
Unknown operation  at pos b
[92m[+][0m [1mContract can receive Ether[0m

[ ][1m Search with call depth: 1   : [0mUnknown operation  at pos b
1Unknown operation  at pos bc

[ ][1m Search with call depth: 2   : [0mUnknown operation  at pos b
1Unknown operation  at pos bc

[ ][1m Search with call depth: 3   : [0mUnknown operation  at pos b
1Unknown operation  at pos bc


[91m[-] Locking vulnerability found! [0m
