
====================================================================================================
[94m[ ] Check if contract is SUICIDAL[0m

[ ] Contract address   : 0xaFFECAFEAFfECaFEaFFecAfEAFfecAfEAffEcaFE
[ ] Contract bytecode  : 6080604052600436106102135760003560e01c806375695cc9...
[ ] Bytecode length    : 25836
[ ] Blockchain contract: False
[ ] Debug              : False

[92m[-] The code does not contain SUICIDE instructions, hence it is not vulnerable[0m

====================================================================================================
[94m[ ] Check if contract is PRODIGAL[0m

[ ] Contract address   : 0xaFFECAFEAFfECaFEaFFecAfEAFfecAfEAffEcaFE
[ ] Contract bytecode  : 6080604052600436106102135760003560e01c806375695cc9...
[ ] Bytecode length    : 25836
[ ] Blockchain contract: False
[ ] Debug              : False
[92m[+] The code does not have CALL/SUICIDE, hence it is not prodigal[0m

====================================================================================================
[94m[ ] Check if contract is GREEDY[0m

[ ] Contract address   : 0xaFFECAFEAFfECaFEaFFecAfEAFfecAfEAffEcaFE
[ ] Contract bytecode  : 6080604052600436106102135760003560e01c806375695cc9...
[ ] Bytecode length    : 25836
[ ] Debug              : False
Unknown operation  at pos b
[92m[+][0m [1mContract can receive Ether[0m
[91m[-] The code does not have CALL/SUICIDE/DELEGATECALL/CALLCODE thus is greedy ![0m
