
====================================================================================================
[1m[ ] Compiling Solidity contract from the file /sb/0x2bbd66fc4898242bdbd2583bbe1d76e8b8f71445.sol ... [0m[92m Done [0m
[1m[ ] Connecting to PRIVATE blockchain emptychain  [0m.....[92m ESTABLISHED [0m
[1m[ ] Deploying contract [0m[92m confirmed at address: 0x9E536236ABF2288a7864C6A1AfaA4Cb98D464306 [0m
[1m[ ] Contract code length on the blockchain : [0m [92m  86  : 0x739e536236abf2288a7864c6a1af... [0m
[1m[ ] Contract address saved in file: [0m[92m./out/DODOMath.address [0m
[94m[ ] Check if contract is SUICIDAL[0m

[ ] Contract address   : 0x9E536236ABF2288a7864C6A1AfaA4Cb98D464306
[ ] Contract bytecode  : 739e536236abf2288a7864c6a1afaa4cb98d46430630146080...
[ ] Bytecode length    : 172
[ ] Blockchain contract: True
[ ] Debug              : False

[92m[-] The code does not contain SUICIDE instructions, hence it is not vulnerable[0m

====================================================================================================
[1m[ ] Compiling Solidity contract from the file /sb/0x2bbd66fc4898242bdbd2583bbe1d76e8b8f71445.sol ... [0m[92m Done [0m
[1m[ ] Connecting to PRIVATE blockchain emptychain  [0m....[92m ESTABLISHED [0m
[1m[ ] Sending Ether to contract 0x9E536236ABF2288a7864C6A1AfaA4Cb98D464306  [0m......... tx[0] mined [92m Sent! [0m
[1m[ ] Deploying contract [0m[92m confirmed at address: 0x9E536236ABF2288a7864C6A1AfaA4Cb98D464306 [0m
[1m[ ] Contract code length on the blockchain : [0m [92m  86  : 0x739e536236abf2288a7864c6a1af... [0m
[1m[ ] Contract address saved in file: [0m[92m./out/DODOMath.address [0m
[1m[ ] The contract balance: 44  [0m[92m Positive balance[0m
[94m[ ] Check if contract is PRODIGAL[0m

[ ] Contract address   : 0x9E536236ABF2288a7864C6A1AfaA4Cb98D464306
[ ] Contract bytecode  : 739e536236abf2288a7864c6a1afaa4cb98d46430630146080...
[ ] Bytecode length    : 172
[ ] Blockchain contract: True
[ ] Debug              : False

[ ][1m Search with call depth: 1   : [0m
[ ][1m Search with call depth: 2   : [0m
[ ][1m Search with call depth: 3   : [0m
[92m[+] No prodigal vulnerability found [0m

====================================================================================================
[1m[ ] Compiling Solidity contract from the file /sb/0x2bbd66fc4898242bdbd2583bbe1d76e8b8f71445.sol ... [0m[92m Done [0m
[1m[ ] Connecting to PRIVATE blockchain emptychain  [0m....[92m ESTABLISHED [0m
[1m[ ] Deploying contract [0m[92m confirmed at address: 0x9E536236ABF2288a7864C6A1AfaA4Cb98D464306 [0m
[1m[ ] Contract code length on the blockchain : [0m [92m  86  : 0x739e536236abf2288a7864c6a1af... [0m
[1m[ ] Contract address saved in file: [0m[92m./out/DODOMath.address [0m
[94m[ ] Check if contract is GREEDY[0m

[ ] Contract address   : 0x9E536236ABF2288a7864C6A1AfaA4Cb98D464306
[ ] Contract bytecode  : 739e536236abf2288a7864c6a1afaa4cb98d46430630146080...
[ ] Bytecode length    : 172
[ ] Debug              : False
[91m[-][0m [1mContract can receive Ether[0m

[92m[-] No lock vulnerability found because the contract cannot receive Ether [0m

====================================================================================================
[1m[ ] Compiling Solidity contract from the file /sb/0x2bbd66fc4898242bdbd2583bbe1d76e8b8f71445.sol ... [0m[92m Done [0m
[1m[ ] Connecting to PRIVATE blockchain emptychain  [0m.....[92m ESTABLISHED [0m
[1m[ ] Deploying contract [0m[92m confirmed at address: 0x9E536236ABF2288a7864C6A1AfaA4Cb98D464306 [0m
[1m[ ] Contract code length on the blockchain : [0m [92m  0  : 0x... [0m
[1m[ ] Contract address saved in file: [0m[92m./out/DVM.address [0m
[94m[ ] Check if contract is SUICIDAL[0m

[ ] Contract address   : 0x9E536236ABF2288a7864C6A1AfaA4Cb98D464306
[ ] Contract bytecode  : ...
[ ] Bytecode length    : 0
[ ] Blockchain contract: True
[ ] Debug              : False

[92m[-] The code does not contain SUICIDE instructions, hence it is not vulnerable[0m

====================================================================================================
[1m[ ] Compiling Solidity contract from the file /sb/0x2bbd66fc4898242bdbd2583bbe1d76e8b8f71445.sol ... [0m[92m Done [0m
[1m[ ] Connecting to PRIVATE blockchain emptychain  [0m....[92m ESTABLISHED [0m
[1m[ ] Sending Ether to contract 0x9E536236ABF2288a7864C6A1AfaA4Cb98D464306  [0m................ tx[0] mined [92m Sent! [0m
[1m[ ] Deploying contract [0m[92m confirmed at address: 0x9E536236ABF2288a7864C6A1AfaA4Cb98D464306 [0m
[1m[ ] Contract code length on the blockchain : [0m [92m  0  : 0x... [0m
[1m[ ] Contract address saved in file: [0m[92m./out/DVM.address [0m
[1m[ ] The contract balance: 44  [0m[92m Positive balance[0m
[94m[ ] Check if contract is PRODIGAL[0m

[ ] Contract address   : 0x9E536236ABF2288a7864C6A1AfaA4Cb98D464306
[ ] Contract bytecode  : ...
[ ] Bytecode length    : 0
[ ] Blockchain contract: True
[ ] Debug              : False
[92m[+] The code does not have CALL/SUICIDE, hence it is not prodigal[0m

====================================================================================================
[1m[ ] Compiling Solidity contract from the file /sb/0x2bbd66fc4898242bdbd2583bbe1d76e8b8f71445.sol ... [0m[92m Done [0m
[1m[ ] Connecting to PRIVATE blockchain emptychain  [0m....[92m ESTABLISHED [0m
[1m[ ] Deploying contract [0m[92m confirmed at address: 0x9E536236ABF2288a7864C6A1AfaA4Cb98D464306 [0m
[1m[ ] Contract code length on the blockchain : [0m [92m  0  : 0x... [0m
[1m[ ] Contract address saved in file: [0m[92m./out/DVM.address [0m
[94m[ ] Check if contract is GREEDY[0m

[ ] Contract address   : 0x9E536236ABF2288a7864C6A1AfaA4Cb98D464306
[ ] Contract bytecode  : ...
[ ] Bytecode length    : 0
[ ] Debug              : False
[91m[-][0m [1mContract can receive Ether[0m

[92m[-] No lock vulnerability found because the contract cannot receive Ether [0m

====================================================================================================
[1m[ ] Compiling Solidity contract from the file /sb/0x2bbd66fc4898242bdbd2583bbe1d76e8b8f71445.sol ... [0m[92m Done [0m
[1m[ ] Connecting to PRIVATE blockchain emptychain  [0m....[92m ESTABLISHED [0m
[1m[ ] Deploying contract [0m[92m confirmed at address: 0x9E536236ABF2288a7864C6A1AfaA4Cb98D464306 [0m
[1m[ ] Contract code length on the blockchain : [0m [92m  17413  : 0x6080604052348015610010576000... [0m
[1m[ ] Contract address saved in file: [0m[92m./out/DVMFunding.address [0m
[94m[ ] Check if contract is SUICIDAL[0m

[ ] Contract address   : 0x9E536236ABF2288a7864C6A1AfaA4Cb98D464306
[ ] Contract bytecode  : 608060405234801561001057600080fd5b5060043610610211...
[ ] Bytecode length    : 34826
[ ] Blockchain contract: True
[ ] Debug              : False

[92m[-] The code does not contain SUICIDE instructions, hence it is not vulnerable[0m

====================================================================================================
[1m[ ] Compiling Solidity contract from the file /sb/0x2bbd66fc4898242bdbd2583bbe1d76e8b8f71445.sol ... [0m[92m Done [0m
[1m[ ] Connecting to PRIVATE blockchain emptychain  [0m....[92m ESTABLISHED [0m
[1m[ ] Sending Ether to contract 0x9E536236ABF2288a7864C6A1AfaA4Cb98D464306  [0m... tx[0] mined [92m Sent! [0m
[1m[ ] Deploying contract [0m[92m confirmed at address: 0x9E536236ABF2288a7864C6A1AfaA4Cb98D464306 [0m
[1m[ ] Contract code length on the blockchain : [0m [92m  17413  : 0x6080604052348015610010576000... [0m
[1m[ ] Contract address saved in file: [0m[92m./out/DVMFunding.address [0m
[1m[ ] The contract balance: 44  [0m[92m Positive balance[0m
[94m[ ] Check if contract is PRODIGAL[0m

[ ] Contract address   : 0x9E536236ABF2288a7864C6A1AfaA4Cb98D464306
[ ] Contract bytecode  : 608060405234801561001057600080fd5b5060043610610211...
[ ] Bytecode length    : 34826
[ ] Blockchain contract: True
[ ] Debug              : False

[ ][1m Search with call depth: 1   : [0mUnknown operation  at pos 15

[ ][1m Search with call depth: 2   : [0mUnknown operation  at pos 15

[ ][1m Search with call depth: 3   : [0mUnknown operation  at pos 15

[92m[+] No prodigal vulnerability found [0m

====================================================================================================
[1m[ ] Compiling Solidity contract from the file /sb/0x2bbd66fc4898242bdbd2583bbe1d76e8b8f71445.sol ... [0m[92m Done [0m
[1m[ ] Connecting to PRIVATE blockchain emptychain  [0m....[92m ESTABLISHED [0m
[1m[ ] Deploying contract [0m[92m confirmed at address: 0x9E536236ABF2288a7864C6A1AfaA4Cb98D464306 [0m
[1m[ ] Contract code length on the blockchain : [0m [92m  17413  : 0x6080604052348015610010576000... [0m
[1m[ ] Contract address saved in file: [0m[92m./out/DVMFunding.address [0m
[94m[ ] Check if contract is GREEDY[0m

[ ] Contract address   : 0x9E536236ABF2288a7864C6A1AfaA4Cb98D464306
[ ] Contract bytecode  : 608060405234801561001057600080fd5b5060043610610211...
[ ] Bytecode length    : 34826
[ ] Debug              : False
[91m[-][0m [1mContract can receive Ether[0m

[92m[-] No lock vulnerability found because the contract cannot receive Ether [0m

====================================================================================================
[1m[ ] Compiling Solidity contract from the file /sb/0x2bbd66fc4898242bdbd2583bbe1d76e8b8f71445.sol ... [0m[92m Done [0m
[1m[ ] Connecting to PRIVATE blockchain emptychain  [0m....[92m ESTABLISHED [0m
[1m[ ] Deploying contract [0m[92m confirmed at address: 0x9E536236ABF2288a7864C6A1AfaA4Cb98D464306 [0m
[1m[ ] Contract code length on the blockchain : [0m [92m  5262  : 0x6080604052348015610010576000... [0m
[1m[ ] Contract address saved in file: [0m[92m./out/DVMStorage.address [0m
[94m[ ] Check if contract is SUICIDAL[0m

[ ] Contract address   : 0x9E536236ABF2288a7864C6A1AfaA4Cb98D464306
[ ] Contract bytecode  : 608060405234801561001057600080fd5b5060043610610142...
[ ] Bytecode length    : 10524
[ ] Blockchain contract: True
[ ] Debug              : False

[92m[-] The code does not contain SUICIDE instructions, hence it is not vulnerable[0m

====================================================================================================
[1m[ ] Compiling Solidity contract from the file /sb/0x2bbd66fc4898242bdbd2583bbe1d76e8b8f71445.sol ... [0m[92m Done [0m
[1m[ ] Connecting to PRIVATE blockchain emptychain  [0m....[92m ESTABLISHED [0m
[1m[ ] Sending Ether to contract 0x9E536236ABF2288a7864C6A1AfaA4Cb98D464306  [0m.......... tx[0] mined [92m Sent! [0m
[1m[ ] Deploying contract [0m[92m confirmed at address: 0x9E536236ABF2288a7864C6A1AfaA4Cb98D464306 [0m
[1m[ ] Contract code length on the blockchain : [0m [92m  5262  : 0x6080604052348015610010576000... [0m
[1m[ ] Contract address saved in file: [0m[92m./out/DVMStorage.address [0m
[1m[ ] The contract balance: 44  [0m[92m Positive balance[0m
[94m[ ] Check if contract is PRODIGAL[0m

[ ] Contract address   : 0x9E536236ABF2288a7864C6A1AfaA4Cb98D464306
[ ] Contract bytecode  : 608060405234801561001057600080fd5b5060043610610142...
[ ] Bytecode length    : 10524
[ ] Blockchain contract: True
[ ] Debug              : False
[92m[+] The code does not have CALL/SUICIDE, hence it is not prodigal[0m

====================================================================================================
[1m[ ] Compiling Solidity contract from the file /sb/0x2bbd66fc4898242bdbd2583bbe1d76e8b8f71445.sol ... [0m[92m Done [0m
[1m[ ] Connecting to PRIVATE blockchain emptychain  [0m....[92m ESTABLISHED [0m
[1m[ ] Deploying contract [0m[92m confirmed at address: 0x9E536236ABF2288a7864C6A1AfaA4Cb98D464306 [0m
[1m[ ] Contract code length on the blockchain : [0m [92m  5262  : 0x6080604052348015610010576000... [0m
[1m[ ] Contract address saved in file: [0m[92m./out/DVMStorage.address [0m
[94m[ ] Check if contract is GREEDY[0m

[ ] Contract address   : 0x9E536236ABF2288a7864C6A1AfaA4Cb98D464306
[ ] Contract bytecode  : 608060405234801561001057600080fd5b5060043610610142...
[ ] Bytecode length    : 10524
[ ] Debug              : False
[91m[-][0m [1mContract can receive Ether[0m

[92m[-] No lock vulnerability found because the contract cannot receive Ether [0m

====================================================================================================
[1m[ ] Compiling Solidity contract from the file /sb/0x2bbd66fc4898242bdbd2583bbe1d76e8b8f71445.sol ... [0m[92m Done [0m
[1m[ ] Connecting to PRIVATE blockchain emptychain  [0m....[92m ESTABLISHED [0m
[1m[ ] Deploying contract [0m[92m confirmed at address: 0x9E536236ABF2288a7864C6A1AfaA4Cb98D464306 [0m
[1m[ ] Contract code length on the blockchain : [0m [92m  20372  : 0x6080604052348015610010576000... [0m
[1m[ ] Contract address saved in file: [0m[92m./out/DVMTrader.address [0m
[94m[ ] Check if contract is SUICIDAL[0m

[ ] Contract address   : 0x9E536236ABF2288a7864C6A1AfaA4Cb98D464306
[ ] Contract bytecode  : 608060405234801561001057600080fd5b5060043610610232...
[ ] Bytecode length    : 40744
[ ] Blockchain contract: True
[ ] Debug              : False

[92m[-] The code does not contain SUICIDE instructions, hence it is not vulnerable[0m

====================================================================================================
[1m[ ] Compiling Solidity contract from the file /sb/0x2bbd66fc4898242bdbd2583bbe1d76e8b8f71445.sol ... [0m[92m Done [0m
[1m[ ] Connecting to PRIVATE blockchain emptychain  [0m....[92m ESTABLISHED [0m
[1m[ ] Sending Ether to contract 0x9E536236ABF2288a7864C6A1AfaA4Cb98D464306  [0m......................................................... tx[0] mined [92m Sent! [0m
[1m[ ] Deploying contract [0m[92m confirmed at address: 0x9E536236ABF2288a7864C6A1AfaA4Cb98D464306 [0m
[1m[ ] Contract code length on the blockchain : [0m [92m  20372  : 0x6080604052348015610010576000... [0m
[1m[ ] Contract address saved in file: [0m[92m./out/DVMTrader.address [0m
[1m[ ] The contract balance: 44  [0m[92m Positive balance[0m
[94m[ ] Check if contract is PRODIGAL[0m

[ ] Contract address   : 0x9E536236ABF2288a7864C6A1AfaA4Cb98D464306
[ ] Contract bytecode  : 608060405234801561001057600080fd5b5060043610610232...
[ ] Bytecode length    : 40744
[ ] Blockchain contract: True
[ ] Debug              : False

[ ][1m Search with call depth: 1   : [0mUnknown operation  at pos 15

[ ][1m Search with call depth: 2   : [0mUnknown operation  at pos 15

[ ][1m Search with call depth: 3   : [0mUnknown operation  at pos 15

[92m[+] No prodigal vulnerability found [0m

====================================================================================================
[1m[ ] Compiling Solidity contract from the file /sb/0x2bbd66fc4898242bdbd2583bbe1d76e8b8f71445.sol ... [0m[92m Done [0m
[1m[ ] Connecting to PRIVATE blockchain emptychain  [0m....[92m ESTABLISHED [0m
[1m[ ] Deploying contract [0m[92m confirmed at address: 0x9E536236ABF2288a7864C6A1AfaA4Cb98D464306 [0m
[1m[ ] Contract code length on the blockchain : [0m [92m  20372  : 0x6080604052348015610010576000... [0m
[1m[ ] Contract address saved in file: [0m[92m./out/DVMTrader.address [0m
[94m[ ] Check if contract is GREEDY[0m

[ ] Contract address   : 0x9E536236ABF2288a7864C6A1AfaA4Cb98D464306
[ ] Contract bytecode  : 608060405234801561001057600080fd5b5060043610610232...
[ ] Bytecode length    : 40744
[ ] Debug              : False
[91m[-][0m [1mContract can receive Ether[0m

[92m[-] No lock vulnerability found because the contract cannot receive Ether [0m

====================================================================================================
[1m[ ] Compiling Solidity contract from the file /sb/0x2bbd66fc4898242bdbd2583bbe1d76e8b8f71445.sol ... [0m[92m Done [0m
[1m[ ] Connecting to PRIVATE blockchain emptychain  [0m....[92m ESTABLISHED [0m
[1m[ ] Deploying contract [0m[92m confirmed at address: 0x9E536236ABF2288a7864C6A1AfaA4Cb98D464306 [0m
[1m[ ] Contract code length on the blockchain : [0m [92m  11837  : 0x6080604052348015610010576000... [0m
[1m[ ] Contract address saved in file: [0m[92m./out/DVMVault.address [0m
[94m[ ] Check if contract is SUICIDAL[0m

[ ] Contract address   : 0x9E536236ABF2288a7864C6A1AfaA4Cb98D464306
[ ] Contract bytecode  : 608060405234801561001057600080fd5b50600436106101fb...
[ ] Bytecode length    : 23674
[ ] Blockchain contract: True
[ ] Debug              : False

[92m[-] The code does not contain SUICIDE instructions, hence it is not vulnerable[0m

====================================================================================================
[1m[ ] Compiling Solidity contract from the file /sb/0x2bbd66fc4898242bdbd2583bbe1d76e8b8f71445.sol ... [0m[92m Done [0m
[1m[ ] Connecting to PRIVATE blockchain emptychain  [0m....[92m ESTABLISHED [0m
[1m[ ] Sending Ether to contract 0x9E536236ABF2288a7864C6A1AfaA4Cb98D464306  [0m......... tx[0] mined [92m Sent! [0m
[1m[ ] Deploying contract [0mException: Transaction HexBytes('0x8158a66ce698f2b5712a7505c8bd8bea99d4c4cdaa5efda256fc1f757b9bf64b') is not in the chain after 120 seconds
[91m[-] Cannot deploy the contract [0m

====================================================================================================
[1m[ ] Compiling Solidity contract from the file /sb/0x2bbd66fc4898242bdbd2583bbe1d76e8b8f71445.sol ... [0m[92m Done [0m
[1m[ ] Connecting to PRIVATE blockchain emptychain  [0m....[92m ESTABLISHED [0m
[1m[ ] Deploying contract [0m[92m confirmed at address: 0x9E536236ABF2288a7864C6A1AfaA4Cb98D464306 [0m
[1m[ ] Contract code length on the blockchain : [0m [92m  11837  : 0x6080604052348015610010576000... [0m
[1m[ ] Contract address saved in file: [0m[92m./out/DVMVault.address [0m
[94m[ ] Check if contract is GREEDY[0m

[ ] Contract address   : 0x9E536236ABF2288a7864C6A1AfaA4Cb98D464306
[ ] Contract bytecode  : 608060405234801561001057600080fd5b50600436106101fb...
[ ] Bytecode length    : 23674
[ ] Debug              : False
[91m[-][0m [1mContract can receive Ether[0m

[92m[-] No lock vulnerability found because the contract cannot receive Ether [0m

====================================================================================================
[1m[ ] Compiling Solidity contract from the file /sb/0x2bbd66fc4898242bdbd2583bbe1d76e8b8f71445.sol ... [0m[92m Done [0m
[1m[ ] Connecting to PRIVATE blockchain emptychain  [0m.....[92m ESTABLISHED [0m
[1m[ ] Deploying contract [0m[92m confirmed at address: 0x9E536236ABF2288a7864C6A1AfaA4Cb98D464306 [0m
[1m[ ] Contract code length on the blockchain : [0m [92m  86  : 0x739e536236abf2288a7864c6a1af... [0m
[1m[ ] Contract address saved in file: [0m[92m./out/DecimalMath.address [0m
[94m[ ] Check if contract is SUICIDAL[0m

[ ] Contract address   : 0x9E536236ABF2288a7864C6A1AfaA4Cb98D464306
[ ] Contract bytecode  : 739e536236abf2288a7864c6a1afaa4cb98d46430630146080...
[ ] Bytecode length    : 172
[ ] Blockchain contract: True
[ ] Debug              : False

[92m[-] The code does not contain SUICIDE instructions, hence it is not vulnerable[0m

====================================================================================================
[1m[ ] Compiling Solidity contract from the file /sb/0x2bbd66fc4898242bdbd2583bbe1d76e8b8f71445.sol ... [0m[92m Done [0m
[1m[ ] Connecting to PRIVATE blockchain emptychain  [0m....[92m ESTABLISHED [0m
[1m[ ] Sending Ether to contract 0x9E536236ABF2288a7864C6A1AfaA4Cb98D464306  [0m......... tx[0] mined [92m Sent! [0m
[1m[ ] Deploying contract [0m[92m confirmed at address: 0x9E536236ABF2288a7864C6A1AfaA4Cb98D464306 [0m
[1m[ ] Contract code length on the blockchain : [0m [92m  86  : 0x739e536236abf2288a7864c6a1af... [0m
[1m[ ] Contract address saved in file: [0m[92m./out/DecimalMath.address [0m
[1m[ ] The contract balance: 44  [0m[92m Positive balance[0m
[94m[ ] Check if contract is PRODIGAL[0m

[ ] Contract address   : 0x9E536236ABF2288a7864C6A1AfaA4Cb98D464306
[ ] Contract bytecode  : 739e536236abf2288a7864c6a1afaa4cb98d46430630146080...
[ ] Bytecode length    : 172
[ ] Blockchain contract: True
[ ] Debug              : False
[92m[+] The code does not have CALL/SUICIDE, hence it is not prodigal[0m

====================================================================================================
[1m[ ] Compiling Solidity contract from the file /sb/0x2bbd66fc4898242bdbd2583bbe1d76e8b8f71445.sol ... [0m[92m Done [0m
[1m[ ] Connecting to PRIVATE blockchain emptychain  [0m......[92m ESTABLISHED [0m
[1m[ ] Deploying contract [0m[92m confirmed at address: 0x9E536236ABF2288a7864C6A1AfaA4Cb98D464306 [0m
[1m[ ] Contract code length on the blockchain : [0m [92m  86  : 0x739e536236abf2288a7864c6a1af... [0m
[1m[ ] Contract address saved in file: [0m[92m./out/DecimalMath.address [0m
[94m[ ] Check if contract is GREEDY[0m

[ ] Contract address   : 0x9E536236ABF2288a7864C6A1AfaA4Cb98D464306
[ ] Contract bytecode  : 739e536236abf2288a7864c6a1afaa4cb98d46430630146080...
[ ] Bytecode length    : 172
[ ] Debug              : False
[91m[-][0m [1mContract can receive Ether[0m

[92m[-] No lock vulnerability found because the contract cannot receive Ether [0m

====================================================================================================
[1m[ ] Compiling Solidity contract from the file /sb/0x2bbd66fc4898242bdbd2583bbe1d76e8b8f71445.sol ... [0m[92m Done [0m
[1m[ ] Connecting to PRIVATE blockchain emptychain  [0m....[92m ESTABLISHED [0m
[1m[ ] Deploying contract [0m[92m confirmed at address: 0x9E536236ABF2288a7864C6A1AfaA4Cb98D464306 [0m
[1m[ ] Contract code length on the blockchain : [0m [92m  2727  : 0x6080604052348015610010576000... [0m
[1m[ ] Contract address saved in file: [0m[92m./out/FeeRateModel.address [0m
[94m[ ] Check if contract is SUICIDAL[0m

[ ] Contract address   : 0x9E536236ABF2288a7864C6A1AfaA4Cb98D464306
[ ] Contract bytecode  : 608060405234801561001057600080fd5b5060043610610088...
[ ] Bytecode length    : 5454
[ ] Blockchain contract: True
[ ] Debug              : False

[92m[-] The code does not contain SUICIDE instructions, hence it is not vulnerable[0m

====================================================================================================
[1m[ ] Compiling Solidity contract from the file /sb/0x2bbd66fc4898242bdbd2583bbe1d76e8b8f71445.sol ... [0m[92m Done [0m
[1m[ ] Connecting to PRIVATE blockchain emptychain  [0m....[92m ESTABLISHED [0m
[1m[ ] Sending Ether to contract 0x9E536236ABF2288a7864C6A1AfaA4Cb98D464306  [0m..... tx[0] mined [92m Sent! [0m
[1m[ ] Deploying contract [0m[92m confirmed at address: 0x9E536236ABF2288a7864C6A1AfaA4Cb98D464306 [0m
[1m[ ] Contract code length on the blockchain : [0m [92m  2727  : 0x6080604052348015610010576000... [0m
[1m[ ] Contract address saved in file: [0m[92m./out/FeeRateModel.address [0m
[1m[ ] The contract balance: 44  [0m[92m Positive balance[0m
[94m[ ] Check if contract is PRODIGAL[0m

[ ] Contract address   : 0x9E536236ABF2288a7864C6A1AfaA4Cb98D464306
[ ] Contract bytecode  : 608060405234801561001057600080fd5b5060043610610088...
[ ] Bytecode length    : 5454
[ ] Blockchain contract: True
[ ] Debug              : False
[92m[+] The code does not have CALL/SUICIDE, hence it is not prodigal[0m

====================================================================================================
[1m[ ] Compiling Solidity contract from the file /sb/0x2bbd66fc4898242bdbd2583bbe1d76e8b8f71445.sol ... [0m[92m Done [0m
[1m[ ] Connecting to PRIVATE blockchain emptychain  [0m....[92m ESTABLISHED [0m
[1m[ ] Deploying contract [0m[92m confirmed at address: 0x9E536236ABF2288a7864C6A1AfaA4Cb98D464306 [0m
[1m[ ] Contract code length on the blockchain : [0m [92m  2727  : 0x6080604052348015610010576000... [0m
[1m[ ] Contract address saved in file: [0m[92m./out/FeeRateModel.address [0m
[94m[ ] Check if contract is GREEDY[0m

[ ] Contract address   : 0x9E536236ABF2288a7864C6A1AfaA4Cb98D464306
[ ] Contract bytecode  : 608060405234801561001057600080fd5b5060043610610088...
[ ] Bytecode length    : 5454
[ ] Debug              : False
[91m[-][0m [1mContract can receive Ether[0m

[92m[-] No lock vulnerability found because the contract cannot receive Ether [0m

====================================================================================================
[1m[ ] Compiling Solidity contract from the file /sb/0x2bbd66fc4898242bdbd2583bbe1d76e8b8f71445.sol ... [0m[92m Done [0m
[1m[ ] Connecting to PRIVATE blockchain emptychain  [0m....[92m ESTABLISHED [0m
[1m[ ] Deploying contract [0m[92m confirmed at address: 0x9E536236ABF2288a7864C6A1AfaA4Cb98D464306 [0m
[1m[ ] Contract code length on the blockchain : [0m [92m  1799  : 0x6080604052348015610010576000... [0m
[1m[ ] Contract address saved in file: [0m[92m./out/InitializableOwnable.address [0m
[94m[ ] Check if contract is SUICIDAL[0m

[ ] Contract address   : 0x9E536236ABF2288a7864C6A1AfaA4Cb98D464306
[ ] Contract bytecode  : 608060405234801561001057600080fd5b5060043610610057...
[ ] Bytecode length    : 3598
[ ] Blockchain contract: True
[ ] Debug              : False

[92m[-] The code does not contain SUICIDE instructions, hence it is not vulnerable[0m

====================================================================================================
[1m[ ] Compiling Solidity contract from the file /sb/0x2bbd66fc4898242bdbd2583bbe1d76e8b8f71445.sol ... [0m[92m Done [0m
[1m[ ] Connecting to PRIVATE blockchain emptychain  [0m...[92m ESTABLISHED [0m
[1m[ ] Sending Ether to contract 0x9E536236ABF2288a7864C6A1AfaA4Cb98D464306  [0m......... tx[0] mined [92m Sent! [0m
[1m[ ] Deploying contract [0m[92m confirmed at address: 0x9E536236ABF2288a7864C6A1AfaA4Cb98D464306 [0m
[1m[ ] Contract code length on the blockchain : [0m [92m  1799  : 0x6080604052348015610010576000... [0m
[1m[ ] Contract address saved in file: [0m[92m./out/InitializableOwnable.address [0m
[1m[ ] The contract balance: 44  [0m[92m Positive balance[0m
[94m[ ] Check if contract is PRODIGAL[0m

[ ] Contract address   : 0x9E536236ABF2288a7864C6A1AfaA4Cb98D464306
[ ] Contract bytecode  : 608060405234801561001057600080fd5b5060043610610057...
[ ] Bytecode length    : 3598
[ ] Blockchain contract: True
[ ] Debug              : False
[92m[+] The code does not have CALL/SUICIDE, hence it is not prodigal[0m

====================================================================================================
[1m[ ] Compiling Solidity contract from the file /sb/0x2bbd66fc4898242bdbd2583bbe1d76e8b8f71445.sol ... [0m[92m Done [0m
[1m[ ] Connecting to PRIVATE blockchain emptychain  [0m.....[92m ESTABLISHED [0m
[1m[ ] Deploying contract [0m[92m confirmed at address: 0x9E536236ABF2288a7864C6A1AfaA4Cb98D464306 [0m
[1m[ ] Contract code length on the blockchain : [0m [92m  1799  : 0x6080604052348015610010576000... [0m
[1m[ ] Contract address saved in file: [0m[92m./out/InitializableOwnable.address [0m
[94m[ ] Check if contract is GREEDY[0m

[ ] Contract address   : 0x9E536236ABF2288a7864C6A1AfaA4Cb98D464306
[ ] Contract bytecode  : 608060405234801561001057600080fd5b5060043610610057...
[ ] Bytecode length    : 3598
[ ] Debug              : False
[91m[-][0m [1mContract can receive Ether[0m

[92m[-] No lock vulnerability found because the contract cannot receive Ether [0m

====================================================================================================
[1m[ ] Compiling Solidity contract from the file /sb/0x2bbd66fc4898242bdbd2583bbe1d76e8b8f71445.sol ... [0m[92m Done [0m
[1m[ ] Connecting to PRIVATE blockchain emptychain  [0m....[92m ESTABLISHED [0m
[1m[ ] Deploying contract [0m[92m confirmed at address: 0x9E536236ABF2288a7864C6A1AfaA4Cb98D464306 [0m
[1m[ ] Contract code length on the blockchain : [0m [92m  86  : 0x739e536236abf2288a7864c6a1af... [0m
[1m[ ] Contract address saved in file: [0m[92m./out/PMMPricing.address [0m
[94m[ ] Check if contract is SUICIDAL[0m

[ ] Contract address   : 0x9E536236ABF2288a7864C6A1AfaA4Cb98D464306
[ ] Contract bytecode  : 739e536236abf2288a7864c6a1afaa4cb98d46430630146080...
[ ] Bytecode length    : 172
[ ] Blockchain contract: True
[ ] Debug              : False

[92m[-] The code does not contain SUICIDE instructions, hence it is not vulnerable[0m

====================================================================================================
[1m[ ] Compiling Solidity contract from the file /sb/0x2bbd66fc4898242bdbd2583bbe1d76e8b8f71445.sol ... [0m[92m Done [0m
[1m[ ] Connecting to PRIVATE blockchain emptychain  [0m.....[92m ESTABLISHED [0m
[1m[ ] Sending Ether to contract 0x9E536236ABF2288a7864C6A1AfaA4Cb98D464306  [0m... tx[0] mined [92m Sent! [0m
[1m[ ] Deploying contract [0m[92m confirmed at address: 0x9E536236ABF2288a7864C6A1AfaA4Cb98D464306 [0m
[1m[ ] Contract code length on the blockchain : [0m [92m  86  : 0x739e536236abf2288a7864c6a1af... [0m
[1m[ ] Contract address saved in file: [0m[92m./out/PMMPricing.address [0m
[1m[ ] The contract balance: 44  [0m[92m Positive balance[0m
[94m[ ] Check if contract is PRODIGAL[0m

[ ] Contract address   : 0x9E536236ABF2288a7864C6A1AfaA4Cb98D464306
[ ] Contract bytecode  : 739e536236abf2288a7864c6a1afaa4cb98d46430630146080...
[ ] Bytecode length    : 172
[ ] Blockchain contract: True
[ ] Debug              : False
[92m[+] The code does not have CALL/SUICIDE, hence it is not prodigal[0m

====================================================================================================
[1m[ ] Compiling Solidity contract from the file /sb/0x2bbd66fc4898242bdbd2583bbe1d76e8b8f71445.sol ... [0m[92m Done [0m
[1m[ ] Connecting to PRIVATE blockchain emptychain  [0m....[92m ESTABLISHED [0m
[1m[ ] Deploying contract [0m[92m confirmed at address: 0x9E536236ABF2288a7864C6A1AfaA4Cb98D464306 [0m
[1m[ ] Contract code length on the blockchain : [0m [92m  86  : 0x739e536236abf2288a7864c6a1af... [0m
[1m[ ] Contract address saved in file: [0m[92m./out/PMMPricing.address [0m
[94m[ ] Check if contract is GREEDY[0m

[ ] Contract address   : 0x9E536236ABF2288a7864C6A1AfaA4Cb98D464306
[ ] Contract bytecode  : 739e536236abf2288a7864c6a1afaa4cb98d46430630146080...
[ ] Bytecode length    : 172
[ ] Debug              : False
[91m[-][0m [1mContract can receive Ether[0m

[92m[-] No lock vulnerability found because the contract cannot receive Ether [0m

====================================================================================================
[1m[ ] Compiling Solidity contract from the file /sb/0x2bbd66fc4898242bdbd2583bbe1d76e8b8f71445.sol ... [0m[92m Done [0m
[1m[ ] Connecting to PRIVATE blockchain emptychain  [0m....[92m ESTABLISHED [0m
[1m[ ] Deploying contract [0m[92m confirmed at address: 0x9E536236ABF2288a7864C6A1AfaA4Cb98D464306 [0m
[1m[ ] Contract code length on the blockchain : [0m [92m  63  : 0x6080604052600080fdfea2646970... [0m
[1m[ ] Contract address saved in file: [0m[92m./out/ReentrancyGuard.address [0m
[94m[ ] Check if contract is SUICIDAL[0m

[ ] Contract address   : 0x9E536236ABF2288a7864C6A1AfaA4Cb98D464306
[ ] Contract bytecode  : 6080604052600080fdfea2646970667358221220773cbf207b...
[ ] Bytecode length    : 126
[ ] Blockchain contract: True
[ ] Debug              : False

[92m[-] The code does not contain SUICIDE instructions, hence it is not vulnerable[0m

====================================================================================================
[1m[ ] Compiling Solidity contract from the file /sb/0x2bbd66fc4898242bdbd2583bbe1d76e8b8f71445.sol ... [0m[92m Done [0m
[1m[ ] Connecting to PRIVATE blockchain emptychain  [0m.....[92m ESTABLISHED [0m
[1m[ ] Sending Ether to contract 0x9E536236ABF2288a7864C6A1AfaA4Cb98D464306  [0m........ tx[0] mined [92m Sent! [0m
[1m[ ] Deploying contract [0m[92m confirmed at address: 0x9E536236ABF2288a7864C6A1AfaA4Cb98D464306 [0m
[1m[ ] Contract code length on the blockchain : [0m [92m  63  : 0x6080604052600080fdfea2646970... [0m
[1m[ ] Contract address saved in file: [0m[92m./out/ReentrancyGuard.address [0m
[1m[ ] The contract balance: 44  [0m[92m Positive balance[0m
[94m[ ] Check if contract is PRODIGAL[0m

[ ] Contract address   : 0x9E536236ABF2288a7864C6A1AfaA4Cb98D464306
[ ] Contract bytecode  : 6080604052600080fdfea2646970667358221220773cbf207b...
[ ] Bytecode length    : 126
[ ] Blockchain contract: True
[ ] Debug              : False
[92m[+] The code does not have CALL/SUICIDE, hence it is not prodigal[0m

====================================================================================================
[1m[ ] Compiling Solidity contract from the file /sb/0x2bbd66fc4898242bdbd2583bbe1d76e8b8f71445.sol ... [0m[92m Done [0m
[1m[ ] Connecting to PRIVATE blockchain emptychain  [0m....[92m ESTABLISHED [0m
[1m[ ] Deploying contract [0m[92m confirmed at address: 0x9E536236ABF2288a7864C6A1AfaA4Cb98D464306 [0m
[1m[ ] Contract code length on the blockchain : [0m [92m  63  : 0x6080604052600080fdfea2646970... [0m
[1m[ ] Contract address saved in file: [0m[92m./out/ReentrancyGuard.address [0m
[94m[ ] Check if contract is GREEDY[0m

[ ] Contract address   : 0x9E536236ABF2288a7864C6A1AfaA4Cb98D464306
[ ] Contract bytecode  : 6080604052600080fdfea2646970667358221220773cbf207b...
[ ] Bytecode length    : 126
[ ] Debug              : False
[91m[-][0m [1mContract can receive Ether[0m

[92m[-] No lock vulnerability found because the contract cannot receive Ether [0m

====================================================================================================
[1m[ ] Compiling Solidity contract from the file /sb/0x2bbd66fc4898242bdbd2583bbe1d76e8b8f71445.sol ... [0m[92m Done [0m
[1m[ ] Connecting to PRIVATE blockchain emptychain  [0m....[92m ESTABLISHED [0m
[1m[ ] Deploying contract [0mException: Transaction HexBytes('0x5fba27a5f231a8561caa19d737d4cbffb8a540d25e1ee2e75b5820b6d406e0cf') is not in the chain after 120 seconds
[91m[-] Cannot deploy the contract [0m

====================================================================================================
[1m[ ] Compiling Solidity contract from the file /sb/0x2bbd66fc4898242bdbd2583bbe1d76e8b8f71445.sol ... [0m[92m Done [0m
[1m[ ] Connecting to PRIVATE blockchain emptychain  [0m....[92m ESTABLISHED [0m
[1m[ ] Sending Ether to contract 0x9E536236ABF2288a7864C6A1AfaA4Cb98D464306  [0m... tx[0] mined [92m Sent! [0m
[1m[ ] Deploying contract [0m[92m confirmed at address: 0x9E536236ABF2288a7864C6A1AfaA4Cb98D464306 [0m
[1m[ ] Contract code length on the blockchain : [0m [92m  86  : 0x739e536236abf2288a7864c6a1af... [0m
[1m[ ] Contract address saved in file: [0m[92m./out/SafeERC20.address [0m
[1m[ ] The contract balance: 44  [0m[92m Positive balance[0m
[94m[ ] Check if contract is PRODIGAL[0m

[ ] Contract address   : 0x9E536236ABF2288a7864C6A1AfaA4Cb98D464306
[ ] Contract bytecode  : 739e536236abf2288a7864c6a1afaa4cb98d46430630146080...
[ ] Bytecode length    : 172
[ ] Blockchain contract: True
[ ] Debug              : False
[92m[+] The code does not have CALL/SUICIDE, hence it is not prodigal[0m

====================================================================================================
[1m[ ] Compiling Solidity contract from the file /sb/0x2bbd66fc4898242bdbd2583bbe1d76e8b8f71445.sol ... [0m[92m Done [0m
[1m[ ] Connecting to PRIVATE blockchain emptychain  [0m....[92m ESTABLISHED [0m
[1m[ ] Deploying contract [0m[92m confirmed at address: 0x9E536236ABF2288a7864C6A1AfaA4Cb98D464306 [0m
[1m[ ] Contract code length on the blockchain : [0m [92m  86  : 0x739e536236abf2288a7864c6a1af... [0m
[1m[ ] Contract address saved in file: [0m[92m./out/SafeERC20.address [0m
[94m[ ] Check if contract is GREEDY[0m

[ ] Contract address   : 0x9E536236ABF2288a7864C6A1AfaA4Cb98D464306
[ ] Contract bytecode  : 739e536236abf2288a7864c6a1afaa4cb98d46430630146080...
[ ] Bytecode length    : 172
[ ] Debug              : False
[91m[-][0m [1mContract can receive Ether[0m

[92m[-] No lock vulnerability found because the contract cannot receive Ether [0m

====================================================================================================
[1m[ ] Compiling Solidity contract from the file /sb/0x2bbd66fc4898242bdbd2583bbe1d76e8b8f71445.sol ... [0m[92m Done [0m
[1m[ ] Connecting to PRIVATE blockchain emptychain  [0m....[92m ESTABLISHED [0m
[1m[ ] Deploying contract [0m[92m confirmed at address: 0x9E536236ABF2288a7864C6A1AfaA4Cb98D464306 [0m
[1m[ ] Contract code length on the blockchain : [0m [92m  86  : 0x739e536236abf2288a7864c6a1af... [0m
[1m[ ] Contract address saved in file: [0m[92m./out/SafeMath.address [0m
[94m[ ] Check if contract is SUICIDAL[0m

[ ] Contract address   : 0x9E536236ABF2288a7864C6A1AfaA4Cb98D464306
[ ] Contract bytecode  : 739e536236abf2288a7864c6a1afaa4cb98d46430630146080...
[ ] Bytecode length    : 172
[ ] Blockchain contract: True
[ ] Debug              : False

[92m[-] The code does not contain SUICIDE instructions, hence it is not vulnerable[0m

====================================================================================================
[1m[ ] Compiling Solidity contract from the file /sb/0x2bbd66fc4898242bdbd2583bbe1d76e8b8f71445.sol ... [0m[92m Done [0m
[1m[ ] Connecting to PRIVATE blockchain emptychain  [0m....[92m ESTABLISHED [0m
[1m[ ] Sending Ether to contract 0x9E536236ABF2288a7864C6A1AfaA4Cb98D464306  [0m......... tx[0] mined [92m Sent! [0m
[1m[ ] Deploying contract [0m[92m confirmed at address: 0x9E536236ABF2288a7864C6A1AfaA4Cb98D464306 [0m
[1m[ ] Contract code length on the blockchain : [0m [92m  86  : 0x739e536236abf2288a7864c6a1af... [0m
[1m[ ] Contract address saved in file: [0m[92m./out/SafeMath.address [0m
[1m[ ] The contract balance: 44  [0m[92m Positive balance[0m
[94m[ ] Check if contract is PRODIGAL[0m

[ ] Contract address   : 0x9E536236ABF2288a7864C6A1AfaA4Cb98D464306
[ ] Contract bytecode  : 739e536236abf2288a7864c6a1afaa4cb98d46430630146080...
[ ] Bytecode length    : 172
[ ] Blockchain contract: True
[ ] Debug              : False
[92m[+] The code does not have CALL/SUICIDE, hence it is not prodigal[0m

====================================================================================================
[1m[ ] Compiling Solidity contract from the file /sb/0x2bbd66fc4898242bdbd2583bbe1d76e8b8f71445.sol ... [0m[92m Done [0m
[1m[ ] Connecting to PRIVATE blockchain emptychain  [0m....[92m ESTABLISHED [0m
[1m[ ] Deploying contract [0m[92m confirmed at address: 0x9E536236ABF2288a7864C6A1AfaA4Cb98D464306 [0m
[1m[ ] Contract code length on the blockchain : [0m [92m  86  : 0x739e536236abf2288a7864c6a1af... [0m
[1m[ ] Contract address saved in file: [0m[92m./out/SafeMath.address [0m
[94m[ ] Check if contract is GREEDY[0m

[ ] Contract address   : 0x9E536236ABF2288a7864C6A1AfaA4Cb98D464306
[ ] Contract bytecode  : 739e536236abf2288a7864c6a1afaa4cb98d46430630146080...
[ ] Bytecode length    : 172
[ ] Debug              : False
[91m[-][0m [1mContract can receive Ether[0m

[92m[-] No lock vulnerability found because the contract cannot receive Ether [0m
