[91m
OUSD._allowances (../../sb/0x328d15f6b5eba1c30cde1a5f1f5a9e35b07f5424.sol#1154) shadows:
	- ERC20._allowances (../../sb/0x328d15f6b5eba1c30cde1a5f1f5a9e35b07f5424.sol#732)
OUSD._totalSupply (../../sb/0x328d15f6b5eba1c30cde1a5f1f5a9e35b07f5424.sol#1146) shadows:
	- ERC20._totalSupply (../../sb/0x328d15f6b5eba1c30cde1a5f1f5a9e35b07f5424.sol#734)
Reference: https://github.com/crytic/slither/wiki/Detector-Documentation#state-variable-shadowing[0m
[91m
VaultStorage.assets (../../sb/0x328d15f6b5eba1c30cde1a5f1f5a9e35b07f5424.sol#1709) is never initialized. It is used in:
	- VaultCore.mint(address,uint256) (../../sb/0x328d15f6b5eba1c30cde1a5f1f5a9e35b07f5424.sol#1957-1993)
	- VaultCore.isSupportedAsset(address) (../../sb/0x328d15f6b5eba1c30cde1a5f1f5a9e35b07f5424.sol#2586-2588)
VaultStorage.allAssets (../../sb/0x328d15f6b5eba1c30cde1a5f1f5a9e35b07f5424.sol#1710) is never initialized. It is used in:
	- VaultCore.mintMultiple(address[],uint256[]) (../../sb/0x328d15f6b5eba1c30cde1a5f1f5a9e35b07f5424.sol#2001-2049)
	- VaultCore._redeem(uint256) (../../sb/0x328d15f6b5eba1c30cde1a5f1f5a9e35b07f5424.sol#2062-2104)
	- VaultCore._allocate() (../../sb/0x328d15f6b5eba1c30cde1a5f1f5a9e35b07f5424.sol#2129-2212)
	- VaultCore._totalValueInVault() (../../sb/0x328d15f6b5eba1c30cde1a5f1f5a9e35b07f5424.sol#2261-2271)
	- VaultCore._totalValueInStrategy(address) (../../sb/0x328d15f6b5eba1c30cde1a5f1f5a9e35b07f5424.sol#2289-2305)
	- VaultCore._checkBalance() (../../sb/0x328d15f6b5eba1c30cde1a5f1f5a9e35b07f5424.sol#2433-2441)
	- VaultCore._calculateRedeemOutputs(uint256) (../../sb/0x328d15f6b5eba1c30cde1a5f1f5a9e35b07f5424.sol#2459-2534)
	- VaultCore._getAssetPrices(bool) (../../sb/0x328d15f6b5eba1c30cde1a5f1f5a9e35b07f5424.sol#2540-2559)
	- VaultCore.getAssetCount() (../../sb/0x328d15f6b5eba1c30cde1a5f1f5a9e35b07f5424.sol#2568-2570)
	- VaultCore.getAllAssets() (../../sb/0x328d15f6b5eba1c30cde1a5f1f5a9e35b07f5424.sol#2575-2577)
VaultStorage.strategies (../../sb/0x328d15f6b5eba1c30cde1a5f1f5a9e35b07f5424.sol#1717) is never initialized. It is used in:
	- VaultCore._strategyWeightDifference(address,address,uint256,bool) (../../sb/0x328d15f6b5eba1c30cde1a5f1f5a9e35b07f5424.sol#2314-2337)
VaultStorage.allStrategies (../../sb/0x328d15f6b5eba1c30cde1a5f1f5a9e35b07f5424.sol#1718) is never initialized. It is used in:
	- VaultCore._allocate() (../../sb/0x328d15f6b5eba1c30cde1a5f1f5a9e35b07f5424.sol#2129-2212)
	- VaultCore._totalValueInStrategies() (../../sb/0x328d15f6b5eba1c30cde1a5f1f5a9e35b07f5424.sol#2277-2282)
	- VaultCore._selectDepositStrategyAddr(address,uint256) (../../sb/0x328d15f6b5eba1c30cde1a5f1f5a9e35b07f5424.sol#2344-2366)
	- VaultCore._selectWithdrawStrategyAddr(address,uint256) (../../sb/0x328d15f6b5eba1c30cde1a5f1f5a9e35b07f5424.sol#2373-2398)
	- VaultCore._checkBalance(address) (../../sb/0x328d15f6b5eba1c30cde1a5f1f5a9e35b07f5424.sol#2414-2427)
	- VaultCore.getStrategyCount() (../../sb/0x328d15f6b5eba1c30cde1a5f1f5a9e35b07f5424.sol#2582-2584)
VaultStorage.priceProvider (../../sb/0x328d15f6b5eba1c30cde1a5f1f5a9e35b07f5424.sol#1721) is never initialized. It is used in:
	- VaultCore.mint(address,uint256) (../../sb/0x328d15f6b5eba1c30cde1a5f1f5a9e35b07f5424.sol#1957-1993)
	- VaultCore._getAssetPrices(bool) (../../sb/0x328d15f6b5eba1c30cde1a5f1f5a9e35b07f5424.sol#2540-2559)
VaultStorage.redeemFeeBps (../../sb/0x328d15f6b5eba1c30cde1a5f1f5a9e35b07f5424.sol#1726) is never initialized. It is used in:
	- VaultCore._calculateRedeemOutputs(uint256) (../../sb/0x328d15f6b5eba1c30cde1a5f1f5a9e35b07f5424.sol#2459-2534)
VaultStorage.vaultBuffer (../../sb/0x328d15f6b5eba1c30cde1a5f1f5a9e35b07f5424.sol#1728) is never initialized. It is used in:
	- VaultCore._allocate() (../../sb/0x328d15f6b5eba1c30cde1a5f1f5a9e35b07f5424.sol#2129-2212)
VaultStorage.autoAllocateThreshold (../../sb/0x328d15f6b5eba1c30cde1a5f1f5a9e35b07f5424.sol#1730) is never initialized. It is used in:
	- VaultCore.mint(address,uint256) (../../sb/0x328d15f6b5eba1c30cde1a5f1f5a9e35b07f5424.sol#1957-1993)
	- VaultCore.mintMultiple(address[],uint256[]) (../../sb/0x328d15f6b5eba1c30cde1a5f1f5a9e35b07f5424.sol#2001-2049)
VaultStorage.rebaseThreshold (../../sb/0x328d15f6b5eba1c30cde1a5f1f5a9e35b07f5424.sol#1732) is never initialized. It is used in:
	- VaultCore.mint(address,uint256) (../../sb/0x328d15f6b5eba1c30cde1a5f1f5a9e35b07f5424.sol#1957-1993)
	- VaultCore.mintMultiple(address[],uint256[]) (../../sb/0x328d15f6b5eba1c30cde1a5f1f5a9e35b07f5424.sol#2001-2049)
	- VaultCore.redeem(uint256) (../../sb/0x328d15f6b5eba1c30cde1a5f1f5a9e35b07f5424.sol#2055-2060)
	- VaultCore._redeem(uint256) (../../sb/0x328d15f6b5eba1c30cde1a5f1f5a9e35b07f5424.sol#2062-2104)
	- VaultCore.redeemAll() (../../sb/0x328d15f6b5eba1c30cde1a5f1f5a9e35b07f5424.sol#2109-2115)
VaultStorage.oUSD (../../sb/0x328d15f6b5eba1c30cde1a5f1f5a9e35b07f5424.sol#1734) is never initialized. It is used in:
	- VaultCore.mint(address,uint256) (../../sb/0x328d15f6b5eba1c30cde1a5f1f5a9e35b07f5424.sol#1957-1993)
	- VaultCore.mintMultiple(address[],uint256[]) (../../sb/0x328d15f6b5eba1c30cde1a5f1f5a9e35b07f5424.sol#2001-2049)
	- VaultCore._redeem(uint256) (../../sb/0x328d15f6b5eba1c30cde1a5f1f5a9e35b07f5424.sol#2062-2104)
	- VaultCore.redeemAll() (../../sb/0x328d15f6b5eba1c30cde1a5f1f5a9e35b07f5424.sol#2109-2115)
	- VaultCore.rebase(bool) (../../sb/0x328d15f6b5eba1c30cde1a5f1f5a9e35b07f5424.sol#2226-2237)
Reference: https://github.com/crytic/slither/wiki/Detector-Documentation#uninitialized-state-variables[0m
[93m
VaultCore._allocate() (../../sb/0x328d15f6b5eba1c30cde1a5f1f5a9e35b07f5424.sol#2129-2212) uses a dangerous strict equality:
	- assetBalance == 0 (../../sb/0x328d15f6b5eba1c30cde1a5f1f5a9e35b07f5424.sol#2164)
Reference: https://github.com/crytic/slither/wiki/Detector-Documentation#dangerous-strict-equalities[0m
[93m
Contract locking ether found:
	Contract VaultCore (../../sb/0x328d15f6b5eba1c30cde1a5f1f5a9e35b07f5424.sol#1933-2620) has payable functions:
	 - VaultCore.fallback() (../../sb/0x328d15f6b5eba1c30cde1a5f1f5a9e35b07f5424.sol#2594-2618)
	But does not have a function to withdraw the ether
Reference: https://github.com/crytic/slither/wiki/Detector-Documentation#contracts-that-lock-ether[0m
[93m
VaultCore._redeem(uint256) (../../sb/0x328d15f6b5eba1c30cde1a5f1f5a9e35b07f5424.sol#2062-2104) ignores return value by strategy.withdraw(msg.sender,allAssets[i],outputs[i]) (../../sb/0x328d15f6b5eba1c30cde1a5f1f5a9e35b07f5424.sol#2085)
VaultCore._allocate() (../../sb/0x328d15f6b5eba1c30cde1a5f1f5a9e35b07f5424.sol#2129-2212) ignores return value by strategy.deposit(address(asset),allocateAmount) (../../sb/0x328d15f6b5eba1c30cde1a5f1f5a9e35b07f5424.sol#2183)
VaultCore.rebase(bool) (../../sb/0x328d15f6b5eba1c30cde1a5f1f5a9e35b07f5424.sol#2226-2237) ignores return value by oUSD.changeSupply(newTotalSupply) (../../sb/0x328d15f6b5eba1c30cde1a5f1f5a9e35b07f5424.sol#2232)
Reference: https://github.com/crytic/slither/wiki/Detector-Documentation#unused-return[0m
[92m
VaultCore._allocate().totalValue (../../sb/0x328d15f6b5eba1c30cde1a5f1f5a9e35b07f5424.sol#2135) shadows:
	- VaultCore.totalValue() (../../sb/0x328d15f6b5eba1c30cde1a5f1f5a9e35b07f5424.sol#2244-2246) (function)
Reference: https://github.com/crytic/slither/wiki/Detector-Documentation#local-variable-shadowing[0m
[92m
OUSD.initialize(string,string,address) (../../sb/0x328d15f6b5eba1c30cde1a5f1f5a9e35b07f5424.sol#1166-1181) should emit an event for: 
	- vaultAddress = _vaultAddress (../../sb/0x328d15f6b5eba1c30cde1a5f1f5a9e35b07f5424.sol#1177) 
Reference: https://github.com/crytic/slither/wiki/Detector-Documentation#missing-events-access-control[0m
[92m
OUSD.initialize(string,string,address)._vaultAddress (../../sb/0x328d15f6b5eba1c30cde1a5f1f5a9e35b07f5424.sol#1169) lacks a zero-check on :
		- vaultAddress = _vaultAddress (../../sb/0x328d15f6b5eba1c30cde1a5f1f5a9e35b07f5424.sol#1177)
Reference: https://github.com/crytic/slither/wiki/Detector-Documentation#missing-zero-address-validation[0m
[92m
Reentrancy in VaultCore._redeem(uint256) (../../sb/0x328d15f6b5eba1c30cde1a5f1f5a9e35b07f5424.sol#2062-2104):
	External calls:
	- outputs = _calculateRedeemOutputs(_amount) (../../sb/0x328d15f6b5eba1c30cde1a5f1f5a9e35b07f5424.sol#2066)
		- assetPrices[i] = oracle.priceMax(symbol).scaleBy(int8(18 - 8)) (../../sb/0x328d15f6b5eba1c30cde1a5f1f5a9e35b07f5424.sol#2554)
		- assetPrices[i] = oracle.priceMin(symbol).scaleBy(int8(18 - 8)) (../../sb/0x328d15f6b5eba1c30cde1a5f1f5a9e35b07f5424.sol#2556)
	- oUSD.burn(msg.sender,_amount) (../../sb/0x328d15f6b5eba1c30cde1a5f1f5a9e35b07f5424.sol#2093)
	- rebase(true) (../../sb/0x328d15f6b5eba1c30cde1a5f1f5a9e35b07f5424.sol#2100)
		- oUSD.changeSupply(newTotalSupply) (../../sb/0x328d15f6b5eba1c30cde1a5f1f5a9e35b07f5424.sol#2232)
		- IRebaseHooks(rebaseHooksAddr).postRebase(sync) (../../sb/0x328d15f6b5eba1c30cde1a5f1f5a9e35b07f5424.sol#2234)
	Event emitted after the call(s):
	- Redeem(msg.sender,_amount) (../../sb/0x328d15f6b5eba1c30cde1a5f1f5a9e35b07f5424.sol#2103)
Reentrancy in VaultCore.mint(address,uint256) (../../sb/0x328d15f6b5eba1c30cde1a5f1f5a9e35b07f5424.sol#1957-1993):
	External calls:
	- price = IMinMaxOracle(priceProvider).priceMin(Helpers.getSymbol(_asset)) (../../sb/0x328d15f6b5eba1c30cde1a5f1f5a9e35b07f5424.sol#1964-1966)
	- rebase(true) (../../sb/0x328d15f6b5eba1c30cde1a5f1f5a9e35b07f5424.sol#1979)
		- oUSD.changeSupply(newTotalSupply) (../../sb/0x328d15f6b5eba1c30cde1a5f1f5a9e35b07f5424.sol#2232)
		- IRebaseHooks(rebaseHooksAddr).postRebase(sync) (../../sb/0x328d15f6b5eba1c30cde1a5f1f5a9e35b07f5424.sol#2234)
	- asset.safeTransferFrom(msg.sender,address(this),_amount) (../../sb/0x328d15f6b5eba1c30cde1a5f1f5a9e35b07f5424.sol#1984)
	- oUSD.mint(msg.sender,priceAdjustedDeposit) (../../sb/0x328d15f6b5eba1c30cde1a5f1f5a9e35b07f5424.sol#1987)
	Event emitted after the call(s):
	- Mint(msg.sender,priceAdjustedDeposit) (../../sb/0x328d15f6b5eba1c30cde1a5f1f5a9e35b07f5424.sol#1988)
Reentrancy in VaultCore.mintMultiple(address[],uint256[]) (../../sb/0x328d15f6b5eba1c30cde1a5f1f5a9e35b07f5424.sol#2001-2049):
	External calls:
	- assetPrices = _getAssetPrices(false) (../../sb/0x328d15f6b5eba1c30cde1a5f1f5a9e35b07f5424.sol#2009)
		- assetPrices[i] = oracle.priceMax(symbol).scaleBy(int8(18 - 8)) (../../sb/0x328d15f6b5eba1c30cde1a5f1f5a9e35b07f5424.sol#2554)
		- assetPrices[i] = oracle.priceMin(symbol).scaleBy(int8(18 - 8)) (../../sb/0x328d15f6b5eba1c30cde1a5f1f5a9e35b07f5424.sol#2556)
	- rebase(true) (../../sb/0x328d15f6b5eba1c30cde1a5f1f5a9e35b07f5424.sol#2035)
		- oUSD.changeSupply(newTotalSupply) (../../sb/0x328d15f6b5eba1c30cde1a5f1f5a9e35b07f5424.sol#2232)
		- IRebaseHooks(rebaseHooksAddr).postRebase(sync) (../../sb/0x328d15f6b5eba1c30cde1a5f1f5a9e35b07f5424.sol#2234)
	- oUSD.mint(msg.sender,priceAdjustedTotal) (../../sb/0x328d15f6b5eba1c30cde1a5f1f5a9e35b07f5424.sol#2043)
	Event emitted after the call(s):
	- Mint(msg.sender,priceAdjustedTotal) (../../sb/0x328d15f6b5eba1c30cde1a5f1f5a9e35b07f5424.sol#2044)
Reentrancy in VaultCore.redeem(uint256) (../../sb/0x328d15f6b5eba1c30cde1a5f1f5a9e35b07f5424.sol#2055-2060):
	External calls:
	- rebase(false) (../../sb/0x328d15f6b5eba1c30cde1a5f1f5a9e35b07f5424.sol#2057)
		- oUSD.changeSupply(newTotalSupply) (../../sb/0x328d15f6b5eba1c30cde1a5f1f5a9e35b07f5424.sol#2232)
		- IRebaseHooks(rebaseHooksAddr).postRebase(sync) (../../sb/0x328d15f6b5eba1c30cde1a5f1f5a9e35b07f5424.sol#2234)
	- _redeem(_amount) (../../sb/0x328d15f6b5eba1c30cde1a5f1f5a9e35b07f5424.sol#2059)
		- (success,returndata) = address(token).call(data) (../../sb/0x328d15f6b5eba1c30cde1a5f1f5a9e35b07f5424.sol#405)
		- oUSD.changeSupply(newTotalSupply) (../../sb/0x328d15f6b5eba1c30cde1a5f1f5a9e35b07f5424.sol#2232)
		- assetPrices[i] = oracle.priceMax(symbol).scaleBy(int8(18 - 8)) (../../sb/0x328d15f6b5eba1c30cde1a5f1f5a9e35b07f5424.sol#2554)
		- IRebaseHooks(rebaseHooksAddr).postRebase(sync) (../../sb/0x328d15f6b5eba1c30cde1a5f1f5a9e35b07f5424.sol#2234)
		- assetPrices[i] = oracle.priceMin(symbol).scaleBy(int8(18 - 8)) (../../sb/0x328d15f6b5eba1c30cde1a5f1f5a9e35b07f5424.sol#2556)
		- asset.safeTransfer(msg.sender,outputs[i]) (../../sb/0x328d15f6b5eba1c30cde1a5f1f5a9e35b07f5424.sol#2075)
		- strategy.withdraw(msg.sender,allAssets[i],outputs[i]) (../../sb/0x328d15f6b5eba1c30cde1a5f1f5a9e35b07f5424.sol#2085)
		- oUSD.burn(msg.sender,_amount) (../../sb/0x328d15f6b5eba1c30cde1a5f1f5a9e35b07f5424.sol#2093)
	Event emitted after the call(s):
	- Redeem(msg.sender,_amount) (../../sb/0x328d15f6b5eba1c30cde1a5f1f5a9e35b07f5424.sol#2103)
		- _redeem(_amount) (../../sb/0x328d15f6b5eba1c30cde1a5f1f5a9e35b07f5424.sol#2059)
Reentrancy in VaultCore.redeemAll() (../../sb/0x328d15f6b5eba1c30cde1a5f1f5a9e35b07f5424.sol#2109-2115):
	External calls:
	- rebase(false) (../../sb/0x328d15f6b5eba1c30cde1a5f1f5a9e35b07f5424.sol#2112)
		- oUSD.changeSupply(newTotalSupply) (../../sb/0x328d15f6b5eba1c30cde1a5f1f5a9e35b07f5424.sol#2232)
		- IRebaseHooks(rebaseHooksAddr).postRebase(sync) (../../sb/0x328d15f6b5eba1c30cde1a5f1f5a9e35b07f5424.sol#2234)
	- _redeem(oUSD.balanceOf(msg.sender)) (../../sb/0x328d15f6b5eba1c30cde1a5f1f5a9e35b07f5424.sol#2114)
		- (success,returndata) = address(token).call(data) (../../sb/0x328d15f6b5eba1c30cde1a5f1f5a9e35b07f5424.sol#405)
		- oUSD.changeSupply(newTotalSupply) (../../sb/0x328d15f6b5eba1c30cde1a5f1f5a9e35b07f5424.sol#2232)
		- assetPrices[i] = oracle.priceMax(symbol).scaleBy(int8(18 - 8)) (../../sb/0x328d15f6b5eba1c30cde1a5f1f5a9e35b07f5424.sol#2554)
		- IRebaseHooks(rebaseHooksAddr).postRebase(sync) (../../sb/0x328d15f6b5eba1c30cde1a5f1f5a9e35b07f5424.sol#2234)
		- assetPrices[i] = oracle.priceMin(symbol).scaleBy(int8(18 - 8)) (../../sb/0x328d15f6b5eba1c30cde1a5f1f5a9e35b07f5424.sol#2556)
		- asset.safeTransfer(msg.sender,outputs[i]) (../../sb/0x328d15f6b5eba1c30cde1a5f1f5a9e35b07f5424.sol#2075)
		- strategy.withdraw(msg.sender,allAssets[i],outputs[i]) (../../sb/0x328d15f6b5eba1c30cde1a5f1f5a9e35b07f5424.sol#2085)
		- oUSD.burn(msg.sender,_amount) (../../sb/0x328d15f6b5eba1c30cde1a5f1f5a9e35b07f5424.sol#2093)
	Event emitted after the call(s):
	- Redeem(msg.sender,_amount) (../../sb/0x328d15f6b5eba1c30cde1a5f1f5a9e35b07f5424.sol#2103)
		- _redeem(oUSD.balanceOf(msg.sender)) (../../sb/0x328d15f6b5eba1c30cde1a5f1f5a9e35b07f5424.sol#2114)
Reference: https://github.com/crytic/slither/wiki/Detector-Documentation#reentrancy-vulnerabilities-3[0m
[92m
Address.isContract(address) (../../sb/0x328d15f6b5eba1c30cde1a5f1f5a9e35b07f5424.sol#291-300) uses assembly
	- INLINE ASM (../../sb/0x328d15f6b5eba1c30cde1a5f1f5a9e35b07f5424.sol#298)
Initializable.isConstructor() (../../sb/0x328d15f6b5eba1c30cde1a5f1f5a9e35b07f5424.sol#464-474) uses assembly
	- INLINE ASM (../../sb/0x328d15f6b5eba1c30cde1a5f1f5a9e35b07f5424.sol#472)
Governable._governor() (../../sb/0x328d15f6b5eba1c30cde1a5f1f5a9e35b07f5424.sol#587-592) uses assembly
	- INLINE ASM (../../sb/0x328d15f6b5eba1c30cde1a5f1f5a9e35b07f5424.sol#589-591)
Governable._pendingGovernor() (../../sb/0x328d15f6b5eba1c30cde1a5f1f5a9e35b07f5424.sol#594-603) uses assembly
	- INLINE ASM (../../sb/0x328d15f6b5eba1c30cde1a5f1f5a9e35b07f5424.sol#600-602)
Governable._setGovernor(address) (../../sb/0x328d15f6b5eba1c30cde1a5f1f5a9e35b07f5424.sol#620-625) uses assembly
	- INLINE ASM (../../sb/0x328d15f6b5eba1c30cde1a5f1f5a9e35b07f5424.sol#622-624)
Governable._setPendingGovernor(address) (../../sb/0x328d15f6b5eba1c30cde1a5f1f5a9e35b07f5424.sol#627-632) uses assembly
	- INLINE ASM (../../sb/0x328d15f6b5eba1c30cde1a5f1f5a9e35b07f5424.sol#629-631)
VaultStorage.setAdminImpl(address) (../../sb/0x328d15f6b5eba1c30cde1a5f1f5a9e35b07f5424.sol#1751-1756) uses assembly
	- INLINE ASM (../../sb/0x328d15f6b5eba1c30cde1a5f1f5a9e35b07f5424.sol#1753-1755)
VaultCore.fallback() (../../sb/0x328d15f6b5eba1c30cde1a5f1f5a9e35b07f5424.sol#2594-2618) uses assembly
	- INLINE ASM (../../sb/0x328d15f6b5eba1c30cde1a5f1f5a9e35b07f5424.sol#2596-2617)
Reference: https://github.com/crytic/slither/wiki/Detector-Documentation#assembly-usage[0m
[92m
Address.sendValue(address,uint256) (../../sb/0x328d15f6b5eba1c30cde1a5f1f5a9e35b07f5424.sol#330-336) is never used and should be removed
Address.toPayable(address) (../../sb/0x328d15f6b5eba1c30cde1a5f1f5a9e35b07f5424.sol#308-310) is never used and should be removed
Context._msgData() (../../sb/0x328d15f6b5eba1c30cde1a5f1f5a9e35b07f5424.sol#691-694) is never used and should be removed
Context._msgSender() (../../sb/0x328d15f6b5eba1c30cde1a5f1f5a9e35b07f5424.sol#687-689) is never used and should be removed
ERC20._approve(address,address,uint256) (../../sb/0x328d15f6b5eba1c30cde1a5f1f5a9e35b07f5424.sol#908-914) is never used and should be removed
ERC20._burn(address,uint256) (../../sb/0x328d15f6b5eba1c30cde1a5f1f5a9e35b07f5424.sol#887-893) is never used and should be removed
ERC20._burnFrom(address,uint256) (../../sb/0x328d15f6b5eba1c30cde1a5f1f5a9e35b07f5424.sol#922-925) is never used and should be removed
ERC20._mint(address,uint256) (../../sb/0x328d15f6b5eba1c30cde1a5f1f5a9e35b07f5424.sol#868-874) is never used and should be removed
ERC20._transfer(address,address,uint256) (../../sb/0x328d15f6b5eba1c30cde1a5f1f5a9e35b07f5424.sol#850-857) is never used and should be removed
SafeERC20.safeApprove(IERC20,address,uint256) (../../sb/0x328d15f6b5eba1c30cde1a5f1f5a9e35b07f5424.sol#366-375) is never used and should be removed
SafeERC20.safeDecreaseAllowance(IERC20,address,uint256) (../../sb/0x328d15f6b5eba1c30cde1a5f1f5a9e35b07f5424.sol#382-385) is never used and should be removed
SafeERC20.safeIncreaseAllowance(IERC20,address,uint256) (../../sb/0x328d15f6b5eba1c30cde1a5f1f5a9e35b07f5424.sol#377-380) is never used and should be removed
SafeMath.mod(uint256,uint256) (../../sb/0x328d15f6b5eba1c30cde1a5f1f5a9e35b07f5424.sol#243-245) is never used and should be removed
SafeMath.mod(uint256,uint256,string) (../../sb/0x328d15f6b5eba1c30cde1a5f1f5a9e35b07f5424.sol#260-263) is never used and should be removed
StableMath.mulTruncateCeil(uint256,uint256) (../../sb/0x328d15f6b5eba1c30cde1a5f1f5a9e35b07f5424.sol#1086-1097) is never used and should be removed
VaultCore._checkBalance() (../../sb/0x328d15f6b5eba1c30cde1a5f1f5a9e35b07f5424.sol#2433-2441) is never used and should be removed
Reference: https://github.com/crytic/slither/wiki/Detector-Documentation#dead-code[0m
[92m
Pragma version^0.5.11 (../../sb/0x328d15f6b5eba1c30cde1a5f1f5a9e35b07f5424.sol#30) allows old versions
Pragma version^0.5.11 (../../sb/0x328d15f6b5eba1c30cde1a5f1f5a9e35b07f5424.sol#109) allows old versions
Pragma version^0.5.11 (../../sb/0x328d15f6b5eba1c30cde1a5f1f5a9e35b07f5424.sol#268) allows old versions
Pragma version^0.5.11 (../../sb/0x328d15f6b5eba1c30cde1a5f1f5a9e35b07f5424.sol#341) allows old versions
Pragma version^0.5.11 (../../sb/0x328d15f6b5eba1c30cde1a5f1f5a9e35b07f5424.sol#417) allows old versions
Pragma version^0.5.11 (../../sb/0x328d15f6b5eba1c30cde1a5f1f5a9e35b07f5424.sol#482) allows old versions
Pragma version^0.5.11 (../../sb/0x328d15f6b5eba1c30cde1a5f1f5a9e35b07f5424.sol#543) allows old versions
Pragma version^0.5.11 (../../sb/0x328d15f6b5eba1c30cde1a5f1f5a9e35b07f5424.sol#669) allows old versions
Pragma version^0.5.11 (../../sb/0x328d15f6b5eba1c30cde1a5f1f5a9e35b07f5424.sol#699) allows old versions
Pragma version^0.5.11 (../../sb/0x328d15f6b5eba1c30cde1a5f1f5a9e35b07f5424.sol#930) allows old versions
Pragma version^0.5.11 (../../sb/0x328d15f6b5eba1c30cde1a5f1f5a9e35b07f5424.sol#991) allows old versions
Pragma version^0.5.11 (../../sb/0x328d15f6b5eba1c30cde1a5f1f5a9e35b07f5424.sol#1008) allows old versions
Pragma version^0.5.11 (../../sb/0x328d15f6b5eba1c30cde1a5f1f5a9e35b07f5424.sol#1121) allows old versions
Pragma version^0.5.11 (../../sb/0x328d15f6b5eba1c30cde1a5f1f5a9e35b07f5424.sol#1628) allows old versions
Pragma version^0.5.11 (../../sb/0x328d15f6b5eba1c30cde1a5f1f5a9e35b07f5424.sol#1638) allows old versions
Pragma version^0.5.11 (../../sb/0x328d15f6b5eba1c30cde1a5f1f5a9e35b07f5424.sol#1672) allows old versions
Pragma version^0.5.11 (../../sb/0x328d15f6b5eba1c30cde1a5f1f5a9e35b07f5424.sol#1761) allows old versions
Pragma version^0.5.11 (../../sb/0x328d15f6b5eba1c30cde1a5f1f5a9e35b07f5424.sol#1778) allows old versions
Pragma version^0.5.11 (../../sb/0x328d15f6b5eba1c30cde1a5f1f5a9e35b07f5424.sol#1786) allows old versions
Pragma version^0.5.11 (../../sb/0x328d15f6b5eba1c30cde1a5f1f5a9e35b07f5424.sol#1918) allows old versions
Reference: https://github.com/crytic/slither/wiki/Detector-Documentation#incorrect-versions-of-solidity[0m
[92m
Low level call in Address.sendValue(address,uint256) (../../sb/0x328d15f6b5eba1c30cde1a5f1f5a9e35b07f5424.sol#330-336):
	- (success) = recipient.call.value(amount)() (../../sb/0x328d15f6b5eba1c30cde1a5f1f5a9e35b07f5424.sol#334)
Low level call in SafeERC20.callOptionalReturn(IERC20,bytes) (../../sb/0x328d15f6b5eba1c30cde1a5f1f5a9e35b07f5424.sol#393-412):
	- (success,returndata) = address(token).call(data) (../../sb/0x328d15f6b5eba1c30cde1a5f1f5a9e35b07f5424.sol#405)
Reference: https://github.com/crytic/slither/wiki/Detector-Documentation#low-level-calls[0m
[92m
Variable Initializable.______gap (../../sb/0x328d15f6b5eba1c30cde1a5f1f5a9e35b07f5424.sol#477) is not in mixedCase
Parameter Governable.transferGovernance(address)._newGovernor (../../sb/0x328d15f6b5eba1c30cde1a5f1f5a9e35b07f5424.sol#639) is not in mixedCase
Constant Governable.governorPosition (../../sb/0x328d15f6b5eba1c30cde1a5f1f5a9e35b07f5424.sol#554-555) is not in UPPER_CASE_WITH_UNDERSCORES
Constant Governable.pendingGovernorPosition (../../sb/0x328d15f6b5eba1c30cde1a5f1f5a9e35b07f5424.sol#558-559) is not in UPPER_CASE_WITH_UNDERSCORES
Parameter OUSD.initialize(string,string,address)._nameArg (../../sb/0x328d15f6b5eba1c30cde1a5f1f5a9e35b07f5424.sol#1167) is not in mixedCase
Parameter OUSD.initialize(string,string,address)._symbolArg (../../sb/0x328d15f6b5eba1c30cde1a5f1f5a9e35b07f5424.sol#1168) is not in mixedCase
Parameter OUSD.initialize(string,string,address)._vaultAddress (../../sb/0x328d15f6b5eba1c30cde1a5f1f5a9e35b07f5424.sol#1169) is not in mixedCase
Parameter OUSD.balanceOf(address)._account (../../sb/0x328d15f6b5eba1c30cde1a5f1f5a9e35b07f5424.sol#1204) is not in mixedCase
Parameter OUSD.creditsBalanceOf(address)._account (../../sb/0x328d15f6b5eba1c30cde1a5f1f5a9e35b07f5424.sol#1215) is not in mixedCase
Parameter OUSD.transfer(address,uint256)._to (../../sb/0x328d15f6b5eba1c30cde1a5f1f5a9e35b07f5424.sol#1229) is not in mixedCase
Parameter OUSD.transfer(address,uint256)._value (../../sb/0x328d15f6b5eba1c30cde1a5f1f5a9e35b07f5424.sol#1229) is not in mixedCase
Parameter OUSD.transferFrom(address,address,uint256)._from (../../sb/0x328d15f6b5eba1c30cde1a5f1f5a9e35b07f5424.sol#1246) is not in mixedCase
Parameter OUSD.transferFrom(address,address,uint256)._to (../../sb/0x328d15f6b5eba1c30cde1a5f1f5a9e35b07f5424.sol#1247) is not in mixedCase
Parameter OUSD.transferFrom(address,address,uint256)._value (../../sb/0x328d15f6b5eba1c30cde1a5f1f5a9e35b07f5424.sol#1248) is not in mixedCase
Parameter OUSD.allowance(address,address)._owner (../../sb/0x328d15f6b5eba1c30cde1a5f1f5a9e35b07f5424.sol#1319) is not in mixedCase
Parameter OUSD.allowance(address,address)._spender (../../sb/0x328d15f6b5eba1c30cde1a5f1f5a9e35b07f5424.sol#1319) is not in mixedCase
Parameter OUSD.approve(address,uint256)._spender (../../sb/0x328d15f6b5eba1c30cde1a5f1f5a9e35b07f5424.sol#1338) is not in mixedCase
Parameter OUSD.approve(address,uint256)._value (../../sb/0x328d15f6b5eba1c30cde1a5f1f5a9e35b07f5424.sol#1338) is not in mixedCase
Parameter OUSD.increaseAllowance(address,uint256)._spender (../../sb/0x328d15f6b5eba1c30cde1a5f1f5a9e35b07f5424.sol#1351) is not in mixedCase
Parameter OUSD.increaseAllowance(address,uint256)._addedValue (../../sb/0x328d15f6b5eba1c30cde1a5f1f5a9e35b07f5424.sol#1351) is not in mixedCase
Parameter OUSD.decreaseAllowance(address,uint256)._spender (../../sb/0x328d15f6b5eba1c30cde1a5f1f5a9e35b07f5424.sol#1366) is not in mixedCase
Parameter OUSD.decreaseAllowance(address,uint256)._subtractedValue (../../sb/0x328d15f6b5eba1c30cde1a5f1f5a9e35b07f5424.sol#1366) is not in mixedCase
Parameter OUSD.mint(address,uint256)._account (../../sb/0x328d15f6b5eba1c30cde1a5f1f5a9e35b07f5424.sol#1383) is not in mixedCase
Parameter OUSD.mint(address,uint256)._amount (../../sb/0x328d15f6b5eba1c30cde1a5f1f5a9e35b07f5424.sol#1383) is not in mixedCase
Parameter OUSD.changeSupply(uint256)._newTotalSupply (../../sb/0x328d15f6b5eba1c30cde1a5f1f5a9e35b07f5424.sol#1592) is not in mixedCase
Parameter Helpers.getSymbol(address)._token (../../sb/0x328d15f6b5eba1c30cde1a5f1f5a9e35b07f5424.sol#1647) is not in mixedCase
Parameter Helpers.getDecimals(address)._token (../../sb/0x328d15f6b5eba1c30cde1a5f1f5a9e35b07f5424.sol#1659) is not in mixedCase
Constant VaultStorage.adminImplPosition (../../sb/0x328d15f6b5eba1c30cde1a5f1f5a9e35b07f5424.sol#1737) is not in UPPER_CASE_WITH_UNDERSCORES
Parameter VaultCore.mint(address,uint256)._asset (../../sb/0x328d15f6b5eba1c30cde1a5f1f5a9e35b07f5424.sol#1957) is not in mixedCase
Parameter VaultCore.mint(address,uint256)._amount (../../sb/0x328d15f6b5eba1c30cde1a5f1f5a9e35b07f5424.sol#1957) is not in mixedCase
Parameter VaultCore.mintMultiple(address[],uint256[])._assets (../../sb/0x328d15f6b5eba1c30cde1a5f1f5a9e35b07f5424.sol#2002) is not in mixedCase
Parameter VaultCore.mintMultiple(address[],uint256[])._amounts (../../sb/0x328d15f6b5eba1c30cde1a5f1f5a9e35b07f5424.sol#2003) is not in mixedCase
Parameter VaultCore.redeem(uint256)._amount (../../sb/0x328d15f6b5eba1c30cde1a5f1f5a9e35b07f5424.sol#2055) is not in mixedCase
Parameter VaultCore.checkBalance(address)._asset (../../sb/0x328d15f6b5eba1c30cde1a5f1f5a9e35b07f5424.sol#2405) is not in mixedCase
Parameter VaultCore.calculateRedeemOutputs(uint256)._amount (../../sb/0x328d15f6b5eba1c30cde1a5f1f5a9e35b07f5424.sol#2447) is not in mixedCase
Parameter VaultCore.isSupportedAsset(address)._asset (../../sb/0x328d15f6b5eba1c30cde1a5f1f5a9e35b07f5424.sol#2586) is not in mixedCase
Reference: https://github.com/crytic/slither/wiki/Detector-Documentation#conformance-to-solidity-naming-conventions[0m
[92m
Redundant expression "this (../../sb/0x328d15f6b5eba1c30cde1a5f1f5a9e35b07f5424.sol#692)" inContext (../../sb/0x328d15f6b5eba1c30cde1a5f1f5a9e35b07f5424.sol#681-695)
Reference: https://github.com/crytic/slither/wiki/Detector-Documentation#redundant-statements[0m
[92m
Initializable.______gap (../../sb/0x328d15f6b5eba1c30cde1a5f1f5a9e35b07f5424.sol#477) is never used in OUSD (../../sb/0x328d15f6b5eba1c30cde1a5f1f5a9e35b07f5424.sol#1134-1624)
Initializable.______gap (../../sb/0x328d15f6b5eba1c30cde1a5f1f5a9e35b07f5424.sol#477) is never used in VaultCore (../../sb/0x328d15f6b5eba1c30cde1a5f1f5a9e35b07f5424.sol#1933-2620)
Reference: https://github.com/crytic/slither/wiki/Detector-Documentation#unused-state-variable[0m
[92m
VaultStorage.autoAllocateThreshold (../../sb/0x328d15f6b5eba1c30cde1a5f1f5a9e35b07f5424.sol#1730) should be constant
VaultStorage.depositPaused (../../sb/0x328d15f6b5eba1c30cde1a5f1f5a9e35b07f5424.sol#1724) should be constant
VaultStorage.priceProvider (../../sb/0x328d15f6b5eba1c30cde1a5f1f5a9e35b07f5424.sol#1721) should be constant
VaultStorage.rebaseHooksAddr (../../sb/0x328d15f6b5eba1c30cde1a5f1f5a9e35b07f5424.sol#1740) should be constant
VaultStorage.rebasePaused (../../sb/0x328d15f6b5eba1c30cde1a5f1f5a9e35b07f5424.sol#1723) should be constant
VaultStorage.rebaseThreshold (../../sb/0x328d15f6b5eba1c30cde1a5f1f5a9e35b07f5424.sol#1732) should be constant
VaultStorage.redeemFeeBps (../../sb/0x328d15f6b5eba1c30cde1a5f1f5a9e35b07f5424.sol#1726) should be constant
VaultStorage.strategistAddr (../../sb/0x328d15f6b5eba1c30cde1a5f1f5a9e35b07f5424.sol#1745) should be constant
VaultStorage.uniswapAddr (../../sb/0x328d15f6b5eba1c30cde1a5f1f5a9e35b07f5424.sol#1743) should be constant
VaultStorage.vaultBuffer (../../sb/0x328d15f6b5eba1c30cde1a5f1f5a9e35b07f5424.sol#1728) should be constant
Reference: https://github.com/crytic/slither/wiki/Detector-Documentation#state-variables-that-could-be-declared-constant[0m
[92m
governor() should be declared external:
	- Governable.governor() (../../sb/0x328d15f6b5eba1c30cde1a5f1f5a9e35b07f5424.sol#583-585)
totalSupply() should be declared external:
	- ERC20.totalSupply() (../../sb/0x328d15f6b5eba1c30cde1a5f1f5a9e35b07f5424.sol#739-741)
	- OUSD.totalSupply() (../../sb/0x328d15f6b5eba1c30cde1a5f1f5a9e35b07f5424.sol#1194-1196)
transfer(address,uint256) should be declared external:
	- ERC20.transfer(address,uint256) (../../sb/0x328d15f6b5eba1c30cde1a5f1f5a9e35b07f5424.sol#758-761)
	- OUSD.transfer(address,uint256) (../../sb/0x328d15f6b5eba1c30cde1a5f1f5a9e35b07f5424.sol#1229-1237)
allowance(address,address) should be declared external:
	- ERC20.allowance(address,address) (../../sb/0x328d15f6b5eba1c30cde1a5f1f5a9e35b07f5424.sol#766-768)
	- OUSD.allowance(address,address) (../../sb/0x328d15f6b5eba1c30cde1a5f1f5a9e35b07f5424.sol#1319-1325)
approve(address,uint256) should be declared external:
	- ERC20.approve(address,uint256) (../../sb/0x328d15f6b5eba1c30cde1a5f1f5a9e35b07f5424.sol#777-780)
	- OUSD.approve(address,uint256) (../../sb/0x328d15f6b5eba1c30cde1a5f1f5a9e35b07f5424.sol#1338-1342)
transferFrom(address,address,uint256) should be declared external:
	- ERC20.transferFrom(address,address,uint256) (../../sb/0x328d15f6b5eba1c30cde1a5f1f5a9e35b07f5424.sol#794-798)
	- OUSD.transferFrom(address,address,uint256) (../../sb/0x328d15f6b5eba1c30cde1a5f1f5a9e35b07f5424.sol#1245-1261)
increaseAllowance(address,uint256) should be declared external:
	- ERC20.increaseAllowance(address,uint256) (../../sb/0x328d15f6b5eba1c30cde1a5f1f5a9e35b07f5424.sol#812-815)
	- OUSD.increaseAllowance(address,uint256) (../../sb/0x328d15f6b5eba1c30cde1a5f1f5a9e35b07f5424.sol#1351-1359)
decreaseAllowance(address,uint256) should be declared external:
	- ERC20.decreaseAllowance(address,uint256) (../../sb/0x328d15f6b5eba1c30cde1a5f1f5a9e35b07f5424.sol#831-834)
	- OUSD.decreaseAllowance(address,uint256) (../../sb/0x328d15f6b5eba1c30cde1a5f1f5a9e35b07f5424.sol#1366-1378)
name() should be declared external:
	- InitializableERC20Detailed.name() (../../sb/0x328d15f6b5eba1c30cde1a5f1f5a9e35b07f5424.sol#960-962)
symbol() should be declared external:
	- InitializableERC20Detailed.symbol() (../../sb/0x328d15f6b5eba1c30cde1a5f1f5a9e35b07f5424.sol#968-970)
decimals() should be declared external:
	- InitializableERC20Detailed.decimals() (../../sb/0x328d15f6b5eba1c30cde1a5f1f5a9e35b07f5424.sol#984-986)
creditsBalanceOf(address) should be declared external:
	- OUSD.creditsBalanceOf(address) (../../sb/0x328d15f6b5eba1c30cde1a5f1f5a9e35b07f5424.sol#1215-1221)
rebaseOptIn() should be declared external:
	- OUSD.rebaseOptIn() (../../sb/0x328d15f6b5eba1c30cde1a5f1f5a9e35b07f5424.sol#1535-1560)
rebaseOptOut() should be declared external:
	- OUSD.rebaseOptOut() (../../sb/0x328d15f6b5eba1c30cde1a5f1f5a9e35b07f5424.sol#1565-1584)
redeem(uint256) should be declared external:
	- VaultCore.redeem(uint256) (../../sb/0x328d15f6b5eba1c30cde1a5f1f5a9e35b07f5424.sol#2055-2060)
rebase() should be declared external:
	- VaultCore.rebase() (../../sb/0x328d15f6b5eba1c30cde1a5f1f5a9e35b07f5424.sol#2218-2220)
getStrategyCount() should be declared external:
	- VaultCore.getStrategyCount() (../../sb/0x328d15f6b5eba1c30cde1a5f1f5a9e35b07f5424.sol#2582-2584)
Reference: https://github.com/crytic/slither/wiki/Detector-Documentation#public-function-that-could-be-declared-external[0m
/sb/0x328d15f6b5eba1c30cde1a5f1f5a9e35b07f5424.sol analyzed (21 contracts with 78 detectors), 137 result(s) found
