2023-03-26 03:03:33,004 - Main     - INFO - [1mInitializing seed to 1427655.0[0m
2023-03-26 03:03:33,278 - Main     - ERROR - [91m[1mNo compiler output for: /sb/0x109ea28dbdea5e6ec126fbc8c33845dfe812a300.sol[0m[0m

     ______            ______                _           
    / ____/___  ____  / ____/_  __________  (_)_  _______
   / /   / __ \/ __ \/ /_  / / / /_  /_  / / / / / / ___/
  / /___/ /_/ / / / / __/ / /_/ / / /_/ /_/ / /_/ (__  ) 
  \____/\____/_/ /_/_/    \__,_/ /___/___/_/\__,_/____/  

delteed file
Error: Solidity compilation failed!
/sb/0x109ea28dbdea5e6ec126fbc8c33845dfe812a300.sol:437:25: TypeError: The "extcodehash" instruction is only available for Constantinople-compatible VMs (you are currently compiling for "byzantium").
            codehash := extcodehash(account)
                        ^---------^

/sb/0x109ea28dbdea5e6ec126fbc8c33845dfe812a300.sol:437:13: DeclarationError: Variable count does not match number of values (1 vs. 0)
            codehash := extcodehash(account)
            ^------------------------------^

/sb/0x109ea28dbdea5e6ec126fbc8c33845dfe812a300.sol:1320:31: TypeError: The "chainid" instruction is only available for Istanbul-compatible VMs (you are currently compiling for "byzantium").
        assembly { chainId := chainid() }
                              ^-----^

/sb/0x109ea28dbdea5e6ec126fbc8c33845dfe812a300.sol:1320:20: DeclarationError: Variable count does not match number of values (1 vs. 0)
        assembly { chainId := chainid() }
                   ^------------------^

