Compilation warnings/errors on /sb/0x2ec2ddd12566b66f4da248b1ecdee8619b5c56cd.sol:
Warning: SPDX license identifier not provided in source file. Before publishing, consider adding a comment containing "SPDX-License-Identifier: <SPDX-License>" to each source file. Use "SPDX-License-Identifier: UNLICENSED" for non-open-source code. Please see https://spdx.org for more information.
--> /sb/0x2ec2ddd12566b66f4da248b1ecdee8619b5c56cd.sol


[93m
UpgradeableProxy.constructor(address,bytes) (../../sb/0x2ec2ddd12566b66f4da248b1ecdee8619b5c56cd.sol#1083-1089) ignores return value by Address.functionDelegateCall(_logic,_data) (../../sb/0x2ec2ddd12566b66f4da248b1ecdee8619b5c56cd.sol#1087)
TransparentUpgradeableProxy.upgradeToAndCall(address,bytes) (../../sb/0x2ec2ddd12566b66f4da248b1ecdee8619b5c56cd.sol#1228-1231) ignores return value by Address.functionDelegateCall(newImplementation,data) (../../sb/0x2ec2ddd12566b66f4da248b1ecdee8619b5c56cd.sol#1230)
Reference: https://github.com/crytic/slither/wiki/Detector-Documentation#unused-return[0m
[92m
SingleStrategyToken2.constructor(string,string,address,address,address,address,bytes)._token (../../sb/0x2ec2ddd12566b66f4da248b1ecdee8619b5c56cd.sol#1271) lacks a zero-check on :
		- token = _token (../../sb/0x2ec2ddd12566b66f4da248b1ecdee8619b5c56cd.sol#1277)
SingleStrategyToken2.constructor(string,string,address,address,address,address,bytes)._strategy (../../sb/0x2ec2ddd12566b66f4da248b1ecdee8619b5c56cd.sol#1272) lacks a zero-check on :
		- strategy = _strategy (../../sb/0x2ec2ddd12566b66f4da248b1ecdee8619b5c56cd.sol#1278)
Reference: https://github.com/crytic/slither/wiki/Detector-Documentation#missing-zero-address-validation[0m
[92m
Modifier TransparentUpgradeableProxy.ifAdmin() (../../sb/0x2ec2ddd12566b66f4da248b1ecdee8619b5c56cd.sol#1165-1171) does not always execute _; or revertReference: https://github.com/crytic/slither/wiki/Detector-Documentation#incorrect-modifier[0m
[92m
Address.isContract(address) (../../sb/0x2ec2ddd12566b66f4da248b1ecdee8619b5c56cd.sol#841-850) uses assembly
	- INLINE ASM (../../sb/0x2ec2ddd12566b66f4da248b1ecdee8619b5c56cd.sol#848)
Address._verifyCallResult(bool,bytes,string) (../../sb/0x2ec2ddd12566b66f4da248b1ecdee8619b5c56cd.sol#986-1003) uses assembly
	- INLINE ASM (../../sb/0x2ec2ddd12566b66f4da248b1ecdee8619b5c56cd.sol#995-998)
Proxy._delegate(address) (../../sb/0x2ec2ddd12566b66f4da248b1ecdee8619b5c56cd.sol#1012-1032) uses assembly
	- INLINE ASM (../../sb/0x2ec2ddd12566b66f4da248b1ecdee8619b5c56cd.sol#1014-1031)
UpgradeableProxy._implementation() (../../sb/0x2ec2ddd12566b66f4da248b1ecdee8619b5c56cd.sol#1106-1112) uses assembly
	- INLINE ASM (../../sb/0x2ec2ddd12566b66f4da248b1ecdee8619b5c56cd.sol#1109-1111)
UpgradeableProxy._setImplementation(address) (../../sb/0x2ec2ddd12566b66f4da248b1ecdee8619b5c56cd.sol#1127-1136) uses assembly
	- INLINE ASM (../../sb/0x2ec2ddd12566b66f4da248b1ecdee8619b5c56cd.sol#1133-1135)
TransparentUpgradeableProxy._admin() (../../sb/0x2ec2ddd12566b66f4da248b1ecdee8619b5c56cd.sol#1236-1242) uses assembly
	- INLINE ASM (../../sb/0x2ec2ddd12566b66f4da248b1ecdee8619b5c56cd.sol#1239-1241)
TransparentUpgradeableProxy._setAdmin(address) (../../sb/0x2ec2ddd12566b66f4da248b1ecdee8619b5c56cd.sol#1247-1254) uses assembly
	- INLINE ASM (../../sb/0x2ec2ddd12566b66f4da248b1ecdee8619b5c56cd.sol#1251-1253)
Reference: https://github.com/crytic/slither/wiki/Detector-Documentation#assembly-usage[0m
[92m
Address.functionCall(address,bytes) (../../sb/0x2ec2ddd12566b66f4da248b1ecdee8619b5c56cd.sol#894-896) is never used and should be removed
Address.functionCallWithValue(address,bytes,uint256) (../../sb/0x2ec2ddd12566b66f4da248b1ecdee8619b5c56cd.sol#919-921) is never used and should be removed
Address.functionStaticCall(address,bytes) (../../sb/0x2ec2ddd12566b66f4da248b1ecdee8619b5c56cd.sol#944-946) is never used and should be removed
Address.functionStaticCall(address,bytes,string) (../../sb/0x2ec2ddd12566b66f4da248b1ecdee8619b5c56cd.sol#954-960) is never used and should be removed
Address.sendValue(address,uint256) (../../sb/0x2ec2ddd12566b66f4da248b1ecdee8619b5c56cd.sol#868-874) is never used and should be removed
Context._msgData() (../../sb/0x2ec2ddd12566b66f4da248b1ecdee8619b5c56cd.sol#24-27) is never used and should be removed
ERC20._burn(address,uint256) (../../sb/0x2ec2ddd12566b66f4da248b1ecdee8619b5c56cd.sol#555-563) is never used and should be removed
ERC20._mint(address,uint256) (../../sb/0x2ec2ddd12566b66f4da248b1ecdee8619b5c56cd.sol#534-542) is never used and should be removed
ERC20._setupDecimals(uint8) (../../sb/0x2ec2ddd12566b66f4da248b1ecdee8619b5c56cd.sol#593-595) is never used and should be removed
SafeERC20.safeDecreaseAllowance(IERC20,address,uint256) (../../sb/0x2ec2ddd12566b66f4da248b1ecdee8619b5c56cd.sol#799-802) is never used and should be removed
SafeERC20.safeIncreaseAllowance(IERC20,address,uint256) (../../sb/0x2ec2ddd12566b66f4da248b1ecdee8619b5c56cd.sol#794-797) is never used and should be removed
SafeERC20.safeTransfer(IERC20,address,uint256) (../../sb/0x2ec2ddd12566b66f4da248b1ecdee8619b5c56cd.sol#768-770) is never used and should be removed
SafeERC20.safeTransferFrom(IERC20,address,address,uint256) (../../sb/0x2ec2ddd12566b66f4da248b1ecdee8619b5c56cd.sol#772-774) is never used and should be removed
SafeMath.div(uint256,uint256) (../../sb/0x2ec2ddd12566b66f4da248b1ecdee8619b5c56cd.sol#234-237) is never used and should be removed
SafeMath.div(uint256,uint256,string) (../../sb/0x2ec2ddd12566b66f4da248b1ecdee8619b5c56cd.sol#289-292) is never used and should be removed
SafeMath.mod(uint256,uint256) (../../sb/0x2ec2ddd12566b66f4da248b1ecdee8619b5c56cd.sol#251-254) is never used and should be removed
SafeMath.mod(uint256,uint256,string) (../../sb/0x2ec2ddd12566b66f4da248b1ecdee8619b5c56cd.sol#309-312) is never used and should be removed
SafeMath.mul(uint256,uint256) (../../sb/0x2ec2ddd12566b66f4da248b1ecdee8619b5c56cd.sol#215-220) is never used and should be removed
SafeMath.sub(uint256,uint256) (../../sb/0x2ec2ddd12566b66f4da248b1ecdee8619b5c56cd.sol#200-203) is never used and should be removed
SafeMath.tryAdd(uint256,uint256) (../../sb/0x2ec2ddd12566b66f4da248b1ecdee8619b5c56cd.sol#123-127) is never used and should be removed
SafeMath.tryDiv(uint256,uint256) (../../sb/0x2ec2ddd12566b66f4da248b1ecdee8619b5c56cd.sol#159-162) is never used and should be removed
SafeMath.tryMod(uint256,uint256) (../../sb/0x2ec2ddd12566b66f4da248b1ecdee8619b5c56cd.sol#169-172) is never used and should be removed
SafeMath.tryMul(uint256,uint256) (../../sb/0x2ec2ddd12566b66f4da248b1ecdee8619b5c56cd.sol#144-152) is never used and should be removed
SafeMath.trySub(uint256,uint256) (../../sb/0x2ec2ddd12566b66f4da248b1ecdee8619b5c56cd.sol#134-137) is never used and should be removed
Reference: https://github.com/crytic/slither/wiki/Detector-Documentation#dead-code[0m
[92m
Low level call in Address.sendValue(address,uint256) (../../sb/0x2ec2ddd12566b66f4da248b1ecdee8619b5c56cd.sol#868-874):
	- (success) = recipient.call{value: amount}() (../../sb/0x2ec2ddd12566b66f4da248b1ecdee8619b5c56cd.sol#872)
Low level call in Address.functionCallWithValue(address,bytes,uint256,string) (../../sb/0x2ec2ddd12566b66f4da248b1ecdee8619b5c56cd.sol#929-936):
	- (success,returndata) = target.call{value: value}(data) (../../sb/0x2ec2ddd12566b66f4da248b1ecdee8619b5c56cd.sol#934)
Low level call in Address.functionStaticCall(address,bytes,string) (../../sb/0x2ec2ddd12566b66f4da248b1ecdee8619b5c56cd.sol#954-960):
	- (success,returndata) = target.staticcall(data) (../../sb/0x2ec2ddd12566b66f4da248b1ecdee8619b5c56cd.sol#958)
Low level call in Address.functionDelegateCall(address,bytes,string) (../../sb/0x2ec2ddd12566b66f4da248b1ecdee8619b5c56cd.sol#978-984):
	- (success,returndata) = target.delegatecall(data) (../../sb/0x2ec2ddd12566b66f4da248b1ecdee8619b5c56cd.sol#982)
Reference: https://github.com/crytic/slither/wiki/Detector-Documentation#low-level-calls[0m
[92m
Constant SingleStrategyTokenStorage.wbnbAddress (../../sb/0x2ec2ddd12566b66f4da248b1ecdee8619b5c56cd.sol#758) is not in UPPER_CASE_WITH_UNDERSCORES
Reference: https://github.com/crytic/slither/wiki/Detector-Documentation#conformance-to-solidity-naming-conventions[0m
[92m
Redundant expression "this (../../sb/0x2ec2ddd12566b66f4da248b1ecdee8619b5c56cd.sol#25)" inContext (../../sb/0x2ec2ddd12566b66f4da248b1ecdee8619b5c56cd.sol#19-28)
Reference: https://github.com/crytic/slither/wiki/Detector-Documentation#redundant-statements[0m
[92m
StrategyToken.depositPaused (../../sb/0x2ec2ddd12566b66f4da248b1ecdee8619b5c56cd.sol#748) should be constant
StrategyToken.withdrawPaused (../../sb/0x2ec2ddd12566b66f4da248b1ecdee8619b5c56cd.sol#750) should be constant
Reference: https://github.com/crytic/slither/wiki/Detector-Documentation#state-variables-that-could-be-declared-constant[0m
[92m
name() should be declared external:
	- ERC20.name() (../../sb/0x2ec2ddd12566b66f4da248b1ecdee8619b5c56cd.sol#370-372)
symbol() should be declared external:
	- ERC20.symbol() (../../sb/0x2ec2ddd12566b66f4da248b1ecdee8619b5c56cd.sol#378-380)
decimals() should be declared external:
	- ERC20.decimals() (../../sb/0x2ec2ddd12566b66f4da248b1ecdee8619b5c56cd.sol#395-397)
totalSupply() should be declared external:
	- ERC20.totalSupply() (../../sb/0x2ec2ddd12566b66f4da248b1ecdee8619b5c56cd.sol#402-404)
balanceOf(address) should be declared external:
	- ERC20.balanceOf(address) (../../sb/0x2ec2ddd12566b66f4da248b1ecdee8619b5c56cd.sol#409-411)
transfer(address,uint256) should be declared external:
	- ERC20.transfer(address,uint256) (../../sb/0x2ec2ddd12566b66f4da248b1ecdee8619b5c56cd.sol#421-424)
allowance(address,address) should be declared external:
	- ERC20.allowance(address,address) (../../sb/0x2ec2ddd12566b66f4da248b1ecdee8619b5c56cd.sol#429-431)
approve(address,uint256) should be declared external:
	- ERC20.approve(address,uint256) (../../sb/0x2ec2ddd12566b66f4da248b1ecdee8619b5c56cd.sol#440-443)
transferFrom(address,address,uint256) should be declared external:
	- ERC20.transferFrom(address,address,uint256) (../../sb/0x2ec2ddd12566b66f4da248b1ecdee8619b5c56cd.sol#458-462)
increaseAllowance(address,uint256) should be declared external:
	- ERC20.increaseAllowance(address,uint256) (../../sb/0x2ec2ddd12566b66f4da248b1ecdee8619b5c56cd.sol#476-479)
decreaseAllowance(address,uint256) should be declared external:
	- ERC20.decreaseAllowance(address,uint256) (../../sb/0x2ec2ddd12566b66f4da248b1ecdee8619b5c56cd.sol#495-498)
renounceOwnership() should be declared external:
	- Ownable.renounceOwnership() (../../sb/0x2ec2ddd12566b66f4da248b1ecdee8619b5c56cd.sol#663-666)
transferOwnership(address) should be declared external:
	- Ownable.transferOwnership(address) (../../sb/0x2ec2ddd12566b66f4da248b1ecdee8619b5c56cd.sol#672-676)
Reference: https://github.com/crytic/slither/wiki/Detector-Documentation#public-function-that-could-be-declared-external[0m
/sb/0x2ec2ddd12566b66f4da248b1ecdee8619b5c56cd.sol analyzed (14 contracts with 78 detectors), 57 result(s) found
