
====================================================================================================
[1m[ ] Compiling Solidity contract from the file /sb/0x9059f2f644402db18155b7917762823a58962397.sol ... [0m[92m Done [0m
[1m[ ] Connecting to PRIVATE blockchain emptychain  [0m.....[92m ESTABLISHED [0m
[1m[ ] Deploying contract [0m[92m confirmed at address: 0x9E536236ABF2288a7864C6A1AfaA4Cb98D464306 [0m
[1m[ ] Contract code length on the blockchain : [0m [92m  86  : 0x739e536236abf2288a7864c6a1af... [0m
[1m[ ] Contract address saved in file: [0m[92m./out/AddressUpgradeable.address [0m
[94m[ ] Check if contract is SUICIDAL[0m

[ ] Contract address   : 0x9E536236ABF2288a7864C6A1AfaA4Cb98D464306
[ ] Contract bytecode  : 739e536236abf2288a7864c6a1afaa4cb98d46430630146080...
[ ] Bytecode length    : 172
[ ] Blockchain contract: True
[ ] Debug              : False

[92m[-] The code does not contain SUICIDE instructions, hence it is not vulnerable[0m

====================================================================================================
[1m[ ] Compiling Solidity contract from the file /sb/0x9059f2f644402db18155b7917762823a58962397.sol ... [0m[92m Done [0m
[1m[ ] Connecting to PRIVATE blockchain emptychain  [0m.....[92m ESTABLISHED [0m
[1m[ ] Sending Ether to contract 0x9E536236ABF2288a7864C6A1AfaA4Cb98D464306  [0m............. tx[0] mined [92m Sent! [0m
[1m[ ] Deploying contract [0m[92m confirmed at address: 0x9E536236ABF2288a7864C6A1AfaA4Cb98D464306 [0m
[1m[ ] Contract code length on the blockchain : [0m [92m  86  : 0x739e536236abf2288a7864c6a1af... [0m
[1m[ ] Contract address saved in file: [0m[92m./out/AddressUpgradeable.address [0m
[1m[ ] The contract balance: 44  [0m[92m Positive balance[0m
[94m[ ] Check if contract is PRODIGAL[0m

[ ] Contract address   : 0x9E536236ABF2288a7864C6A1AfaA4Cb98D464306
[ ] Contract bytecode  : 739e536236abf2288a7864c6a1afaa4cb98d46430630146080...
[ ] Bytecode length    : 172
[ ] Blockchain contract: True
[ ] Debug              : False
[92m[+] The code does not have CALL/SUICIDE, hence it is not prodigal[0m

====================================================================================================
[1m[ ] Compiling Solidity contract from the file /sb/0x9059f2f644402db18155b7917762823a58962397.sol ... [0m[92m Done [0m
[1m[ ] Connecting to PRIVATE blockchain emptychain  [0m....[92m ESTABLISHED [0m
[1m[ ] Deploying contract [0m[92m confirmed at address: 0x9E536236ABF2288a7864C6A1AfaA4Cb98D464306 [0m
[1m[ ] Contract code length on the blockchain : [0m [92m  86  : 0x739e536236abf2288a7864c6a1af... [0m
[1m[ ] Contract address saved in file: [0m[92m./out/AddressUpgradeable.address [0m
[94m[ ] Check if contract is GREEDY[0m

[ ] Contract address   : 0x9E536236ABF2288a7864C6A1AfaA4Cb98D464306
[ ] Contract bytecode  : 739e536236abf2288a7864c6a1afaa4cb98d46430630146080...
[ ] Bytecode length    : 172
[ ] Debug              : False
[91m[-][0m [1mContract can receive Ether[0m

[92m[-] No lock vulnerability found because the contract cannot receive Ether [0m

====================================================================================================
[1m[ ] Compiling Solidity contract from the file /sb/0x9059f2f644402db18155b7917762823a58962397.sol ... [0m[92m Done [0m
[1m[ ] Connecting to PRIVATE blockchain emptychain  [0m...[92m ESTABLISHED [0m
[1m[ ] Deploying contract [0m[92m confirmed at address: 0x9E536236ABF2288a7864C6A1AfaA4Cb98D464306 [0m
[1m[ ] Contract code length on the blockchain : [0m [92m  86  : 0x739e536236abf2288a7864c6a1af... [0m
[1m[ ] Contract address saved in file: [0m[92m./out/Math.address [0m
[94m[ ] Check if contract is SUICIDAL[0m

[ ] Contract address   : 0x9E536236ABF2288a7864C6A1AfaA4Cb98D464306
[ ] Contract bytecode  : 739e536236abf2288a7864c6a1afaa4cb98d46430630146080...
[ ] Bytecode length    : 172
[ ] Blockchain contract: True
[ ] Debug              : False

[92m[-] The code does not contain SUICIDE instructions, hence it is not vulnerable[0m

====================================================================================================
[1m[ ] Compiling Solidity contract from the file /sb/0x9059f2f644402db18155b7917762823a58962397.sol ... [0m[92m Done [0m
[1m[ ] Connecting to PRIVATE blockchain emptychain  [0m....[92m ESTABLISHED [0m
[1m[ ] Sending Ether to contract 0x9E536236ABF2288a7864C6A1AfaA4Cb98D464306  [0m......... tx[0] mined [92m Sent! [0m
[1m[ ] Deploying contract [0m[92m confirmed at address: 0x9E536236ABF2288a7864C6A1AfaA4Cb98D464306 [0m
[1m[ ] Contract code length on the blockchain : [0m [92m  86  : 0x739e536236abf2288a7864c6a1af... [0m
[1m[ ] Contract address saved in file: [0m[92m./out/Math.address [0m
[1m[ ] The contract balance: 44  [0m[92m Positive balance[0m
[94m[ ] Check if contract is PRODIGAL[0m

[ ] Contract address   : 0x9E536236ABF2288a7864C6A1AfaA4Cb98D464306
[ ] Contract bytecode  : 739e536236abf2288a7864c6a1afaa4cb98d46430630146080...
[ ] Bytecode length    : 172
[ ] Blockchain contract: True
[ ] Debug              : False
[92m[+] The code does not have CALL/SUICIDE, hence it is not prodigal[0m

====================================================================================================
[1m[ ] Compiling Solidity contract from the file /sb/0x9059f2f644402db18155b7917762823a58962397.sol ... [0m[92m Done [0m
[1m[ ] Connecting to PRIVATE blockchain emptychain  [0m....[92m ESTABLISHED [0m
[1m[ ] Deploying contract [0m[92m confirmed at address: 0x9E536236ABF2288a7864C6A1AfaA4Cb98D464306 [0m
[1m[ ] Contract code length on the blockchain : [0m [92m  86  : 0x739e536236abf2288a7864c6a1af... [0m
[1m[ ] Contract address saved in file: [0m[92m./out/Math.address [0m
[94m[ ] Check if contract is GREEDY[0m

[ ] Contract address   : 0x9E536236ABF2288a7864C6A1AfaA4Cb98D464306
[ ] Contract bytecode  : 739e536236abf2288a7864c6a1afaa4cb98d46430630146080...
[ ] Bytecode length    : 172
[ ] Debug              : False
[91m[-][0m [1mContract can receive Ether[0m

[92m[-] No lock vulnerability found because the contract cannot receive Ether [0m

====================================================================================================
[1m[ ] Compiling Solidity contract from the file /sb/0x9059f2f644402db18155b7917762823a58962397.sol ... [0m[92m Done [0m
[1m[ ] Connecting to PRIVATE blockchain emptychain  [0m....[92m ESTABLISHED [0m
[1m[ ] Deploying contract [0m[92m confirmed at address: 0x9E536236ABF2288a7864C6A1AfaA4Cb98D464306 [0m
[1m[ ] Contract code length on the blockchain : [0m [92m  86  : 0x739e536236abf2288a7864c6a1af... [0m
[1m[ ] Contract address saved in file: [0m[92m./out/MathUpgradeable.address [0m
[94m[ ] Check if contract is SUICIDAL[0m

[ ] Contract address   : 0x9E536236ABF2288a7864C6A1AfaA4Cb98D464306
[ ] Contract bytecode  : 739e536236abf2288a7864c6a1afaa4cb98d46430630146080...
[ ] Bytecode length    : 172
[ ] Blockchain contract: True
[ ] Debug              : False

[92m[-] The code does not contain SUICIDE instructions, hence it is not vulnerable[0m

====================================================================================================
[1m[ ] Compiling Solidity contract from the file /sb/0x9059f2f644402db18155b7917762823a58962397.sol ... [0m[92m Done [0m
[1m[ ] Connecting to PRIVATE blockchain emptychain  [0m....[92m ESTABLISHED [0m
[1m[ ] Sending Ether to contract 0x9E536236ABF2288a7864C6A1AfaA4Cb98D464306  [0m................... tx[0] mined [92m Sent! [0m
[1m[ ] Deploying contract [0m[92m confirmed at address: 0x9E536236ABF2288a7864C6A1AfaA4Cb98D464306 [0m
[1m[ ] Contract code length on the blockchain : [0m [92m  86  : 0x739e536236abf2288a7864c6a1af... [0m
[1m[ ] Contract address saved in file: [0m[92m./out/MathUpgradeable.address [0m
[1m[ ] The contract balance: 44  [0m[92m Positive balance[0m
[94m[ ] Check if contract is PRODIGAL[0m

[ ] Contract address   : 0x9E536236ABF2288a7864C6A1AfaA4Cb98D464306
[ ] Contract bytecode  : 739e536236abf2288a7864c6a1afaa4cb98d46430630146080...
[ ] Bytecode length    : 172
[ ] Blockchain contract: True
[ ] Debug              : False
[92m[+] The code does not have CALL/SUICIDE, hence it is not prodigal[0m

====================================================================================================
[1m[ ] Compiling Solidity contract from the file /sb/0x9059f2f644402db18155b7917762823a58962397.sol ... [0m[92m Done [0m
[1m[ ] Connecting to PRIVATE blockchain emptychain  [0m....[92m ESTABLISHED [0m
[1m[ ] Deploying contract [0m[92m confirmed at address: 0x9E536236ABF2288a7864C6A1AfaA4Cb98D464306 [0m
[1m[ ] Contract code length on the blockchain : [0m [92m  86  : 0x739e536236abf2288a7864c6a1af... [0m
[1m[ ] Contract address saved in file: [0m[92m./out/MathUpgradeable.address [0m
[94m[ ] Check if contract is GREEDY[0m

[ ] Contract address   : 0x9E536236ABF2288a7864C6A1AfaA4Cb98D464306
[ ] Contract bytecode  : 739e536236abf2288a7864c6a1afaa4cb98d46430630146080...
[ ] Bytecode length    : 172
[ ] Debug              : False
[91m[-][0m [1mContract can receive Ether[0m

[92m[-] No lock vulnerability found because the contract cannot receive Ether [0m

====================================================================================================
[1m[ ] Compiling Solidity contract from the file /sb/0x9059f2f644402db18155b7917762823a58962397.sol ... [0m[92m Done [0m
[1m[ ] Connecting to PRIVATE blockchain emptychain  [0m.....[92m ESTABLISHED [0m
[1m[ ] Deploying contract [0m[92m confirmed at address: 0x9E536236ABF2288a7864C6A1AfaA4Cb98D464306 [0m
[1m[ ] Contract code length on the blockchain : [0m [92m  0  : 0x... [0m
[1m[ ] Contract address saved in file: [0m[92m./out/MerlinStrategyAlpacaBNB.address [0m
[94m[ ] Check if contract is SUICIDAL[0m

[ ] Contract address   : 0x9E536236ABF2288a7864C6A1AfaA4Cb98D464306
[ ] Contract bytecode  : ...
[ ] Bytecode length    : 0
[ ] Blockchain contract: True
[ ] Debug              : False

[92m[-] The code does not contain SUICIDE instructions, hence it is not vulnerable[0m

====================================================================================================
[1m[ ] Compiling Solidity contract from the file /sb/0x9059f2f644402db18155b7917762823a58962397.sol ... [0m[92m Done [0m
[1m[ ] Connecting to PRIVATE blockchain emptychain  [0m....[92m ESTABLISHED [0m
[1m[ ] Sending Ether to contract 0x9E536236ABF2288a7864C6A1AfaA4Cb98D464306  [0m........... tx[0] mined [92m Sent! [0m
[1m[ ] Deploying contract [0m[92m confirmed at address: 0x9E536236ABF2288a7864C6A1AfaA4Cb98D464306 [0m
[1m[ ] Contract code length on the blockchain : [0m [92m  0  : 0x... [0m
[1m[ ] Contract address saved in file: [0m[92m./out/MerlinStrategyAlpacaBNB.address [0m
[1m[ ] The contract balance: 44  [0m[92m Positive balance[0m
[94m[ ] Check if contract is PRODIGAL[0m

[ ] Contract address   : 0x9E536236ABF2288a7864C6A1AfaA4Cb98D464306
[ ] Contract bytecode  : ...
[ ] Bytecode length    : 0
[ ] Blockchain contract: True
[ ] Debug              : False
[92m[+] The code does not have CALL/SUICIDE, hence it is not prodigal[0m

====================================================================================================
[1m[ ] Compiling Solidity contract from the file /sb/0x9059f2f644402db18155b7917762823a58962397.sol ... [0m[92m Done [0m
[1m[ ] Connecting to PRIVATE blockchain emptychain  [0m....[92m ESTABLISHED [0m
[1m[ ] Deploying contract [0m[92m confirmed at address: 0x9E536236ABF2288a7864C6A1AfaA4Cb98D464306 [0m
[1m[ ] Contract code length on the blockchain : [0m [92m  0  : 0x... [0m
[1m[ ] Contract address saved in file: [0m[92m./out/MerlinStrategyAlpacaBNB.address [0m
[94m[ ] Check if contract is GREEDY[0m

[ ] Contract address   : 0x9E536236ABF2288a7864C6A1AfaA4Cb98D464306
[ ] Contract bytecode  : ...
[ ] Bytecode length    : 0
[ ] Debug              : False
[91m[-][0m [1mContract can receive Ether[0m

[92m[-] No lock vulnerability found because the contract cannot receive Ether [0m

====================================================================================================
[1m[ ] Compiling Solidity contract from the file /sb/0x9059f2f644402db18155b7917762823a58962397.sol ... [0m[92m Done [0m
[1m[ ] Connecting to PRIVATE blockchain emptychain  [0m....[92m ESTABLISHED [0m
[1m[ ] Deploying contract [0m[92m confirmed at address: 0x9E536236ABF2288a7864C6A1AfaA4Cb98D464306 [0m
[1m[ ] Contract code length on the blockchain : [0m [92m  86  : 0x739e536236abf2288a7864c6a1af... [0m
[1m[ ] Contract address saved in file: [0m[92m./out/SafeERC20Upgradeable.address [0m
[94m[ ] Check if contract is SUICIDAL[0m

[ ] Contract address   : 0x9E536236ABF2288a7864C6A1AfaA4Cb98D464306
[ ] Contract bytecode  : 739e536236abf2288a7864c6a1afaa4cb98d46430630146080...
[ ] Bytecode length    : 172
[ ] Blockchain contract: True
[ ] Debug              : False

[92m[-] The code does not contain SUICIDE instructions, hence it is not vulnerable[0m

====================================================================================================
[1m[ ] Compiling Solidity contract from the file /sb/0x9059f2f644402db18155b7917762823a58962397.sol ... [0m[92m Done [0m
[1m[ ] Connecting to PRIVATE blockchain emptychain  [0m....[92m ESTABLISHED [0m
[1m[ ] Sending Ether to contract 0x9E536236ABF2288a7864C6A1AfaA4Cb98D464306  [0m................................. tx[0] mined [92m Sent! [0m
[1m[ ] Deploying contract [0m[92m confirmed at address: 0x9E536236ABF2288a7864C6A1AfaA4Cb98D464306 [0m
[1m[ ] Contract code length on the blockchain : [0m [92m  86  : 0x739e536236abf2288a7864c6a1af... [0m
[1m[ ] Contract address saved in file: [0m[92m./out/SafeERC20Upgradeable.address [0m
[1m[ ] The contract balance: 44  [0m[92m Positive balance[0m
[94m[ ] Check if contract is PRODIGAL[0m

[ ] Contract address   : 0x9E536236ABF2288a7864C6A1AfaA4Cb98D464306
[ ] Contract bytecode  : 739e536236abf2288a7864c6a1afaa4cb98d46430630146080...
[ ] Bytecode length    : 172
[ ] Blockchain contract: True
[ ] Debug              : False
[92m[+] The code does not have CALL/SUICIDE, hence it is not prodigal[0m

====================================================================================================
[1m[ ] Compiling Solidity contract from the file /sb/0x9059f2f644402db18155b7917762823a58962397.sol ... [0m[92m Done [0m
[1m[ ] Connecting to PRIVATE blockchain emptychain  [0m.....[92m ESTABLISHED [0m
[1m[ ] Deploying contract [0m[92m confirmed at address: 0x9E536236ABF2288a7864C6A1AfaA4Cb98D464306 [0m
[1m[ ] Contract code length on the blockchain : [0m [92m  86  : 0x739e536236abf2288a7864c6a1af... [0m
[1m[ ] Contract address saved in file: [0m[92m./out/SafeERC20Upgradeable.address [0m
[94m[ ] Check if contract is GREEDY[0m

[ ] Contract address   : 0x9E536236ABF2288a7864C6A1AfaA4Cb98D464306
[ ] Contract bytecode  : 739e536236abf2288a7864c6a1afaa4cb98d46430630146080...
[ ] Bytecode length    : 172
[ ] Debug              : False
[91m[-][0m [1mContract can receive Ether[0m

[92m[-] No lock vulnerability found because the contract cannot receive Ether [0m

====================================================================================================
[1m[ ] Compiling Solidity contract from the file /sb/0x9059f2f644402db18155b7917762823a58962397.sol ... [0m[92m Done [0m
[1m[ ] Connecting to PRIVATE blockchain emptychain  [0m....[92m ESTABLISHED [0m
[1m[ ] Deploying contract [0m[92m confirmed at address: 0x9E536236ABF2288a7864C6A1AfaA4Cb98D464306 [0m
[1m[ ] Contract code length on the blockchain : [0m [92m  86  : 0x739e536236abf2288a7864c6a1af... [0m
[1m[ ] Contract address saved in file: [0m[92m./out/SafeMathUpgradeable.address [0m
[94m[ ] Check if contract is SUICIDAL[0m

[ ] Contract address   : 0x9E536236ABF2288a7864C6A1AfaA4Cb98D464306
[ ] Contract bytecode  : 739e536236abf2288a7864c6a1afaa4cb98d46430630146080...
[ ] Bytecode length    : 172
[ ] Blockchain contract: True
[ ] Debug              : False

[92m[-] The code does not contain SUICIDE instructions, hence it is not vulnerable[0m

====================================================================================================
[1m[ ] Compiling Solidity contract from the file /sb/0x9059f2f644402db18155b7917762823a58962397.sol ... [0m[92m Done [0m
[1m[ ] Connecting to PRIVATE blockchain emptychain  [0m.....[92m ESTABLISHED [0m
[1m[ ] Sending Ether to contract 0x9E536236ABF2288a7864C6A1AfaA4Cb98D464306  [0m.................................................................................................... tx[0] mined [92m Sent! [0m
[1m[ ] Deploying contract [0m[92m confirmed at address: 0x9E536236ABF2288a7864C6A1AfaA4Cb98D464306 [0m
[1m[ ] Contract code length on the blockchain : [0m [92m  86  : 0x739e536236abf2288a7864c6a1af... [0m
[1m[ ] Contract address saved in file: [0m[92m./out/SafeMathUpgradeable.address [0m
[1m[ ] The contract balance: 44  [0m[92m Positive balance[0m
[94m[ ] Check if contract is PRODIGAL[0m

[ ] Contract address   : 0x9E536236ABF2288a7864C6A1AfaA4Cb98D464306
[ ] Contract bytecode  : 739e536236abf2288a7864c6a1afaa4cb98d46430630146080...
[ ] Bytecode length    : 172
[ ] Blockchain contract: True
[ ] Debug              : False
[92m[+] The code does not have CALL/SUICIDE, hence it is not prodigal[0m

====================================================================================================
[1m[ ] Compiling Solidity contract from the file /sb/0x9059f2f644402db18155b7917762823a58962397.sol ... [0m[92m Done [0m
[1m[ ] Connecting to PRIVATE blockchain emptychain  [0m....[92m ESTABLISHED [0m
[1m[ ] Deploying contract [0m[92m confirmed at address: 0x9E536236ABF2288a7864C6A1AfaA4Cb98D464306 [0m
[1m[ ] Contract code length on the blockchain : [0m [92m  86  : 0x739e536236abf2288a7864c6a1af... [0m
[1m[ ] Contract address saved in file: [0m[92m./out/SafeMathUpgradeable.address [0m
[94m[ ] Check if contract is GREEDY[0m

[ ] Contract address   : 0x9E536236ABF2288a7864C6A1AfaA4Cb98D464306
[ ] Contract bytecode  : 739e536236abf2288a7864c6a1afaa4cb98d46430630146080...
[ ] Bytecode length    : 172
[ ] Debug              : False
[91m[-][0m [1mContract can receive Ether[0m

[92m[-] No lock vulnerability found because the contract cannot receive Ether [0m

====================================================================================================
[1m[ ] Compiling Solidity contract from the file /sb/0x9059f2f644402db18155b7917762823a58962397.sol ... [0m[92m Done [0m
[1m[ ] Connecting to PRIVATE blockchain emptychain  [0m.....[92m ESTABLISHED [0m
[1m[ ] Deploying contract [0m[92m confirmed at address: 0x9E536236ABF2288a7864C6A1AfaA4Cb98D464306 [0m
[1m[ ] Contract code length on the blockchain : [0m [92m  86  : 0x739e536236abf2288a7864c6a1af... [0m
[1m[ ] Contract address saved in file: [0m[92m./out/SafeToken.address [0m
[94m[ ] Check if contract is SUICIDAL[0m

[ ] Contract address   : 0x9E536236ABF2288a7864C6A1AfaA4Cb98D464306
[ ] Contract bytecode  : 739e536236abf2288a7864c6a1afaa4cb98d46430630146080...
[ ] Bytecode length    : 172
[ ] Blockchain contract: True
[ ] Debug              : False

[92m[-] The code does not contain SUICIDE instructions, hence it is not vulnerable[0m

====================================================================================================
[1m[ ] Compiling Solidity contract from the file /sb/0x9059f2f644402db18155b7917762823a58962397.sol ... [0m[92m Done [0m
[1m[ ] Connecting to PRIVATE blockchain emptychain  [0m.....[92m ESTABLISHED [0m
[1m[ ] Sending Ether to contract 0x9E536236ABF2288a7864C6A1AfaA4Cb98D464306  [0m..... tx[0] mined [92m Sent! [0m
[1m[ ] Deploying contract [0m[92m confirmed at address: 0x9E536236ABF2288a7864C6A1AfaA4Cb98D464306 [0m
[1m[ ] Contract code length on the blockchain : [0m [92m  86  : 0x739e536236abf2288a7864c6a1af... [0m
[1m[ ] Contract address saved in file: [0m[92m./out/SafeToken.address [0m
[1m[ ] The contract balance: 44  [0m[92m Positive balance[0m
[94m[ ] Check if contract is PRODIGAL[0m

[ ] Contract address   : 0x9E536236ABF2288a7864C6A1AfaA4Cb98D464306
[ ] Contract bytecode  : 739e536236abf2288a7864c6a1afaa4cb98d46430630146080...
[ ] Bytecode length    : 172
[ ] Blockchain contract: True
[ ] Debug              : False
[92m[+] The code does not have CALL/SUICIDE, hence it is not prodigal[0m

====================================================================================================
[1m[ ] Compiling Solidity contract from the file /sb/0x9059f2f644402db18155b7917762823a58962397.sol ... [0m[92m Done [0m
[1m[ ] Connecting to PRIVATE blockchain emptychain  [0m....[92m ESTABLISHED [0m
[1m[ ] Deploying contract [0m[92m confirmed at address: 0x9E536236ABF2288a7864C6A1AfaA4Cb98D464306 [0m
[1m[ ] Contract code length on the blockchain : [0m [92m  86  : 0x739e536236abf2288a7864c6a1af... [0m
[1m[ ] Contract address saved in file: [0m[92m./out/SafeToken.address [0m
[94m[ ] Check if contract is GREEDY[0m

[ ] Contract address   : 0x9E536236ABF2288a7864C6A1AfaA4Cb98D464306
[ ] Contract bytecode  : 739e536236abf2288a7864c6a1afaa4cb98d46430630146080...
[ ] Bytecode length    : 172
[ ] Debug              : False
[91m[-][0m [1mContract can receive Ether[0m

[92m[-] No lock vulnerability found because the contract cannot receive Ether [0m

====================================================================================================
[1m[ ] Compiling Solidity contract from the file /sb/0x9059f2f644402db18155b7917762823a58962397.sol ... [0m[92m Done [0m
[1m[ ] Connecting to PRIVATE blockchain emptychain  [0m....[92m ESTABLISHED [0m
[1m[ ] Deploying contract [0m[92m confirmed at address: 0x9E536236ABF2288a7864C6A1AfaA4Cb98D464306 [0m
[1m[ ] Contract code length on the blockchain : [0m [92m  10913  : 0x6080604052348015610010576000... [0m
[1m[ ] Contract address saved in file: [0m[92m./out/SwapUtils.address [0m
[94m[ ] Check if contract is SUICIDAL[0m

[ ] Contract address   : 0x9E536236ABF2288a7864C6A1AfaA4Cb98D464306
[ ] Contract bytecode  : 608060405234801561001057600080fd5b50600436106100b4...
[ ] Bytecode length    : 21826
[ ] Blockchain contract: True
[ ] Debug              : False

[92m[-] The code does not contain SUICIDE instructions, hence it is not vulnerable[0m

====================================================================================================
[1m[ ] Compiling Solidity contract from the file /sb/0x9059f2f644402db18155b7917762823a58962397.sol ... [0m[92m Done [0m
[1m[ ] Connecting to PRIVATE blockchain emptychain  [0m......[92m ESTABLISHED [0m
[1m[ ] Sending Ether to contract 0x9E536236ABF2288a7864C6A1AfaA4Cb98D464306  [0m..... tx[0] mined [92m Sent! [0m
[1m[ ] Deploying contract [0m[92m confirmed at address: 0x9E536236ABF2288a7864C6A1AfaA4Cb98D464306 [0m
[1m[ ] Contract code length on the blockchain : [0m [92m  10913  : 0x6080604052348015610010576000... [0m
[1m[ ] Contract address saved in file: [0m[92m./out/SwapUtils.address [0m
[1m[ ] The contract balance: 44  [0m[92m Positive balance[0m
[94m[ ] Check if contract is PRODIGAL[0m

[ ] Contract address   : 0x9E536236ABF2288a7864C6A1AfaA4Cb98D464306
[ ] Contract bytecode  : 608060405234801561001057600080fd5b50600436106100b4...
[ ] Bytecode length    : 21826
[ ] Blockchain contract: True
[ ] Debug              : False

[ ][1m Search with call depth: 1   : [0mUnknown operation  at pos 15

[ ][1m Search with call depth: 2   : [0mUnknown operation  at pos 15

[ ][1m Search with call depth: 3   : [0mUnknown operation  at pos 15

[92m[+] No prodigal vulnerability found [0m

====================================================================================================
[1m[ ] Compiling Solidity contract from the file /sb/0x9059f2f644402db18155b7917762823a58962397.sol ... [0m[92m Done [0m
[1m[ ] Connecting to PRIVATE blockchain emptychain  [0m....[92m ESTABLISHED [0m
[1m[ ] Deploying contract [0m[92m confirmed at address: 0x9E536236ABF2288a7864C6A1AfaA4Cb98D464306 [0m
[1m[ ] Contract code length on the blockchain : [0m [92m  10913  : 0x6080604052348015610010576000... [0m
[1m[ ] Contract address saved in file: [0m[92m./out/SwapUtils.address [0m
[94m[ ] Check if contract is GREEDY[0m

[ ] Contract address   : 0x9E536236ABF2288a7864C6A1AfaA4Cb98D464306
[ ] Contract bytecode  : 608060405234801561001057600080fd5b50600436106100b4...
[ ] Bytecode length    : 21826
[ ] Debug              : False
[91m[-][0m [1mContract can receive Ether[0m

[92m[-] No lock vulnerability found because the contract cannot receive Ether [0m

====================================================================================================
[1m[ ] Compiling Solidity contract from the file /sb/0x9059f2f644402db18155b7917762823a58962397.sol ... [0m[92m Done [0m
[1m[ ] Connecting to PRIVATE blockchain emptychain  [0m.....[92m ESTABLISHED [0m
[1m[ ] Deploying contract [0m[92m confirmed at address: 0x9E536236ABF2288a7864C6A1AfaA4Cb98D464306 [0m
[1m[ ] Contract code length on the blockchain : [0m [92m  2379  : 0x6080604052348015610010576000... [0m
[1m[ ] Contract address saved in file: [0m[92m./out/WhitelistUpgradeable.address [0m
[94m[ ] Check if contract is SUICIDAL[0m

[ ] Contract address   : 0x9E536236ABF2288a7864C6A1AfaA4Cb98D464306
[ ] Contract bytecode  : 608060405234801561001057600080fd5b5060043610610062...
[ ] Bytecode length    : 4758
[ ] Blockchain contract: True
[ ] Debug              : False

[92m[-] The code does not contain SUICIDE instructions, hence it is not vulnerable[0m

====================================================================================================
[1m[ ] Compiling Solidity contract from the file /sb/0x9059f2f644402db18155b7917762823a58962397.sol ... [0m[92m Done [0m
[1m[ ] Connecting to PRIVATE blockchain emptychain  [0m.....[92m ESTABLISHED [0m
[1m[ ] Sending Ether to contract 0x9E536236ABF2288a7864C6A1AfaA4Cb98D464306  [0m...... tx[0] mined [92m Sent! [0m
[1m[ ] Deploying contract [0m[92m confirmed at address: 0x9E536236ABF2288a7864C6A1AfaA4Cb98D464306 [0m
[1m[ ] Contract code length on the blockchain : [0m [92m  2379  : 0x6080604052348015610010576000... [0m
[1m[ ] Contract address saved in file: [0m[92m./out/WhitelistUpgradeable.address [0m
[1m[ ] The contract balance: 44  [0m[92m Positive balance[0m
[94m[ ] Check if contract is PRODIGAL[0m

[ ] Contract address   : 0x9E536236ABF2288a7864C6A1AfaA4Cb98D464306
[ ] Contract bytecode  : 608060405234801561001057600080fd5b5060043610610062...
[ ] Bytecode length    : 4758
[ ] Blockchain contract: True
[ ] Debug              : False
[92m[+] The code does not have CALL/SUICIDE, hence it is not prodigal[0m

====================================================================================================
[1m[ ] Compiling Solidity contract from the file /sb/0x9059f2f644402db18155b7917762823a58962397.sol ... [0m[92m Done [0m
[1m[ ] Connecting to PRIVATE blockchain emptychain  [0m....[92m ESTABLISHED [0m
[1m[ ] Deploying contract [0m[92m confirmed at address: 0x9E536236ABF2288a7864C6A1AfaA4Cb98D464306 [0m
[1m[ ] Contract code length on the blockchain : [0m [92m  2379  : 0x6080604052348015610010576000... [0m
[1m[ ] Contract address saved in file: [0m[92m./out/WhitelistUpgradeable.address [0m
[94m[ ] Check if contract is GREEDY[0m

[ ] Contract address   : 0x9E536236ABF2288a7864C6A1AfaA4Cb98D464306
[ ] Contract bytecode  : 608060405234801561001057600080fd5b5060043610610062...
[ ] Bytecode length    : 4758
[ ] Debug              : False
[91m[-][0m [1mContract can receive Ether[0m

[92m[-] No lock vulnerability found because the contract cannot receive Ether [0m
