[91m
GEtherBridge.withdraw(address,uint256,uint256) (../../sb/0x0efb384d843a191c02f5c4470d0f9ec0122a1c0b.sol#2768-2777) sends eth to arbitrary user
	Dangerous calls:
	- _from.transfer(_amount) (../../sb/0x0efb384d843a191c02f5c4470d0f9ec0122a1c0b.sol#2776)
Reference: https://github.com/crytic/slither/wiki/Detector-Documentation#functions-that-send-ether-to-arbitrary-destinations[0m
[91m
UniswapV2OracleLibrary.currentBlockTimestamp() (../../sb/0x0efb384d843a191c02f5c4470d0f9ec0122a1c0b.sol#1228-1230) uses a weak PRNG: "uint32(block.timestamp % 2 ** 32) (../../sb/0x0efb384d843a191c02f5c4470d0f9ec0122a1c0b.sol#1229)" 
Reference: https://github.com/crytic/slither/wiki/Detector-Documentation#weak-PRNG[0m
[93m
GElasticTokenManager.rebase(GElasticTokenManager.Self,uint256,uint256) (../../sb/0x0efb384d843a191c02f5c4470d0f9ec0122a1c0b.sol#784-809) performs a multiplication on the result of a division:
	-_delta = _deviation.div(_self.rebaseDampeningFactor) (../../sb/0x0efb384d843a191c02f5c4470d0f9ec0122a1c0b.sol#799)
	-_mintPercent = _delta.mul(_self.rebaseTreasuryMintPercent).div(1e18) (../../sb/0x0efb384d843a191c02f5c4470d0f9ec0122a1c0b.sol#803)
GElasticTokenManager.rebase(GElasticTokenManager.Self,uint256,uint256) (../../sb/0x0efb384d843a191c02f5c4470d0f9ec0122a1c0b.sol#784-809) performs a multiplication on the result of a division:
	-_mintPercent = _delta.mul(_self.rebaseTreasuryMintPercent).div(1e18) (../../sb/0x0efb384d843a191c02f5c4470d0f9ec0122a1c0b.sol#803)
	-_mintAmount = _totalSupply.mul(_mintPercent).div(1e18) (../../sb/0x0efb384d843a191c02f5c4470d0f9ec0122a1c0b.sol#805)
FullMath.fullDiv(uint256,uint256,uint256) (../../sb/0x0efb384d843a191c02f5c4470d0f9ec0122a1c0b.sol#834-853) performs a multiplication on the result of a division:
	-d /= pow2 (../../sb/0x0efb384d843a191c02f5c4470d0f9ec0122a1c0b.sol#840)
	-r *= 2 - d * r (../../sb/0x0efb384d843a191c02f5c4470d0f9ec0122a1c0b.sol#844)
FullMath.fullDiv(uint256,uint256,uint256) (../../sb/0x0efb384d843a191c02f5c4470d0f9ec0122a1c0b.sol#834-853) performs a multiplication on the result of a division:
	-d /= pow2 (../../sb/0x0efb384d843a191c02f5c4470d0f9ec0122a1c0b.sol#840)
	-r *= 2 - d * r (../../sb/0x0efb384d843a191c02f5c4470d0f9ec0122a1c0b.sol#845)
FullMath.fullDiv(uint256,uint256,uint256) (../../sb/0x0efb384d843a191c02f5c4470d0f9ec0122a1c0b.sol#834-853) performs a multiplication on the result of a division:
	-d /= pow2 (../../sb/0x0efb384d843a191c02f5c4470d0f9ec0122a1c0b.sol#840)
	-r *= 2 - d * r (../../sb/0x0efb384d843a191c02f5c4470d0f9ec0122a1c0b.sol#846)
FullMath.fullDiv(uint256,uint256,uint256) (../../sb/0x0efb384d843a191c02f5c4470d0f9ec0122a1c0b.sol#834-853) performs a multiplication on the result of a division:
	-d /= pow2 (../../sb/0x0efb384d843a191c02f5c4470d0f9ec0122a1c0b.sol#840)
	-r *= 2 - d * r (../../sb/0x0efb384d843a191c02f5c4470d0f9ec0122a1c0b.sol#847)
FullMath.fullDiv(uint256,uint256,uint256) (../../sb/0x0efb384d843a191c02f5c4470d0f9ec0122a1c0b.sol#834-853) performs a multiplication on the result of a division:
	-d /= pow2 (../../sb/0x0efb384d843a191c02f5c4470d0f9ec0122a1c0b.sol#840)
	-r *= 2 - d * r (../../sb/0x0efb384d843a191c02f5c4470d0f9ec0122a1c0b.sol#848)
FullMath.fullDiv(uint256,uint256,uint256) (../../sb/0x0efb384d843a191c02f5c4470d0f9ec0122a1c0b.sol#834-853) performs a multiplication on the result of a division:
	-d /= pow2 (../../sb/0x0efb384d843a191c02f5c4470d0f9ec0122a1c0b.sol#840)
	-r *= 2 - d * r (../../sb/0x0efb384d843a191c02f5c4470d0f9ec0122a1c0b.sol#849)
FullMath.fullDiv(uint256,uint256,uint256) (../../sb/0x0efb384d843a191c02f5c4470d0f9ec0122a1c0b.sol#834-853) performs a multiplication on the result of a division:
	-d /= pow2 (../../sb/0x0efb384d843a191c02f5c4470d0f9ec0122a1c0b.sol#840)
	-r *= 2 - d * r (../../sb/0x0efb384d843a191c02f5c4470d0f9ec0122a1c0b.sol#850)
FullMath.fullDiv(uint256,uint256,uint256) (../../sb/0x0efb384d843a191c02f5c4470d0f9ec0122a1c0b.sol#834-853) performs a multiplication on the result of a division:
	-d /= pow2 (../../sb/0x0efb384d843a191c02f5c4470d0f9ec0122a1c0b.sol#840)
	-r *= 2 - d * r (../../sb/0x0efb384d843a191c02f5c4470d0f9ec0122a1c0b.sol#851)
FullMath.fullDiv(uint256,uint256,uint256) (../../sb/0x0efb384d843a191c02f5c4470d0f9ec0122a1c0b.sol#834-853) performs a multiplication on the result of a division:
	-l /= pow2 (../../sb/0x0efb384d843a191c02f5c4470d0f9ec0122a1c0b.sol#841)
	-l * r (../../sb/0x0efb384d843a191c02f5c4470d0f9ec0122a1c0b.sol#852)
GLPMiningToken._calcFees() (../../sb/0x0efb384d843a191c02f5c4470d0f9ec0122a1c0b.sol#2641-2661) performs a multiplication on the result of a division:
	-_profitCost = _positive.sub(_negative).div(_oldTotalSupply) (../../sb/0x0efb384d843a191c02f5c4470d0f9ec0122a1c0b.sol#2655)
	-_feeCost = _profitCost.mul(performanceFee).div(1e18) (../../sb/0x0efb384d843a191c02f5c4470d0f9ec0122a1c0b.sol#2656)
Reference: https://github.com/crytic/slither/wiki/Detector-Documentation#divide-before-multiply[0m
[93m
Reentrancy in GLPMiningToken.deposit(uint256) (../../sb/0x0efb384d843a191c02f5c4470d0f9ec0122a1c0b.sol#2538-2544):
	External calls:
	- Transfers._pullFunds(reserveToken,_from,_cost) (../../sb/0x0efb384d843a191c02f5c4470d0f9ec0122a1c0b.sol#2542)
	State variables written after the call(s):
	- _mint(_from,_shares) (../../sb/0x0efb384d843a191c02f5c4470d0f9ec0122a1c0b.sol#2543)
		- _totalSupply = _totalSupply.add(amount) (../../sb/0x0efb384d843a191c02f5c4470d0f9ec0122a1c0b.sol#1899)
Reentrancy in GLPMiningToken.depositToken(address,uint256,uint256) (../../sb/0x0efb384d843a191c02f5c4470d0f9ec0122a1c0b.sol#2554-2562):
	External calls:
	- Transfers._pullFunds(_token,_from,_amount) (../../sb/0x0efb384d843a191c02f5c4470d0f9ec0122a1c0b.sol#2558)
	- _cost = UniswapV2LiquidityPoolAbstraction._joinPool(reserveToken,_token,_amount,_minCost) (../../sb/0x0efb384d843a191c02f5c4470d0f9ec0122a1c0b.sol#2559)
	State variables written after the call(s):
	- _mint(_from,_shares) (../../sb/0x0efb384d843a191c02f5c4470d0f9ec0122a1c0b.sol#2561)
		- _totalSupply = _totalSupply.add(amount) (../../sb/0x0efb384d843a191c02f5c4470d0f9ec0122a1c0b.sol#1899)
Reentrancy in GLPMiningToken.gulpRewards(uint256) (../../sb/0x0efb384d843a191c02f5c4470d0f9ec0122a1c0b.sol#2573-2578):
	External calls:
	- UniswapV2LiquidityPoolAbstraction._joinPool(reserveToken,rewardsToken,lastUnlockedReward,_minCost) (../../sb/0x0efb384d843a191c02f5c4470d0f9ec0122a1c0b.sol#2576)
	State variables written after the call(s):
	- lastUnlockedReward = 0 (../../sb/0x0efb384d843a191c02f5c4470d0f9ec0122a1c0b.sol#2577)
Reentrancy in GLPMiningToken.withdraw(uint256) (../../sb/0x0efb384d843a191c02f5c4470d0f9ec0122a1c0b.sol#2546-2552):
	External calls:
	- Transfers._pushFunds(reserveToken,_from,_cost) (../../sb/0x0efb384d843a191c02f5c4470d0f9ec0122a1c0b.sol#2550)
	State variables written after the call(s):
	- _burn(_from,_shares) (../../sb/0x0efb384d843a191c02f5c4470d0f9ec0122a1c0b.sol#2551)
		- _totalSupply = _totalSupply.sub(amount) (../../sb/0x0efb384d843a191c02f5c4470d0f9ec0122a1c0b.sol#1921)
Reentrancy in GLPMiningToken.withdrawToken(address,uint256,uint256) (../../sb/0x0efb384d843a191c02f5c4470d0f9ec0122a1c0b.sol#2564-2571):
	External calls:
	- _amount = UniswapV2LiquidityPoolAbstraction._exitPool(reserveToken,_token,_cost,_minAmount) (../../sb/0x0efb384d843a191c02f5c4470d0f9ec0122a1c0b.sol#2568)
	- Transfers._pushFunds(_token,_from,_amount) (../../sb/0x0efb384d843a191c02f5c4470d0f9ec0122a1c0b.sol#2569)
	State variables written after the call(s):
	- _burn(_from,_shares) (../../sb/0x0efb384d843a191c02f5c4470d0f9ec0122a1c0b.sol#2570)
		- _totalSupply = _totalSupply.sub(amount) (../../sb/0x0efb384d843a191c02f5c4470d0f9ec0122a1c0b.sol#1921)
Reference: https://github.com/crytic/slither/wiki/Detector-Documentation#reentrancy-vulnerabilities-1[0m
[93m
GLPMiningToken.gulpRewards(uint256) (../../sb/0x0efb384d843a191c02f5c4470d0f9ec0122a1c0b.sol#2573-2578) ignores return value by UniswapV2LiquidityPoolAbstraction._joinPool(reserveToken,rewardsToken,lastUnlockedReward,_minCost) (../../sb/0x0efb384d843a191c02f5c4470d0f9ec0122a1c0b.sol#2576)
Reference: https://github.com/crytic/slither/wiki/Detector-Documentation#unused-return[0m
[92m
GLPMiningToken.constructor(string,string,uint8,address,address)._name (../../sb/0x0efb384d843a191c02f5c4470d0f9ec0122a1c0b.sol#2481) shadows:
	- ERC20._name (../../sb/0x0efb384d843a191c02f5c4470d0f9ec0122a1c0b.sol#1708) (state variable)
GLPMiningToken.constructor(string,string,uint8,address,address)._symbol (../../sb/0x0efb384d843a191c02f5c4470d0f9ec0122a1c0b.sol#2481) shadows:
	- ERC20._symbol (../../sb/0x0efb384d843a191c02f5c4470d0f9ec0122a1c0b.sol#1709) (state variable)
GLPMiningToken.constructor(string,string,uint8,address,address)._decimals (../../sb/0x0efb384d843a191c02f5c4470d0f9ec0122a1c0b.sol#2481) shadows:
	- ERC20._decimals (../../sb/0x0efb384d843a191c02f5c4470d0f9ec0122a1c0b.sol#1710) (state variable)
Reference: https://github.com/crytic/slither/wiki/Detector-Documentation#local-variable-shadowing[0m
[92m
GEtherBridge.withdraw(address,uint256,uint256)._from (../../sb/0x0efb384d843a191c02f5c4470d0f9ec0122a1c0b.sol#2770) lacks a zero-check on :
		- _from.transfer(_amount) (../../sb/0x0efb384d843a191c02f5c4470d0f9ec0122a1c0b.sol#2776)
GLPMiningToken.constructor(string,string,uint8,address,address)._treasury (../../sb/0x0efb384d843a191c02f5c4470d0f9ec0122a1c0b.sol#2484) lacks a zero-check on :
		- treasury = _treasury (../../sb/0x0efb384d843a191c02f5c4470d0f9ec0122a1c0b.sol#2491)
Reference: https://github.com/crytic/slither/wiki/Detector-Documentation#missing-zero-address-validation[0m
[92m
Reentrancy in GLPMiningToken.deposit(uint256) (../../sb/0x0efb384d843a191c02f5c4470d0f9ec0122a1c0b.sol#2538-2544):
	External calls:
	- Transfers._pullFunds(reserveToken,_from,_cost) (../../sb/0x0efb384d843a191c02f5c4470d0f9ec0122a1c0b.sol#2542)
	State variables written after the call(s):
	- _mint(_from,_shares) (../../sb/0x0efb384d843a191c02f5c4470d0f9ec0122a1c0b.sol#2543)
		- _balances[account] = _balances[account].add(amount) (../../sb/0x0efb384d843a191c02f5c4470d0f9ec0122a1c0b.sol#1900)
Reentrancy in GLPMiningToken.depositToken(address,uint256,uint256) (../../sb/0x0efb384d843a191c02f5c4470d0f9ec0122a1c0b.sol#2554-2562):
	External calls:
	- Transfers._pullFunds(_token,_from,_amount) (../../sb/0x0efb384d843a191c02f5c4470d0f9ec0122a1c0b.sol#2558)
	- _cost = UniswapV2LiquidityPoolAbstraction._joinPool(reserveToken,_token,_amount,_minCost) (../../sb/0x0efb384d843a191c02f5c4470d0f9ec0122a1c0b.sol#2559)
	State variables written after the call(s):
	- _mint(_from,_shares) (../../sb/0x0efb384d843a191c02f5c4470d0f9ec0122a1c0b.sol#2561)
		- _balances[account] = _balances[account].add(amount) (../../sb/0x0efb384d843a191c02f5c4470d0f9ec0122a1c0b.sol#1900)
Reentrancy in GLPMiningToken.withdraw(uint256) (../../sb/0x0efb384d843a191c02f5c4470d0f9ec0122a1c0b.sol#2546-2552):
	External calls:
	- Transfers._pushFunds(reserveToken,_from,_cost) (../../sb/0x0efb384d843a191c02f5c4470d0f9ec0122a1c0b.sol#2550)
	State variables written after the call(s):
	- _burn(_from,_shares) (../../sb/0x0efb384d843a191c02f5c4470d0f9ec0122a1c0b.sol#2551)
		- _balances[account] = _balances[account].sub(amount,ERC20: burn amount exceeds balance) (../../sb/0x0efb384d843a191c02f5c4470d0f9ec0122a1c0b.sol#1920)
Reentrancy in GLPMiningToken.withdrawToken(address,uint256,uint256) (../../sb/0x0efb384d843a191c02f5c4470d0f9ec0122a1c0b.sol#2564-2571):
	External calls:
	- _amount = UniswapV2LiquidityPoolAbstraction._exitPool(reserveToken,_token,_cost,_minAmount) (../../sb/0x0efb384d843a191c02f5c4470d0f9ec0122a1c0b.sol#2568)
	- Transfers._pushFunds(_token,_from,_amount) (../../sb/0x0efb384d843a191c02f5c4470d0f9ec0122a1c0b.sol#2569)
	State variables written after the call(s):
	- _burn(_from,_shares) (../../sb/0x0efb384d843a191c02f5c4470d0f9ec0122a1c0b.sol#2570)
		- _balances[account] = _balances[account].sub(amount,ERC20: burn amount exceeds balance) (../../sb/0x0efb384d843a191c02f5c4470d0f9ec0122a1c0b.sol#1920)
Reference: https://github.com/crytic/slither/wiki/Detector-Documentation#reentrancy-vulnerabilities-2[0m
[92m
Reentrancy in GLPMiningToken.deposit(uint256) (../../sb/0x0efb384d843a191c02f5c4470d0f9ec0122a1c0b.sol#2538-2544):
	External calls:
	- Transfers._pullFunds(reserveToken,_from,_cost) (../../sb/0x0efb384d843a191c02f5c4470d0f9ec0122a1c0b.sol#2542)
	Event emitted after the call(s):
	- Transfer(address(0),account,amount) (../../sb/0x0efb384d843a191c02f5c4470d0f9ec0122a1c0b.sol#1901)
		- _mint(_from,_shares) (../../sb/0x0efb384d843a191c02f5c4470d0f9ec0122a1c0b.sol#2543)
Reentrancy in GLPMiningToken.depositToken(address,uint256,uint256) (../../sb/0x0efb384d843a191c02f5c4470d0f9ec0122a1c0b.sol#2554-2562):
	External calls:
	- Transfers._pullFunds(_token,_from,_amount) (../../sb/0x0efb384d843a191c02f5c4470d0f9ec0122a1c0b.sol#2558)
	- _cost = UniswapV2LiquidityPoolAbstraction._joinPool(reserveToken,_token,_amount,_minCost) (../../sb/0x0efb384d843a191c02f5c4470d0f9ec0122a1c0b.sol#2559)
	Event emitted after the call(s):
	- Transfer(address(0),account,amount) (../../sb/0x0efb384d843a191c02f5c4470d0f9ec0122a1c0b.sol#1901)
		- _mint(_from,_shares) (../../sb/0x0efb384d843a191c02f5c4470d0f9ec0122a1c0b.sol#2561)
Reentrancy in GLPMiningToken.withdraw(uint256) (../../sb/0x0efb384d843a191c02f5c4470d0f9ec0122a1c0b.sol#2546-2552):
	External calls:
	- Transfers._pushFunds(reserveToken,_from,_cost) (../../sb/0x0efb384d843a191c02f5c4470d0f9ec0122a1c0b.sol#2550)
	Event emitted after the call(s):
	- Transfer(account,address(0),amount) (../../sb/0x0efb384d843a191c02f5c4470d0f9ec0122a1c0b.sol#1922)
		- _burn(_from,_shares) (../../sb/0x0efb384d843a191c02f5c4470d0f9ec0122a1c0b.sol#2551)
Reentrancy in GLPMiningToken.withdrawToken(address,uint256,uint256) (../../sb/0x0efb384d843a191c02f5c4470d0f9ec0122a1c0b.sol#2564-2571):
	External calls:
	- _amount = UniswapV2LiquidityPoolAbstraction._exitPool(reserveToken,_token,_cost,_minAmount) (../../sb/0x0efb384d843a191c02f5c4470d0f9ec0122a1c0b.sol#2568)
	- Transfers._pushFunds(_token,_from,_amount) (../../sb/0x0efb384d843a191c02f5c4470d0f9ec0122a1c0b.sol#2569)
	Event emitted after the call(s):
	- Transfer(account,address(0),amount) (../../sb/0x0efb384d843a191c02f5c4470d0f9ec0122a1c0b.sol#1922)
		- _burn(_from,_shares) (../../sb/0x0efb384d843a191c02f5c4470d0f9ec0122a1c0b.sol#2570)
Reference: https://github.com/crytic/slither/wiki/Detector-Documentation#reentrancy-vulnerabilities-3[0m
[92m
GElasticTokenManager.activateRebase(GElasticTokenManager.Self) (../../sb/0x0efb384d843a191c02f5c4470d0f9ec0122a1c0b.sol#739-744) uses timestamp for comparisons
	Dangerous comparisons:
	- require(bool,string)(! _self.rebaseActive,already active) (../../sb/0x0efb384d843a191c02f5c4470d0f9ec0122a1c0b.sol#741)
GElasticTokenManager.rebase(GElasticTokenManager.Self,uint256,uint256) (../../sb/0x0efb384d843a191c02f5c4470d0f9ec0122a1c0b.sol#784-809) uses timestamp for comparisons
	Dangerous comparisons:
	- require(bool,string)(_self._rebaseAvailable(),not available) (../../sb/0x0efb384d843a191c02f5c4470d0f9ec0122a1c0b.sol#786)
	- _deviation < _self.rebaseMinimumDeviation (../../sb/0x0efb384d843a191c02f5c4470d0f9ec0122a1c0b.sol#794)
GElasticTokenManager._rebaseAvailable(GElasticTokenManager.Self) (../../sb/0x0efb384d843a191c02f5c4470d0f9ec0122a1c0b.sol#811-817) uses timestamp for comparisons
	Dangerous comparisons:
	- now < _self.lastRebaseTime.add(_self.rebaseMinimumInterval) (../../sb/0x0efb384d843a191c02f5c4470d0f9ec0122a1c0b.sol#814)
	- _self.rebaseWindowOffset <= _offset && _offset < _self.rebaseWindowOffset.add(_self.rebaseWindowLength) (../../sb/0x0efb384d843a191c02f5c4470d0f9ec0122a1c0b.sol#816)
UniswapV2OracleLibrary.currentCumulativePrices(address) (../../sb/0x0efb384d843a191c02f5c4470d0f9ec0122a1c0b.sol#1233-1251) uses timestamp for comparisons
	Dangerous comparisons:
	- blockTimestampLast != blockTimestamp (../../sb/0x0efb384d843a191c02f5c4470d0f9ec0122a1c0b.sol#1242)
Reference: https://github.com/crytic/slither/wiki/Detector-Documentation#block-timestamp[0m
[92m
Executor._externalCall(address,bytes) (../../sb/0x0efb384d843a191c02f5c4470d0f9ec0122a1c0b.sol#627-632) uses assembly
	- INLINE ASM (../../sb/0x0efb384d843a191c02f5c4470d0f9ec0122a1c0b.sol#629-631)
Address.isContract(address) (../../sb/0x0efb384d843a191c02f5c4470d0f9ec0122a1c0b.sol#2042-2051) uses assembly
	- INLINE ASM (../../sb/0x0efb384d843a191c02f5c4470d0f9ec0122a1c0b.sol#2049)
Address._verifyCallResult(bool,bytes,string) (../../sb/0x0efb384d843a191c02f5c4470d0f9ec0122a1c0b.sol#2163-2180) uses assembly
	- INLINE ASM (../../sb/0x0efb384d843a191c02f5c4470d0f9ec0122a1c0b.sol#2172-2175)
Reference: https://github.com/crytic/slither/wiki/Detector-Documentation#assembly-usage[0m
[92m
Address.functionCall(address,bytes) (../../sb/0x0efb384d843a191c02f5c4470d0f9ec0122a1c0b.sol#2095-2097) is never used and should be removed
Address.functionCallWithValue(address,bytes,uint256) (../../sb/0x0efb384d843a191c02f5c4470d0f9ec0122a1c0b.sol#2120-2122) is never used and should be removed
Address.functionStaticCall(address,bytes) (../../sb/0x0efb384d843a191c02f5c4470d0f9ec0122a1c0b.sol#2145-2147) is never used and should be removed
Address.functionStaticCall(address,bytes,string) (../../sb/0x0efb384d843a191c02f5c4470d0f9ec0122a1c0b.sol#2155-2161) is never used and should be removed
Address.sendValue(address,uint256) (../../sb/0x0efb384d843a191c02f5c4470d0f9ec0122a1c0b.sol#2069-2075) is never used and should be removed
BitMath.leastSignificantBit(uint256) (../../sb/0x0efb384d843a191c02f5c4470d0f9ec0122a1c0b.sol#972-1012) is never used and should be removed
BitMath.mostSignificantBit(uint256) (../../sb/0x0efb384d843a191c02f5c4470d0f9ec0122a1c0b.sol#935-967) is never used and should be removed
Context._msgData() (../../sb/0x0efb384d843a191c02f5c4470d0f9ec0122a1c0b.sol#23-26) is never used and should be removed
ElasticERC20._burn(address,uint256) (../../sb/0x0efb384d843a191c02f5c4470d0f9ec0122a1c0b.sol#530-538) is never used and should be removed
FixedPoint.decode(FixedPoint.uq112x112) (../../sb/0x0efb384d843a191c02f5c4470d0f9ec0122a1c0b.sol#1052-1054) is never used and should be removed
FixedPoint.divuq(FixedPoint.uq112x112,FixedPoint.uq112x112) (../../sb/0x0efb384d843a191c02f5c4470d0f9ec0122a1c0b.sol#1107-1121) is never used and should be removed
FixedPoint.encode(uint112) (../../sb/0x0efb384d843a191c02f5c4470d0f9ec0122a1c0b.sol#1042-1044) is never used and should be removed
FixedPoint.encode144(uint144) (../../sb/0x0efb384d843a191c02f5c4470d0f9ec0122a1c0b.sol#1047-1049) is never used and should be removed
FixedPoint.muli(FixedPoint.uq112x112,int256) (../../sb/0x0efb384d843a191c02f5c4470d0f9ec0122a1c0b.sol#1071-1075) is never used and should be removed
FixedPoint.muluq(FixedPoint.uq112x112,FixedPoint.uq112x112) (../../sb/0x0efb384d843a191c02f5c4470d0f9ec0122a1c0b.sol#1079-1104) is never used and should be removed
FixedPoint.reciprocal(FixedPoint.uq112x112) (../../sb/0x0efb384d843a191c02f5c4470d0f9ec0122a1c0b.sol#1143-1147) is never used and should be removed
FixedPoint.sqrt(FixedPoint.uq112x112) (../../sb/0x0efb384d843a191c02f5c4470d0f9ec0122a1c0b.sol#1151-1159) is never used and should be removed
Math._max(uint256,uint256) (../../sb/0x0efb384d843a191c02f5c4470d0f9ec0122a1c0b.sol#1422-1425) is never used and should be removed
SafeERC20.safeApprove(IERC20,address,uint256) (../../sb/0x0efb384d843a191c02f5c4470d0f9ec0122a1c0b.sol#2219-2228) is never used and should be removed
Reference: https://github.com/crytic/slither/wiki/Detector-Documentation#dead-code[0m
[92m
Low level call in Address.sendValue(address,uint256) (../../sb/0x0efb384d843a191c02f5c4470d0f9ec0122a1c0b.sol#2069-2075):
	- (success) = recipient.call{value: amount}() (../../sb/0x0efb384d843a191c02f5c4470d0f9ec0122a1c0b.sol#2073)
Low level call in Address.functionCallWithValue(address,bytes,uint256,string) (../../sb/0x0efb384d843a191c02f5c4470d0f9ec0122a1c0b.sol#2130-2137):
	- (success,returndata) = target.call{value: value}(data) (../../sb/0x0efb384d843a191c02f5c4470d0f9ec0122a1c0b.sol#2135)
Low level call in Address.functionStaticCall(address,bytes,string) (../../sb/0x0efb384d843a191c02f5c4470d0f9ec0122a1c0b.sol#2155-2161):
	- (success,returndata) = target.staticcall(data) (../../sb/0x0efb384d843a191c02f5c4470d0f9ec0122a1c0b.sol#2159)
Reference: https://github.com/crytic/slither/wiki/Detector-Documentation#low-level-calls[0m
[92m
Parameter ElasticERC20.balanceOf(address)._account (../../sb/0x0efb384d843a191c02f5c4470d0f9ec0122a1c0b.sol#458) is not in mixedCase
Parameter ElasticERC20.allowance(address,address)._owner (../../sb/0x0efb384d843a191c02f5c4470d0f9ec0122a1c0b.sol#463) is not in mixedCase
Parameter ElasticERC20.allowance(address,address)._spender (../../sb/0x0efb384d843a191c02f5c4470d0f9ec0122a1c0b.sol#463) is not in mixedCase
Parameter ElasticERC20.approve(address,uint256)._spender (../../sb/0x0efb384d843a191c02f5c4470d0f9ec0122a1c0b.sol#468) is not in mixedCase
Parameter ElasticERC20.approve(address,uint256)._amount (../../sb/0x0efb384d843a191c02f5c4470d0f9ec0122a1c0b.sol#468) is not in mixedCase
Parameter ElasticERC20.increaseAllowance(address,uint256)._spender (../../sb/0x0efb384d843a191c02f5c4470d0f9ec0122a1c0b.sol#474) is not in mixedCase
Parameter ElasticERC20.increaseAllowance(address,uint256)._addedValue (../../sb/0x0efb384d843a191c02f5c4470d0f9ec0122a1c0b.sol#474) is not in mixedCase
Parameter ElasticERC20.decreaseAllowance(address,uint256)._spender (../../sb/0x0efb384d843a191c02f5c4470d0f9ec0122a1c0b.sol#480) is not in mixedCase
Parameter ElasticERC20.decreaseAllowance(address,uint256)._subtractedValue (../../sb/0x0efb384d843a191c02f5c4470d0f9ec0122a1c0b.sol#480) is not in mixedCase
Parameter ElasticERC20.transfer(address,uint256)._recipient (../../sb/0x0efb384d843a191c02f5c4470d0f9ec0122a1c0b.sol#486) is not in mixedCase
Parameter ElasticERC20.transfer(address,uint256)._amount (../../sb/0x0efb384d843a191c02f5c4470d0f9ec0122a1c0b.sol#486) is not in mixedCase
Parameter ElasticERC20.transferFrom(address,address,uint256)._sender (../../sb/0x0efb384d843a191c02f5c4470d0f9ec0122a1c0b.sol#492) is not in mixedCase
Parameter ElasticERC20.transferFrom(address,address,uint256)._recipient (../../sb/0x0efb384d843a191c02f5c4470d0f9ec0122a1c0b.sol#492) is not in mixedCase
Parameter ElasticERC20.transferFrom(address,address,uint256)._amount (../../sb/0x0efb384d843a191c02f5c4470d0f9ec0122a1c0b.sol#492) is not in mixedCase
Parameter ElasticERC20.unscaledBalanceOf(address)._account (../../sb/0x0efb384d843a191c02f5c4470d0f9ec0122a1c0b.sol#553) is not in mixedCase
Parameter Executor.addTarget(Executor.Target[],address,bytes)._targets (../../sb/0x0efb384d843a191c02f5c4470d0f9ec0122a1c0b.sol#606) is not in mixedCase
Parameter Executor.addTarget(Executor.Target[],address,bytes)._to (../../sb/0x0efb384d843a191c02f5c4470d0f9ec0122a1c0b.sol#606) is not in mixedCase
Parameter Executor.addTarget(Executor.Target[],address,bytes)._data (../../sb/0x0efb384d843a191c02f5c4470d0f9ec0122a1c0b.sol#606) is not in mixedCase
Parameter Executor.removeTarget(Executor.Target[],uint256)._targets (../../sb/0x0efb384d843a191c02f5c4470d0f9ec0122a1c0b.sol#611) is not in mixedCase
Parameter Executor.removeTarget(Executor.Target[],uint256)._index (../../sb/0x0efb384d843a191c02f5c4470d0f9ec0122a1c0b.sol#611) is not in mixedCase
Parameter Executor.executeAll(Executor.Target[])._targets (../../sb/0x0efb384d843a191c02f5c4470d0f9ec0122a1c0b.sol#618) is not in mixedCase
Parameter GElasticTokenManager.init(GElasticTokenManager.Self,address)._self (../../sb/0x0efb384d843a191c02f5c4470d0f9ec0122a1c0b.sol#722) is not in mixedCase
Parameter GElasticTokenManager.init(GElasticTokenManager.Self,address)._treasury (../../sb/0x0efb384d843a191c02f5c4470d0f9ec0122a1c0b.sol#722) is not in mixedCase
Parameter GElasticTokenManager.activateRebase(GElasticTokenManager.Self)._self (../../sb/0x0efb384d843a191c02f5c4470d0f9ec0122a1c0b.sol#739) is not in mixedCase
Parameter GElasticTokenManager.setTreasury(GElasticTokenManager.Self,address)._self (../../sb/0x0efb384d843a191c02f5c4470d0f9ec0122a1c0b.sol#746) is not in mixedCase
Parameter GElasticTokenManager.setTreasury(GElasticTokenManager.Self,address)._treasury (../../sb/0x0efb384d843a191c02f5c4470d0f9ec0122a1c0b.sol#746) is not in mixedCase
Parameter GElasticTokenManager.setRebaseMinimumDeviation(GElasticTokenManager.Self,uint256)._self (../../sb/0x0efb384d843a191c02f5c4470d0f9ec0122a1c0b.sol#752) is not in mixedCase
Parameter GElasticTokenManager.setRebaseMinimumDeviation(GElasticTokenManager.Self,uint256)._rebaseMinimumDeviation (../../sb/0x0efb384d843a191c02f5c4470d0f9ec0122a1c0b.sol#752) is not in mixedCase
Parameter GElasticTokenManager.setRebaseDampeningFactor(GElasticTokenManager.Self,uint256)._self (../../sb/0x0efb384d843a191c02f5c4470d0f9ec0122a1c0b.sol#758) is not in mixedCase
Parameter GElasticTokenManager.setRebaseDampeningFactor(GElasticTokenManager.Self,uint256)._rebaseDampeningFactor (../../sb/0x0efb384d843a191c02f5c4470d0f9ec0122a1c0b.sol#758) is not in mixedCase
Parameter GElasticTokenManager.setRebaseTreasuryMintPercent(GElasticTokenManager.Self,uint256)._self (../../sb/0x0efb384d843a191c02f5c4470d0f9ec0122a1c0b.sol#764) is not in mixedCase
Parameter GElasticTokenManager.setRebaseTreasuryMintPercent(GElasticTokenManager.Self,uint256)._rebaseTreasuryMintPercent (../../sb/0x0efb384d843a191c02f5c4470d0f9ec0122a1c0b.sol#764) is not in mixedCase
Parameter GElasticTokenManager.setRebaseTimingParameters(GElasticTokenManager.Self,uint256,uint256,uint256)._self (../../sb/0x0efb384d843a191c02f5c4470d0f9ec0122a1c0b.sol#770) is not in mixedCase
Parameter GElasticTokenManager.setRebaseTimingParameters(GElasticTokenManager.Self,uint256,uint256,uint256)._rebaseMinimumInterval (../../sb/0x0efb384d843a191c02f5c4470d0f9ec0122a1c0b.sol#770) is not in mixedCase
Parameter GElasticTokenManager.setRebaseTimingParameters(GElasticTokenManager.Self,uint256,uint256,uint256)._rebaseWindowOffset (../../sb/0x0efb384d843a191c02f5c4470d0f9ec0122a1c0b.sol#770) is not in mixedCase
Parameter GElasticTokenManager.setRebaseTimingParameters(GElasticTokenManager.Self,uint256,uint256,uint256)._rebaseWindowLength (../../sb/0x0efb384d843a191c02f5c4470d0f9ec0122a1c0b.sol#770) is not in mixedCase
Parameter GElasticTokenManager.rebaseAvailable(GElasticTokenManager.Self)._self (../../sb/0x0efb384d843a191c02f5c4470d0f9ec0122a1c0b.sol#779) is not in mixedCase
Parameter GElasticTokenManager.rebase(GElasticTokenManager.Self,uint256,uint256)._self (../../sb/0x0efb384d843a191c02f5c4470d0f9ec0122a1c0b.sol#784) is not in mixedCase
Parameter GElasticTokenManager.rebase(GElasticTokenManager.Self,uint256,uint256)._exchangeRate (../../sb/0x0efb384d843a191c02f5c4470d0f9ec0122a1c0b.sol#784) is not in mixedCase
Parameter GElasticTokenManager.rebase(GElasticTokenManager.Self,uint256,uint256)._totalSupply (../../sb/0x0efb384d843a191c02f5c4470d0f9ec0122a1c0b.sol#784) is not in mixedCase
Struct FixedPoint.uq112x112 (../../sb/0x0efb384d843a191c02f5c4470d0f9ec0122a1c0b.sol#1026-1028) is not in CapWords
Struct FixedPoint.uq144x112 (../../sb/0x0efb384d843a191c02f5c4470d0f9ec0122a1c0b.sol#1032-1034) is not in CapWords
Function IUniswapV2Pair.DOMAIN_SEPARATOR() (../../sb/0x0efb384d843a191c02f5c4470d0f9ec0122a1c0b.sol#1181) is not in mixedCase
Function IUniswapV2Pair.PERMIT_TYPEHASH() (../../sb/0x0efb384d843a191c02f5c4470d0f9ec0122a1c0b.sol#1182) is not in mixedCase
Function IUniswapV2Pair.MINIMUM_LIQUIDITY() (../../sb/0x0efb384d843a191c02f5c4470d0f9ec0122a1c0b.sol#1199) is not in mixedCase
Function Router01.WETH() (../../sb/0x0efb384d843a191c02f5c4470d0f9ec0122a1c0b.sol#1285) is not in mixedCase
Parameter GPriceOracle.init(GPriceOracle.Self)._self (../../sb/0x0efb384d843a191c02f5c4470d0f9ec0122a1c0b.sol#1327) is not in mixedCase
Parameter GPriceOracle.active(GPriceOracle.Self)._self (../../sb/0x0efb384d843a191c02f5c4470d0f9ec0122a1c0b.sol#1334) is not in mixedCase
Parameter GPriceOracle.activate(GPriceOracle.Self,address,bool)._self (../../sb/0x0efb384d843a191c02f5c4470d0f9ec0122a1c0b.sol#1339) is not in mixedCase
Parameter GPriceOracle.activate(GPriceOracle.Self,address,bool)._pair (../../sb/0x0efb384d843a191c02f5c4470d0f9ec0122a1c0b.sol#1339) is not in mixedCase
Parameter GPriceOracle.activate(GPriceOracle.Self,address,bool)._use0 (../../sb/0x0efb384d843a191c02f5c4470d0f9ec0122a1c0b.sol#1339) is not in mixedCase
Parameter GPriceOracle.changeMinimumInterval(GPriceOracle.Self,uint256)._self (../../sb/0x0efb384d843a191c02f5c4470d0f9ec0122a1c0b.sol#1355) is not in mixedCase
Parameter GPriceOracle.changeMinimumInterval(GPriceOracle.Self,uint256)._minimumInterval (../../sb/0x0efb384d843a191c02f5c4470d0f9ec0122a1c0b.sol#1355) is not in mixedCase
Parameter GPriceOracle.consultLastPrice(GPriceOracle.Self,uint256)._self (../../sb/0x0efb384d843a191c02f5c4470d0f9ec0122a1c0b.sol#1361) is not in mixedCase
Parameter GPriceOracle.consultLastPrice(GPriceOracle.Self,uint256)._amountIn (../../sb/0x0efb384d843a191c02f5c4470d0f9ec0122a1c0b.sol#1361) is not in mixedCase
Parameter GPriceOracle.consultCurrentPrice(GPriceOracle.Self,uint256)._self (../../sb/0x0efb384d843a191c02f5c4470d0f9ec0122a1c0b.sol#1368) is not in mixedCase
Parameter GPriceOracle.consultCurrentPrice(GPriceOracle.Self,uint256)._amountIn (../../sb/0x0efb384d843a191c02f5c4470d0f9ec0122a1c0b.sol#1368) is not in mixedCase
Parameter GPriceOracle.updatePrice(GPriceOracle.Self)._self (../../sb/0x0efb384d843a191c02f5c4470d0f9ec0122a1c0b.sol#1376) is not in mixedCase
Parameter GElasticToken.activateOracle(address)._pair (../../sb/0x0efb384d843a191c02f5c4470d0f9ec0122a1c0b.sol#1559) is not in mixedCase
Parameter GElasticToken.setTreasury(address)._newTreasury (../../sb/0x0efb384d843a191c02f5c4470d0f9ec0122a1c0b.sol#1573) is not in mixedCase
Parameter GElasticToken.setRebaseMinimumDeviation(uint256)._newRebaseMinimumDeviation (../../sb/0x0efb384d843a191c02f5c4470d0f9ec0122a1c0b.sol#1580) is not in mixedCase
Parameter GElasticToken.setRebaseDampeningFactor(uint256)._newRebaseDampeningFactor (../../sb/0x0efb384d843a191c02f5c4470d0f9ec0122a1c0b.sol#1587) is not in mixedCase
Parameter GElasticToken.setRebaseTreasuryMintPercent(uint256)._newRebaseTreasuryMintPercent (../../sb/0x0efb384d843a191c02f5c4470d0f9ec0122a1c0b.sol#1594) is not in mixedCase
Parameter GElasticToken.setRebaseTimingParameters(uint256,uint256,uint256)._newRebaseMinimumInterval (../../sb/0x0efb384d843a191c02f5c4470d0f9ec0122a1c0b.sol#1601) is not in mixedCase
Parameter GElasticToken.setRebaseTimingParameters(uint256,uint256,uint256)._newRebaseWindowOffset (../../sb/0x0efb384d843a191c02f5c4470d0f9ec0122a1c0b.sol#1601) is not in mixedCase
Parameter GElasticToken.setRebaseTimingParameters(uint256,uint256,uint256)._newRebaseWindowLength (../../sb/0x0efb384d843a191c02f5c4470d0f9ec0122a1c0b.sol#1601) is not in mixedCase
Parameter GElasticToken.addPostRebaseTarget(address,bytes)._to (../../sb/0x0efb384d843a191c02f5c4470d0f9ec0122a1c0b.sol#1611) is not in mixedCase
Parameter GElasticToken.addPostRebaseTarget(address,bytes)._data (../../sb/0x0efb384d843a191c02f5c4470d0f9ec0122a1c0b.sol#1611) is not in mixedCase
Parameter GElasticToken.removePostRebaseTarget(uint256)._index (../../sb/0x0efb384d843a191c02f5c4470d0f9ec0122a1c0b.sol#1616) is not in mixedCase
Parameter GElasticToken.addBalancerPostRebaseTarget(address)._pool (../../sb/0x0efb384d843a191c02f5c4470d0f9ec0122a1c0b.sol#1621) is not in mixedCase
Parameter GElasticToken.addUniswapV2PostRebaseTarget(address)._pair (../../sb/0x0efb384d843a191c02f5c4470d0f9ec0122a1c0b.sol#1626) is not in mixedCase
Contract $ (../../sb/0x0efb384d843a191c02f5c4470d0f9ec0122a1c0b.sol#2334-2343) is not in CapWords
Constant $.UniswapV2_FACTORY (../../sb/0x0efb384d843a191c02f5c4470d0f9ec0122a1c0b.sol#2340) is not in UPPER_CASE_WITH_UNDERSCORES
Constant $.UniswapV2_ROUTER02 (../../sb/0x0efb384d843a191c02f5c4470d0f9ec0122a1c0b.sol#2342) is not in UPPER_CASE_WITH_UNDERSCORES
Parameter GLPMiningToken.calcSharesFromCost(uint256)._cost (../../sb/0x0efb384d843a191c02f5c4470d0f9ec0122a1c0b.sol#2500) is not in mixedCase
Parameter GLPMiningToken.calcCostFromShares(uint256)._shares (../../sb/0x0efb384d843a191c02f5c4470d0f9ec0122a1c0b.sol#2505) is not in mixedCase
Parameter GLPMiningToken.calcSharesFromTokenAmount(address,uint256)._token (../../sb/0x0efb384d843a191c02f5c4470d0f9ec0122a1c0b.sol#2510) is not in mixedCase
Parameter GLPMiningToken.calcSharesFromTokenAmount(address,uint256)._amount (../../sb/0x0efb384d843a191c02f5c4470d0f9ec0122a1c0b.sol#2510) is not in mixedCase
Parameter GLPMiningToken.calcTokenAmountFromShares(address,uint256)._token (../../sb/0x0efb384d843a191c02f5c4470d0f9ec0122a1c0b.sol#2516) is not in mixedCase
Parameter GLPMiningToken.calcTokenAmountFromShares(address,uint256)._shares (../../sb/0x0efb384d843a191c02f5c4470d0f9ec0122a1c0b.sol#2516) is not in mixedCase
Parameter GLPMiningToken.deposit(uint256)._cost (../../sb/0x0efb384d843a191c02f5c4470d0f9ec0122a1c0b.sol#2538) is not in mixedCase
Parameter GLPMiningToken.withdraw(uint256)._shares (../../sb/0x0efb384d843a191c02f5c4470d0f9ec0122a1c0b.sol#2546) is not in mixedCase
Parameter GLPMiningToken.depositToken(address,uint256,uint256)._token (../../sb/0x0efb384d843a191c02f5c4470d0f9ec0122a1c0b.sol#2554) is not in mixedCase
Parameter GLPMiningToken.depositToken(address,uint256,uint256)._amount (../../sb/0x0efb384d843a191c02f5c4470d0f9ec0122a1c0b.sol#2554) is not in mixedCase
Parameter GLPMiningToken.depositToken(address,uint256,uint256)._minShares (../../sb/0x0efb384d843a191c02f5c4470d0f9ec0122a1c0b.sol#2554) is not in mixedCase
Parameter GLPMiningToken.withdrawToken(address,uint256,uint256)._token (../../sb/0x0efb384d843a191c02f5c4470d0f9ec0122a1c0b.sol#2564) is not in mixedCase
Parameter GLPMiningToken.withdrawToken(address,uint256,uint256)._shares (../../sb/0x0efb384d843a191c02f5c4470d0f9ec0122a1c0b.sol#2564) is not in mixedCase
Parameter GLPMiningToken.withdrawToken(address,uint256,uint256)._minAmount (../../sb/0x0efb384d843a191c02f5c4470d0f9ec0122a1c0b.sol#2564) is not in mixedCase
Parameter GLPMiningToken.gulpRewards(uint256)._minCost (../../sb/0x0efb384d843a191c02f5c4470d0f9ec0122a1c0b.sol#2573) is not in mixedCase
Parameter GLPMiningToken.setTreasury(address)._newTreasury (../../sb/0x0efb384d843a191c02f5c4470d0f9ec0122a1c0b.sol#2590) is not in mixedCase
Parameter GLPMiningToken.setPerformanceFee(uint256)._newPerformanceFee (../../sb/0x0efb384d843a191c02f5c4470d0f9ec0122a1c0b.sol#2598) is not in mixedCase
Parameter GLPMiningToken.setRewardRatePerWeek(uint256)._newRewardRatePerWeek (../../sb/0x0efb384d843a191c02f5c4470d0f9ec0122a1c0b.sol#2606) is not in mixedCase
Parameter GEtherBridge.deposit(address,uint256)._stakeToken (../../sb/0x0efb384d843a191c02f5c4470d0f9ec0122a1c0b.sol#2756) is not in mixedCase
Parameter GEtherBridge.deposit(address,uint256)._minShares (../../sb/0x0efb384d843a191c02f5c4470d0f9ec0122a1c0b.sol#2756) is not in mixedCase
Parameter GEtherBridge.withdraw(address,uint256,uint256)._stakeToken (../../sb/0x0efb384d843a191c02f5c4470d0f9ec0122a1c0b.sol#2768) is not in mixedCase
Parameter GEtherBridge.withdraw(address,uint256,uint256)._shares (../../sb/0x0efb384d843a191c02f5c4470d0f9ec0122a1c0b.sol#2768) is not in mixedCase
Parameter GEtherBridge.withdraw(address,uint256,uint256)._minAmount (../../sb/0x0efb384d843a191c02f5c4470d0f9ec0122a1c0b.sol#2768) is not in mixedCase
Contract rAAVE (../../sb/0x0efb384d843a191c02f5c4470d0f9ec0122a1c0b.sol#2795-2801) is not in CapWords
Contract stkAAVE_rAAVE (../../sb/0x0efb384d843a191c02f5c4470d0f9ec0122a1c0b.sol#2807-2813) is not in CapWords
Contract stkGRO_rAAVE (../../sb/0x0efb384d843a191c02f5c4470d0f9ec0122a1c0b.sol#2819-2825) is not in CapWords
Contract stkETH_rAAVE (../../sb/0x0efb384d843a191c02f5c4470d0f9ec0122a1c0b.sol#2831-2837) is not in CapWords
Parameter GTokenRegistry.registerNewToken(address,address)._growthToken (../../sb/0x0efb384d843a191c02f5c4470d0f9ec0122a1c0b.sol#2856) is not in mixedCase
Parameter GTokenRegistry.registerNewToken(address,address)._oldGrowthToken (../../sb/0x0efb384d843a191c02f5c4470d0f9ec0122a1c0b.sol#2856) is not in mixedCase
Reference: https://github.com/crytic/slither/wiki/Detector-Documentation#conformance-to-solidity-naming-conventions[0m
[92m
Redundant expression "this (../../sb/0x0efb384d843a191c02f5c4470d0f9ec0122a1c0b.sol#24)" inContext (../../sb/0x0efb384d843a191c02f5c4470d0f9ec0122a1c0b.sol#18-27)
Reference: https://github.com/crytic/slither/wiki/Detector-Documentation#redundant-statements[0m
[92m
Variable ElasticERC20._setScalingFactor(uint256)._scalingFactor (../../sb/0x0efb384d843a191c02f5c4470d0f9ec0122a1c0b.sol#583) is too similar to ElasticERC20.scalingFactor_ (../../sb/0x0efb384d843a191c02f5c4470d0f9ec0122a1c0b.sol#429)
Variable ElasticERC20.scalingFactor()._scalingFactor (../../sb/0x0efb384d843a191c02f5c4470d0f9ec0122a1c0b.sol#558) is too similar to ElasticERC20.scalingFactor_ (../../sb/0x0efb384d843a191c02f5c4470d0f9ec0122a1c0b.sol#429)
Variable ElasticERC20._unscale(uint256,uint256)._scalingFactor (../../sb/0x0efb384d843a191c02f5c4470d0f9ec0122a1c0b.sol#578) is too similar to ElasticERC20.scalingFactor_ (../../sb/0x0efb384d843a191c02f5c4470d0f9ec0122a1c0b.sol#429)
Variable ElasticERC20._scale(uint256,uint256)._scalingFactor (../../sb/0x0efb384d843a191c02f5c4470d0f9ec0122a1c0b.sol#573) is too similar to ElasticERC20.scalingFactor_ (../../sb/0x0efb384d843a191c02f5c4470d0f9ec0122a1c0b.sol#429)
Variable ElasticERC20._calcMaxScalingFactor(uint256)._unscaledTotalSupply (../../sb/0x0efb384d843a191c02f5c4470d0f9ec0122a1c0b.sol#568) is too similar to ElasticERC20.unscaledTotalSupply_ (../../sb/0x0efb384d843a191c02f5c4470d0f9ec0122a1c0b.sol#423)
Variable UniswapV2OracleLibrary.currentCumulativePrices(address).price0Cumulative (../../sb/0x0efb384d843a191c02f5c4470d0f9ec0122a1c0b.sol#1235) is too similar to UniswapV2OracleLibrary.currentCumulativePrices(address).price1Cumulative (../../sb/0x0efb384d843a191c02f5c4470d0f9ec0122a1c0b.sol#1235)
Variable Pair.price0CumulativeLast()._price0CumulativeLast (../../sb/0x0efb384d843a191c02f5c4470d0f9ec0122a1c0b.sol#1276) is too similar to Pair.price1CumulativeLast()._price1CumulativeLast (../../sb/0x0efb384d843a191c02f5c4470d0f9ec0122a1c0b.sol#1277)
Variable Router01.addLiquidity(address,address,uint256,uint256,uint256,uint256,address,uint256)._amountADesired (../../sb/0x0efb384d843a191c02f5c4470d0f9ec0122a1c0b.sol#1286) is too similar to Router01.addLiquidity(address,address,uint256,uint256,uint256,uint256,address,uint256)._amountBDesired (../../sb/0x0efb384d843a191c02f5c4470d0f9ec0122a1c0b.sol#1286)
Variable Router01.removeLiquidity(address,address,uint256,uint256,uint256,address,uint256)._amountAMin (../../sb/0x0efb384d843a191c02f5c4470d0f9ec0122a1c0b.sol#1287) is too similar to Router01.addLiquidity(address,address,uint256,uint256,uint256,uint256,address,uint256)._amountBMin (../../sb/0x0efb384d843a191c02f5c4470d0f9ec0122a1c0b.sol#1286)
Variable Router01.addLiquidity(address,address,uint256,uint256,uint256,uint256,address,uint256)._amountAMin (../../sb/0x0efb384d843a191c02f5c4470d0f9ec0122a1c0b.sol#1286) is too similar to Router01.addLiquidity(address,address,uint256,uint256,uint256,uint256,address,uint256)._amountBMin (../../sb/0x0efb384d843a191c02f5c4470d0f9ec0122a1c0b.sol#1286)
Variable Router01.removeLiquidity(address,address,uint256,uint256,uint256,address,uint256)._amountAMin (../../sb/0x0efb384d843a191c02f5c4470d0f9ec0122a1c0b.sol#1287) is too similar to Router01.removeLiquidity(address,address,uint256,uint256,uint256,address,uint256)._amountBMin (../../sb/0x0efb384d843a191c02f5c4470d0f9ec0122a1c0b.sol#1287)
Variable Router01.addLiquidity(address,address,uint256,uint256,uint256,uint256,address,uint256)._amountAMin (../../sb/0x0efb384d843a191c02f5c4470d0f9ec0122a1c0b.sol#1286) is too similar to Router01.removeLiquidity(address,address,uint256,uint256,uint256,address,uint256)._amountBMin (../../sb/0x0efb384d843a191c02f5c4470d0f9ec0122a1c0b.sol#1287)
Variable GPriceOracle._estimatePrice(GPriceOracle.Self,bool)._price0Cumulative (../../sb/0x0efb384d843a191c02f5c4470d0f9ec0122a1c0b.sol#1390) is too similar to GPriceOracle._estimatePrice(GPriceOracle.Self,bool)._price1Cumulative (../../sb/0x0efb384d843a191c02f5c4470d0f9ec0122a1c0b.sol#1391)
Reference: https://github.com/crytic/slither/wiki/Detector-Documentation#variable-names-are-too-similar[0m
[92m
Babylonian.sqrt(uint256) (../../sb/0x0efb384d843a191c02f5c4470d0f9ec0122a1c0b.sol#883-925) uses literals with too many digits:
	- xx >= 0x100000000000000000000000000000000 (../../sb/0x0efb384d843a191c02f5c4470d0f9ec0122a1c0b.sol#889)
Babylonian.sqrt(uint256) (../../sb/0x0efb384d843a191c02f5c4470d0f9ec0122a1c0b.sol#883-925) uses literals with too many digits:
	- xx >= 0x10000000000000000 (../../sb/0x0efb384d843a191c02f5c4470d0f9ec0122a1c0b.sol#893)
Babylonian.sqrt(uint256) (../../sb/0x0efb384d843a191c02f5c4470d0f9ec0122a1c0b.sol#883-925) uses literals with too many digits:
	- xx >= 0x100000000 (../../sb/0x0efb384d843a191c02f5c4470d0f9ec0122a1c0b.sol#897)
BitMath.mostSignificantBit(uint256) (../../sb/0x0efb384d843a191c02f5c4470d0f9ec0122a1c0b.sol#935-967) uses literals with too many digits:
	- x >= 0x100000000000000000000000000000000 (../../sb/0x0efb384d843a191c02f5c4470d0f9ec0122a1c0b.sol#938)
BitMath.mostSignificantBit(uint256) (../../sb/0x0efb384d843a191c02f5c4470d0f9ec0122a1c0b.sol#935-967) uses literals with too many digits:
	- x >= 0x10000000000000000 (../../sb/0x0efb384d843a191c02f5c4470d0f9ec0122a1c0b.sol#942)
BitMath.mostSignificantBit(uint256) (../../sb/0x0efb384d843a191c02f5c4470d0f9ec0122a1c0b.sol#935-967) uses literals with too many digits:
	- x >= 0x100000000 (../../sb/0x0efb384d843a191c02f5c4470d0f9ec0122a1c0b.sol#946)
FixedPoint.slitherConstructorConstantVariables() (../../sb/0x0efb384d843a191c02f5c4470d0f9ec0122a1c0b.sol#1023-1160) uses literals with too many digits:
	- Q112 = 0x10000000000000000000000000000 (../../sb/0x0efb384d843a191c02f5c4470d0f9ec0122a1c0b.sol#1037)
FixedPoint.slitherConstructorConstantVariables() (../../sb/0x0efb384d843a191c02f5c4470d0f9ec0122a1c0b.sol#1023-1160) uses literals with too many digits:
	- Q224 = 0x100000000000000000000000000000000000000000000000000000000 (../../sb/0x0efb384d843a191c02f5c4470d0f9ec0122a1c0b.sol#1038)
Reference: https://github.com/crytic/slither/wiki/Detector-Documentation#too-many-digits[0m
[92m
owner() should be declared external:
	- Ownable.owner() (../../sb/0x0efb384d843a191c02f5c4470d0f9ec0122a1c0b.sol#63-65)
renounceOwnership() should be declared external:
	- Ownable.renounceOwnership() (../../sb/0x0efb384d843a191c02f5c4470d0f9ec0122a1c0b.sol#82-85)
transferOwnership(address) should be declared external:
	- Ownable.transferOwnership(address) (../../sb/0x0efb384d843a191c02f5c4470d0f9ec0122a1c0b.sol#91-95)
name() should be declared external:
	- ElasticERC20.name() (../../sb/0x0efb384d843a191c02f5c4470d0f9ec0122a1c0b.sol#438-441)
symbol() should be declared external:
	- ElasticERC20.symbol() (../../sb/0x0efb384d843a191c02f5c4470d0f9ec0122a1c0b.sol#443-446)
balanceOf(address) should be declared external:
	- ERC20.balanceOf(address) (../../sb/0x0efb384d843a191c02f5c4470d0f9ec0122a1c0b.sol#1769-1771)
	- ElasticERC20.balanceOf(address) (../../sb/0x0efb384d843a191c02f5c4470d0f9ec0122a1c0b.sol#458-461)
allowance(address,address) should be declared external:
	- ERC20.allowance(address,address) (../../sb/0x0efb384d843a191c02f5c4470d0f9ec0122a1c0b.sol#1789-1791)
	- ElasticERC20.allowance(address,address) (../../sb/0x0efb384d843a191c02f5c4470d0f9ec0122a1c0b.sol#463-466)
approve(address,uint256) should be declared external:
	- ERC20.approve(address,uint256) (../../sb/0x0efb384d843a191c02f5c4470d0f9ec0122a1c0b.sol#1800-1803)
	- ElasticERC20.approve(address,uint256) (../../sb/0x0efb384d843a191c02f5c4470d0f9ec0122a1c0b.sol#468-472)
increaseAllowance(address,uint256) should be declared external:
	- ElasticERC20.increaseAllowance(address,uint256) (../../sb/0x0efb384d843a191c02f5c4470d0f9ec0122a1c0b.sol#474-478)
decreaseAllowance(address,uint256) should be declared external:
	- ElasticERC20.decreaseAllowance(address,uint256) (../../sb/0x0efb384d843a191c02f5c4470d0f9ec0122a1c0b.sol#480-484)
transfer(address,uint256) should be declared external:
	- ERC20.transfer(address,uint256) (../../sb/0x0efb384d843a191c02f5c4470d0f9ec0122a1c0b.sol#1781-1784)
	- ElasticERC20.transfer(address,uint256) (../../sb/0x0efb384d843a191c02f5c4470d0f9ec0122a1c0b.sol#486-490)
transferFrom(address,address,uint256) should be declared external:
	- ERC20.transferFrom(address,address,uint256) (../../sb/0x0efb384d843a191c02f5c4470d0f9ec0122a1c0b.sol#1818-1822)
	- ElasticERC20.transferFrom(address,address,uint256) (../../sb/0x0efb384d843a191c02f5c4470d0f9ec0122a1c0b.sol#492-497)
unscaledTotalSupply() should be declared external:
	- ElasticERC20.unscaledTotalSupply() (../../sb/0x0efb384d843a191c02f5c4470d0f9ec0122a1c0b.sol#548-551)
unscaledBalanceOf(address) should be declared external:
	- ElasticERC20.unscaledBalanceOf(address) (../../sb/0x0efb384d843a191c02f5c4470d0f9ec0122a1c0b.sol#553-556)
rebaseAvailable(GElasticTokenManager.Self) should be declared external:
	- GElasticTokenManager.rebaseAvailable(GElasticTokenManager.Self) (../../sb/0x0efb384d843a191c02f5c4470d0f9ec0122a1c0b.sol#779-782)
active(GPriceOracle.Self) should be declared external:
	- GPriceOracle.active(GPriceOracle.Self) (../../sb/0x0efb384d843a191c02f5c4470d0f9ec0122a1c0b.sol#1334-1337)
consultLastPrice(GPriceOracle.Self,uint256) should be declared external:
	- GPriceOracle.consultLastPrice(GPriceOracle.Self,uint256) (../../sb/0x0efb384d843a191c02f5c4470d0f9ec0122a1c0b.sol#1361-1366)
consultCurrentPrice(GPriceOracle.Self,uint256) should be declared external:
	- GPriceOracle.consultCurrentPrice(GPriceOracle.Self,uint256) (../../sb/0x0efb384d843a191c02f5c4470d0f9ec0122a1c0b.sol#1368-1374)
name() should be declared external:
	- ERC20.name() (../../sb/0x0efb384d843a191c02f5c4470d0f9ec0122a1c0b.sol#1730-1732)
symbol() should be declared external:
	- ERC20.symbol() (../../sb/0x0efb384d843a191c02f5c4470d0f9ec0122a1c0b.sol#1738-1740)
decimals() should be declared external:
	- ERC20.decimals() (../../sb/0x0efb384d843a191c02f5c4470d0f9ec0122a1c0b.sol#1755-1757)
increaseAllowance(address,uint256) should be declared external:
	- ERC20.increaseAllowance(address,uint256) (../../sb/0x0efb384d843a191c02f5c4470d0f9ec0122a1c0b.sol#1836-1839)
decreaseAllowance(address,uint256) should be declared external:
	- ERC20.decreaseAllowance(address,uint256) (../../sb/0x0efb384d843a191c02f5c4470d0f9ec0122a1c0b.sol#1855-1858)
registerNewToken(address,address) should be declared external:
	- GTokenRegistry.registerNewToken(address,address) (../../sb/0x0efb384d843a191c02f5c4470d0f9ec0122a1c0b.sol#2856-2859)
Reference: https://github.com/crytic/slither/wiki/Detector-Documentation#public-function-that-could-be-declared-external[0m
/sb/0x0efb384d843a191c02f5c4470d0f9ec0122a1c0b.sol analyzed (39 contracts with 78 detectors), 211 result(s) found
