[91m
ControllerV4.swapExactJarForJar(address,address,uint256,uint256,address[],bytes[]) (../../sb/0x6847259b2b3a4c17e7c43c54409810af48ba5210.sol#1147-1232) ignores return value by IJar(_toJar).transfer(msg.sender,_toJarBal) (../../sb/0x6847259b2b3a4c17e7c43c54409810af48ba5210.sol#1229)
Reference: https://github.com/crytic/slither/wiki/Detector-Documentation#unchecked-transfer[0m
[91m
ControllerV4.converters (../../sb/0x6847259b2b3a4c17e7c43c54409810af48ba5210.sol#935) is never initialized. It is used in:
	- ControllerV4.earn(address,uint256) (../../sb/0x6847259b2b3a4c17e7c43c54409810af48ba5210.sol#1039-1051)
Reference: https://github.com/crytic/slither/wiki/Detector-Documentation#uninitialized-state-variables[0m
[93m
Reentrancy in ControllerV4.setStrategy(address,address) (../../sb/0x6847259b2b3a4c17e7c43c54409810af48ba5210.sol#1025-1037):
	External calls:
	- IStrategy(_current).withdrawAll() (../../sb/0x6847259b2b3a4c17e7c43c54409810af48ba5210.sol#1034)
	State variables written after the call(s):
	- strategies[_token] = _strategy (../../sb/0x6847259b2b3a4c17e7c43c54409810af48ba5210.sol#1036)
Reference: https://github.com/crytic/slither/wiki/Detector-Documentation#reentrancy-vulnerabilities-1[0m
[93m
ControllerV4.setStrategy(address,address) (../../sb/0x6847259b2b3a4c17e7c43c54409810af48ba5210.sol#1025-1037) ignores return value by IStrategy(_current).withdrawAll() (../../sb/0x6847259b2b3a4c17e7c43c54409810af48ba5210.sol#1034)
ControllerV4.withdrawAll(address) (../../sb/0x6847259b2b3a4c17e7c43c54409810af48ba5210.sol#1057-1063) ignores return value by IStrategy(strategies[_token]).withdrawAll() (../../sb/0x6847259b2b3a4c17e7c43c54409810af48ba5210.sol#1062)
ControllerV4.swapExactJarForJar(address,address,uint256,uint256,address[],bytes[]) (../../sb/0x6847259b2b3a4c17e7c43c54409810af48ba5210.sol#1147-1232) ignores return value by IStrategy(strategies[_fromJarToken]).withdrawForSwap(_fromJarUnderlyingAmount.sub(_fromJarAvailUnderlying)) (../../sb/0x6847259b2b3a4c17e7c43c54409810af48ba5210.sol#1187-1189)
Reference: https://github.com/crytic/slither/wiki/Detector-Documentation#unused-return[0m
[92m
ERC20.constructor(string,string).name (../../sb/0x6847259b2b3a4c17e7c43c54409810af48ba5210.sol#568) shadows:
	- ERC20.name() (../../sb/0x6847259b2b3a4c17e7c43c54409810af48ba5210.sol#577-579) (function)
ERC20.constructor(string,string).symbol (../../sb/0x6847259b2b3a4c17e7c43c54409810af48ba5210.sol#568) shadows:
	- ERC20.symbol() (../../sb/0x6847259b2b3a4c17e7c43c54409810af48ba5210.sol#585-587) (function)
Reference: https://github.com/crytic/slither/wiki/Detector-Documentation#local-variable-shadowing[0m
[92m
ControllerV4.setConvenienceFee(uint256) (../../sb/0x6847259b2b3a4c17e7c43c54409810af48ba5210.sol#1020-1023) should emit an event for: 
	- convenienceFee = _convenienceFee (../../sb/0x6847259b2b3a4c17e7c43c54409810af48ba5210.sol#1022) 
Reference: https://github.com/crytic/slither/wiki/Detector-Documentation#missing-events-arithmetic[0m
[92m
ControllerV4.constructor(address,address,address,address,address)._governance (../../sb/0x6847259b2b3a4c17e7c43c54409810af48ba5210.sol#943) lacks a zero-check on :
		- governance = _governance (../../sb/0x6847259b2b3a4c17e7c43c54409810af48ba5210.sol#949)
ControllerV4.constructor(address,address,address,address,address)._strategist (../../sb/0x6847259b2b3a4c17e7c43c54409810af48ba5210.sol#944) lacks a zero-check on :
		- strategist = _strategist (../../sb/0x6847259b2b3a4c17e7c43c54409810af48ba5210.sol#950)
ControllerV4.constructor(address,address,address,address,address)._timelock (../../sb/0x6847259b2b3a4c17e7c43c54409810af48ba5210.sol#945) lacks a zero-check on :
		- timelock = _timelock (../../sb/0x6847259b2b3a4c17e7c43c54409810af48ba5210.sol#951)
ControllerV4.constructor(address,address,address,address,address)._devfund (../../sb/0x6847259b2b3a4c17e7c43c54409810af48ba5210.sol#946) lacks a zero-check on :
		- devfund = _devfund (../../sb/0x6847259b2b3a4c17e7c43c54409810af48ba5210.sol#952)
ControllerV4.constructor(address,address,address,address,address)._treasury (../../sb/0x6847259b2b3a4c17e7c43c54409810af48ba5210.sol#947) lacks a zero-check on :
		- treasury = _treasury (../../sb/0x6847259b2b3a4c17e7c43c54409810af48ba5210.sol#953)
ControllerV4.setDevFund(address)._devfund (../../sb/0x6847259b2b3a4c17e7c43c54409810af48ba5210.sol#956) lacks a zero-check on :
		- devfund = _devfund (../../sb/0x6847259b2b3a4c17e7c43c54409810af48ba5210.sol#958)
ControllerV4.setTreasury(address)._treasury (../../sb/0x6847259b2b3a4c17e7c43c54409810af48ba5210.sol#961) lacks a zero-check on :
		- treasury = _treasury (../../sb/0x6847259b2b3a4c17e7c43c54409810af48ba5210.sol#963)
ControllerV4.setStrategist(address)._strategist (../../sb/0x6847259b2b3a4c17e7c43c54409810af48ba5210.sol#966) lacks a zero-check on :
		- strategist = _strategist (../../sb/0x6847259b2b3a4c17e7c43c54409810af48ba5210.sol#968)
ControllerV4.setOneSplit(address)._onesplit (../../sb/0x6847259b2b3a4c17e7c43c54409810af48ba5210.sol#976) lacks a zero-check on :
		- onesplit = _onesplit (../../sb/0x6847259b2b3a4c17e7c43c54409810af48ba5210.sol#978)
ControllerV4.setGovernance(address)._governance (../../sb/0x6847259b2b3a4c17e7c43c54409810af48ba5210.sol#981) lacks a zero-check on :
		- governance = _governance (../../sb/0x6847259b2b3a4c17e7c43c54409810af48ba5210.sol#983)
ControllerV4.setTimelock(address)._timelock (../../sb/0x6847259b2b3a4c17e7c43c54409810af48ba5210.sol#986) lacks a zero-check on :
		- timelock = _timelock (../../sb/0x6847259b2b3a4c17e7c43c54409810af48ba5210.sol#988)
Reference: https://github.com/crytic/slither/wiki/Detector-Documentation#missing-zero-address-validation[0m
[92m
Address.isContract(address) (../../sb/0x6847259b2b3a4c17e7c43c54409810af48ba5210.sol#402-411) uses assembly
	- INLINE ASM (../../sb/0x6847259b2b3a4c17e7c43c54409810af48ba5210.sol#409)
Address._functionCallWithValue(address,bytes,uint256,string) (../../sb/0x6847259b2b3a4c17e7c43c54409810af48ba5210.sol#495-516) uses assembly
	- INLINE ASM (../../sb/0x6847259b2b3a4c17e7c43c54409810af48ba5210.sol#508-511)
ControllerV4._execute(address,bytes) (../../sb/0x6847259b2b3a4c17e7c43c54409810af48ba5210.sol#1234-1266) uses assembly
	- INLINE ASM (../../sb/0x6847259b2b3a4c17e7c43c54409810af48ba5210.sol#1241-1265)
Reference: https://github.com/crytic/slither/wiki/Detector-Documentation#assembly-usage[0m
[92m
ControllerV4.setStrategy(address,address) (../../sb/0x6847259b2b3a4c17e7c43c54409810af48ba5210.sol#1025-1037) compares to a boolean constant:
	-require(bool,string)(approvedStrategies[_token][_strategy] == true,!approved) (../../sb/0x6847259b2b3a4c17e7c43c54409810af48ba5210.sol#1030)
Reference: https://github.com/crytic/slither/wiki/Detector-Documentation#boolean-equality[0m
[92m
Address.functionCall(address,bytes) (../../sb/0x6847259b2b3a4c17e7c43c54409810af48ba5210.sol#455-457) is never used and should be removed
Address.functionCallWithValue(address,bytes,uint256) (../../sb/0x6847259b2b3a4c17e7c43c54409810af48ba5210.sol#480-482) is never used and should be removed
Address.functionCallWithValue(address,bytes,uint256,string) (../../sb/0x6847259b2b3a4c17e7c43c54409810af48ba5210.sol#490-493) is never used and should be removed
Address.sendValue(address,uint256) (../../sb/0x6847259b2b3a4c17e7c43c54409810af48ba5210.sol#429-435) is never used and should be removed
Context._msgData() (../../sb/0x6847259b2b3a4c17e7c43c54409810af48ba5210.sol#294-297) is never used and should be removed
ERC20._burn(address,uint256) (../../sb/0x6847259b2b3a4c17e7c43c54409810af48ba5210.sol#761-769) is never used and should be removed
ERC20._mint(address,uint256) (../../sb/0x6847259b2b3a4c17e7c43c54409810af48ba5210.sol#740-748) is never used and should be removed
ERC20._setupDecimals(uint8) (../../sb/0x6847259b2b3a4c17e7c43c54409810af48ba5210.sol#799-801) is never used and should be removed
SafeERC20.safeDecreaseAllowance(IERC20,address,uint256) (../../sb/0x6847259b2b3a4c17e7c43c54409810af48ba5210.sol#864-867) is never used and should be removed
SafeERC20.safeIncreaseAllowance(IERC20,address,uint256) (../../sb/0x6847259b2b3a4c17e7c43c54409810af48ba5210.sol#859-862) is never used and should be removed
SafeMath.mod(uint256,uint256) (../../sb/0x6847259b2b3a4c17e7c43c54409810af48ba5210.sol#139-141) is never used and should be removed
SafeMath.mod(uint256,uint256,string) (../../sb/0x6847259b2b3a4c17e7c43c54409810af48ba5210.sol#155-158) is never used and should be removed
Reference: https://github.com/crytic/slither/wiki/Detector-Documentation#dead-code[0m
[92m
Pragma version^0.6.7 (../../sb/0x6847259b2b3a4c17e7c43c54409810af48ba5210.sol#3) allows old versions
Reference: https://github.com/crytic/slither/wiki/Detector-Documentation#incorrect-versions-of-solidity[0m
[92m
Low level call in Address.sendValue(address,uint256) (../../sb/0x6847259b2b3a4c17e7c43c54409810af48ba5210.sol#429-435):
	- (success) = recipient.call{value: amount}() (../../sb/0x6847259b2b3a4c17e7c43c54409810af48ba5210.sol#433)
Low level call in Address._functionCallWithValue(address,bytes,uint256,string) (../../sb/0x6847259b2b3a4c17e7c43c54409810af48ba5210.sol#495-516):
	- (success,returndata) = target.call{value: weiValue}(data) (../../sb/0x6847259b2b3a4c17e7c43c54409810af48ba5210.sol#499)
Reference: https://github.com/crytic/slither/wiki/Detector-Documentation#low-level-calls[0m
[92m
Parameter ControllerV4.setDevFund(address)._devfund (../../sb/0x6847259b2b3a4c17e7c43c54409810af48ba5210.sol#956) is not in mixedCase
Parameter ControllerV4.setTreasury(address)._treasury (../../sb/0x6847259b2b3a4c17e7c43c54409810af48ba5210.sol#961) is not in mixedCase
Parameter ControllerV4.setStrategist(address)._strategist (../../sb/0x6847259b2b3a4c17e7c43c54409810af48ba5210.sol#966) is not in mixedCase
Parameter ControllerV4.setSplit(uint256)._split (../../sb/0x6847259b2b3a4c17e7c43c54409810af48ba5210.sol#971) is not in mixedCase
Parameter ControllerV4.setOneSplit(address)._onesplit (../../sb/0x6847259b2b3a4c17e7c43c54409810af48ba5210.sol#976) is not in mixedCase
Parameter ControllerV4.setGovernance(address)._governance (../../sb/0x6847259b2b3a4c17e7c43c54409810af48ba5210.sol#981) is not in mixedCase
Parameter ControllerV4.setTimelock(address)._timelock (../../sb/0x6847259b2b3a4c17e7c43c54409810af48ba5210.sol#986) is not in mixedCase
Parameter ControllerV4.setJar(address,address)._token (../../sb/0x6847259b2b3a4c17e7c43c54409810af48ba5210.sol#991) is not in mixedCase
Parameter ControllerV4.setJar(address,address)._jar (../../sb/0x6847259b2b3a4c17e7c43c54409810af48ba5210.sol#991) is not in mixedCase
Parameter ControllerV4.approveJarConverter(address)._converter (../../sb/0x6847259b2b3a4c17e7c43c54409810af48ba5210.sol#1000) is not in mixedCase
Parameter ControllerV4.revokeJarConverter(address)._converter (../../sb/0x6847259b2b3a4c17e7c43c54409810af48ba5210.sol#1005) is not in mixedCase
Parameter ControllerV4.approveStrategy(address,address)._token (../../sb/0x6847259b2b3a4c17e7c43c54409810af48ba5210.sol#1010) is not in mixedCase
Parameter ControllerV4.approveStrategy(address,address)._strategy (../../sb/0x6847259b2b3a4c17e7c43c54409810af48ba5210.sol#1010) is not in mixedCase
Parameter ControllerV4.revokeStrategy(address,address)._token (../../sb/0x6847259b2b3a4c17e7c43c54409810af48ba5210.sol#1015) is not in mixedCase
Parameter ControllerV4.revokeStrategy(address,address)._strategy (../../sb/0x6847259b2b3a4c17e7c43c54409810af48ba5210.sol#1015) is not in mixedCase
Parameter ControllerV4.setConvenienceFee(uint256)._convenienceFee (../../sb/0x6847259b2b3a4c17e7c43c54409810af48ba5210.sol#1020) is not in mixedCase
Parameter ControllerV4.setStrategy(address,address)._token (../../sb/0x6847259b2b3a4c17e7c43c54409810af48ba5210.sol#1025) is not in mixedCase
Parameter ControllerV4.setStrategy(address,address)._strategy (../../sb/0x6847259b2b3a4c17e7c43c54409810af48ba5210.sol#1025) is not in mixedCase
Parameter ControllerV4.earn(address,uint256)._token (../../sb/0x6847259b2b3a4c17e7c43c54409810af48ba5210.sol#1039) is not in mixedCase
Parameter ControllerV4.earn(address,uint256)._amount (../../sb/0x6847259b2b3a4c17e7c43c54409810af48ba5210.sol#1039) is not in mixedCase
Parameter ControllerV4.balanceOf(address)._token (../../sb/0x6847259b2b3a4c17e7c43c54409810af48ba5210.sol#1053) is not in mixedCase
Parameter ControllerV4.withdrawAll(address)._token (../../sb/0x6847259b2b3a4c17e7c43c54409810af48ba5210.sol#1057) is not in mixedCase
Parameter ControllerV4.inCaseTokensGetStuck(address,uint256)._token (../../sb/0x6847259b2b3a4c17e7c43c54409810af48ba5210.sol#1065) is not in mixedCase
Parameter ControllerV4.inCaseTokensGetStuck(address,uint256)._amount (../../sb/0x6847259b2b3a4c17e7c43c54409810af48ba5210.sol#1065) is not in mixedCase
Parameter ControllerV4.inCaseStrategyTokenGetStuck(address,address)._strategy (../../sb/0x6847259b2b3a4c17e7c43c54409810af48ba5210.sol#1073) is not in mixedCase
Parameter ControllerV4.inCaseStrategyTokenGetStuck(address,address)._token (../../sb/0x6847259b2b3a4c17e7c43c54409810af48ba5210.sol#1073) is not in mixedCase
Parameter ControllerV4.getExpectedReturn(address,address,uint256)._strategy (../../sb/0x6847259b2b3a4c17e7c43c54409810af48ba5210.sol#1084) is not in mixedCase
Parameter ControllerV4.getExpectedReturn(address,address,uint256)._token (../../sb/0x6847259b2b3a4c17e7c43c54409810af48ba5210.sol#1085) is not in mixedCase
Parameter ControllerV4.yearn(address,address,uint256)._strategy (../../sb/0x6847259b2b3a4c17e7c43c54409810af48ba5210.sol#1101) is not in mixedCase
Parameter ControllerV4.yearn(address,address,uint256)._token (../../sb/0x6847259b2b3a4c17e7c43c54409810af48ba5210.sol#1102) is not in mixedCase
Parameter ControllerV4.withdraw(address,uint256)._token (../../sb/0x6847259b2b3a4c17e7c43c54409810af48ba5210.sol#1141) is not in mixedCase
Parameter ControllerV4.withdraw(address,uint256)._amount (../../sb/0x6847259b2b3a4c17e7c43c54409810af48ba5210.sol#1141) is not in mixedCase
Parameter ControllerV4.swapExactJarForJar(address,address,uint256,uint256,address[],bytes[])._fromJar (../../sb/0x6847259b2b3a4c17e7c43c54409810af48ba5210.sol#1148) is not in mixedCase
Parameter ControllerV4.swapExactJarForJar(address,address,uint256,uint256,address[],bytes[])._toJar (../../sb/0x6847259b2b3a4c17e7c43c54409810af48ba5210.sol#1149) is not in mixedCase
Parameter ControllerV4.swapExactJarForJar(address,address,uint256,uint256,address[],bytes[])._fromJarAmount (../../sb/0x6847259b2b3a4c17e7c43c54409810af48ba5210.sol#1150) is not in mixedCase
Parameter ControllerV4.swapExactJarForJar(address,address,uint256,uint256,address[],bytes[])._toJarMinAmount (../../sb/0x6847259b2b3a4c17e7c43c54409810af48ba5210.sol#1151) is not in mixedCase
Parameter ControllerV4.swapExactJarForJar(address,address,uint256,uint256,address[],bytes[])._targets (../../sb/0x6847259b2b3a4c17e7c43c54409810af48ba5210.sol#1152) is not in mixedCase
Parameter ControllerV4.swapExactJarForJar(address,address,uint256,uint256,address[],bytes[])._data (../../sb/0x6847259b2b3a4c17e7c43c54409810af48ba5210.sol#1153) is not in mixedCase
Constant ControllerV4.burn (../../sb/0x6847259b2b3a4c17e7c43c54409810af48ba5210.sol#920) is not in UPPER_CASE_WITH_UNDERSCORES
Constant ControllerV4.convenienceFeeMax (../../sb/0x6847259b2b3a4c17e7c43c54409810af48ba5210.sol#931) is not in UPPER_CASE_WITH_UNDERSCORES
Constant ControllerV4.max (../../sb/0x6847259b2b3a4c17e7c43c54409810af48ba5210.sol#940) is not in UPPER_CASE_WITH_UNDERSCORES
Reference: https://github.com/crytic/slither/wiki/Detector-Documentation#conformance-to-solidity-naming-conventions[0m
[92m
Redundant expression "this (../../sb/0x6847259b2b3a4c17e7c43c54409810af48ba5210.sol#295)" inContext (../../sb/0x6847259b2b3a4c17e7c43c54409810af48ba5210.sol#289-298)
Reference: https://github.com/crytic/slither/wiki/Detector-Documentation#redundant-statements[0m
[92m
ControllerV4.slitherConstructorConstantVariables() (../../sb/0x6847259b2b3a4c17e7c43c54409810af48ba5210.sol#915-1267) uses literals with too many digits:
	- burn = 0x000000000000000000000000000000000000dEaD (../../sb/0x6847259b2b3a4c17e7c43c54409810af48ba5210.sol#920)
ControllerV4.slitherConstructorConstantVariables() (../../sb/0x6847259b2b3a4c17e7c43c54409810af48ba5210.sol#915-1267) uses literals with too many digits:
	- convenienceFeeMax = 100000 (../../sb/0x6847259b2b3a4c17e7c43c54409810af48ba5210.sol#931)
Reference: https://github.com/crytic/slither/wiki/Detector-Documentation#too-many-digits[0m
[92m
name() should be declared external:
	- ERC20.name() (../../sb/0x6847259b2b3a4c17e7c43c54409810af48ba5210.sol#577-579)
symbol() should be declared external:
	- ERC20.symbol() (../../sb/0x6847259b2b3a4c17e7c43c54409810af48ba5210.sol#585-587)
decimals() should be declared external:
	- ERC20.decimals() (../../sb/0x6847259b2b3a4c17e7c43c54409810af48ba5210.sol#602-604)
totalSupply() should be declared external:
	- ERC20.totalSupply() (../../sb/0x6847259b2b3a4c17e7c43c54409810af48ba5210.sol#609-611)
balanceOf(address) should be declared external:
	- ERC20.balanceOf(address) (../../sb/0x6847259b2b3a4c17e7c43c54409810af48ba5210.sol#616-618)
transfer(address,uint256) should be declared external:
	- ERC20.transfer(address,uint256) (../../sb/0x6847259b2b3a4c17e7c43c54409810af48ba5210.sol#628-631)
allowance(address,address) should be declared external:
	- ERC20.allowance(address,address) (../../sb/0x6847259b2b3a4c17e7c43c54409810af48ba5210.sol#636-638)
approve(address,uint256) should be declared external:
	- ERC20.approve(address,uint256) (../../sb/0x6847259b2b3a4c17e7c43c54409810af48ba5210.sol#647-650)
transferFrom(address,address,uint256) should be declared external:
	- ERC20.transferFrom(address,address,uint256) (../../sb/0x6847259b2b3a4c17e7c43c54409810af48ba5210.sol#664-668)
increaseAllowance(address,uint256) should be declared external:
	- ERC20.increaseAllowance(address,uint256) (../../sb/0x6847259b2b3a4c17e7c43c54409810af48ba5210.sol#682-685)
decreaseAllowance(address,uint256) should be declared external:
	- ERC20.decreaseAllowance(address,uint256) (../../sb/0x6847259b2b3a4c17e7c43c54409810af48ba5210.sol#701-704)
setDevFund(address) should be declared external:
	- ControllerV4.setDevFund(address) (../../sb/0x6847259b2b3a4c17e7c43c54409810af48ba5210.sol#956-959)
setTreasury(address) should be declared external:
	- ControllerV4.setTreasury(address) (../../sb/0x6847259b2b3a4c17e7c43c54409810af48ba5210.sol#961-964)
setStrategist(address) should be declared external:
	- ControllerV4.setStrategist(address) (../../sb/0x6847259b2b3a4c17e7c43c54409810af48ba5210.sol#966-969)
setSplit(uint256) should be declared external:
	- ControllerV4.setSplit(uint256) (../../sb/0x6847259b2b3a4c17e7c43c54409810af48ba5210.sol#971-974)
setOneSplit(address) should be declared external:
	- ControllerV4.setOneSplit(address) (../../sb/0x6847259b2b3a4c17e7c43c54409810af48ba5210.sol#976-979)
setGovernance(address) should be declared external:
	- ControllerV4.setGovernance(address) (../../sb/0x6847259b2b3a4c17e7c43c54409810af48ba5210.sol#981-984)
setTimelock(address) should be declared external:
	- ControllerV4.setTimelock(address) (../../sb/0x6847259b2b3a4c17e7c43c54409810af48ba5210.sol#986-989)
setJar(address,address) should be declared external:
	- ControllerV4.setJar(address,address) (../../sb/0x6847259b2b3a4c17e7c43c54409810af48ba5210.sol#991-998)
approveJarConverter(address) should be declared external:
	- ControllerV4.approveJarConverter(address) (../../sb/0x6847259b2b3a4c17e7c43c54409810af48ba5210.sol#1000-1003)
revokeJarConverter(address) should be declared external:
	- ControllerV4.revokeJarConverter(address) (../../sb/0x6847259b2b3a4c17e7c43c54409810af48ba5210.sol#1005-1008)
approveStrategy(address,address) should be declared external:
	- ControllerV4.approveStrategy(address,address) (../../sb/0x6847259b2b3a4c17e7c43c54409810af48ba5210.sol#1010-1013)
revokeStrategy(address,address) should be declared external:
	- ControllerV4.revokeStrategy(address,address) (../../sb/0x6847259b2b3a4c17e7c43c54409810af48ba5210.sol#1015-1018)
setStrategy(address,address) should be declared external:
	- ControllerV4.setStrategy(address,address) (../../sb/0x6847259b2b3a4c17e7c43c54409810af48ba5210.sol#1025-1037)
withdrawAll(address) should be declared external:
	- ControllerV4.withdrawAll(address) (../../sb/0x6847259b2b3a4c17e7c43c54409810af48ba5210.sol#1057-1063)
inCaseTokensGetStuck(address,uint256) should be declared external:
	- ControllerV4.inCaseTokensGetStuck(address,uint256) (../../sb/0x6847259b2b3a4c17e7c43c54409810af48ba5210.sol#1065-1071)
inCaseStrategyTokenGetStuck(address,address) should be declared external:
	- ControllerV4.inCaseStrategyTokenGetStuck(address,address) (../../sb/0x6847259b2b3a4c17e7c43c54409810af48ba5210.sol#1073-1081)
getExpectedReturn(address,address,uint256) should be declared external:
	- ControllerV4.getExpectedReturn(address,address,uint256) (../../sb/0x6847259b2b3a4c17e7c43c54409810af48ba5210.sol#1083-1097)
yearn(address,address,uint256) should be declared external:
	- ControllerV4.yearn(address,address,uint256) (../../sb/0x6847259b2b3a4c17e7c43c54409810af48ba5210.sol#1100-1139)
withdraw(address,uint256) should be declared external:
	- ControllerV4.withdraw(address,uint256) (../../sb/0x6847259b2b3a4c17e7c43c54409810af48ba5210.sol#1141-1144)
Reference: https://github.com/crytic/slither/wiki/Detector-Documentation#public-function-that-could-be-declared-external[0m
/sb/0x6847259b2b3a4c17e7c43c54409810af48ba5210.sol analyzed (13 contracts with 78 detectors), 113 result(s) found
