
====================================================================================================
[1m[ ] Compiling Solidity contract from the file /sb/0x04536fb62db86ccf3c7b9b9ddd6dc10fedc92148.sol ... [0m[92m Done [0m
[1m[ ] Connecting to PRIVATE blockchain emptychain  [0m....[92m ESTABLISHED [0m
[1m[ ] Deploying contract [0m[92m confirmed at address: 0x9E536236ABF2288a7864C6A1AfaA4Cb98D464306 [0m
[1m[ ] Contract code length on the blockchain : [0m [92m  85  : 0x739e536236abf2288a7864c6a1af... [0m
[1m[ ] Contract address saved in file: [0m[92m./out/Math.address [0m
[94m[ ] Check if contract is SUICIDAL[0m

[ ] Contract address   : 0x9E536236ABF2288a7864C6A1AfaA4Cb98D464306
[ ] Contract bytecode  : 739e536236abf2288a7864c6a1afaa4cb98d46430630146080...
[ ] Bytecode length    : 170
[ ] Blockchain contract: True
[ ] Debug              : False

[92m[-] The code does not contain SUICIDE instructions, hence it is not vulnerable[0m

====================================================================================================
[1m[ ] Compiling Solidity contract from the file /sb/0x04536fb62db86ccf3c7b9b9ddd6dc10fedc92148.sol ... [0m[92m Done [0m
[1m[ ] Connecting to PRIVATE blockchain emptychain  [0m....[92m ESTABLISHED [0m
[1m[ ] Sending Ether to contract 0x9E536236ABF2288a7864C6A1AfaA4Cb98D464306  [0m.. tx[0] mined [92m Sent! [0m
[1m[ ] Deploying contract [0m[92m confirmed at address: 0x9E536236ABF2288a7864C6A1AfaA4Cb98D464306 [0m
[1m[ ] Contract code length on the blockchain : [0m [92m  85  : 0x739e536236abf2288a7864c6a1af... [0m
[1m[ ] Contract address saved in file: [0m[92m./out/Math.address [0m
[1m[ ] The contract balance: 44  [0m[92m Positive balance[0m
[94m[ ] Check if contract is PRODIGAL[0m

[ ] Contract address   : 0x9E536236ABF2288a7864C6A1AfaA4Cb98D464306
[ ] Contract bytecode  : 739e536236abf2288a7864c6a1afaa4cb98d46430630146080...
[ ] Bytecode length    : 170
[ ] Blockchain contract: True
[ ] Debug              : False
[92m[+] The code does not have CALL/SUICIDE, hence it is not prodigal[0m

====================================================================================================
[1m[ ] Compiling Solidity contract from the file /sb/0x04536fb62db86ccf3c7b9b9ddd6dc10fedc92148.sol ... [0m[92m Done [0m
[1m[ ] Connecting to PRIVATE blockchain emptychain  [0m....[92m ESTABLISHED [0m
[1m[ ] Deploying contract [0m[92m confirmed at address: 0x9E536236ABF2288a7864C6A1AfaA4Cb98D464306 [0m
[1m[ ] Contract code length on the blockchain : [0m [92m  85  : 0x739e536236abf2288a7864c6a1af... [0m
[1m[ ] Contract address saved in file: [0m[92m./out/Math.address [0m
[94m[ ] Check if contract is GREEDY[0m

[ ] Contract address   : 0x9E536236ABF2288a7864C6A1AfaA4Cb98D464306
[ ] Contract bytecode  : 739e536236abf2288a7864c6a1afaa4cb98d46430630146080...
[ ] Bytecode length    : 170
[ ] Debug              : False
[91m[-][0m [1mContract can receive Ether[0m

[92m[-] No lock vulnerability found because the contract cannot receive Ether [0m

====================================================================================================
[1m[ ] Compiling Solidity contract from the file /sb/0x04536fb62db86ccf3c7b9b9ddd6dc10fedc92148.sol ... [0m[92m Done [0m
[1m[ ] Connecting to PRIVATE blockchain emptychain  [0m....[92m ESTABLISHED [0m
[1m[ ] Deploying contract [0m[92m confirmed at address: 0x9E536236ABF2288a7864C6A1AfaA4Cb98D464306 [0m
[1m[ ] Contract code length on the blockchain : [0m [92m  85  : 0x739e536236abf2288a7864c6a1af... [0m
[1m[ ] Contract address saved in file: [0m[92m./out/SafeMath.address [0m
[94m[ ] Check if contract is SUICIDAL[0m

[ ] Contract address   : 0x9E536236ABF2288a7864C6A1AfaA4Cb98D464306
[ ] Contract bytecode  : 739e536236abf2288a7864c6a1afaa4cb98d46430630146080...
[ ] Bytecode length    : 170
[ ] Blockchain contract: True
[ ] Debug              : False

[92m[-] The code does not contain SUICIDE instructions, hence it is not vulnerable[0m

====================================================================================================
[1m[ ] Compiling Solidity contract from the file /sb/0x04536fb62db86ccf3c7b9b9ddd6dc10fedc92148.sol ... [0m[92m Done [0m
[1m[ ] Connecting to PRIVATE blockchain emptychain  [0m....[92m ESTABLISHED [0m
[1m[ ] Sending Ether to contract 0x9E536236ABF2288a7864C6A1AfaA4Cb98D464306  [0m..... tx[0] mined [92m Sent! [0m
[1m[ ] Deploying contract [0m[92m confirmed at address: 0x9E536236ABF2288a7864C6A1AfaA4Cb98D464306 [0m
[1m[ ] Contract code length on the blockchain : [0m [92m  85  : 0x739e536236abf2288a7864c6a1af... [0m
[1m[ ] Contract address saved in file: [0m[92m./out/SafeMath.address [0m
[1m[ ] The contract balance: 44  [0m[92m Positive balance[0m
[94m[ ] Check if contract is PRODIGAL[0m

[ ] Contract address   : 0x9E536236ABF2288a7864C6A1AfaA4Cb98D464306
[ ] Contract bytecode  : 739e536236abf2288a7864c6a1afaa4cb98d46430630146080...
[ ] Bytecode length    : 170
[ ] Blockchain contract: True
[ ] Debug              : False
[92m[+] The code does not have CALL/SUICIDE, hence it is not prodigal[0m

====================================================================================================
[1m[ ] Compiling Solidity contract from the file /sb/0x04536fb62db86ccf3c7b9b9ddd6dc10fedc92148.sol ... [0m[92m Done [0m
[1m[ ] Connecting to PRIVATE blockchain emptychain  [0m.....[92m ESTABLISHED [0m
[1m[ ] Deploying contract [0m[92m confirmed at address: 0x9E536236ABF2288a7864C6A1AfaA4Cb98D464306 [0m
[1m[ ] Contract code length on the blockchain : [0m [92m  85  : 0x739e536236abf2288a7864c6a1af... [0m
[1m[ ] Contract address saved in file: [0m[92m./out/SafeMath.address [0m
[94m[ ] Check if contract is GREEDY[0m

[ ] Contract address   : 0x9E536236ABF2288a7864C6A1AfaA4Cb98D464306
[ ] Contract bytecode  : 739e536236abf2288a7864c6a1afaa4cb98d46430630146080...
[ ] Bytecode length    : 170
[ ] Debug              : False
[91m[-][0m [1mContract can receive Ether[0m

[92m[-] No lock vulnerability found because the contract cannot receive Ether [0m

====================================================================================================
[1m[ ] Compiling Solidity contract from the file /sb/0x04536fb62db86ccf3c7b9b9ddd6dc10fedc92148.sol ... [0m[92m Done [0m
[1m[ ] Connecting to PRIVATE blockchain emptychain  [0m.....[92m ESTABLISHED [0m
[1m[ ] Deploying contract [0m[92m confirmed at address: 0x9E536236ABF2288a7864C6A1AfaA4Cb98D464306 [0m
[1m[ ] Contract code length on the blockchain : [0m [92m  85  : 0x739e536236abf2288a7864c6a1af... [0m
[1m[ ] Contract address saved in file: [0m[92m./out/UQ112x112.address [0m
[94m[ ] Check if contract is SUICIDAL[0m

[ ] Contract address   : 0x9E536236ABF2288a7864C6A1AfaA4Cb98D464306
[ ] Contract bytecode  : 739e536236abf2288a7864c6a1afaa4cb98d46430630146080...
[ ] Bytecode length    : 170
[ ] Blockchain contract: True
[ ] Debug              : False

[92m[-] The code does not contain SUICIDE instructions, hence it is not vulnerable[0m

====================================================================================================
[1m[ ] Compiling Solidity contract from the file /sb/0x04536fb62db86ccf3c7b9b9ddd6dc10fedc92148.sol ... [0m[92m Done [0m
[1m[ ] Connecting to PRIVATE blockchain emptychain  [0m....[92m ESTABLISHED [0m
[1m[ ] Sending Ether to contract 0x9E536236ABF2288a7864C6A1AfaA4Cb98D464306  [0m.... tx[0] mined [92m Sent! [0m
[1m[ ] Deploying contract [0m[92m confirmed at address: 0x9E536236ABF2288a7864C6A1AfaA4Cb98D464306 [0m
[1m[ ] Contract code length on the blockchain : [0m [92m  85  : 0x739e536236abf2288a7864c6a1af... [0m
[1m[ ] Contract address saved in file: [0m[92m./out/UQ112x112.address [0m
[1m[ ] The contract balance: 44  [0m[92m Positive balance[0m
[94m[ ] Check if contract is PRODIGAL[0m

[ ] Contract address   : 0x9E536236ABF2288a7864C6A1AfaA4Cb98D464306
[ ] Contract bytecode  : 739e536236abf2288a7864c6a1afaa4cb98d46430630146080...
[ ] Bytecode length    : 170
[ ] Blockchain contract: True
[ ] Debug              : False
[92m[+] The code does not have CALL/SUICIDE, hence it is not prodigal[0m

====================================================================================================
[1m[ ] Compiling Solidity contract from the file /sb/0x04536fb62db86ccf3c7b9b9ddd6dc10fedc92148.sol ... [0m[92m Done [0m
[1m[ ] Connecting to PRIVATE blockchain emptychain  [0m....[92m ESTABLISHED [0m
[1m[ ] Deploying contract [0m[92m confirmed at address: 0x9E536236ABF2288a7864C6A1AfaA4Cb98D464306 [0m
[1m[ ] Contract code length on the blockchain : [0m [92m  85  : 0x739e536236abf2288a7864c6a1af... [0m
[1m[ ] Contract address saved in file: [0m[92m./out/UQ112x112.address [0m
[94m[ ] Check if contract is GREEDY[0m

[ ] Contract address   : 0x9E536236ABF2288a7864C6A1AfaA4Cb98D464306
[ ] Contract bytecode  : 739e536236abf2288a7864c6a1afaa4cb98d46430630146080...
[ ] Bytecode length    : 170
[ ] Debug              : False
[91m[-][0m [1mContract can receive Ether[0m

[92m[-] No lock vulnerability found because the contract cannot receive Ether [0m

====================================================================================================
[1m[ ] Compiling Solidity contract from the file /sb/0x04536fb62db86ccf3c7b9b9ddd6dc10fedc92148.sol ... [0m[92m Done [0m
[1m[ ] Connecting to PRIVATE blockchain emptychain  [0m......[92m ESTABLISHED [0m
[1m[ ] Deploying contract [0m[92m confirmed at address: 0x9E536236ABF2288a7864C6A1AfaA4Cb98D464306 [0m
[1m[ ] Contract code length on the blockchain : [0m [92m  3937  : 0x6080604052348015610010576000... [0m
[1m[ ] Contract address saved in file: [0m[92m./out/UraniumERC20.address [0m
[94m[ ] Check if contract is SUICIDAL[0m

[ ] Contract address   : 0x9E536236ABF2288a7864C6A1AfaA4Cb98D464306
[ ] Contract bytecode  : 608060405234801561001057600080fd5b50600436106100cf...
[ ] Bytecode length    : 7874
[ ] Blockchain contract: True
[ ] Debug              : False

[ ][1m Search with call depth: 1   : [0mUnknown operation  at pos 15

[ ][1m Search with call depth: 2   : [0mUnknown operation  at pos 15

[ ][1m Search with call depth: 3   : [0mUnknown operation  at pos 15

[92m[-] No suicidal vulnerability found [0m

====================================================================================================
[1m[ ] Compiling Solidity contract from the file /sb/0x04536fb62db86ccf3c7b9b9ddd6dc10fedc92148.sol ... [0m[92m Done [0m
[1m[ ] Connecting to PRIVATE blockchain emptychain  [0m....[92m ESTABLISHED [0m
[1m[ ] Sending Ether to contract 0x9E536236ABF2288a7864C6A1AfaA4Cb98D464306  [0m... tx[0] mined [92m Sent! [0m
[1m[ ] Deploying contract [0m[92m confirmed at address: 0x9E536236ABF2288a7864C6A1AfaA4Cb98D464306 [0m
[1m[ ] Contract code length on the blockchain : [0m [92m  3937  : 0x6080604052348015610010576000... [0m
[1m[ ] Contract address saved in file: [0m[92m./out/UraniumERC20.address [0m
[1m[ ] The contract balance: 44  [0m[92m Positive balance[0m
[94m[ ] Check if contract is PRODIGAL[0m

[ ] Contract address   : 0x9E536236ABF2288a7864C6A1AfaA4Cb98D464306
[ ] Contract bytecode  : 608060405234801561001057600080fd5b50600436106100cf...
[ ] Bytecode length    : 7874
[ ] Blockchain contract: True
[ ] Debug              : False

[ ][1m Search with call depth: 1   : [0mUnknown operation  at pos 15

[ ][1m Search with call depth: 2   : [0mUnknown operation  at pos 15

[ ][1m Search with call depth: 3   : [0mUnknown operation  at pos 15

[92m[+] No prodigal vulnerability found [0m

====================================================================================================
[1m[ ] Compiling Solidity contract from the file /sb/0x04536fb62db86ccf3c7b9b9ddd6dc10fedc92148.sol ... [0m[92m Done [0m
[1m[ ] Connecting to PRIVATE blockchain emptychain  [0m......[92m ESTABLISHED [0m
[1m[ ] Deploying contract [0m[92m confirmed at address: 0x9E536236ABF2288a7864C6A1AfaA4Cb98D464306 [0m
[1m[ ] Contract code length on the blockchain : [0m [92m  3937  : 0x6080604052348015610010576000... [0m
[1m[ ] Contract address saved in file: [0m[92m./out/UraniumERC20.address [0m
[94m[ ] Check if contract is GREEDY[0m

[ ] Contract address   : 0x9E536236ABF2288a7864C6A1AfaA4Cb98D464306
[ ] Contract bytecode  : 608060405234801561001057600080fd5b50600436106100cf...
[ ] Bytecode length    : 7874
[ ] Debug              : False
[91m[-][0m [1mContract can receive Ether[0m

[92m[-] No lock vulnerability found because the contract cannot receive Ether [0m

====================================================================================================
[1m[ ] Compiling Solidity contract from the file /sb/0x04536fb62db86ccf3c7b9b9ddd6dc10fedc92148.sol ... [0m[92m Done [0m
[1m[ ] Connecting to PRIVATE blockchain emptychain  [0m....[92m ESTABLISHED [0m
[1m[ ] Deploying contract [0m[92m confirmed at address: 0x9E536236ABF2288a7864C6A1AfaA4Cb98D464306 [0m
[1m[ ] Contract code length on the blockchain : [0m [92m  15129  : 0x6080604052348015610010576000... [0m
[1m[ ] Contract address saved in file: [0m[92m./out/UraniumPair.address [0m
[94m[ ] Check if contract is SUICIDAL[0m

[ ] Contract address   : 0x9E536236ABF2288a7864C6A1AfaA4Cb98D464306
[ ] Contract bytecode  : 608060405234801561001057600080fd5b50600436106101a9...
[ ] Bytecode length    : 30258
[ ] Blockchain contract: True
[ ] Debug              : False

[92m[-] The code does not contain SUICIDE instructions, hence it is not vulnerable[0m

====================================================================================================
[1m[ ] Compiling Solidity contract from the file /sb/0x04536fb62db86ccf3c7b9b9ddd6dc10fedc92148.sol ... [0m[92m Done [0m
[1m[ ] Connecting to PRIVATE blockchain emptychain  [0m....[92m ESTABLISHED [0m
[1m[ ] Sending Ether to contract 0x9E536236ABF2288a7864C6A1AfaA4Cb98D464306  [0m............ tx[0] mined [92m Sent! [0m
[1m[ ] Deploying contract [0m[92m confirmed at address: 0x9E536236ABF2288a7864C6A1AfaA4Cb98D464306 [0m
[1m[ ] Contract code length on the blockchain : [0m [92m  15129  : 0x6080604052348015610010576000... [0m
[1m[ ] Contract address saved in file: [0m[92m./out/UraniumPair.address [0m
[1m[ ] The contract balance: 44  [0m[92m Positive balance[0m
[94m[ ] Check if contract is PRODIGAL[0m

[ ] Contract address   : 0x9E536236ABF2288a7864C6A1AfaA4Cb98D464306
[ ] Contract bytecode  : 608060405234801561001057600080fd5b50600436106101a9...
[ ] Bytecode length    : 30258
[ ] Blockchain contract: True
[ ] Debug              : False

[ ][1m Search with call depth: 1   : [0mUnknown operation  at pos 15

[ ][1m Search with call depth: 2   : [0mUnknown operation  at pos 15

[ ][1m Search with call depth: 3   : [0mUnknown operation  at pos 15

[92m[+] No prodigal vulnerability found [0m

====================================================================================================
[1m[ ] Compiling Solidity contract from the file /sb/0x04536fb62db86ccf3c7b9b9ddd6dc10fedc92148.sol ... [0m[92m Done [0m
[1m[ ] Connecting to PRIVATE blockchain emptychain  [0m....[92m ESTABLISHED [0m
[1m[ ] Deploying contract [0m[92m confirmed at address: 0x9E536236ABF2288a7864C6A1AfaA4Cb98D464306 [0m
[1m[ ] Contract code length on the blockchain : [0m [92m  15129  : 0x6080604052348015610010576000... [0m
[1m[ ] Contract address saved in file: [0m[92m./out/UraniumPair.address [0m
[94m[ ] Check if contract is GREEDY[0m

[ ] Contract address   : 0x9E536236ABF2288a7864C6A1AfaA4Cb98D464306
[ ] Contract bytecode  : 608060405234801561001057600080fd5b50600436106101a9...
[ ] Bytecode length    : 30258
[ ] Debug              : False
[91m[-][0m [1mContract can receive Ether[0m

[92m[-] No lock vulnerability found because the contract cannot receive Ether [0m
