WARNING:root:You are using solc version 0.7.6, The latest supported version is 0.4.19
INFO:CryticCompile:Compilation warnings/errors on /sb/0x4622aff8e521a444c9301da0efd05f6b482221b8.sol:
Warning: This declaration has the same name as another declaration.
    --> /sb/0x4622aff8e521a444c9301da0efd05f6b482221b8.sol:2376:9:
     |
2376 |         address token,
     |         ^^^^^^^^^^^^^
Note: The other declaration is here:
    --> /sb/0x4622aff8e521a444c9301da0efd05f6b482221b8.sol:2532:5:
     |
2532 |     function token() external view returns (address);
     |     ^^^^^^^^^^^^^^^^^^^^^^^^^^^^^^^^^^^^^^^^^^^^^^^^^

Warning: This declaration has the same name as another declaration.
    --> /sb/0x4622aff8e521a444c9301da0efd05f6b482221b8.sol:2377:9:
     |
2377 |         address governance,
     |         ^^^^^^^^^^^^^^^^^^
Note: The other declaration is here:
    --> /sb/0x4622aff8e521a444c9301da0efd05f6b482221b8.sol:2534:5:
     |
2534 |     function governance() external view returns (address);
     |     ^^^^^^^^^^^^^^^^^^^^^^^^^^^^^^^^^^^^^^^^^^^^^^^^^^^^^^

Warning: This declaration has the same name as another declaration.
    --> /sb/0x4622aff8e521a444c9301da0efd05f6b482221b8.sol:2378:9:
     |
2378 |         address rewards,
     |         ^^^^^^^^^^^^^^^
Note: The other declaration is here:
    --> /sb/0x4622aff8e521a444c9301da0efd05f6b482221b8.sol:2575:5:
     |
2575 |     function rewards() external view returns (address);
     |     ^^^^^^^^^^^^^^^^^^^^^^^^^^^^^^^^^^^^^^^^^^^^^^^^^^^

Warning: This declaration has the same name as another declaration.
    --> /sb/0x4622aff8e521a444c9301da0efd05f6b482221b8.sol:2384:9:
     |
2384 |         address token,
     |         ^^^^^^^^^^^^^
Note: The other declaration is here:
    --> /sb/0x4622aff8e521a444c9301da0efd05f6b482221b8.sol:2532:5:
     |
2532 |     function token() external view returns (address);
     |     ^^^^^^^^^^^^^^^^^^^^^^^^^^^^^^^^^^^^^^^^^^^^^^^^^

Warning: This declaration has the same name as another declaration.
    --> /sb/0x4622aff8e521a444c9301da0efd05f6b482221b8.sol:2385:9:
     |
2385 |         address governance,
     |         ^^^^^^^^^^^^^^^^^^
Note: The other declaration is here:
    --> /sb/0x4622aff8e521a444c9301da0efd05f6b482221b8.sol:2534:5:
     |
2534 |     function governance() external view returns (address);
     |     ^^^^^^^^^^^^^^^^^^^^^^^^^^^^^^^^^^^^^^^^^^^^^^^^^^^^^^

Warning: This declaration has the same name as another declaration.
    --> /sb/0x4622aff8e521a444c9301da0efd05f6b482221b8.sol:2386:9:
     |
2386 |         address rewards,
     |         ^^^^^^^^^^^^^^^
Note: The other declaration is here:
    --> /sb/0x4622aff8e521a444c9301da0efd05f6b482221b8.sol:2575:5:
     |
2575 |     function rewards() external view returns (address);
     |     ^^^^^^^^^^^^^^^^^^^^^^^^^^^^^^^^^^^^^^^^^^^^^^^^^^^

Warning: This declaration has the same name as another declaration.
    --> /sb/0x4622aff8e521a444c9301da0efd05f6b482221b8.sol:2389:9:
     |
2389 |         address guardian
     |         ^^^^^^^^^^^^^^^^
Note: The other declaration is here:
    --> /sb/0x4622aff8e521a444c9301da0efd05f6b482221b8.sol:2538:5:
     |
2538 |     function guardian() external view returns (address);
     |     ^^^^^^^^^^^^^^^^^^^^^^^^^^^^^^^^^^^^^^^^^^^^^^^^^^^^

Warning: This declaration has the same name as another declaration.
    --> /sb/0x4622aff8e521a444c9301da0efd05f6b482221b8.sol:2394:22:
     |
2394 |     function setName(string memory name) external;
     |                      ^^^^^^^^^^^^^^^^^^
Note: The other declaration is here:
    --> /sb/0x4622aff8e521a444c9301da0efd05f6b482221b8.sol:2518:5:
     |
2518 |     function name() external view returns (string memory);
     |     ^^^^^^^^^^^^^^^^^^^^^^^^^^^^^^^^^^^^^^^^^^^^^^^^^^^^^^

Warning: This declaration has the same name as another declaration.
    --> /sb/0x4622aff8e521a444c9301da0efd05f6b482221b8.sol:2396:24:
     |
2396 |     function setSymbol(string memory symbol) external;
     |                        ^^^^^^^^^^^^^^^^^^^^
Note: The other declaration is here:
    --> /sb/0x4622aff8e521a444c9301da0efd05f6b482221b8.sol:2520:5:
     |
2520 |     function symbol() external view returns (string memory);
     |     ^^^^^^^^^^^^^^^^^^^^^^^^^^^^^^^^^^^^^^^^^^^^^^^^^^^^^^^^

Warning: This declaration has the same name as another declaration.
    --> /sb/0x4622aff8e521a444c9301da0efd05f6b482221b8.sol:2398:28:
     |
2398 |     function setGovernance(address governance) external;
     |                            ^^^^^^^^^^^^^^^^^^
Note: The other declaration is here:
    --> /sb/0x4622aff8e521a444c9301da0efd05f6b482221b8.sol:2534:5:
     |
2534 |     function governance() external view returns (address);
     |     ^^^^^^^^^^^^^^^^^^^^^^^^^^^^^^^^^^^^^^^^^^^^^^^^^^^^^^

Warning: This declaration has the same name as another declaration.
    --> /sb/0x4622aff8e521a444c9301da0efd05f6b482221b8.sol:2402:28:
     |
2402 |     function setManagement(address management) external;
     |                            ^^^^^^^^^^^^^^^^^^
Note: The other declaration is here:
    --> /sb/0x4622aff8e521a444c9301da0efd05f6b482221b8.sol:2536:5:
     |
2536 |     function management() external view returns (address);
     |     ^^^^^^^^^^^^^^^^^^^^^^^^^^^^^^^^^^^^^^^^^^^^^^^^^^^^^^

Warning: This declaration has the same name as another declaration.
    --> /sb/0x4622aff8e521a444c9301da0efd05f6b482221b8.sol:2404:27:
     |
2404 |     function setGuestList(address guestList) external;
     |                           ^^^^^^^^^^^^^^^^^
Note: The other declaration is here:
    --> /sb/0x4622aff8e521a444c9301da0efd05f6b482221b8.sol:2540:5:
     |
2540 |     function guestList() external view returns (address);
     |     ^^^^^^^^^^^^^^^^^^^^^^^^^^^^^^^^^^^^^^^^^^^^^^^^^^^^^

Warning: This declaration has the same name as another declaration.
    --> /sb/0x4622aff8e521a444c9301da0efd05f6b482221b8.sol:2406:25:
     |
2406 |     function setRewards(address rewards) external;
     |                         ^^^^^^^^^^^^^^^
Note: The other declaration is here:
    --> /sb/0x4622aff8e521a444c9301da0efd05f6b482221b8.sol:2575:5:
     |
2575 |     function rewards() external view returns (address);
     |     ^^^^^^^^^^^^^^^^^^^^^^^^^^^^^^^^^^^^^^^^^^^^^^^^^^^

Warning: This declaration has the same name as another declaration.
    --> /sb/0x4622aff8e521a444c9301da0efd05f6b482221b8.sol:2416:26:
     |
2416 |     function setGuardian(address guardian) external;
     |                          ^^^^^^^^^^^^^^^^
Note: The other declaration is here:
    --> /sb/0x4622aff8e521a444c9301da0efd05f6b482221b8.sol:2538:5:
     |
2538 |     function guardian() external view returns (address);
     |     ^^^^^^^^^^^^^^^^^^^^^^^^^^^^^^^^^^^^^^^^^^^^^^^^^^^^

Warning: This declaration has the same name as another declaration.
    --> /sb/0x4622aff8e521a444c9301da0efd05f6b482221b8.sol:2470:9:
     |
2470 |         uint256 debtRatio,
     |         ^^^^^^^^^^^^^^^^^
Note: The other declaration is here:
    --> /sb/0x4622aff8e521a444c9301da0efd05f6b482221b8.sol:2563:5:
     |
2563 |     function debtRatio() external view returns (uint256);
     |     ^^^^^^^^^^^^^^^^^^^^^^^^^^^^^^^^^^^^^^^^^^^^^^^^^^^^^

Warning: This declaration has the same name as another declaration.
    --> /sb/0x4622aff8e521a444c9301da0efd05f6b482221b8.sol:2473:9:
     |
2473 |         uint256 performanceFee
     |         ^^^^^^^^^^^^^^^^^^^^^^
Note: The other declaration is here:
    --> /sb/0x4622aff8e521a444c9301da0efd05f6b482221b8.sol:2579:5:
     |
2579 |     function performanceFee() external view returns (uint256);
     |     ^^^^^^^^^^^^^^^^^^^^^^^^^^^^^^^^^^^^^^^^^^^^^^^^^^^^^^^^^^

Warning: This declaration has the same name as another declaration.
    --> /sb/0x4622aff8e521a444c9301da0efd05f6b482221b8.sol:2476:56:
     |
2476 |     function updateStrategyDebtRatio(address strategy, uint256 debtRatio) external;
     |                                                        ^^^^^^^^^^^^^^^^^
Note: The other declaration is here:
    --> /sb/0x4622aff8e521a444c9301da0efd05f6b482221b8.sol:2563:5:
     |
2563 |     function debtRatio() external view returns (uint256);
     |     ^^^^^^^^^^^^^^^^^^^^^^^^^^^^^^^^^^^^^^^^^^^^^^^^^^^^^

Warning: This declaration has the same name as another declaration.
    --> /sb/0x4622aff8e521a444c9301da0efd05f6b482221b8.sol:2482:61:
     |
2482 |     function updateStrategyPerformanceFee(address strategy, uint256 performanceFee) external;
     |                                                             ^^^^^^^^^^^^^^^^^^^^^^
Note: The other declaration is here:
    --> /sb/0x4622aff8e521a444c9301da0efd05f6b482221b8.sol:2579:5:
     |
2579 |     function performanceFee() external view returns (uint256);
     |     ^^^^^^^^^^^^^^^^^^^^^^^^^^^^^^^^^^^^^^^^^^^^^^^^^^^^^^^^^^

Warning: This declaration has the same name as another declaration.
    --> /sb/0x4622aff8e521a444c9301da0efd05f6b482221b8.sol:2514:20:
     |
2514 |     function sweep(address token) external;
     |                    ^^^^^^^^^^^^^
Note: The other declaration is here:
    --> /sb/0x4622aff8e521a444c9301da0efd05f6b482221b8.sol:2532:5:
     |
2532 |     function token() external view returns (address);
     |     ^^^^^^^^^^^^^^^^^^^^^^^^^^^^^^^^^^^^^^^^^^^^^^^^^

Warning: This declaration has the same name as another declaration.
    --> /sb/0x4622aff8e521a444c9301da0efd05f6b482221b8.sol:2516:20:
     |
2516 |     function sweep(address token, uint256 amount) external;
     |                    ^^^^^^^^^^^^^
Note: The other declaration is here:
    --> /sb/0x4622aff8e521a444c9301da0efd05f6b482221b8.sol:2532:5:
     |
2532 |     function token() external view returns (address);
     |     ^^^^^^^^^^^^^^^^^^^^^^^^^^^^^^^^^^^^^^^^^^^^^^^^^

Warning: This declaration has the same name as another declaration.
    --> /sb/0x4622aff8e521a444c9301da0efd05f6b482221b8.sol:2546:13:
     |
2546 |             uint256 performanceFee,
     |             ^^^^^^^^^^^^^^^^^^^^^^
Note: The other declaration is here:
    --> /sb/0x4622aff8e521a444c9301da0efd05f6b482221b8.sol:2579:5:
     |
2579 |     function performanceFee() external view returns (uint256);
     |     ^^^^^^^^^^^^^^^^^^^^^^^^^^^^^^^^^^^^^^^^^^^^^^^^^^^^^^^^^^

Warning: This declaration has the same name as another declaration.
    --> /sb/0x4622aff8e521a444c9301da0efd05f6b482221b8.sol:2547:13:
     |
2547 |             uint256 activation,
     |             ^^^^^^^^^^^^^^^^^^
Note: The other declaration is here:
    --> /sb/0x4622aff8e521a444c9301da0efd05f6b482221b8.sol:2569:5:
     |
2569 |     function activation() external view returns (uint256);
     |     ^^^^^^^^^^^^^^^^^^^^^^^^^^^^^^^^^^^^^^^^^^^^^^^^^^^^^^

Warning: This declaration has the same name as another declaration.
    --> /sb/0x4622aff8e521a444c9301da0efd05f6b482221b8.sol:2548:13:
     |
2548 |             uint256 debtRatio,
     |             ^^^^^^^^^^^^^^^^^
Note: The other declaration is here:
    --> /sb/0x4622aff8e521a444c9301da0efd05f6b482221b8.sol:2563:5:
     |
2563 |     function debtRatio() external view returns (uint256);
     |     ^^^^^^^^^^^^^^^^^^^^^^^^^^^^^^^^^^^^^^^^^^^^^^^^^^^^^

Warning: This declaration has the same name as another declaration.
    --> /sb/0x4622aff8e521a444c9301da0efd05f6b482221b8.sol:2551:13:
     |
2551 |             uint256 lastReport,
     |             ^^^^^^^^^^^^^^^^^^
Note: The other declaration is here:
    --> /sb/0x4622aff8e521a444c9301da0efd05f6b482221b8.sol:2567:5:
     |
2567 |     function lastReport() external view returns (uint256);
     |     ^^^^^^^^^^^^^^^^^^^^^^^^^^^^^^^^^^^^^^^^^^^^^^^^^^^^^^

Warning: This declaration has the same name as another declaration.
    --> /sb/0x4622aff8e521a444c9301da0efd05f6b482221b8.sol:2552:13:
     |
2552 |             uint256 totalDebt,
     |             ^^^^^^^^^^^^^^^^^
Note: The other declaration is here:
    --> /sb/0x4622aff8e521a444c9301da0efd05f6b482221b8.sol:2565:5:
     |
2565 |     function totalDebt() external view returns (uint256);
     |     ^^^^^^^^^^^^^^^^^^^^^^^^^^^^^^^^^^^^^^^^^^^^^^^^^^^^^

Warning: Visibility for constructor is ignored. If you want the contract to be non-deployable, making it "abstract" is sufficient.
    --> /sb/0x4622aff8e521a444c9301da0efd05f6b482221b8.sol:3515:5:
     |
3515 |     constructor (string memory name_, string memory symbol_) public {
     |     ^ (Relevant source part starts here and spans across multiple lines).

Warning: Visibility for constructor is ignored. If you want the contract to be non-deployable, making it "abstract" is sufficient.
    --> /sb/0x4622aff8e521a444c9301da0efd05f6b482221b8.sol:4060:5:
     |
4060 |     constructor () internal {
     |     ^ (Relevant source part starts here and spans across multiple lines).

Warning: Contract code size exceeds 24576 bytes (a limit introduced in Spurious Dragon). This contract may not be deployable on mainnet. Consider enabling the optimizer (with a low "runs" value!), turning off revert strings, or using libraries.
    --> /sb/0x4622aff8e521a444c9301da0efd05f6b482221b8.sol:4107:1:
     |
4107 | contract BMIZapper is Ownable {
     | ^ (Relevant source part starts here and spans across multiple lines).


incomplete push instruction at 70
incomplete push instruction at 67
incomplete push instruction at 62
INFO:root:contract /sb/0x4622aff8e521a444c9301da0efd05f6b482221b8.sol:BMIZapper:
INFO:symExec:	============ Results ===========
Traceback (most recent call last):
  File "/oyente/oyente/oyente.py", line 232, in <module>
    main()
  File "/oyente/oyente/oyente.py", line 227, in main
    exit_code = analyze_solidity()
  File "/oyente/oyente/oyente.py", line 110, in analyze_solidity
    results, exit_code = run_solidity_analysis(inputs)
  File "/oyente/oyente/oyente.py", line 87, in run_solidity_analysis
    result, return_code = symExec.run(disasm_file=inp['disasm_file'], source_map=inp['source_map'], source_file=inp['source'])
  File "/oyente/oyente/symExec.py", line 2458, in run
    analyze()
  File "/oyente/oyente/symExec.py", line 2441, in analyze
    run_build_cfg_and_analyze(timeout_cb=timeout_cb)
  File "/oyente/oyente/symExec.py", line 2398, in run_build_cfg_and_analyze
    build_cfg_and_analyze()
  File "/oyente/oyente/symExec.py", line 225, in build_cfg_and_analyze
    collect_vertices(tokens)
  File "/oyente/oyente/symExec.py", line 341, in collect_vertices
    idx = mapping_non_push_instruction(current_line_content, current_ins_address, idx, positions, length) if g_src_map else None
  File "/oyente/oyente/symExec.py", line 281, in mapping_non_push_instruction
    raise RuntimeError(F"Source map error, unknown name({name}) or instr_name({instr_name})")
RuntimeError: Source map error, unknown name(SHR) or instr_name(INVALID)
