[91m
LockProxy._transferFromContract(address,address,uint256) (../../sb/0x250e76987d838a75310c34bf422ea9f1ac4cc906.sol#1343-1353) sends eth to arbitrary user
	Dangerous calls:
	- address(uint160(toAddress)).transfer(amount) (../../sb/0x250e76987d838a75310c34bf422ea9f1ac4cc906.sol#1347)
Reference: https://github.com/crytic/slither/wiki/Detector-Documentation#functions-that-send-ether-to-arbitrary-destinations[0m
[93m
LockProxy._deserializeTxArgs(bytes).args (../../sb/0x250e76987d838a75310c34bf422ea9f1ac4cc906.sol#1380) is a local variable never initialized
Reference: https://github.com/crytic/slither/wiki/Detector-Documentation#uninitialized-local-variables[0m
[92m
LockProxy.setManagerProxy(address).ethCCMProxyAddr (../../sb/0x250e76987d838a75310c34bf422ea9f1ac4cc906.sol#1236) lacks a zero-check on :
		- managerProxyContract = ethCCMProxyAddr (../../sb/0x250e76987d838a75310c34bf422ea9f1ac4cc906.sol#1237)
Reference: https://github.com/crytic/slither/wiki/Detector-Documentation#missing-zero-address-validation[0m
[92m
Reentrancy in LockProxy.lock(address,uint64,bytes,uint256) (../../sb/0x250e76987d838a75310c34bf422ea9f1ac4cc906.sol#1262-1290):
	External calls:
	- require(bool,string)(_transferToContract(fromAssetHash,amount),transfer asset from fromAddress to lock_proxy contract  failed!) (../../sb/0x250e76987d838a75310c34bf422ea9f1ac4cc906.sol#1266)
		- erc20Token.safeTransferFrom(fromAddress,toAddress,amount) (../../sb/0x250e76987d838a75310c34bf422ea9f1ac4cc906.sol#1359)
		- (success,returndata) = address(token).call(data) (../../sb/0x250e76987d838a75310c34bf422ea9f1ac4cc906.sol#707)
	- require(bool,string)(eccm.crossChain(toChainId,toProxyHash,unlock,txData),EthCrossChainManager crossChain executed error!) (../../sb/0x250e76987d838a75310c34bf422ea9f1ac4cc906.sol#1284)
	Event emitted after the call(s):
	- LockEvent(fromAssetHash,_msgSender(),toChainId,toAssetHash,toAddress,amount) (../../sb/0x250e76987d838a75310c34bf422ea9f1ac4cc906.sol#1286)
Reentrancy in LockProxy.unlock(bytes,bytes,uint64) (../../sb/0x250e76987d838a75310c34bf422ea9f1ac4cc906.sol#1300-1317):
	External calls:
	- require(bool,string)(_transferFromContract(toAssetHash,toAddress,args.amount),transfer asset from lock_proxy contract to toAddress failed!) (../../sb/0x250e76987d838a75310c34bf422ea9f1ac4cc906.sol#1313)
		- erc20Token.safeTransfer(toAddress,amount) (../../sb/0x250e76987d838a75310c34bf422ea9f1ac4cc906.sol#1365)
		- (success,returndata) = address(token).call(data) (../../sb/0x250e76987d838a75310c34bf422ea9f1ac4cc906.sol#707)
	External calls sending eth:
	- require(bool,string)(_transferFromContract(toAssetHash,toAddress,args.amount),transfer asset from lock_proxy contract to toAddress failed!) (../../sb/0x250e76987d838a75310c34bf422ea9f1ac4cc906.sol#1313)
		- address(uint160(toAddress)).transfer(amount) (../../sb/0x250e76987d838a75310c34bf422ea9f1ac4cc906.sol#1347)
	Event emitted after the call(s):
	- UnlockEvent(toAssetHash,toAddress,args.amount) (../../sb/0x250e76987d838a75310c34bf422ea9f1ac4cc906.sol#1315)
Reference: https://github.com/crytic/slither/wiki/Detector-Documentation#reentrancy-vulnerabilities-3[0m
[92m
Utils.bytesToBytes32(bytes) (../../sb/0x250e76987d838a75310c34bf422ea9f1ac4cc906.sol#271-277) uses assembly
	- INLINE ASM (../../sb/0x250e76987d838a75310c34bf422ea9f1ac4cc906.sol#273-276)
Utils.bytesToUint256(bytes) (../../sb/0x250e76987d838a75310c34bf422ea9f1ac4cc906.sol#283-290) uses assembly
	- INLINE ASM (../../sb/0x250e76987d838a75310c34bf422ea9f1ac4cc906.sol#285-288)
Utils.uint256ToBytes(uint256) (../../sb/0x250e76987d838a75310c34bf422ea9f1ac4cc906.sol#296-309) uses assembly
	- INLINE ASM (../../sb/0x250e76987d838a75310c34bf422ea9f1ac4cc906.sol#298-308)
Utils.bytesToAddress(bytes) (../../sb/0x250e76987d838a75310c34bf422ea9f1ac4cc906.sol#315-324) uses assembly
	- INLINE ASM (../../sb/0x250e76987d838a75310c34bf422ea9f1ac4cc906.sol#318-322)
Utils.addressToBytes(address) (../../sb/0x250e76987d838a75310c34bf422ea9f1ac4cc906.sol#330-342) uses assembly
	- INLINE ASM (../../sb/0x250e76987d838a75310c34bf422ea9f1ac4cc906.sol#331-341)
Utils.equalStorage(bytes,bytes) (../../sb/0x250e76987d838a75310c34bf422ea9f1ac4cc906.sol#367-437) uses assembly
	- INLINE ASM (../../sb/0x250e76987d838a75310c34bf422ea9f1ac4cc906.sol#370-434)
Utils.slice(bytes,uint256,uint256) (../../sb/0x250e76987d838a75310c34bf422ea9f1ac4cc906.sol#446-510) uses assembly
	- INLINE ASM (../../sb/0x250e76987d838a75310c34bf422ea9f1ac4cc906.sol#459-507)
Utils.isContract(address) (../../sb/0x250e76987d838a75310c34bf422ea9f1ac4cc906.sol#557-570) uses assembly
	- INLINE ASM (../../sb/0x250e76987d838a75310c34bf422ea9f1ac4cc906.sol#568)
ZeroCopySource.NextBool(bytes,uint256) (../../sb/0x250e76987d838a75310c34bf422ea9f1ac4cc906.sol#754-770) uses assembly
	- INLINE ASM (../../sb/0x250e76987d838a75310c34bf422ea9f1ac4cc906.sol#758-760)
ZeroCopySource.NextByte(bytes,uint256) (../../sb/0x250e76987d838a75310c34bf422ea9f1ac4cc906.sol#777-784) uses assembly
	- INLINE ASM (../../sb/0x250e76987d838a75310c34bf422ea9f1ac4cc906.sol#780-782)
ZeroCopySource.NextUint8(bytes,uint256) (../../sb/0x250e76987d838a75310c34bf422ea9f1ac4cc906.sol#791-802) uses assembly
	- INLINE ASM (../../sb/0x250e76987d838a75310c34bf422ea9f1ac4cc906.sol#794-800)
ZeroCopySource.NextUint16(bytes,uint256) (../../sb/0x250e76987d838a75310c34bf422ea9f1ac4cc906.sol#809-822) uses assembly
	- INLINE ASM (../../sb/0x250e76987d838a75310c34bf422ea9f1ac4cc906.sol#813-820)
ZeroCopySource.NextUint32(bytes,uint256) (../../sb/0x250e76987d838a75310c34bf422ea9f1ac4cc906.sol#830-850) uses assembly
	- INLINE ASM (../../sb/0x250e76987d838a75310c34bf422ea9f1ac4cc906.sol#833-848)
ZeroCopySource.NextUint64(bytes,uint256) (../../sb/0x250e76987d838a75310c34bf422ea9f1ac4cc906.sol#857-877) uses assembly
	- INLINE ASM (../../sb/0x250e76987d838a75310c34bf422ea9f1ac4cc906.sol#860-875)
ZeroCopySource.NextUint255(bytes,uint256) (../../sb/0x250e76987d838a75310c34bf422ea9f1ac4cc906.sol#885-906) uses assembly
	- INLINE ASM (../../sb/0x250e76987d838a75310c34bf422ea9f1ac4cc906.sol#888-903)
ZeroCopySource.NextVarBytes(bytes,uint256) (../../sb/0x250e76987d838a75310c34bf422ea9f1ac4cc906.sol#913-968) uses assembly
	- INLINE ASM (../../sb/0x250e76987d838a75310c34bf422ea9f1ac4cc906.sol#918-965)
ZeroCopySource.NextHash(bytes,uint256) (../../sb/0x250e76987d838a75310c34bf422ea9f1ac4cc906.sol#974-981) uses assembly
	- INLINE ASM (../../sb/0x250e76987d838a75310c34bf422ea9f1ac4cc906.sol#977-979)
ZeroCopySource.NextBytes20(bytes,uint256) (../../sb/0x250e76987d838a75310c34bf422ea9f1ac4cc906.sol#988-995) uses assembly
	- INLINE ASM (../../sb/0x250e76987d838a75310c34bf422ea9f1ac4cc906.sol#991-993)
ZeroCopySink.WriteBool(bool) (../../sb/0x250e76987d838a75310c34bf422ea9f1ac4cc906.sol#1046-1063) uses assembly
	- INLINE ASM (../../sb/0x250e76987d838a75310c34bf422ea9f1ac4cc906.sol#1048-1061)
ZeroCopySink.WriteUint8(uint8) (../../sb/0x250e76987d838a75310c34bf422ea9f1ac4cc906.sol#1077-1087) uses assembly
	- INLINE ASM (../../sb/0x250e76987d838a75310c34bf422ea9f1ac4cc906.sol#1079-1085)
ZeroCopySink.WriteUint16(uint16) (../../sb/0x250e76987d838a75310c34bf422ea9f1ac4cc906.sol#1093-1112) uses assembly
	- INLINE ASM (../../sb/0x250e76987d838a75310c34bf422ea9f1ac4cc906.sol#1096-1110)
ZeroCopySink.WriteUint32(uint32) (../../sb/0x250e76987d838a75310c34bf422ea9f1ac4cc906.sol#1118-1136) uses assembly
	- INLINE ASM (../../sb/0x250e76987d838a75310c34bf422ea9f1ac4cc906.sol#1120-1134)
ZeroCopySink.WriteUint64(uint64) (../../sb/0x250e76987d838a75310c34bf422ea9f1ac4cc906.sol#1142-1161) uses assembly
	- INLINE ASM (../../sb/0x250e76987d838a75310c34bf422ea9f1ac4cc906.sol#1145-1159)
ZeroCopySink.WriteUint255(uint256) (../../sb/0x250e76987d838a75310c34bf422ea9f1ac4cc906.sol#1167-1187) uses assembly
	- INLINE ASM (../../sb/0x250e76987d838a75310c34bf422ea9f1ac4cc906.sol#1171-1185)
Reference: https://github.com/crytic/slither/wiki/Detector-Documentation#assembly-usage[0m
[92m
Context._msgData() (../../sb/0x250e76987d838a75310c34bf422ea9f1ac4cc906.sol#24-27) is never used and should be removed
SafeERC20.safeApprove(IERC20,address,uint256) (../../sb/0x250e76987d838a75310c34bf422ea9f1ac4cc906.sol#668-677) is never used and should be removed
SafeERC20.safeDecreaseAllowance(IERC20,address,uint256) (../../sb/0x250e76987d838a75310c34bf422ea9f1ac4cc906.sol#684-687) is never used and should be removed
SafeERC20.safeIncreaseAllowance(IERC20,address,uint256) (../../sb/0x250e76987d838a75310c34bf422ea9f1ac4cc906.sol#679-682) is never used and should be removed
SafeMath.add(uint256,uint256) (../../sb/0x250e76987d838a75310c34bf422ea9f1ac4cc906.sol#131-136) is never used and should be removed
SafeMath.div(uint256,uint256) (../../sb/0x250e76987d838a75310c34bf422ea9f1ac4cc906.sol#203-205) is never used and should be removed
SafeMath.div(uint256,uint256,string) (../../sb/0x250e76987d838a75310c34bf422ea9f1ac4cc906.sol#220-227) is never used and should be removed
SafeMath.mod(uint256,uint256) (../../sb/0x250e76987d838a75310c34bf422ea9f1ac4cc906.sol#240-242) is never used and should be removed
SafeMath.mod(uint256,uint256,string) (../../sb/0x250e76987d838a75310c34bf422ea9f1ac4cc906.sol#257-260) is never used and should be removed
SafeMath.mul(uint256,uint256) (../../sb/0x250e76987d838a75310c34bf422ea9f1ac4cc906.sol#178-190) is never used and should be removed
SafeMath.sub(uint256,uint256) (../../sb/0x250e76987d838a75310c34bf422ea9f1ac4cc906.sol#147-149) is never used and should be removed
SafeMath.sub(uint256,uint256,string) (../../sb/0x250e76987d838a75310c34bf422ea9f1ac4cc906.sol#162-167) is never used and should be removed
Utils.addressToBytes(address) (../../sb/0x250e76987d838a75310c34bf422ea9f1ac4cc906.sol#330-342) is never used and should be removed
Utils.bytesToBytes32(bytes) (../../sb/0x250e76987d838a75310c34bf422ea9f1ac4cc906.sol#271-277) is never used and should be removed
Utils.bytesToUint256(bytes) (../../sb/0x250e76987d838a75310c34bf422ea9f1ac4cc906.sol#283-290) is never used and should be removed
Utils.compressMCPubKey(bytes) (../../sb/0x250e76987d838a75310c34bf422ea9f1ac4cc906.sol#534-543) is never used and should be removed
Utils.containMAddresses(address[],address[],uint256) (../../sb/0x250e76987d838a75310c34bf422ea9f1ac4cc906.sol#517-528) is never used and should be removed
Utils.hashChildren(bytes32,bytes32) (../../sb/0x250e76987d838a75310c34bf422ea9f1ac4cc906.sol#357-359) is never used and should be removed
Utils.hashLeaf(bytes) (../../sb/0x250e76987d838a75310c34bf422ea9f1ac4cc906.sol#348-350) is never used and should be removed
Utils.slice(bytes,uint256,uint256) (../../sb/0x250e76987d838a75310c34bf422ea9f1ac4cc906.sol#446-510) is never used and should be removed
Utils.uint256ToBytes(uint256) (../../sb/0x250e76987d838a75310c34bf422ea9f1ac4cc906.sol#296-309) is never used and should be removed
ZeroCopySink.WriteBool(bool) (../../sb/0x250e76987d838a75310c34bf422ea9f1ac4cc906.sol#1046-1063) is never used and should be removed
ZeroCopySource.NextBool(bytes,uint256) (../../sb/0x250e76987d838a75310c34bf422ea9f1ac4cc906.sol#754-770) is never used and should be removed
ZeroCopySource.NextBytes20(bytes,uint256) (../../sb/0x250e76987d838a75310c34bf422ea9f1ac4cc906.sol#988-995) is never used and should be removed
ZeroCopySource.NextHash(bytes,uint256) (../../sb/0x250e76987d838a75310c34bf422ea9f1ac4cc906.sol#974-981) is never used and should be removed
ZeroCopySource.NextUint8(bytes,uint256) (../../sb/0x250e76987d838a75310c34bf422ea9f1ac4cc906.sol#791-802) is never used and should be removed
Reference: https://github.com/crytic/slither/wiki/Detector-Documentation#dead-code[0m
[92m
Low level call in SafeERC20.callOptionalReturn(IERC20,bytes) (../../sb/0x250e76987d838a75310c34bf422ea9f1ac4cc906.sol#695-714):
	- (success,returndata) = address(token).call(data) (../../sb/0x250e76987d838a75310c34bf422ea9f1ac4cc906.sol#707)
Reference: https://github.com/crytic/slither/wiki/Detector-Documentation#low-level-calls[0m
[92m
Parameter Utils.bytesToBytes32(bytes)._bs (../../sb/0x250e76987d838a75310c34bf422ea9f1ac4cc906.sol#271) is not in mixedCase
Parameter Utils.bytesToUint256(bytes)._bs (../../sb/0x250e76987d838a75310c34bf422ea9f1ac4cc906.sol#283) is not in mixedCase
Parameter Utils.uint256ToBytes(uint256)._value (../../sb/0x250e76987d838a75310c34bf422ea9f1ac4cc906.sol#296) is not in mixedCase
Parameter Utils.bytesToAddress(bytes)._bs (../../sb/0x250e76987d838a75310c34bf422ea9f1ac4cc906.sol#315) is not in mixedCase
Parameter Utils.hashLeaf(bytes)._data (../../sb/0x250e76987d838a75310c34bf422ea9f1ac4cc906.sol#348) is not in mixedCase
Parameter Utils.hashChildren(bytes32,bytes32)._l (../../sb/0x250e76987d838a75310c34bf422ea9f1ac4cc906.sol#357) is not in mixedCase
Parameter Utils.hashChildren(bytes32,bytes32)._r (../../sb/0x250e76987d838a75310c34bf422ea9f1ac4cc906.sol#357) is not in mixedCase
Parameter Utils.slice(bytes,uint256,uint256)._bytes (../../sb/0x250e76987d838a75310c34bf422ea9f1ac4cc906.sol#447) is not in mixedCase
Parameter Utils.slice(bytes,uint256,uint256)._start (../../sb/0x250e76987d838a75310c34bf422ea9f1ac4cc906.sol#448) is not in mixedCase
Parameter Utils.slice(bytes,uint256,uint256)._length (../../sb/0x250e76987d838a75310c34bf422ea9f1ac4cc906.sol#449) is not in mixedCase
Parameter Utils.containMAddresses(address[],address[],uint256)._keepers (../../sb/0x250e76987d838a75310c34bf422ea9f1ac4cc906.sol#517) is not in mixedCase
Parameter Utils.containMAddresses(address[],address[],uint256)._signers (../../sb/0x250e76987d838a75310c34bf422ea9f1ac4cc906.sol#517) is not in mixedCase
Parameter Utils.containMAddresses(address[],address[],uint256)._m (../../sb/0x250e76987d838a75310c34bf422ea9f1ac4cc906.sol#517) is not in mixedCase
Function ZeroCopySource.NextBool(bytes,uint256) (../../sb/0x250e76987d838a75310c34bf422ea9f1ac4cc906.sol#754-770) is not in mixedCase
Function ZeroCopySource.NextByte(bytes,uint256) (../../sb/0x250e76987d838a75310c34bf422ea9f1ac4cc906.sol#777-784) is not in mixedCase
Function ZeroCopySource.NextUint8(bytes,uint256) (../../sb/0x250e76987d838a75310c34bf422ea9f1ac4cc906.sol#791-802) is not in mixedCase
Function ZeroCopySource.NextUint16(bytes,uint256) (../../sb/0x250e76987d838a75310c34bf422ea9f1ac4cc906.sol#809-822) is not in mixedCase
Function ZeroCopySource.NextUint32(bytes,uint256) (../../sb/0x250e76987d838a75310c34bf422ea9f1ac4cc906.sol#830-850) is not in mixedCase
Function ZeroCopySource.NextUint64(bytes,uint256) (../../sb/0x250e76987d838a75310c34bf422ea9f1ac4cc906.sol#857-877) is not in mixedCase
Function ZeroCopySource.NextUint255(bytes,uint256) (../../sb/0x250e76987d838a75310c34bf422ea9f1ac4cc906.sol#885-906) is not in mixedCase
Function ZeroCopySource.NextVarBytes(bytes,uint256) (../../sb/0x250e76987d838a75310c34bf422ea9f1ac4cc906.sol#913-968) is not in mixedCase
Function ZeroCopySource.NextHash(bytes,uint256) (../../sb/0x250e76987d838a75310c34bf422ea9f1ac4cc906.sol#974-981) is not in mixedCase
Function ZeroCopySource.NextBytes20(bytes,uint256) (../../sb/0x250e76987d838a75310c34bf422ea9f1ac4cc906.sol#988-995) is not in mixedCase
Function ZeroCopySource.NextVarUint(bytes,uint256) (../../sb/0x250e76987d838a75310c34bf422ea9f1ac4cc906.sol#997-1023) is not in mixedCase
Function ZeroCopySink.WriteBool(bool) (../../sb/0x250e76987d838a75310c34bf422ea9f1ac4cc906.sol#1046-1063) is not in mixedCase
Function ZeroCopySink.WriteByte(bytes1) (../../sb/0x250e76987d838a75310c34bf422ea9f1ac4cc906.sol#1069-1071) is not in mixedCase
Function ZeroCopySink.WriteUint8(uint8) (../../sb/0x250e76987d838a75310c34bf422ea9f1ac4cc906.sol#1077-1087) is not in mixedCase
Function ZeroCopySink.WriteUint16(uint16) (../../sb/0x250e76987d838a75310c34bf422ea9f1ac4cc906.sol#1093-1112) is not in mixedCase
Function ZeroCopySink.WriteUint32(uint32) (../../sb/0x250e76987d838a75310c34bf422ea9f1ac4cc906.sol#1118-1136) is not in mixedCase
Function ZeroCopySink.WriteUint64(uint64) (../../sb/0x250e76987d838a75310c34bf422ea9f1ac4cc906.sol#1142-1161) is not in mixedCase
Function ZeroCopySink.WriteUint255(uint256) (../../sb/0x250e76987d838a75310c34bf422ea9f1ac4cc906.sol#1167-1187) is not in mixedCase
Function ZeroCopySink.WriteVarBytes(bytes) (../../sb/0x250e76987d838a75310c34bf422ea9f1ac4cc906.sol#1193-1196) is not in mixedCase
Function ZeroCopySink.WriteVarUint(uint64) (../../sb/0x250e76987d838a75310c34bf422ea9f1ac4cc906.sol#1198-1208) is not in mixedCase
Reference: https://github.com/crytic/slither/wiki/Detector-Documentation#conformance-to-solidity-naming-conventions[0m
[92m
Redundant expression "this (../../sb/0x250e76987d838a75310c34bf422ea9f1ac4cc906.sol#25)" inContext (../../sb/0x250e76987d838a75310c34bf422ea9f1ac4cc906.sol#14-28)
Reference: https://github.com/crytic/slither/wiki/Detector-Documentation#redundant-statements[0m
[92m
Reentrancy in LockProxy.unlock(bytes,bytes,uint64) (../../sb/0x250e76987d838a75310c34bf422ea9f1ac4cc906.sol#1300-1317):
	External calls:
	- require(bool,string)(_transferFromContract(toAssetHash,toAddress,args.amount),transfer asset from lock_proxy contract to toAddress failed!) (../../sb/0x250e76987d838a75310c34bf422ea9f1ac4cc906.sol#1313)
		- address(uint160(toAddress)).transfer(amount) (../../sb/0x250e76987d838a75310c34bf422ea9f1ac4cc906.sol#1347)
	Event emitted after the call(s):
	- UnlockEvent(toAssetHash,toAddress,args.amount) (../../sb/0x250e76987d838a75310c34bf422ea9f1ac4cc906.sol#1315)
Reference: https://github.com/crytic/slither/wiki/Detector-Documentation#reentrancy-vulnerabilities-4[0m
[92m
LockProxy._transferFromContract(address,address,uint256) (../../sb/0x250e76987d838a75310c34bf422ea9f1ac4cc906.sol#1343-1353) uses literals with too many digits:
	- toAssetHash == address(0x0000000000000000000000000000000000000000) (../../sb/0x250e76987d838a75310c34bf422ea9f1ac4cc906.sol#1344)
Reference: https://github.com/crytic/slither/wiki/Detector-Documentation#too-many-digits[0m
[92m
LockProxy.safeTransfer (../../sb/0x250e76987d838a75310c34bf422ea9f1ac4cc906.sol#1222) is never used in LockProxy (../../sb/0x250e76987d838a75310c34bf422ea9f1ac4cc906.sol#1210-1388)
Reference: https://github.com/crytic/slither/wiki/Detector-Documentation#unused-state-variable[0m
[92m
owner() should be declared external:
	- Ownable.owner() (../../sb/0x250e76987d838a75310c34bf422ea9f1ac4cc906.sol#58-60)
renounceOwnership() should be declared external:
	- Ownable.renounceOwnership() (../../sb/0x250e76987d838a75310c34bf422ea9f1ac4cc906.sol#84-87)
transferOwnership(address) should be declared external:
	- Ownable.transferOwnership(address) (../../sb/0x250e76987d838a75310c34bf422ea9f1ac4cc906.sol#93-95)
setManagerProxy(address) should be declared external:
	- LockProxy.setManagerProxy(address) (../../sb/0x250e76987d838a75310c34bf422ea9f1ac4cc906.sol#1236-1239)
bindProxyHash(uint64,bytes) should be declared external:
	- LockProxy.bindProxyHash(uint64,bytes) (../../sb/0x250e76987d838a75310c34bf422ea9f1ac4cc906.sol#1241-1245)
bindAssetHash(address,uint64,bytes) should be declared external:
	- LockProxy.bindAssetHash(address,uint64,bytes) (../../sb/0x250e76987d838a75310c34bf422ea9f1ac4cc906.sol#1247-1251)
lock(address,uint64,bytes,uint256) should be declared external:
	- LockProxy.lock(address,uint64,bytes,uint256) (../../sb/0x250e76987d838a75310c34bf422ea9f1ac4cc906.sol#1262-1290)
unlock(bytes,bytes,uint64) should be declared external:
	- LockProxy.unlock(bytes,bytes,uint64) (../../sb/0x250e76987d838a75310c34bf422ea9f1ac4cc906.sol#1300-1317)
Reference: https://github.com/crytic/slither/wiki/Detector-Documentation#public-function-that-could-be-declared-external[0m
/sb/0x250e76987d838a75310c34bf422ea9f1ac4cc906.sol analyzed (11 contracts with 78 detectors), 101 result(s) found
