[91m
ERC20.______gap (../../sb/0x9b3be0cc5dd26fd0254088d03d8206792715588b.sol#748) shadows:
	- Initializable.______gap (../../sb/0x9b3be0cc5dd26fd0254088d03d8206792715588b.sol#482)
ERC20Detailed.______gap (../../sb/0x9b3be0cc5dd26fd0254088d03d8206792715588b.sol#807) shadows:
	- Initializable.______gap (../../sb/0x9b3be0cc5dd26fd0254088d03d8206792715588b.sol#482)
VaultStorage.______gap (../../sb/0x9b3be0cc5dd26fd0254088d03d8206792715588b.sol#1189) shadows:
	- Initializable.______gap (../../sb/0x9b3be0cc5dd26fd0254088d03d8206792715588b.sol#482)
Reference: https://github.com/crytic/slither/wiki/Detector-Documentation#state-variable-shadowing[0m
[93m
Vault._deposit(uint256,address,address) (../../sb/0x9b3be0cc5dd26fd0254088d03d8206792715588b.sol#1490-1507) uses a dangerous strict equality:
	- totalSupply() == 0 (../../sb/0x9b3be0cc5dd26fd0254088d03d8206792715588b.sol#1498-1500)
Vault.getPricePerFullShare() (../../sb/0x9b3be0cc5dd26fd0254088d03d8206792715588b.sol#1329-1333) uses a dangerous strict equality:
	- totalSupply() == 0 (../../sb/0x9b3be0cc5dd26fd0254088d03d8206792715588b.sol#1330-1332)
Vault.underlyingBalanceWithInvestmentForHolder(address) (../../sb/0x9b3be0cc5dd26fd0254088d03d8206792715588b.sol#1337-1344) uses a dangerous strict equality:
	- totalSupply() == 0 (../../sb/0x9b3be0cc5dd26fd0254088d03d8206792715588b.sol#1338)
Vault.withdraw(uint256) (../../sb/0x9b3be0cc5dd26fd0254088d03d8206792715588b.sol#1461-1488) uses a dangerous strict equality:
	- numberOfShares == totalSupply (../../sb/0x9b3be0cc5dd26fd0254088d03d8206792715588b.sol#1472)
Reference: https://github.com/crytic/slither/wiki/Detector-Documentation#dangerous-strict-equalities[0m
[92m
ERC20Detailed.initialize(string,string,uint8).name (../../sb/0x9b3be0cc5dd26fd0254088d03d8206792715588b.sol#770) shadows:
	- ERC20Detailed.name() (../../sb/0x9b3be0cc5dd26fd0254088d03d8206792715588b.sol#779-781) (function)
ERC20Detailed.initialize(string,string,uint8).symbol (../../sb/0x9b3be0cc5dd26fd0254088d03d8206792715588b.sol#770) shadows:
	- ERC20Detailed.symbol() (../../sb/0x9b3be0cc5dd26fd0254088d03d8206792715588b.sol#787-789) (function)
ERC20Detailed.initialize(string,string,uint8).decimals (../../sb/0x9b3be0cc5dd26fd0254088d03d8206792715588b.sol#770) shadows:
	- ERC20Detailed.decimals() (../../sb/0x9b3be0cc5dd26fd0254088d03d8206792715588b.sol#803-805) (function)
ControllableInit.initialize(address)._storage (../../sb/0x9b3be0cc5dd26fd0254088d03d8206792715588b.sol#1002) shadows:
	- GovernableInit._storage() (../../sb/0x9b3be0cc5dd26fd0254088d03d8206792715588b.sol#978-984) (function)
VaultStorage.initialize(address,uint256,uint256,uint256,uint256,uint256)._underlying (../../sb/0x9b3be0cc5dd26fd0254088d03d8206792715588b.sol#1056) shadows:
	- VaultStorage._underlying() (../../sb/0x9b3be0cc5dd26fd0254088d03d8206792715588b.sol#1085-1087) (function)
VaultStorage.initialize(address,uint256,uint256,uint256,uint256,uint256)._underlyingUnit (../../sb/0x9b3be0cc5dd26fd0254088d03d8206792715588b.sol#1059) shadows:
	- VaultStorage._underlyingUnit() (../../sb/0x9b3be0cc5dd26fd0254088d03d8206792715588b.sol#1093-1095) (function)
Vault.initializeVault(address,address,uint256,uint256)._storage (../../sb/0x9b3be0cc5dd26fd0254088d03d8206792715588b.sol#1223) shadows:
	- GovernableInit._storage() (../../sb/0x9b3be0cc5dd26fd0254088d03d8206792715588b.sol#978-984) (function)
Vault.initializeVault(address,address,uint256,uint256)._underlying (../../sb/0x9b3be0cc5dd26fd0254088d03d8206792715588b.sol#1224) shadows:
	- VaultStorage._underlying() (../../sb/0x9b3be0cc5dd26fd0254088d03d8206792715588b.sol#1085-1087) (function)
Vault.initializeVault(address,address,uint256,uint256).underlyingUnit (../../sb/0x9b3be0cc5dd26fd0254088d03d8206792715588b.sol#1240) shadows:
	- Vault.underlyingUnit() (../../sb/0x9b3be0cc5dd26fd0254088d03d8206792715588b.sol#1261-1263) (function)
Vault.canUpdateStrategy(address)._strategy (../../sb/0x9b3be0cc5dd26fd0254088d03d8206792715588b.sol#1358) shadows:
	- VaultStorage._strategy() (../../sb/0x9b3be0cc5dd26fd0254088d03d8206792715588b.sol#1077-1079) (function)
Vault.announceStrategyUpdate(address)._strategy (../../sb/0x9b3be0cc5dd26fd0254088d03d8206792715588b.sol#1368) shadows:
	- VaultStorage._strategy() (../../sb/0x9b3be0cc5dd26fd0254088d03d8206792715588b.sol#1077-1079) (function)
Vault.setStrategy(address)._strategy (../../sb/0x9b3be0cc5dd26fd0254088d03d8206792715588b.sol#1384) shadows:
	- VaultStorage._strategy() (../../sb/0x9b3be0cc5dd26fd0254088d03d8206792715588b.sol#1077-1079) (function)
Vault.withdraw(uint256).totalSupply (../../sb/0x9b3be0cc5dd26fd0254088d03d8206792715588b.sol#1464) shadows:
	- ERC20.totalSupply() (../../sb/0x9b3be0cc5dd26fd0254088d03d8206792715588b.sol#560-562) (function)
	- IERC20.totalSupply() (../../sb/0x9b3be0cc5dd26fd0254088d03d8206792715588b.sol#204) (function)
Reference: https://github.com/crytic/slither/wiki/Detector-Documentation#local-variable-shadowing[0m
[92m
Reentrancy in Vault._deposit(uint256,address,address) (../../sb/0x9b3be0cc5dd26fd0254088d03d8206792715588b.sol#1490-1507):
	External calls:
	- IERC20(underlying()).safeTransferFrom(sender,address(this),amount) (../../sb/0x9b3be0cc5dd26fd0254088d03d8206792715588b.sol#1503)
	Event emitted after the call(s):
	- Deposit(beneficiary,amount) (../../sb/0x9b3be0cc5dd26fd0254088d03d8206792715588b.sol#1506)
Reentrancy in Vault.invest() (../../sb/0x9b3be0cc5dd26fd0254088d03d8206792715588b.sol#1432-1438):
	External calls:
	- IERC20(underlying()).safeTransfer(address(strategy()),availableAmount) (../../sb/0x9b3be0cc5dd26fd0254088d03d8206792715588b.sol#1435)
	Event emitted after the call(s):
	- Invest(availableAmount) (../../sb/0x9b3be0cc5dd26fd0254088d03d8206792715588b.sol#1436)
Reentrancy in Vault.rebalance() (../../sb/0x9b3be0cc5dd26fd0254088d03d8206792715588b.sol#1411-1414):
	External calls:
	- withdrawAll() (../../sb/0x9b3be0cc5dd26fd0254088d03d8206792715588b.sol#1412)
		- IStrategy(strategy()).withdrawAllToVault() (../../sb/0x9b3be0cc5dd26fd0254088d03d8206792715588b.sol#1458)
	- invest() (../../sb/0x9b3be0cc5dd26fd0254088d03d8206792715588b.sol#1413)
		- IERC20(underlying()).safeTransfer(address(strategy()),availableAmount) (../../sb/0x9b3be0cc5dd26fd0254088d03d8206792715588b.sol#1435)
		- (success,returndata) = address(token).call(data) (../../sb/0x9b3be0cc5dd26fd0254088d03d8206792715588b.sol#411)
	Event emitted after the call(s):
	- Invest(availableAmount) (../../sb/0x9b3be0cc5dd26fd0254088d03d8206792715588b.sol#1436)
		- invest() (../../sb/0x9b3be0cc5dd26fd0254088d03d8206792715588b.sol#1413)
Reentrancy in Vault.withdraw(uint256) (../../sb/0x9b3be0cc5dd26fd0254088d03d8206792715588b.sol#1461-1488):
	External calls:
	- IStrategy(strategy()).withdrawAllToVault() (../../sb/0x9b3be0cc5dd26fd0254088d03d8206792715588b.sol#1473)
	- IStrategy(strategy()).withdrawToVault(missing) (../../sb/0x9b3be0cc5dd26fd0254088d03d8206792715588b.sol#1476)
	- IERC20(underlying()).safeTransfer(msg.sender,underlyingAmountToWithdraw) (../../sb/0x9b3be0cc5dd26fd0254088d03d8206792715588b.sol#1484)
	Event emitted after the call(s):
	- Withdraw(msg.sender,underlyingAmountToWithdraw) (../../sb/0x9b3be0cc5dd26fd0254088d03d8206792715588b.sol#1487)
Reference: https://github.com/crytic/slither/wiki/Detector-Documentation#reentrancy-vulnerabilities-3[0m
[92m
Vault.canUpdateStrategy(address) (../../sb/0x9b3be0cc5dd26fd0254088d03d8206792715588b.sol#1358-1363) uses timestamp for comparisons
	Dangerous comparisons:
	- strategy() == address(0) || (_strategy == futureStrategy() && block.timestamp > strategyUpdateTime() && strategyUpdateTime() > 0) (../../sb/0x9b3be0cc5dd26fd0254088d03d8206792715588b.sol#1359-1362)
Vault.shouldUpgrade() (../../sb/0x9b3be0cc5dd26fd0254088d03d8206792715588b.sol#1517-1524) uses timestamp for comparisons
	Dangerous comparisons:
	- (nextImplementationTimestamp() != 0 && block.timestamp > nextImplementationTimestamp() && nextImplementation() != address(0),nextImplementation()) (../../sb/0x9b3be0cc5dd26fd0254088d03d8206792715588b.sol#1518-1523)
Reference: https://github.com/crytic/slither/wiki/Detector-Documentation#block-timestamp[0m
[92m
Address.isContract(address) (../../sb/0x9b3be0cc5dd26fd0254088d03d8206792715588b.sol#296-305) uses assembly
	- INLINE ASM (../../sb/0x9b3be0cc5dd26fd0254088d03d8206792715588b.sol#303)
Initializable.isConstructor() (../../sb/0x9b3be0cc5dd26fd0254088d03d8206792715588b.sol#470-479) uses assembly
	- INLINE ASM (../../sb/0x9b3be0cc5dd26fd0254088d03d8206792715588b.sol#477)
GovernableInit._setStorage(address) (../../sb/0x9b3be0cc5dd26fd0254088d03d8206792715588b.sol#965-971) uses assembly
	- INLINE ASM (../../sb/0x9b3be0cc5dd26fd0254088d03d8206792715588b.sol#968-970)
GovernableInit._storage() (../../sb/0x9b3be0cc5dd26fd0254088d03d8206792715588b.sol#978-984) uses assembly
	- INLINE ASM (../../sb/0x9b3be0cc5dd26fd0254088d03d8206792715588b.sol#981-983)
VaultStorage.setAddress(bytes32,address) (../../sb/0x9b3be0cc5dd26fd0254088d03d8206792715588b.sol#1161-1166) uses assembly
	- INLINE ASM (../../sb/0x9b3be0cc5dd26fd0254088d03d8206792715588b.sol#1163-1165)
VaultStorage.setUint256(bytes32,uint256) (../../sb/0x9b3be0cc5dd26fd0254088d03d8206792715588b.sol#1168-1173) uses assembly
	- INLINE ASM (../../sb/0x9b3be0cc5dd26fd0254088d03d8206792715588b.sol#1170-1172)
VaultStorage.getAddress(bytes32) (../../sb/0x9b3be0cc5dd26fd0254088d03d8206792715588b.sol#1175-1180) uses assembly
	- INLINE ASM (../../sb/0x9b3be0cc5dd26fd0254088d03d8206792715588b.sol#1177-1179)
VaultStorage.getUint256(bytes32) (../../sb/0x9b3be0cc5dd26fd0254088d03d8206792715588b.sol#1182-1187) uses assembly
	- INLINE ASM (../../sb/0x9b3be0cc5dd26fd0254088d03d8206792715588b.sol#1184-1186)
Reference: https://github.com/crytic/slither/wiki/Detector-Documentation#assembly-usage[0m
[92m
Address.sendValue(address,uint256) (../../sb/0x9b3be0cc5dd26fd0254088d03d8206792715588b.sol#335-341) is never used and should be removed
Address.toPayable(address) (../../sb/0x9b3be0cc5dd26fd0254088d03d8206792715588b.sol#313-315) is never used and should be removed
Context._msgData() (../../sb/0x9b3be0cc5dd26fd0254088d03d8206792715588b.sol#510-513) is never used and should be removed
ERC20._burnFrom(address,uint256) (../../sb/0x9b3be0cc5dd26fd0254088d03d8206792715588b.sol#743-746) is never used and should be removed
Math.average(uint256,uint256) (../../sb/0x9b3be0cc5dd26fd0254088d03d8206792715588b.sol#27-30) is never used and should be removed
Math.max(uint256,uint256) (../../sb/0x9b3be0cc5dd26fd0254088d03d8206792715588b.sol#12-14) is never used and should be removed
SafeERC20.safeDecreaseAllowance(IERC20,address,uint256) (../../sb/0x9b3be0cc5dd26fd0254088d03d8206792715588b.sol#388-391) is never used and should be removed
SafeERC20.safeIncreaseAllowance(IERC20,address,uint256) (../../sb/0x9b3be0cc5dd26fd0254088d03d8206792715588b.sol#383-386) is never used and should be removed
SafeMath.mod(uint256,uint256) (../../sb/0x9b3be0cc5dd26fd0254088d03d8206792715588b.sol#169-171) is never used and should be removed
SafeMath.mod(uint256,uint256,string) (../../sb/0x9b3be0cc5dd26fd0254088d03d8206792715588b.sol#186-189) is never used and should be removed
Reference: https://github.com/crytic/slither/wiki/Detector-Documentation#dead-code[0m
[92m
Low level call in Address.sendValue(address,uint256) (../../sb/0x9b3be0cc5dd26fd0254088d03d8206792715588b.sol#335-341):
	- (success) = recipient.call.value(amount)() (../../sb/0x9b3be0cc5dd26fd0254088d03d8206792715588b.sol#339)
Low level call in SafeERC20.callOptionalReturn(IERC20,bytes) (../../sb/0x9b3be0cc5dd26fd0254088d03d8206792715588b.sol#399-418):
	- (success,returndata) = address(token).call(data) (../../sb/0x9b3be0cc5dd26fd0254088d03d8206792715588b.sol#411)
Reference: https://github.com/crytic/slither/wiki/Detector-Documentation#low-level-calls[0m
[92m
Variable Initializable.______gap (../../sb/0x9b3be0cc5dd26fd0254088d03d8206792715588b.sol#482) is not in mixedCase
Variable ERC20.______gap (../../sb/0x9b3be0cc5dd26fd0254088d03d8206792715588b.sol#748) is not in mixedCase
Variable ERC20Detailed.______gap (../../sb/0x9b3be0cc5dd26fd0254088d03d8206792715588b.sol#807) is not in mixedCase
Parameter Storage.setGovernance(address)._governance (../../sb/0x9b3be0cc5dd26fd0254088d03d8206792715588b.sol#922) is not in mixedCase
Parameter Storage.setController(address)._controller (../../sb/0x9b3be0cc5dd26fd0254088d03d8206792715588b.sol#927) is not in mixedCase
Parameter GovernableInit.initialize(address)._store (../../sb/0x9b3be0cc5dd26fd0254088d03d8206792715588b.sol#961) is not in mixedCase
Parameter GovernableInit.setStorage(address)._store (../../sb/0x9b3be0cc5dd26fd0254088d03d8206792715588b.sol#973) is not in mixedCase
Parameter ControllableInit.initialize(address)._storage (../../sb/0x9b3be0cc5dd26fd0254088d03d8206792715588b.sol#1002) is not in mixedCase
Parameter VaultStorage.initialize(address,uint256,uint256,uint256,uint256,uint256)._underlying (../../sb/0x9b3be0cc5dd26fd0254088d03d8206792715588b.sol#1056) is not in mixedCase
Parameter VaultStorage.initialize(address,uint256,uint256,uint256,uint256,uint256)._toInvestNumerator (../../sb/0x9b3be0cc5dd26fd0254088d03d8206792715588b.sol#1057) is not in mixedCase
Parameter VaultStorage.initialize(address,uint256,uint256,uint256,uint256,uint256)._toInvestDenominator (../../sb/0x9b3be0cc5dd26fd0254088d03d8206792715588b.sol#1058) is not in mixedCase
Parameter VaultStorage.initialize(address,uint256,uint256,uint256,uint256,uint256)._underlyingUnit (../../sb/0x9b3be0cc5dd26fd0254088d03d8206792715588b.sol#1059) is not in mixedCase
Parameter VaultStorage.initialize(address,uint256,uint256,uint256,uint256,uint256)._implementationChangeDelay (../../sb/0x9b3be0cc5dd26fd0254088d03d8206792715588b.sol#1060) is not in mixedCase
Parameter VaultStorage.initialize(address,uint256,uint256,uint256,uint256,uint256)._strategyChangeDelay (../../sb/0x9b3be0cc5dd26fd0254088d03d8206792715588b.sol#1061) is not in mixedCase
Variable VaultStorage.______gap (../../sb/0x9b3be0cc5dd26fd0254088d03d8206792715588b.sol#1189) is not in mixedCase
Parameter Vault.initializeVault(address,address,uint256,uint256)._storage (../../sb/0x9b3be0cc5dd26fd0254088d03d8206792715588b.sol#1223) is not in mixedCase
Parameter Vault.initializeVault(address,address,uint256,uint256)._underlying (../../sb/0x9b3be0cc5dd26fd0254088d03d8206792715588b.sol#1224) is not in mixedCase
Parameter Vault.initializeVault(address,address,uint256,uint256)._toInvestNumerator (../../sb/0x9b3be0cc5dd26fd0254088d03d8206792715588b.sol#1225) is not in mixedCase
Parameter Vault.initializeVault(address,address,uint256,uint256)._toInvestDenominator (../../sb/0x9b3be0cc5dd26fd0254088d03d8206792715588b.sol#1226) is not in mixedCase
Parameter Vault.canUpdateStrategy(address)._strategy (../../sb/0x9b3be0cc5dd26fd0254088d03d8206792715588b.sol#1358) is not in mixedCase
Parameter Vault.announceStrategyUpdate(address)._strategy (../../sb/0x9b3be0cc5dd26fd0254088d03d8206792715588b.sol#1368) is not in mixedCase
Parameter Vault.setStrategy(address)._strategy (../../sb/0x9b3be0cc5dd26fd0254088d03d8206792715588b.sol#1384) is not in mixedCase
Reference: https://github.com/crytic/slither/wiki/Detector-Documentation#conformance-to-solidity-naming-conventions[0m
[92m
Redundant expression "this (../../sb/0x9b3be0cc5dd26fd0254088d03d8206792715588b.sol#511)" inContext (../../sb/0x9b3be0cc5dd26fd0254088d03d8206792715588b.sol#500-514)
Reference: https://github.com/crytic/slither/wiki/Detector-Documentation#redundant-statements[0m
[92m
VaultStorage.______gap (../../sb/0x9b3be0cc5dd26fd0254088d03d8206792715588b.sol#1189) is never used in Vault (../../sb/0x9b3be0cc5dd26fd0254088d03d8206792715588b.sol#1208-1531)
Reference: https://github.com/crytic/slither/wiki/Detector-Documentation#unused-state-variable[0m
[92m
transfer(address,uint256) should be declared external:
	- ERC20.transfer(address,uint256) (../../sb/0x9b3be0cc5dd26fd0254088d03d8206792715588b.sol#579-582)
allowance(address,address) should be declared external:
	- ERC20.allowance(address,address) (../../sb/0x9b3be0cc5dd26fd0254088d03d8206792715588b.sol#587-589)
approve(address,uint256) should be declared external:
	- ERC20.approve(address,uint256) (../../sb/0x9b3be0cc5dd26fd0254088d03d8206792715588b.sol#598-601)
transferFrom(address,address,uint256) should be declared external:
	- ERC20.transferFrom(address,address,uint256) (../../sb/0x9b3be0cc5dd26fd0254088d03d8206792715588b.sol#615-619)
increaseAllowance(address,uint256) should be declared external:
	- ERC20.increaseAllowance(address,uint256) (../../sb/0x9b3be0cc5dd26fd0254088d03d8206792715588b.sol#633-636)
decreaseAllowance(address,uint256) should be declared external:
	- ERC20.decreaseAllowance(address,uint256) (../../sb/0x9b3be0cc5dd26fd0254088d03d8206792715588b.sol#652-655)
name() should be declared external:
	- ERC20Detailed.name() (../../sb/0x9b3be0cc5dd26fd0254088d03d8206792715588b.sol#779-781)
symbol() should be declared external:
	- ERC20Detailed.symbol() (../../sb/0x9b3be0cc5dd26fd0254088d03d8206792715588b.sol#787-789)
decimals() should be declared external:
	- ERC20Detailed.decimals() (../../sb/0x9b3be0cc5dd26fd0254088d03d8206792715588b.sol#803-805)
setGovernance(address) should be declared external:
	- Storage.setGovernance(address) (../../sb/0x9b3be0cc5dd26fd0254088d03d8206792715588b.sol#922-925)
setController(address) should be declared external:
	- Storage.setController(address) (../../sb/0x9b3be0cc5dd26fd0254088d03d8206792715588b.sol#927-930)
isController(address) should be declared external:
	- Storage.isController(address) (../../sb/0x9b3be0cc5dd26fd0254088d03d8206792715588b.sol#936-938)
setStorage(address) should be declared external:
	- GovernableInit.setStorage(address) (../../sb/0x9b3be0cc5dd26fd0254088d03d8206792715588b.sol#973-976)
governance() should be declared external:
	- GovernableInit.governance() (../../sb/0x9b3be0cc5dd26fd0254088d03d8206792715588b.sol#986-988)
initializeVault(address,address,uint256,uint256) should be declared external:
	- Vault.initializeVault(address,address,uint256,uint256) (../../sb/0x9b3be0cc5dd26fd0254088d03d8206792715588b.sol#1223-1251)
getPricePerFullShare() should be declared external:
	- Vault.getPricePerFullShare() (../../sb/0x9b3be0cc5dd26fd0254088d03d8206792715588b.sol#1329-1333)
announceStrategyUpdate(address) should be declared external:
	- Vault.announceStrategyUpdate(address) (../../sb/0x9b3be0cc5dd26fd0254088d03d8206792715588b.sol#1368-1374)
setStrategy(address) should be declared external:
	- Vault.setStrategy(address) (../../sb/0x9b3be0cc5dd26fd0254088d03d8206792715588b.sol#1384-1402)
depositFor(uint256,address) should be declared external:
	- Vault.depositFor(uint256,address) (../../sb/0x9b3be0cc5dd26fd0254088d03d8206792715588b.sol#1453-1455)
scheduleUpgrade(address) should be declared external:
	- Vault.scheduleUpgrade(address) (../../sb/0x9b3be0cc5dd26fd0254088d03d8206792715588b.sol#1512-1515)
Reference: https://github.com/crytic/slither/wiki/Detector-Documentation#public-function-that-could-be-declared-external[0m
/sb/0x9b3be0cc5dd26fd0254088d03d8206792715588b.sol analyzed (18 contracts with 78 detectors), 90 result(s) found
