WARNING:root:You are using solc version 0.6.12, The latest supported version is 0.4.19
INFO:CryticCompile:Compilation warnings/errors on /sb/0xa386f30853a7eb7e6a25ec8389337a5c6973421d.sol:
Warning: SPDX license identifier not provided in source file. Before publishing, consider adding a comment containing "SPDX-License-Identifier: <SPDX-License>" to each source file. Use "SPDX-License-Identifier: UNLICENSED" for non-open-source code. Please see https://spdx.org for more information.
--> /sb/0xa386f30853a7eb7e6a25ec8389337a5c6973421d.sol

Warning: Documentation tag on non-public state variables will be disallowed in 0.7.0. You will need to use the @dev tag explicitly.
    --> /sb/0xa386f30853a7eb7e6a25ec8389337a5c6973421d.sol:1926:5:
     |
1926 |     /// @notice A record of each accounts delegate
     |     ^^^^^^^^^^^^^^^^^^^^^^^^^^^^^^^^^^^^^^^^^^^^^^

Warning: Function state mutability can be restricted to pure
    --> /sb/0xa386f30853a7eb7e6a25ec8389337a5c6973421d.sol:2345:2:
     |
2345 | 	function onERC721Received(
     | 	^ (Relevant source part starts here and spans across multiple lines).

Warning: Function state mutability can be restricted to pure
    --> /sb/0xa386f30853a7eb7e6a25ec8389337a5c6973421d.sol:2625:5:
     |
2625 |     function check_vip_limit(uint ticket_level, uint ticket_count, uint256 amount) public view returns (uint allowed, uint overflow){
     |     ^ (Relevant source part starts here and spans across multiple lines).

Warning: Contract code size exceeds 24576 bytes (a limit introduced in Spurious Dragon). This contract may not be deployable on mainnet. Consider enabling the optimizer (with a low "runs" value!), turning off revert strings, or using libraries.
    --> /sb/0xa386f30853a7eb7e6a25ec8389337a5c6973421d.sol:2187:1:
     |
2187 | contract MasterChef is ParaProxyAdminStorage {
     | ^ (Relevant source part starts here and spans across multiple lines).


incomplete push instruction at 3035
incomplete push instruction at 74
incomplete push instruction at 4676
incomplete push instruction at 19822
INFO:root:contract /sb/0xa386f30853a7eb7e6a25ec8389337a5c6973421d.sol:ParaProxy:
INFO:symExec:	============ Results ===========
Traceback (most recent call last):
  File "/oyente/oyente/oyente.py", line 232, in <module>
    main()
  File "/oyente/oyente/oyente.py", line 227, in main
    exit_code = analyze_solidity()
  File "/oyente/oyente/oyente.py", line 110, in analyze_solidity
    results, exit_code = run_solidity_analysis(inputs)
  File "/oyente/oyente/oyente.py", line 87, in run_solidity_analysis
    result, return_code = symExec.run(disasm_file=inp['disasm_file'], source_map=inp['source_map'], source_file=inp['source'])
  File "/oyente/oyente/symExec.py", line 2458, in run
    analyze()
  File "/oyente/oyente/symExec.py", line 2441, in analyze
    run_build_cfg_and_analyze(timeout_cb=timeout_cb)
  File "/oyente/oyente/symExec.py", line 2398, in run_build_cfg_and_analyze
    build_cfg_and_analyze()
  File "/oyente/oyente/symExec.py", line 225, in build_cfg_and_analyze
    collect_vertices(tokens)
  File "/oyente/oyente/symExec.py", line 341, in collect_vertices
    idx = mapping_non_push_instruction(current_line_content, current_ins_address, idx, positions, length) if g_src_map else None
  File "/oyente/oyente/symExec.py", line 281, in mapping_non_push_instruction
    raise RuntimeError(F"Source map error, unknown name({name}) or instr_name({instr_name})")
RuntimeError: Source map error, unknown name(SHR) or instr_name(INVALID)
