WARNING:root:You are using solc version 0.6.12, The latest supported version is 0.4.19
INFO:CryticCompile:Compilation warnings/errors on /sb/0x6b566554378477490ab040f6f757171c967d03ab.sol:
Warning: This declaration shadows an existing declaration.
    --> /sb/0x6b566554378477490ab040f6f757171c967d03ab.sol:2524:3:
     |
2524 |   struct Context {
     |   ^ (Relevant source part starts here and spans across multiple lines).
Note: The shadowed declaration is here:
  --> /sb/0x6b566554378477490ab040f6f757171c967d03ab.sol:15:1:
   |
15 | abstract contract Context {
   | ^ (Relevant source part starts here and spans across multiple lines).

Warning: Function state mutability can be restricted to view
    --> /sb/0x6b566554378477490ab040f6f757171c967d03ab.sol:4407:3:
     |
4407 |   function _expectCaller(address _expectedCaller) internal {
     |   ^ (Relevant source part starts here and spans across multiple lines).

Warning: Contract code size exceeds 24576 bytes (a limit introduced in Spurious Dragon). This contract may not be deployable on mainnet. Consider enabling the optimizer (with a low "runs" value!), turning off revert strings, or using libraries.
    --> /sb/0x6b566554378477490ab040f6f757171c967d03ab.sol:3698:1:
     |
3698 | contract AlchemistEth is ReentrancyGuard {
     | ^ (Relevant source part starts here and spans across multiple lines).


incomplete push instruction at 63
incomplete push instruction at 58
incomplete push instruction at 65
incomplete push instruction at 205
incomplete push instruction at 67
incomplete push instruction at 73
incomplete push instruction at 12088
incomplete push instruction at 77
INFO:root:contract /sb/0x6b566554378477490ab040f6f757171c967d03ab.sol:CDP:
INFO:symExec:	============ Results ===========
INFO:symExec:	  EVM Code Coverage: 			 45.5%
INFO:symExec:	  Integer Underflow: 			 False
INFO:symExec:	  Integer Overflow: 			 False
INFO:symExec:	  Parity Multisig Bug 2: 		 False
INFO:symExec:	  Callstack Depth Attack Vulnerability:  False
INFO:symExec:	  Transaction-Ordering Dependence (TOD): False
INFO:symExec:	  Timestamp Dependency: 		 False
INFO:symExec:	  Re-Entrancy Vulnerability: 		 False
INFO:symExec:	====== Analysis Completed ======
INFO:root:contract /sb/0x6b566554378477490ab040f6f757171c967d03ab.sol:SafeERC20:
INFO:symExec:	============ Results ===========
INFO:symExec:	  EVM Code Coverage: 			 34.5%
INFO:symExec:	  Integer Underflow: 			 False
INFO:symExec:	  Integer Overflow: 			 False
INFO:symExec:	  Parity Multisig Bug 2: 		 False
INFO:symExec:	  Callstack Depth Attack Vulnerability:  False
INFO:symExec:	  Transaction-Ordering Dependence (TOD): False
INFO:symExec:	  Timestamp Dependency: 		 False
INFO:symExec:	  Re-Entrancy Vulnerability: 		 False
INFO:symExec:	====== Analysis Completed ======
INFO:root:contract /sb/0x6b566554378477490ab040f6f757171c967d03ab.sol:Math:
INFO:symExec:	============ Results ===========
Traceback (most recent call last):
  File "/oyente/oyente/oyente.py", line 232, in <module>
    main()
  File "/oyente/oyente/oyente.py", line 227, in main
    exit_code = analyze_solidity()
  File "/oyente/oyente/oyente.py", line 110, in analyze_solidity
    results, exit_code = run_solidity_analysis(inputs)
  File "/oyente/oyente/oyente.py", line 87, in run_solidity_analysis
    result, return_code = symExec.run(disasm_file=inp['disasm_file'], source_map=inp['source_map'], source_file=inp['source'])
  File "/oyente/oyente/symExec.py", line 2458, in run
    analyze()
  File "/oyente/oyente/symExec.py", line 2441, in analyze
    run_build_cfg_and_analyze(timeout_cb=timeout_cb)
  File "/oyente/oyente/symExec.py", line 2398, in run_build_cfg_and_analyze
    build_cfg_and_analyze()
  File "/oyente/oyente/symExec.py", line 228, in build_cfg_and_analyze
    full_sym_exec()  # jump targets are constructed on the fly
  File "/oyente/oyente/symExec.py", line 547, in full_sym_exec
    return sym_exec_block(params, 0, 0, 0, -1, 'fallback')
  File "/oyente/oyente/symExec.py", line 612, in sym_exec_block
    sym_exec_ins(params, block, instr, func_call, current_func_name)
  File "/oyente/oyente/symExec.py", line 1858, in sym_exec_ins
    stack.pop(0)
IndexError: pop from empty list
