[92m
Context._msgData() (../../sb/0x304c62b5b030176f8d328d3a01feab632fc929ba.sol#20-23) is never used and should be removed
Reference: https://github.com/crytic/slither/wiki/Detector-Documentation#dead-code[0m
[92m
solc-0.8.19 is not recommended for deployment
Reference: https://github.com/crytic/slither/wiki/Detector-Documentation#incorrect-versions-of-solidity[0m
[92m
Variable LEVToken._createdAtBlock (../../sb/0x304c62b5b030176f8d328d3a01feab632fc929ba.sol#495) is not in mixedCase
Variable LEVToken._initialSupply (../../sb/0x304c62b5b030176f8d328d3a01feab632fc929ba.sol#496) is not in mixedCase
Reference: https://github.com/crytic/slither/wiki/Detector-Documentation#conformance-to-solidity-naming-conventions[0m
[92m
Redundant expression "this (../../sb/0x304c62b5b030176f8d328d3a01feab632fc929ba.sol#21)" inContext (../../sb/0x304c62b5b030176f8d328d3a01feab632fc929ba.sol#15-24)
Reference: https://github.com/crytic/slither/wiki/Detector-Documentation#redundant-statements[0m
[92m
name() should be declared external:
	- ERC20.name() (../../sb/0x304c62b5b030176f8d328d3a01feab632fc929ba.sol#176-178)
symbol() should be declared external:
	- ERC20.symbol() (../../sb/0x304c62b5b030176f8d328d3a01feab632fc929ba.sol#184-186)
decimals() should be declared external:
	- ERC20.decimals() (../../sb/0x304c62b5b030176f8d328d3a01feab632fc929ba.sol#201-203)
totalSupply() should be declared external:
	- ERC20.totalSupply() (../../sb/0x304c62b5b030176f8d328d3a01feab632fc929ba.sol#208-210)
balanceOf(address) should be declared external:
	- ERC20.balanceOf(address) (../../sb/0x304c62b5b030176f8d328d3a01feab632fc929ba.sol#215-217)
transfer(address,uint256) should be declared external:
	- ERC20.transfer(address,uint256) (../../sb/0x304c62b5b030176f8d328d3a01feab632fc929ba.sol#227-230)
allowance(address,address) should be declared external:
	- ERC20.allowance(address,address) (../../sb/0x304c62b5b030176f8d328d3a01feab632fc929ba.sol#235-237)
approve(address,uint256) should be declared external:
	- ERC20.approve(address,uint256) (../../sb/0x304c62b5b030176f8d328d3a01feab632fc929ba.sol#246-249)
transferFrom(address,address,uint256) should be declared external:
	- ERC20.transferFrom(address,address,uint256) (../../sb/0x304c62b5b030176f8d328d3a01feab632fc929ba.sol#264-272)
increaseAllowance(address,uint256) should be declared external:
	- ERC20.increaseAllowance(address,uint256) (../../sb/0x304c62b5b030176f8d328d3a01feab632fc929ba.sol#286-289)
decreaseAllowance(address,uint256) should be declared external:
	- ERC20.decreaseAllowance(address,uint256) (../../sb/0x304c62b5b030176f8d328d3a01feab632fc929ba.sol#305-311)
renounceOwnership() should be declared external:
	- Ownable.renounceOwnership() (../../sb/0x304c62b5b030176f8d328d3a01feab632fc929ba.sol#475-478)
transferOwnership(address) should be declared external:
	- Ownable.transferOwnership(address) (../../sb/0x304c62b5b030176f8d328d3a01feab632fc929ba.sol#484-488)
Reference: https://github.com/crytic/slither/wiki/Detector-Documentation#public-function-that-could-be-declared-external[0m
/sb/0x304c62b5b030176f8d328d3a01feab632fc929ba.sol analyzed (7 contracts with 78 detectors), 18 result(s) found
