[92m
ConvexToken.constructor(address)._proxy (../../sb/0x4e3fbd56cd56c3e72c1403e103b45db9da5b9d2b.sol#1070) lacks a zero-check on :
		- vecrvProxy = _proxy (../../sb/0x4e3fbd56cd56c3e72c1403e103b45db9da5b9d2b.sol#1078)
Reference: https://github.com/crytic/slither/wiki/Detector-Documentation#missing-zero-address-validation[0m
[92m
Address.isContract(address) (../../sb/0x4e3fbd56cd56c3e72c1403e103b45db9da5b9d2b.sol#486-495) uses assembly
	- INLINE ASM (../../sb/0x4e3fbd56cd56c3e72c1403e103b45db9da5b9d2b.sol#493)
Address._verifyCallResult(bool,bytes,string) (../../sb/0x4e3fbd56cd56c3e72c1403e103b45db9da5b9d2b.sol#631-648) uses assembly
	- INLINE ASM (../../sb/0x4e3fbd56cd56c3e72c1403e103b45db9da5b9d2b.sol#640-643)
Reference: https://github.com/crytic/slither/wiki/Detector-Documentation#assembly-usage[0m
[92m
Address._verifyCallResult(bool,bytes,string) (../../sb/0x4e3fbd56cd56c3e72c1403e103b45db9da5b9d2b.sol#631-648) is never used and should be removed
Address.functionCall(address,bytes) (../../sb/0x4e3fbd56cd56c3e72c1403e103b45db9da5b9d2b.sol#539-541) is never used and should be removed
Address.functionCall(address,bytes,string) (../../sb/0x4e3fbd56cd56c3e72c1403e103b45db9da5b9d2b.sol#549-551) is never used and should be removed
Address.functionCallWithValue(address,bytes,uint256) (../../sb/0x4e3fbd56cd56c3e72c1403e103b45db9da5b9d2b.sol#564-566) is never used and should be removed
Address.functionCallWithValue(address,bytes,uint256,string) (../../sb/0x4e3fbd56cd56c3e72c1403e103b45db9da5b9d2b.sol#574-581) is never used and should be removed
Address.functionDelegateCall(address,bytes) (../../sb/0x4e3fbd56cd56c3e72c1403e103b45db9da5b9d2b.sol#613-615) is never used and should be removed
Address.functionDelegateCall(address,bytes,string) (../../sb/0x4e3fbd56cd56c3e72c1403e103b45db9da5b9d2b.sol#623-629) is never used and should be removed
Address.functionStaticCall(address,bytes) (../../sb/0x4e3fbd56cd56c3e72c1403e103b45db9da5b9d2b.sol#589-591) is never used and should be removed
Address.functionStaticCall(address,bytes,string) (../../sb/0x4e3fbd56cd56c3e72c1403e103b45db9da5b9d2b.sol#599-605) is never used and should be removed
Address.isContract(address) (../../sb/0x4e3fbd56cd56c3e72c1403e103b45db9da5b9d2b.sol#486-495) is never used and should be removed
Address.sendValue(address,uint256) (../../sb/0x4e3fbd56cd56c3e72c1403e103b45db9da5b9d2b.sol#513-519) is never used and should be removed
Context._msgData() (../../sb/0x4e3fbd56cd56c3e72c1403e103b45db9da5b9d2b.sol#743-746) is never used and should be removed
ERC20._burn(address,uint256) (../../sb/0x4e3fbd56cd56c3e72c1403e103b45db9da5b9d2b.sol#994-1002) is never used and should be removed
ERC20._setupDecimals(uint8) (../../sb/0x4e3fbd56cd56c3e72c1403e103b45db9da5b9d2b.sol#1032-1034) is never used and should be removed
MathUtil.min(uint256,uint256) (../../sb/0x4e3fbd56cd56c3e72c1403e103b45db9da5b9d2b.sol#14-16) is never used and should be removed
SafeERC20._callOptionalReturn(IERC20,bytes) (../../sb/0x4e3fbd56cd56c3e72c1403e103b45db9da5b9d2b.sol#711-721) is never used and should be removed
SafeERC20.safeApprove(IERC20,address,uint256) (../../sb/0x4e3fbd56cd56c3e72c1403e103b45db9da5b9d2b.sol#684-693) is never used and should be removed
SafeERC20.safeDecreaseAllowance(IERC20,address,uint256) (../../sb/0x4e3fbd56cd56c3e72c1403e103b45db9da5b9d2b.sol#700-703) is never used and should be removed
SafeERC20.safeIncreaseAllowance(IERC20,address,uint256) (../../sb/0x4e3fbd56cd56c3e72c1403e103b45db9da5b9d2b.sol#695-698) is never used and should be removed
SafeERC20.safeTransfer(IERC20,address,uint256) (../../sb/0x4e3fbd56cd56c3e72c1403e103b45db9da5b9d2b.sol#669-671) is never used and should be removed
SafeERC20.safeTransferFrom(IERC20,address,address,uint256) (../../sb/0x4e3fbd56cd56c3e72c1403e103b45db9da5b9d2b.sol#673-675) is never used and should be removed
SafeMath.div(uint256,uint256,string) (../../sb/0x4e3fbd56cd56c3e72c1403e103b45db9da5b9d2b.sol#356-359) is never used and should be removed
SafeMath.mod(uint256,uint256) (../../sb/0x4e3fbd56cd56c3e72c1403e103b45db9da5b9d2b.sol#318-321) is never used and should be removed
SafeMath.mod(uint256,uint256,string) (../../sb/0x4e3fbd56cd56c3e72c1403e103b45db9da5b9d2b.sol#376-379) is never used and should be removed
SafeMath.tryAdd(uint256,uint256) (../../sb/0x4e3fbd56cd56c3e72c1403e103b45db9da5b9d2b.sol#190-194) is never used and should be removed
SafeMath.tryDiv(uint256,uint256) (../../sb/0x4e3fbd56cd56c3e72c1403e103b45db9da5b9d2b.sol#226-229) is never used and should be removed
SafeMath.tryMod(uint256,uint256) (../../sb/0x4e3fbd56cd56c3e72c1403e103b45db9da5b9d2b.sol#236-239) is never used and should be removed
SafeMath.tryMul(uint256,uint256) (../../sb/0x4e3fbd56cd56c3e72c1403e103b45db9da5b9d2b.sol#211-219) is never used and should be removed
SafeMath.trySub(uint256,uint256) (../../sb/0x4e3fbd56cd56c3e72c1403e103b45db9da5b9d2b.sol#201-204) is never used and should be removed
Reference: https://github.com/crytic/slither/wiki/Detector-Documentation#dead-code[0m
[92m
Low level call in Address.sendValue(address,uint256) (../../sb/0x4e3fbd56cd56c3e72c1403e103b45db9da5b9d2b.sol#513-519):
	- (success) = recipient.call{value: amount}() (../../sb/0x4e3fbd56cd56c3e72c1403e103b45db9da5b9d2b.sol#517)
Low level call in Address.functionCallWithValue(address,bytes,uint256,string) (../../sb/0x4e3fbd56cd56c3e72c1403e103b45db9da5b9d2b.sol#574-581):
	- (success,returndata) = target.call{value: value}(data) (../../sb/0x4e3fbd56cd56c3e72c1403e103b45db9da5b9d2b.sol#579)
Low level call in Address.functionStaticCall(address,bytes,string) (../../sb/0x4e3fbd56cd56c3e72c1403e103b45db9da5b9d2b.sol#599-605):
	- (success,returndata) = target.staticcall(data) (../../sb/0x4e3fbd56cd56c3e72c1403e103b45db9da5b9d2b.sol#603)
Low level call in Address.functionDelegateCall(address,bytes,string) (../../sb/0x4e3fbd56cd56c3e72c1403e103b45db9da5b9d2b.sol#623-629):
	- (success,returndata) = target.delegatecall(data) (../../sb/0x4e3fbd56cd56c3e72c1403e103b45db9da5b9d2b.sol#627)
Reference: https://github.com/crytic/slither/wiki/Detector-Documentation#low-level-calls[0m
[92m
Function ICurveGauge.claim_rewards() (../../sb/0x4e3fbd56cd56c3e72c1403e103b45db9da5b9d2b.sol#38) is not in mixedCase
Function ICurveGauge.reward_tokens(uint256) (../../sb/0x4e3fbd56cd56c3e72c1403e103b45db9da5b9d2b.sol#39) is not in mixedCase
Function ICurveGauge.rewarded_token() (../../sb/0x4e3fbd56cd56c3e72c1403e103b45db9da5b9d2b.sol#40) is not in mixedCase
Function ICurveVoteEscrow.create_lock(uint256,uint256) (../../sb/0x4e3fbd56cd56c3e72c1403e103b45db9da5b9d2b.sol#44) is not in mixedCase
Function ICurveVoteEscrow.increase_amount(uint256) (../../sb/0x4e3fbd56cd56c3e72c1403e103b45db9da5b9d2b.sol#45) is not in mixedCase
Function ICurveVoteEscrow.increase_unlock_time(uint256) (../../sb/0x4e3fbd56cd56c3e72c1403e103b45db9da5b9d2b.sol#46) is not in mixedCase
Function ICurveVoteEscrow.smart_wallet_checker() (../../sb/0x4e3fbd56cd56c3e72c1403e103b45db9da5b9d2b.sol#48) is not in mixedCase
Function IVoting.vote_for_gauge_weights(address,uint256) (../../sb/0x4e3fbd56cd56c3e72c1403e103b45db9da5b9d2b.sol#58) is not in mixedCase
Function IRegistry.get_registry() (../../sb/0x4e3fbd56cd56c3e72c1403e103b45db9da5b9d2b.sol#66) is not in mixedCase
Function IRegistry.get_address(uint256) (../../sb/0x4e3fbd56cd56c3e72c1403e103b45db9da5b9d2b.sol#67) is not in mixedCase
Function IRegistry.gauge_controller() (../../sb/0x4e3fbd56cd56c3e72c1403e103b45db9da5b9d2b.sol#68) is not in mixedCase
Function IRegistry.get_lp_token(address) (../../sb/0x4e3fbd56cd56c3e72c1403e103b45db9da5b9d2b.sol#69) is not in mixedCase
Function IRegistry.get_gauges(address) (../../sb/0x4e3fbd56cd56c3e72c1403e103b45db9da5b9d2b.sol#70) is not in mixedCase
Function IRewardFactory.CreateCrvRewards(uint256,address) (../../sb/0x4e3fbd56cd56c3e72c1403e103b45db9da5b9d2b.sol#139) is not in mixedCase
Function IRewardFactory.CreateTokenRewards(address,address,address) (../../sb/0x4e3fbd56cd56c3e72c1403e103b45db9da5b9d2b.sol#140) is not in mixedCase
Function IStashFactory.CreateStash(uint256,address,address,uint256) (../../sb/0x4e3fbd56cd56c3e72c1403e103b45db9da5b9d2b.sol#147) is not in mixedCase
Function ITokenFactory.CreateDepositToken(address) (../../sb/0x4e3fbd56cd56c3e72c1403e103b45db9da5b9d2b.sol#151) is not in mixedCase
Parameter ConvexToken.mint(address,uint256)._to (../../sb/0x4e3fbd56cd56c3e72c1403e103b45db9da5b9d2b.sol#1087) is not in mixedCase
Parameter ConvexToken.mint(address,uint256)._amount (../../sb/0x4e3fbd56cd56c3e72c1403e103b45db9da5b9d2b.sol#1087) is not in mixedCase
Reference: https://github.com/crytic/slither/wiki/Detector-Documentation#conformance-to-solidity-naming-conventions[0m
[92m
Redundant expression "this (../../sb/0x4e3fbd56cd56c3e72c1403e103b45db9da5b9d2b.sol#744)" inContext (../../sb/0x4e3fbd56cd56c3e72c1403e103b45db9da5b9d2b.sol#738-747)
Reference: https://github.com/crytic/slither/wiki/Detector-Documentation#redundant-statements[0m
[92m
ConvexToken.slitherConstructorVariables() (../../sb/0x4e3fbd56cd56c3e72c1403e103b45db9da5b9d2b.sol#1058-1127) uses literals with too many digits:
	- maxSupply = 100 * 1000000 * 1e18 (../../sb/0x4e3fbd56cd56c3e72c1403e103b45db9da5b9d2b.sol#1066)
Reference: https://github.com/crytic/slither/wiki/Detector-Documentation#too-many-digits[0m
[92m
ConvexToken.maxSupply (../../sb/0x4e3fbd56cd56c3e72c1403e103b45db9da5b9d2b.sol#1066) should be constant
ConvexToken.totalCliffs (../../sb/0x4e3fbd56cd56c3e72c1403e103b45db9da5b9d2b.sol#1067) should be constant
Reference: https://github.com/crytic/slither/wiki/Detector-Documentation#state-variables-that-could-be-declared-constant[0m
[92m
name() should be declared external:
	- ERC20.name() (../../sb/0x4e3fbd56cd56c3e72c1403e103b45db9da5b9d2b.sol#809-811)
symbol() should be declared external:
	- ERC20.symbol() (../../sb/0x4e3fbd56cd56c3e72c1403e103b45db9da5b9d2b.sol#817-819)
decimals() should be declared external:
	- ERC20.decimals() (../../sb/0x4e3fbd56cd56c3e72c1403e103b45db9da5b9d2b.sol#834-836)
balanceOf(address) should be declared external:
	- ERC20.balanceOf(address) (../../sb/0x4e3fbd56cd56c3e72c1403e103b45db9da5b9d2b.sol#848-850)
transfer(address,uint256) should be declared external:
	- ERC20.transfer(address,uint256) (../../sb/0x4e3fbd56cd56c3e72c1403e103b45db9da5b9d2b.sol#860-863)
allowance(address,address) should be declared external:
	- ERC20.allowance(address,address) (../../sb/0x4e3fbd56cd56c3e72c1403e103b45db9da5b9d2b.sol#868-870)
approve(address,uint256) should be declared external:
	- ERC20.approve(address,uint256) (../../sb/0x4e3fbd56cd56c3e72c1403e103b45db9da5b9d2b.sol#879-882)
transferFrom(address,address,uint256) should be declared external:
	- ERC20.transferFrom(address,address,uint256) (../../sb/0x4e3fbd56cd56c3e72c1403e103b45db9da5b9d2b.sol#897-901)
increaseAllowance(address,uint256) should be declared external:
	- ERC20.increaseAllowance(address,uint256) (../../sb/0x4e3fbd56cd56c3e72c1403e103b45db9da5b9d2b.sol#915-918)
decreaseAllowance(address,uint256) should be declared external:
	- ERC20.decreaseAllowance(address,uint256) (../../sb/0x4e3fbd56cd56c3e72c1403e103b45db9da5b9d2b.sol#934-937)
Reference: https://github.com/crytic/slither/wiki/Detector-Documentation#public-function-that-could-be-declared-external[0m
/sb/0x4e3fbd56cd56c3e72c1403e103b45db9da5b9d2b.sol analyzed (27 contracts with 78 detectors), 69 result(s) found
