[92m
BEP20MOX.setFee(uint256) (../../sb/0x1027df21e422698d1b32de387de9423930fae5db.sol#1031-1034) should emit an event for: 
	- fee = feeSzabo (../../sb/0x1027df21e422698d1b32de387de9423930fae5db.sol#1033) 
BEP20MOX.transferFeeRecipientShip(address,uint256) (../../sb/0x1027df21e422698d1b32de387de9423930fae5db.sol#1036-1042) should emit an event for: 
	- fee = feePropSzabo (../../sb/0x1027df21e422698d1b32de387de9423930fae5db.sol#1041) 
Reference: https://github.com/crytic/slither/wiki/Detector-Documentation#missing-events-arithmetic[0m
[92m
BEP20MOX.transferFeeRecipientShip(address,uint256).recipient (../../sb/0x1027df21e422698d1b32de387de9423930fae5db.sol#1036) lacks a zero-check on :
		- feeRecipient = recipient (../../sb/0x1027df21e422698d1b32de387de9423930fae5db.sol#1040)
Reference: https://github.com/crytic/slither/wiki/Detector-Documentation#missing-zero-address-validation[0m
[92m
Address.isContract(address) (../../sb/0x1027df21e422698d1b32de387de9423930fae5db.sol#784-795) uses assembly
	- INLINE ASM (../../sb/0x1027df21e422698d1b32de387de9423930fae5db.sol#791-793)
Address._verifyCallResult(bool,bytes,string) (../../sb/0x1027df21e422698d1b32de387de9423930fae5db.sol#989-1010) uses assembly
	- INLINE ASM (../../sb/0x1027df21e422698d1b32de387de9423930fae5db.sol#1002-1005)
Reference: https://github.com/crytic/slither/wiki/Detector-Documentation#assembly-usage[0m
[92m
Address._verifyCallResult(bool,bytes,string) (../../sb/0x1027df21e422698d1b32de387de9423930fae5db.sol#989-1010) is never used and should be removed
Address.functionCall(address,bytes) (../../sb/0x1027df21e422698d1b32de387de9423930fae5db.sol#845-850) is never used and should be removed
Address.functionCall(address,bytes,string) (../../sb/0x1027df21e422698d1b32de387de9423930fae5db.sol#858-864) is never used and should be removed
Address.functionCallWithValue(address,bytes,uint256) (../../sb/0x1027df21e422698d1b32de387de9423930fae5db.sol#877-889) is never used and should be removed
Address.functionCallWithValue(address,bytes,uint256,string) (../../sb/0x1027df21e422698d1b32de387de9423930fae5db.sol#897-914) is never used and should be removed
Address.functionDelegateCall(address,bytes) (../../sb/0x1027df21e422698d1b32de387de9423930fae5db.sol#959-969) is never used and should be removed
Address.functionDelegateCall(address,bytes,string) (../../sb/0x1027df21e422698d1b32de387de9423930fae5db.sol#977-987) is never used and should be removed
Address.functionStaticCall(address,bytes) (../../sb/0x1027df21e422698d1b32de387de9423930fae5db.sol#922-933) is never used and should be removed
Address.functionStaticCall(address,bytes,string) (../../sb/0x1027df21e422698d1b32de387de9423930fae5db.sol#941-951) is never used and should be removed
Address.sendValue(address,uint256) (../../sb/0x1027df21e422698d1b32de387de9423930fae5db.sol#813-825) is never used and should be removed
Context._msgData() (../../sb/0x1027df21e422698d1b32de387de9423930fae5db.sol#19-22) is never used and should be removed
ERC20._setupDecimals(uint8) (../../sb/0x1027df21e422698d1b32de387de9423930fae5db.sol#699-701) is never used and should be removed
SafeMath.div(uint256,uint256) (../../sb/0x1027df21e422698d1b32de387de9423930fae5db.sol#262-265) is never used and should be removed
SafeMath.div(uint256,uint256,string) (../../sb/0x1027df21e422698d1b32de387de9423930fae5db.sol#321-328) is never used and should be removed
SafeMath.mod(uint256,uint256) (../../sb/0x1027df21e422698d1b32de387de9423930fae5db.sol#279-282) is never used and should be removed
SafeMath.mod(uint256,uint256,string) (../../sb/0x1027df21e422698d1b32de387de9423930fae5db.sol#345-352) is never used and should be removed
SafeMath.mul(uint256,uint256) (../../sb/0x1027df21e422698d1b32de387de9423930fae5db.sol#243-248) is never used and should be removed
SafeMath.tryAdd(uint256,uint256) (../../sb/0x1027df21e422698d1b32de387de9423930fae5db.sol#131-139) is never used and should be removed
SafeMath.tryDiv(uint256,uint256) (../../sb/0x1027df21e422698d1b32de387de9423930fae5db.sol#179-186) is never used and should be removed
SafeMath.tryMod(uint256,uint256) (../../sb/0x1027df21e422698d1b32de387de9423930fae5db.sol#193-200) is never used and should be removed
SafeMath.tryMul(uint256,uint256) (../../sb/0x1027df21e422698d1b32de387de9423930fae5db.sol#160-172) is never used and should be removed
SafeMath.trySub(uint256,uint256) (../../sb/0x1027df21e422698d1b32de387de9423930fae5db.sol#146-153) is never used and should be removed
Reference: https://github.com/crytic/slither/wiki/Detector-Documentation#dead-code[0m
[92m
Low level call in Address.sendValue(address,uint256) (../../sb/0x1027df21e422698d1b32de387de9423930fae5db.sol#813-825):
	- (success) = recipient.call{value: amount}() (../../sb/0x1027df21e422698d1b32de387de9423930fae5db.sol#820)
Low level call in Address.functionCallWithValue(address,bytes,uint256,string) (../../sb/0x1027df21e422698d1b32de387de9423930fae5db.sol#897-914):
	- (success,returndata) = target.call{value: value}(data) (../../sb/0x1027df21e422698d1b32de387de9423930fae5db.sol#910-912)
Low level call in Address.functionStaticCall(address,bytes,string) (../../sb/0x1027df21e422698d1b32de387de9423930fae5db.sol#941-951):
	- (success,returndata) = target.staticcall(data) (../../sb/0x1027df21e422698d1b32de387de9423930fae5db.sol#949)
Low level call in Address.functionDelegateCall(address,bytes,string) (../../sb/0x1027df21e422698d1b32de387de9423930fae5db.sol#977-987):
	- (success,returndata) = target.delegatecall(data) (../../sb/0x1027df21e422698d1b32de387de9423930fae5db.sol#985)
Reference: https://github.com/crytic/slither/wiki/Detector-Documentation#low-level-calls[0m
[92m
Redundant expression "this (../../sb/0x1027df21e422698d1b32de387de9423930fae5db.sol#20)" inContext (../../sb/0x1027df21e422698d1b32de387de9423930fae5db.sol#14-23)
Reference: https://github.com/crytic/slither/wiki/Detector-Documentation#redundant-statements[0m
[92m
name() should be declared external:
	- ERC20.name() (../../sb/0x1027df21e422698d1b32de387de9423930fae5db.sol#410-412)
symbol() should be declared external:
	- ERC20.symbol() (../../sb/0x1027df21e422698d1b32de387de9423930fae5db.sol#418-420)
decimals() should be declared external:
	- ERC20.decimals() (../../sb/0x1027df21e422698d1b32de387de9423930fae5db.sol#435-437)
totalSupply() should be declared external:
	- ERC20.totalSupply() (../../sb/0x1027df21e422698d1b32de387de9423930fae5db.sol#442-444)
balanceOf(address) should be declared external:
	- ERC20.balanceOf(address) (../../sb/0x1027df21e422698d1b32de387de9423930fae5db.sol#449-457)
transfer(address,uint256) should be declared external:
	- BEP20MOX.transfer(address,uint256) (../../sb/0x1027df21e422698d1b32de387de9423930fae5db.sol#1044-1051)
	- ERC20.transfer(address,uint256) (../../sb/0x1027df21e422698d1b32de387de9423930fae5db.sol#467-475)
approve(address,uint256) should be declared external:
	- ERC20.approve(address,uint256) (../../sb/0x1027df21e422698d1b32de387de9423930fae5db.sol#497-505)
transferFrom(address,address,uint256) should be declared external:
	- BEP20MOX.transferFrom(address,address,uint256) (../../sb/0x1027df21e422698d1b32de387de9423930fae5db.sol#1053-1059)
	- ERC20.transferFrom(address,address,uint256) (../../sb/0x1027df21e422698d1b32de387de9423930fae5db.sol#520-535)
increaseAllowance(address,uint256) should be declared external:
	- ERC20.increaseAllowance(address,uint256) (../../sb/0x1027df21e422698d1b32de387de9423930fae5db.sol#549-560)
decreaseAllowance(address,uint256) should be declared external:
	- ERC20.decreaseAllowance(address,uint256) (../../sb/0x1027df21e422698d1b32de387de9423930fae5db.sol#576-590)
burn(uint256) should be declared external:
	- ERC20Burnable.burn(uint256) (../../sb/0x1027df21e422698d1b32de387de9423930fae5db.sol#737-739)
burnFrom(address,uint256) should be declared external:
	- ERC20Burnable.burnFrom(address,uint256) (../../sb/0x1027df21e422698d1b32de387de9423930fae5db.sol#752-760)
Reference: https://github.com/crytic/slither/wiki/Detector-Documentation#public-function-that-could-be-declared-external[0m
/sb/0x1027df21e422698d1b32de387de9423930fae5db.sol analyzed (7 contracts with 78 detectors), 44 result(s) found
