WARNING:root:You are using solc version 0.5.17, The latest supported version is 0.4.19
INFO:CryticCompile:Compilation warnings/errors on /sb/0x606e9758a39d2d7fa7e70bc68e6e7d9b02948962.sol:
/sb/0x606e9758a39d2d7fa7e70bc68e6e7d9b02948962.sol:35:5: Warning: Variable is shadowed in inline assembly by an instruction of the same name
    function add(uint x, uint y) internal pure returns (uint z) {
    ^ (Relevant source part starts here and spans across multiple lines).
/sb/0x606e9758a39d2d7fa7e70bc68e6e7d9b02948962.sol:44:5: Warning: Variable is shadowed in inline assembly by an instruction of the same name
    function div(uint x, uint y) internal pure returns (uint z) {
    ^ (Relevant source part starts here and spans across multiple lines).
/sb/0x606e9758a39d2d7fa7e70bc68e6e7d9b02948962.sol:41:5: Warning: Variable is shadowed in inline assembly by an instruction of the same name
    function mul(uint x, uint y) internal pure returns (uint z) {
    ^ (Relevant source part starts here and spans across multiple lines).
/sb/0x606e9758a39d2d7fa7e70bc68e6e7d9b02948962.sol:38:5: Warning: Variable is shadowed in inline assembly by an instruction of the same name
    function sub(uint x, uint y) internal pure returns (uint z) {
    ^ (Relevant source part starts here and spans across multiple lines).
/sb/0x606e9758a39d2d7fa7e70bc68e6e7d9b02948962.sol:373:5: Warning: Function state mutability can be restricted to pure
    function getDecimals(address _token) internal view returns(uint) {
    ^ (Relevant source part starts here and spans across multiple lines).

incomplete push instruction at 948
INFO:root:contract /sb/0x606e9758a39d2d7fa7e70bc68e6e7d9b02948962.sol:Discount:
INFO:symExec:	============ Results ===========
Traceback (most recent call last):
  File "/oyente/oyente/oyente.py", line 232, in <module>
    main()
  File "/oyente/oyente/oyente.py", line 227, in main
    exit_code = analyze_solidity()
  File "/oyente/oyente/oyente.py", line 110, in analyze_solidity
    results, exit_code = run_solidity_analysis(inputs)
  File "/oyente/oyente/oyente.py", line 87, in run_solidity_analysis
    result, return_code = symExec.run(disasm_file=inp['disasm_file'], source_map=inp['source_map'], source_file=inp['source'])
  File "/oyente/oyente/symExec.py", line 2458, in run
    analyze()
  File "/oyente/oyente/symExec.py", line 2441, in analyze
    run_build_cfg_and_analyze(timeout_cb=timeout_cb)
  File "/oyente/oyente/symExec.py", line 2398, in run_build_cfg_and_analyze
    build_cfg_and_analyze()
  File "/oyente/oyente/symExec.py", line 225, in build_cfg_and_analyze
    collect_vertices(tokens)
  File "/oyente/oyente/symExec.py", line 341, in collect_vertices
    idx = mapping_non_push_instruction(current_line_content, current_ins_address, idx, positions, length) if g_src_map else None
  File "/oyente/oyente/symExec.py", line 281, in mapping_non_push_instruction
    raise RuntimeError(F"Source map error, unknown name({name}) or instr_name({instr_name})")
RuntimeError: Source map error, unknown name(SHR) or instr_name(INVALID)
