Compilation warnings/errors on /sb/0x00cc9375a6579b5375813ed8d41eafda6d519409.sol:
Warning: Contract code size is 31590 bytes and exceeds 24576 bytes (a limit introduced in Spurious Dragon). This contract may not be deployable on Mainnet. Consider enabling the optimizer (with a low "runs" value!), turning off revert strings, or using libraries.
   --> /sb/0x00cc9375a6579b5375813ed8d41eafda6d519409.sol:671:1:
    |
671 | contract MarketPlaceV2 is Ownable {
    | ^ (Relevant source part starts here and spans across multiple lines).


[91m
MarketPlaceV2.buyFarmLand(uint256) (../../sb/0x00cc9375a6579b5375813ed8d41eafda6d519409.sol#867-877) ignores return value by baseToken.transferFrom(msg.sender,address(this),_reqToken) (../../sb/0x00cc9375a6579b5375813ed8d41eafda6d519409.sol#870)
MarketPlaceV2.addFarmLandArea(uint256,uint256) (../../sb/0x00cc9375a6579b5375813ed8d41eafda6d519409.sol#880-889) ignores return value by baseToken.transferFrom(msg.sender,address(this),_reqToken) (../../sb/0x00cc9375a6579b5375813ed8d41eafda6d519409.sol#886)
MarketPlaceV2.sellFarmLand(uint256) (../../sb/0x00cc9375a6579b5375813ed8d41eafda6d519409.sol#894-906) ignores return value by baseToken.transfer(msg.sender,_reqToken) (../../sb/0x00cc9375a6579b5375813ed8d41eafda6d519409.sol#903)
MarketPlaceV2.sellFarmLandPigsty(uint256) (../../sb/0x00cc9375a6579b5375813ed8d41eafda6d519409.sol#912-924) ignores return value by baseToken.transfer(msg.sender,_reqToken) (../../sb/0x00cc9375a6579b5375813ed8d41eafda6d519409.sol#921)
MarketPlaceV2._transferEggs(uint256,address) (../../sb/0x00cc9375a6579b5375813ed8d41eafda6d519409.sol#1019-1031) ignores return value by baseToken.transferFrom(_user,address(this),_cost) (../../sb/0x00cc9375a6579b5375813ed8d41eafda6d519409.sol#1026)
MarketPlaceV2._transferEggs(uint256,address) (../../sb/0x00cc9375a6579b5375813ed8d41eafda6d519409.sol#1019-1031) ignores return value by eggToken.transfer(_user,_quantity) (../../sb/0x00cc9375a6579b5375813ed8d41eafda6d519409.sol#1027)
MarketPlaceV2._transferChicken(uint256,address) (../../sb/0x00cc9375a6579b5375813ed8d41eafda6d519409.sol#1034-1048) ignores return value by baseToken.transferFrom(_user,address(this),_cost) (../../sb/0x00cc9375a6579b5375813ed8d41eafda6d519409.sol#1042)
MarketPlaceV2._transferChicken(uint256,address) (../../sb/0x00cc9375a6579b5375813ed8d41eafda6d519409.sol#1034-1048) ignores return value by chickenToken.transfer(_user,_quantity) (../../sb/0x00cc9375a6579b5375813ed8d41eafda6d519409.sol#1043)
MarketPlaceV2._transferChickenFood(uint256,address) (../../sb/0x00cc9375a6579b5375813ed8d41eafda6d519409.sol#1052-1064) ignores return value by baseToken.transferFrom(_user,address(this),_cost) (../../sb/0x00cc9375a6579b5375813ed8d41eafda6d519409.sol#1059)
MarketPlaceV2._transferChickenFood(uint256,address) (../../sb/0x00cc9375a6579b5375813ed8d41eafda6d519409.sol#1052-1064) ignores return value by chickenFoodToken.transfer(_user,_quantity) (../../sb/0x00cc9375a6579b5375813ed8d41eafda6d519409.sol#1060)
MarketPlaceV2._transferBoar(uint256,address) (../../sb/0x00cc9375a6579b5375813ed8d41eafda6d519409.sol#1069-1081) ignores return value by baseToken.transferFrom(_user,address(this),_cost) (../../sb/0x00cc9375a6579b5375813ed8d41eafda6d519409.sol#1076)
MarketPlaceV2._transferBoar(uint256,address) (../../sb/0x00cc9375a6579b5375813ed8d41eafda6d519409.sol#1069-1081) ignores return value by boarToken.transfer(_user,_quantity) (../../sb/0x00cc9375a6579b5375813ed8d41eafda6d519409.sol#1077)
MarketPlaceV2._transferSow(uint256,address) (../../sb/0x00cc9375a6579b5375813ed8d41eafda6d519409.sol#1085-1097) ignores return value by baseToken.transferFrom(_user,address(this),_cost) (../../sb/0x00cc9375a6579b5375813ed8d41eafda6d519409.sol#1092)
MarketPlaceV2._transferSow(uint256,address) (../../sb/0x00cc9375a6579b5375813ed8d41eafda6d519409.sol#1085-1097) ignores return value by sowToken.transfer(_user,_quantity) (../../sb/0x00cc9375a6579b5375813ed8d41eafda6d519409.sol#1093)
MarketPlaceV2._transferPiglet(uint256,address) (../../sb/0x00cc9375a6579b5375813ed8d41eafda6d519409.sol#1101-1113) ignores return value by baseToken.transferFrom(_user,address(this),_cost) (../../sb/0x00cc9375a6579b5375813ed8d41eafda6d519409.sol#1108)
MarketPlaceV2._transferPiglet(uint256,address) (../../sb/0x00cc9375a6579b5375813ed8d41eafda6d519409.sol#1101-1113) ignores return value by pigletToken.transfer(_user,_quantity) (../../sb/0x00cc9375a6579b5375813ed8d41eafda6d519409.sol#1109)
MarketPlaceV2._transferPigFood(uint256,address) (../../sb/0x00cc9375a6579b5375813ed8d41eafda6d519409.sol#1117-1129) ignores return value by baseToken.transferFrom(_user,address(this),_cost) (../../sb/0x00cc9375a6579b5375813ed8d41eafda6d519409.sol#1124)
MarketPlaceV2._transferPigFood(uint256,address) (../../sb/0x00cc9375a6579b5375813ed8d41eafda6d519409.sol#1117-1129) ignores return value by pigFoodToken.transfer(_user,_quantity) (../../sb/0x00cc9375a6579b5375813ed8d41eafda6d519409.sol#1125)
MarketPlaceV2._burnChicken(uint256,address) (../../sb/0x00cc9375a6579b5375813ed8d41eafda6d519409.sol#1134-1142) ignores return value by baseToken.transfer(_user,_cost) (../../sb/0x00cc9375a6579b5375813ed8d41eafda6d519409.sol#1138)
MarketPlaceV2._burnEgg(uint256,address) (../../sb/0x00cc9375a6579b5375813ed8d41eafda6d519409.sol#1145-1153) ignores return value by baseToken.transfer(_user,_cost) (../../sb/0x00cc9375a6579b5375813ed8d41eafda6d519409.sol#1149)
MarketPlaceV2._burnChickenFood(uint256,address) (../../sb/0x00cc9375a6579b5375813ed8d41eafda6d519409.sol#1156-1164) ignores return value by baseToken.transfer(_user,_cost) (../../sb/0x00cc9375a6579b5375813ed8d41eafda6d519409.sol#1160)
MarketPlaceV2._burnPiglet(uint256,address) (../../sb/0x00cc9375a6579b5375813ed8d41eafda6d519409.sol#1167-1176) ignores return value by baseToken.transfer(_user,_cost) (../../sb/0x00cc9375a6579b5375813ed8d41eafda6d519409.sol#1172)
MarketPlaceV2._burnSow(uint256,address) (../../sb/0x00cc9375a6579b5375813ed8d41eafda6d519409.sol#1179-1187) ignores return value by baseToken.transfer(_user,_cost) (../../sb/0x00cc9375a6579b5375813ed8d41eafda6d519409.sol#1183)
MarketPlaceV2._burnBoar(uint256,address) (../../sb/0x00cc9375a6579b5375813ed8d41eafda6d519409.sol#1190-1198) ignores return value by baseToken.transfer(_user,_cost) (../../sb/0x00cc9375a6579b5375813ed8d41eafda6d519409.sol#1194)
MarketPlaceV2._burnPigFood(uint256,address) (../../sb/0x00cc9375a6579b5375813ed8d41eafda6d519409.sol#1201-1209) ignores return value by baseToken.transfer(_user,_cost) (../../sb/0x00cc9375a6579b5375813ed8d41eafda6d519409.sol#1205)
MarketPlaceV2.transferAnyBEP20Tokens(address,address,uint256) (../../sb/0x00cc9375a6579b5375813ed8d41eafda6d519409.sol#1383-1385) ignores return value by Token(_tokenAddr).transfer(_to,_amount) (../../sb/0x00cc9375a6579b5375813ed8d41eafda6d519409.sol#1384)
Reference: https://github.com/crytic/slither/wiki/Detector-Documentation#unchecked-transfer[0m
[92m
MarketPlaceV2.setBusdPerchicken(uint256) (../../sb/0x00cc9375a6579b5375813ed8d41eafda6d519409.sol#1280-1283) should emit an event for: 
	- busdPerChicken = _busdPerchicken (../../sb/0x00cc9375a6579b5375813ed8d41eafda6d519409.sol#1281) 
MarketPlaceV2.setBusdPerEggToken(uint256) (../../sb/0x00cc9375a6579b5375813ed8d41eafda6d519409.sol#1286-1289) should emit an event for: 
	- busdPerEggToken = _busdPerEggToken (../../sb/0x00cc9375a6579b5375813ed8d41eafda6d519409.sol#1287) 
MarketPlaceV2.setBusdPerChickenFood(uint256) (../../sb/0x00cc9375a6579b5375813ed8d41eafda6d519409.sol#1292-1294) should emit an event for: 
	- busdPerChickenFood = _busdPerChickenFood (../../sb/0x00cc9375a6579b5375813ed8d41eafda6d519409.sol#1293) 
MarketPlaceV2.setBusdPerBoar(uint256) (../../sb/0x00cc9375a6579b5375813ed8d41eafda6d519409.sol#1305-1307) should emit an event for: 
	- busdPerBoar = _busdPerBoar (../../sb/0x00cc9375a6579b5375813ed8d41eafda6d519409.sol#1306) 
MarketPlaceV2.setBusdPerSow(uint256) (../../sb/0x00cc9375a6579b5375813ed8d41eafda6d519409.sol#1310-1312) should emit an event for: 
	- busdPerSow = _busdPerSow (../../sb/0x00cc9375a6579b5375813ed8d41eafda6d519409.sol#1311) 
MarketPlaceV2.setBusdPerPiglet(uint256) (../../sb/0x00cc9375a6579b5375813ed8d41eafda6d519409.sol#1315-1317) should emit an event for: 
	- busdPerPiglet = _busdPerPiglet (../../sb/0x00cc9375a6579b5375813ed8d41eafda6d519409.sol#1316) 
MarketPlaceV2.setBusdPerPigfood(uint256) (../../sb/0x00cc9375a6579b5375813ed8d41eafda6d519409.sol#1320-1322) should emit an event for: 
	- busdPerPigfood = _busdPerPigfood (../../sb/0x00cc9375a6579b5375813ed8d41eafda6d519409.sol#1321) 
MarketPlaceV2.setSellfee(uint256) (../../sb/0x00cc9375a6579b5375813ed8d41eafda6d519409.sol#1335-1337) should emit an event for: 
	- sellFee = _sellFee (../../sb/0x00cc9375a6579b5375813ed8d41eafda6d519409.sol#1336) 
MarketPlaceV2.setBusdPerFarmArea(uint256) (../../sb/0x00cc9375a6579b5375813ed8d41eafda6d519409.sol#1341-1343) should emit an event for: 
	- busdPerFarmArea = _busdPerFarmArea (../../sb/0x00cc9375a6579b5375813ed8d41eafda6d519409.sol#1342) 
Reference: https://github.com/crytic/slither/wiki/Detector-Documentation#missing-events-arithmetic[0m
[92m
MarketPlaceV2.constructor(FarmTokens,FarmTokens,FarmTokens,FarmTokens,FarmTokens,FarmTokens,FarmTokens,address,FarmLandNFT,Farming)._baseToken (../../sb/0x00cc9375a6579b5375813ed8d41eafda6d519409.sol#817) lacks a zero-check on :
		- mainToken = _baseToken (../../sb/0x00cc9375a6579b5375813ed8d41eafda6d519409.sol#831)
MarketPlaceV2.setFeeTaker(address)._feeTaker (../../sb/0x00cc9375a6579b5375813ed8d41eafda6d519409.sol#1220) lacks a zero-check on :
		- feeTaker = _feeTaker (../../sb/0x00cc9375a6579b5375813ed8d41eafda6d519409.sol#1221)
MarketPlaceV2.setmainToken(address)._maintoken (../../sb/0x00cc9375a6579b5375813ed8d41eafda6d519409.sol#1273) lacks a zero-check on :
		- mainToken = _maintoken (../../sb/0x00cc9375a6579b5375813ed8d41eafda6d519409.sol#1274)
Reference: https://github.com/crytic/slither/wiki/Detector-Documentation#missing-zero-address-validation[0m
[92m
Reentrancy in MarketPlaceV2._burnBoar(uint256,address) (../../sb/0x00cc9375a6579b5375813ed8d41eafda6d519409.sol#1190-1198):
	External calls:
	- baseToken.transfer(_user,_cost) (../../sb/0x00cc9375a6579b5375813ed8d41eafda6d519409.sol#1194)
	- boarToken.burnFrom(_user,_quantity) (../../sb/0x00cc9375a6579b5375813ed8d41eafda6d519409.sol#1195)
	State variables written after the call(s):
	- totalBoarBuy = totalBoarBuy.add(_quantity) (../../sb/0x00cc9375a6579b5375813ed8d41eafda6d519409.sol#1196)
	- totalBoarBuyValue = totalBoarBuyValue.add(_cost) (../../sb/0x00cc9375a6579b5375813ed8d41eafda6d519409.sol#1197)
Reentrancy in MarketPlaceV2._burnChicken(uint256,address) (../../sb/0x00cc9375a6579b5375813ed8d41eafda6d519409.sol#1134-1142):
	External calls:
	- baseToken.transfer(_user,_cost) (../../sb/0x00cc9375a6579b5375813ed8d41eafda6d519409.sol#1138)
	- chickenToken.burnFrom(_user,_quantity) (../../sb/0x00cc9375a6579b5375813ed8d41eafda6d519409.sol#1139)
	State variables written after the call(s):
	- totalChickenBuy = totalChickenBuy.add(_quantity) (../../sb/0x00cc9375a6579b5375813ed8d41eafda6d519409.sol#1140)
	- totalChickenBuyValue = totalChickenBuyValue.add(_cost) (../../sb/0x00cc9375a6579b5375813ed8d41eafda6d519409.sol#1141)
Reentrancy in MarketPlaceV2._burnChickenFood(uint256,address) (../../sb/0x00cc9375a6579b5375813ed8d41eafda6d519409.sol#1156-1164):
	External calls:
	- baseToken.transfer(_user,_cost) (../../sb/0x00cc9375a6579b5375813ed8d41eafda6d519409.sol#1160)
	- chickenFoodToken.burnFrom(_user,_quantity) (../../sb/0x00cc9375a6579b5375813ed8d41eafda6d519409.sol#1161)
	State variables written after the call(s):
	- totalChickenFoodBuy = totalChickenFoodBuy.add(_quantity) (../../sb/0x00cc9375a6579b5375813ed8d41eafda6d519409.sol#1162)
	- totalChickenFoodBuyValue = totalChickenFoodBuyValue.add(_cost) (../../sb/0x00cc9375a6579b5375813ed8d41eafda6d519409.sol#1163)
Reentrancy in MarketPlaceV2._burnEgg(uint256,address) (../../sb/0x00cc9375a6579b5375813ed8d41eafda6d519409.sol#1145-1153):
	External calls:
	- baseToken.transfer(_user,_cost) (../../sb/0x00cc9375a6579b5375813ed8d41eafda6d519409.sol#1149)
	- eggToken.burnFrom(_user,_quantity) (../../sb/0x00cc9375a6579b5375813ed8d41eafda6d519409.sol#1150)
	State variables written after the call(s):
	- totalEggBuy = totalEggBuy.add(_quantity) (../../sb/0x00cc9375a6579b5375813ed8d41eafda6d519409.sol#1151)
	- totalEggBuyValue = totalEggBuyValue.add(_cost) (../../sb/0x00cc9375a6579b5375813ed8d41eafda6d519409.sol#1152)
Reentrancy in MarketPlaceV2._burnPigFood(uint256,address) (../../sb/0x00cc9375a6579b5375813ed8d41eafda6d519409.sol#1201-1209):
	External calls:
	- baseToken.transfer(_user,_cost) (../../sb/0x00cc9375a6579b5375813ed8d41eafda6d519409.sol#1205)
	- pigFoodToken.burnFrom(_user,_quantity) (../../sb/0x00cc9375a6579b5375813ed8d41eafda6d519409.sol#1206)
	State variables written after the call(s):
	- totalPigFoodBuy = totalPigFoodBuy.add(_quantity) (../../sb/0x00cc9375a6579b5375813ed8d41eafda6d519409.sol#1207)
	- totalPigFoodBuyValue = totalPigFoodBuyValue.add(_cost) (../../sb/0x00cc9375a6579b5375813ed8d41eafda6d519409.sol#1208)
Reentrancy in MarketPlaceV2._burnPiglet(uint256,address) (../../sb/0x00cc9375a6579b5375813ed8d41eafda6d519409.sol#1167-1176):
	External calls:
	- baseToken.transfer(_user,_cost) (../../sb/0x00cc9375a6579b5375813ed8d41eafda6d519409.sol#1172)
	- pigletToken.burnFrom(_user,_quantity) (../../sb/0x00cc9375a6579b5375813ed8d41eafda6d519409.sol#1173)
	State variables written after the call(s):
	- totalPigletBuy = totalPigletBuy.add(_quantity) (../../sb/0x00cc9375a6579b5375813ed8d41eafda6d519409.sol#1174)
	- totalPigletBuyValue = totalPigletBuyValue.add(_cost) (../../sb/0x00cc9375a6579b5375813ed8d41eafda6d519409.sol#1175)
Reentrancy in MarketPlaceV2._burnSow(uint256,address) (../../sb/0x00cc9375a6579b5375813ed8d41eafda6d519409.sol#1179-1187):
	External calls:
	- baseToken.transfer(_user,_cost) (../../sb/0x00cc9375a6579b5375813ed8d41eafda6d519409.sol#1183)
	- sowToken.burnFrom(_user,_quantity) (../../sb/0x00cc9375a6579b5375813ed8d41eafda6d519409.sol#1184)
	State variables written after the call(s):
	- totalSowBuy = totalSowBuy.add(_quantity) (../../sb/0x00cc9375a6579b5375813ed8d41eafda6d519409.sol#1185)
	- totalSowBuyValue = totalSowBuyValue.add(_cost) (../../sb/0x00cc9375a6579b5375813ed8d41eafda6d519409.sol#1186)
Reentrancy in MarketPlaceV2._transferBoar(uint256,address) (../../sb/0x00cc9375a6579b5375813ed8d41eafda6d519409.sol#1069-1081):
	External calls:
	- boarToken.mint(address(this),_difference) (../../sb/0x00cc9375a6579b5375813ed8d41eafda6d519409.sol#1072)
	- baseToken.transferFrom(_user,address(this),_cost) (../../sb/0x00cc9375a6579b5375813ed8d41eafda6d519409.sol#1076)
	- boarToken.transfer(_user,_quantity) (../../sb/0x00cc9375a6579b5375813ed8d41eafda6d519409.sol#1077)
	State variables written after the call(s):
	- totalBoarSold = totalBoarSold.add(_quantity) (../../sb/0x00cc9375a6579b5375813ed8d41eafda6d519409.sol#1078)
	- totalBoarSoldValue = totalBoarSoldValue.add(_cost) (../../sb/0x00cc9375a6579b5375813ed8d41eafda6d519409.sol#1079)
Reentrancy in MarketPlaceV2._transferChicken(uint256,address) (../../sb/0x00cc9375a6579b5375813ed8d41eafda6d519409.sol#1034-1048):
	External calls:
	- chickenToken.mint(address(this),_difference) (../../sb/0x00cc9375a6579b5375813ed8d41eafda6d519409.sol#1037)
	- baseToken.transferFrom(_user,address(this),_cost) (../../sb/0x00cc9375a6579b5375813ed8d41eafda6d519409.sol#1042)
	- chickenToken.transfer(_user,_quantity) (../../sb/0x00cc9375a6579b5375813ed8d41eafda6d519409.sol#1043)
	State variables written after the call(s):
	- totalChickenSold = totalChickenSold.add(_quantity) (../../sb/0x00cc9375a6579b5375813ed8d41eafda6d519409.sol#1044)
	- totalChickenSoldValue = totalChickenSoldValue.add(_cost) (../../sb/0x00cc9375a6579b5375813ed8d41eafda6d519409.sol#1045)
Reentrancy in MarketPlaceV2._transferChickenFood(uint256,address) (../../sb/0x00cc9375a6579b5375813ed8d41eafda6d519409.sol#1052-1064):
	External calls:
	- chickenFoodToken.mint(address(this),_difference) (../../sb/0x00cc9375a6579b5375813ed8d41eafda6d519409.sol#1055)
	- baseToken.transferFrom(_user,address(this),_cost) (../../sb/0x00cc9375a6579b5375813ed8d41eafda6d519409.sol#1059)
	- chickenFoodToken.transfer(_user,_quantity) (../../sb/0x00cc9375a6579b5375813ed8d41eafda6d519409.sol#1060)
	State variables written after the call(s):
	- totalChickenFoodSold = totalChickenFoodSold.add(_quantity) (../../sb/0x00cc9375a6579b5375813ed8d41eafda6d519409.sol#1061)
	- totalChickenFoodSoldValue = totalChickenFoodSoldValue.add(_cost) (../../sb/0x00cc9375a6579b5375813ed8d41eafda6d519409.sol#1062)
Reentrancy in MarketPlaceV2._transferEggs(uint256,address) (../../sb/0x00cc9375a6579b5375813ed8d41eafda6d519409.sol#1019-1031):
	External calls:
	- eggToken.mint(address(this),_difference) (../../sb/0x00cc9375a6579b5375813ed8d41eafda6d519409.sol#1022)
	- baseToken.transferFrom(_user,address(this),_cost) (../../sb/0x00cc9375a6579b5375813ed8d41eafda6d519409.sol#1026)
	- eggToken.transfer(_user,_quantity) (../../sb/0x00cc9375a6579b5375813ed8d41eafda6d519409.sol#1027)
	State variables written after the call(s):
	- totalEggSold = totalEggSold.add(_quantity) (../../sb/0x00cc9375a6579b5375813ed8d41eafda6d519409.sol#1028)
	- totalEggSoldValue = totalEggSoldValue.add(_cost) (../../sb/0x00cc9375a6579b5375813ed8d41eafda6d519409.sol#1029)
Reentrancy in MarketPlaceV2._transferPigFood(uint256,address) (../../sb/0x00cc9375a6579b5375813ed8d41eafda6d519409.sol#1117-1129):
	External calls:
	- pigFoodToken.mint(address(this),_difference) (../../sb/0x00cc9375a6579b5375813ed8d41eafda6d519409.sol#1120)
	- baseToken.transferFrom(_user,address(this),_cost) (../../sb/0x00cc9375a6579b5375813ed8d41eafda6d519409.sol#1124)
	- pigFoodToken.transfer(_user,_quantity) (../../sb/0x00cc9375a6579b5375813ed8d41eafda6d519409.sol#1125)
	State variables written after the call(s):
	- totalPigFoodSold = totalPigFoodSold.add(_quantity) (../../sb/0x00cc9375a6579b5375813ed8d41eafda6d519409.sol#1126)
	- totalPigFoodSoldValue = totalPigFoodSoldValue.add(_cost) (../../sb/0x00cc9375a6579b5375813ed8d41eafda6d519409.sol#1127)
Reentrancy in MarketPlaceV2._transferPiglet(uint256,address) (../../sb/0x00cc9375a6579b5375813ed8d41eafda6d519409.sol#1101-1113):
	External calls:
	- pigletToken.mint(address(this),_difference) (../../sb/0x00cc9375a6579b5375813ed8d41eafda6d519409.sol#1104)
	- baseToken.transferFrom(_user,address(this),_cost) (../../sb/0x00cc9375a6579b5375813ed8d41eafda6d519409.sol#1108)
	- pigletToken.transfer(_user,_quantity) (../../sb/0x00cc9375a6579b5375813ed8d41eafda6d519409.sol#1109)
	State variables written after the call(s):
	- totalPigletSold = totalPigletSold.add(_quantity) (../../sb/0x00cc9375a6579b5375813ed8d41eafda6d519409.sol#1110)
	- totalPigletSoldValue = totalPigletSoldValue.add(_cost) (../../sb/0x00cc9375a6579b5375813ed8d41eafda6d519409.sol#1111)
Reentrancy in MarketPlaceV2._transferSow(uint256,address) (../../sb/0x00cc9375a6579b5375813ed8d41eafda6d519409.sol#1085-1097):
	External calls:
	- sowToken.mint(address(this),_difference) (../../sb/0x00cc9375a6579b5375813ed8d41eafda6d519409.sol#1088)
	- baseToken.transferFrom(_user,address(this),_cost) (../../sb/0x00cc9375a6579b5375813ed8d41eafda6d519409.sol#1092)
	- sowToken.transfer(_user,_quantity) (../../sb/0x00cc9375a6579b5375813ed8d41eafda6d519409.sol#1093)
	State variables written after the call(s):
	- totalSowSold = totalSowSold.add(_quantity) (../../sb/0x00cc9375a6579b5375813ed8d41eafda6d519409.sol#1094)
	- totalSowSoldValue = totalSowSoldValue.add(_cost) (../../sb/0x00cc9375a6579b5375813ed8d41eafda6d519409.sol#1095)
Reentrancy in MarketPlaceV2.addFarmLandArea(uint256,uint256) (../../sb/0x00cc9375a6579b5375813ed8d41eafda6d519409.sol#880-889):
	External calls:
	- baseToken.transferFrom(msg.sender,address(this),_reqToken) (../../sb/0x00cc9375a6579b5375813ed8d41eafda6d519409.sol#886)
	- farmLand.setArea(_tokenId,_newArea) (../../sb/0x00cc9375a6579b5375813ed8d41eafda6d519409.sol#887)
	State variables written after the call(s):
	- totalFarmSoldValue = totalFarmSoldValue.add(_reqToken) (../../sb/0x00cc9375a6579b5375813ed8d41eafda6d519409.sol#888)
Reentrancy in MarketPlaceV2.buyFarmLand(uint256) (../../sb/0x00cc9375a6579b5375813ed8d41eafda6d519409.sol#867-877):
	External calls:
	- baseToken.transferFrom(msg.sender,address(this),_reqToken) (../../sb/0x00cc9375a6579b5375813ed8d41eafda6d519409.sol#870)
	- farmLand.create(_areaName,_areaAddress,_area,msg.sender) (../../sb/0x00cc9375a6579b5375813ed8d41eafda6d519409.sol#874)
	State variables written after the call(s):
	- totalFarmSold = totalFarmSold.add(1) (../../sb/0x00cc9375a6579b5375813ed8d41eafda6d519409.sol#875)
	- totalFarmSoldValue = totalFarmSoldValue.add(_reqToken) (../../sb/0x00cc9375a6579b5375813ed8d41eafda6d519409.sol#876)
Reentrancy in MarketPlaceV2.sellFarmLand(uint256) (../../sb/0x00cc9375a6579b5375813ed8d41eafda6d519409.sol#894-906):
	External calls:
	- farmAddress.resetUser(msg.sender) (../../sb/0x00cc9375a6579b5375813ed8d41eafda6d519409.sol#902)
	- baseToken.transfer(msg.sender,_reqToken) (../../sb/0x00cc9375a6579b5375813ed8d41eafda6d519409.sol#903)
	State variables written after the call(s):
	- totalFarmBuy = totalFarmBuy.add(1) (../../sb/0x00cc9375a6579b5375813ed8d41eafda6d519409.sol#904)
	- totalFarmBuyValue = totalFarmBuyValue.add(_reqToken) (../../sb/0x00cc9375a6579b5375813ed8d41eafda6d519409.sol#905)
Reentrancy in MarketPlaceV2.sellFarmLandPigsty(uint256) (../../sb/0x00cc9375a6579b5375813ed8d41eafda6d519409.sol#912-924):
	External calls:
	- farmAddressPig.resetUser(msg.sender) (../../sb/0x00cc9375a6579b5375813ed8d41eafda6d519409.sol#920)
	- baseToken.transfer(msg.sender,_reqToken) (../../sb/0x00cc9375a6579b5375813ed8d41eafda6d519409.sol#921)
	State variables written after the call(s):
	- totalFarmBuy = totalFarmBuy.add(1) (../../sb/0x00cc9375a6579b5375813ed8d41eafda6d519409.sol#922)
	- totalFarmBuyValue = totalFarmBuyValue.add(_reqToken) (../../sb/0x00cc9375a6579b5375813ed8d41eafda6d519409.sol#923)
Reference: https://github.com/crytic/slither/wiki/Detector-Documentation#reentrancy-vulnerabilities-2[0m
[92m
MarketPlaceV2.sellFarmLand(uint256) (../../sb/0x00cc9375a6579b5375813ed8d41eafda6d519409.sol#894-906) compares to a boolean constant:
	-require(bool,string)(_check == true,land is not Free) (../../sb/0x00cc9375a6579b5375813ed8d41eafda6d519409.sol#896)
MarketPlaceV2.sellFarmLandPigsty(uint256) (../../sb/0x00cc9375a6579b5375813ed8d41eafda6d519409.sol#912-924) compares to a boolean constant:
	-require(bool,string)(_check == true,land is not Free) (../../sb/0x00cc9375a6579b5375813ed8d41eafda6d519409.sol#914)
Reference: https://github.com/crytic/slither/wiki/Detector-Documentation#boolean-equality[0m
[92m
Context._msgData() (../../sb/0x00cc9375a6579b5375813ed8d41eafda6d519409.sol#145-147) is never used and should be removed
ERC20._burn(address,uint256) (../../sb/0x00cc9375a6579b5375813ed8d41eafda6d519409.sol#540-555) is never used and should be removed
ERC20._mint(address,uint256) (../../sb/0x00cc9375a6579b5375813ed8d41eafda6d519409.sol#517-527) is never used and should be removed
SafeMath.mod(uint256,uint256) (../../sb/0x00cc9375a6579b5375813ed8d41eafda6d519409.sol#119-121) is never used and should be removed
SafeMath.mod(uint256,uint256,string) (../../sb/0x00cc9375a6579b5375813ed8d41eafda6d519409.sol#134-137) is never used and should be removed
Reference: https://github.com/crytic/slither/wiki/Detector-Documentation#dead-code[0m
[92m
solc-0.8.19 is not recommended for deployment
Reference: https://github.com/crytic/slither/wiki/Detector-Documentation#incorrect-versions-of-solidity[0m
[92m
Parameter MarketPlaceV2.sellfee(uint256)._amount (../../sb/0x00cc9375a6579b5375813ed8d41eafda6d519409.sol#841) is not in mixedCase
Parameter MarketPlaceV2.buyFarmLand(uint256)._area (../../sb/0x00cc9375a6579b5375813ed8d41eafda6d519409.sol#867) is not in mixedCase
Parameter MarketPlaceV2.addFarmLandArea(uint256,uint256)._area (../../sb/0x00cc9375a6579b5375813ed8d41eafda6d519409.sol#880) is not in mixedCase
Parameter MarketPlaceV2.addFarmLandArea(uint256,uint256)._tokenId (../../sb/0x00cc9375a6579b5375813ed8d41eafda6d519409.sol#880) is not in mixedCase
Parameter MarketPlaceV2.sellFarmLand(uint256)._tokenId (../../sb/0x00cc9375a6579b5375813ed8d41eafda6d519409.sol#894) is not in mixedCase
Parameter MarketPlaceV2.sellFarmLandPigsty(uint256)._tokenId (../../sb/0x00cc9375a6579b5375813ed8d41eafda6d519409.sol#912) is not in mixedCase
Parameter MarketPlaceV2.buyfarmTokens(FarmTokens,uint256)._farmtoken (../../sb/0x00cc9375a6579b5375813ed8d41eafda6d519409.sol#928) is not in mixedCase
Parameter MarketPlaceV2.buyfarmTokens(FarmTokens,uint256)._quantity (../../sb/0x00cc9375a6579b5375813ed8d41eafda6d519409.sol#928) is not in mixedCase
Parameter MarketPlaceV2.sellFarmTokens(FarmTokens,uint256)._farmtoken (../../sb/0x00cc9375a6579b5375813ed8d41eafda6d519409.sol#954) is not in mixedCase
Parameter MarketPlaceV2.sellFarmTokens(FarmTokens,uint256)._quantity (../../sb/0x00cc9375a6579b5375813ed8d41eafda6d519409.sol#954) is not in mixedCase
Parameter MarketPlaceV2.setFeeTaker(address)._feeTaker (../../sb/0x00cc9375a6579b5375813ed8d41eafda6d519409.sol#1220) is not in mixedCase
Parameter MarketPlaceV2.setEggToken(FarmTokens)._eggToken (../../sb/0x00cc9375a6579b5375813ed8d41eafda6d519409.sol#1225) is not in mixedCase
Parameter MarketPlaceV2.setChickenToken(FarmTokens)._chickenToken (../../sb/0x00cc9375a6579b5375813ed8d41eafda6d519409.sol#1230) is not in mixedCase
Parameter MarketPlaceV2.setChickenFoodToken(FarmTokens)._chickenFoodToken (../../sb/0x00cc9375a6579b5375813ed8d41eafda6d519409.sol#1235) is not in mixedCase
Parameter MarketPlaceV2.setBoarToken(FarmTokens)._boarToken (../../sb/0x00cc9375a6579b5375813ed8d41eafda6d519409.sol#1240) is not in mixedCase
Parameter MarketPlaceV2.setSowToken(FarmTokens)._sowToken (../../sb/0x00cc9375a6579b5375813ed8d41eafda6d519409.sol#1245) is not in mixedCase
Parameter MarketPlaceV2.setPigletToken(FarmTokens)._pigletToken (../../sb/0x00cc9375a6579b5375813ed8d41eafda6d519409.sol#1250) is not in mixedCase
Parameter MarketPlaceV2.setPigFoodToken(FarmTokens)._pigFoodToken (../../sb/0x00cc9375a6579b5375813ed8d41eafda6d519409.sol#1255) is not in mixedCase
Parameter MarketPlaceV2.setFarmLand(FarmLandNFT)._farmLand (../../sb/0x00cc9375a6579b5375813ed8d41eafda6d519409.sol#1261) is not in mixedCase
Parameter MarketPlaceV2.setbaseToken(Token)._baseToken (../../sb/0x00cc9375a6579b5375813ed8d41eafda6d519409.sol#1267) is not in mixedCase
Parameter MarketPlaceV2.setmainToken(address)._maintoken (../../sb/0x00cc9375a6579b5375813ed8d41eafda6d519409.sol#1273) is not in mixedCase
Parameter MarketPlaceV2.setBusdPerchicken(uint256)._busdPerchicken (../../sb/0x00cc9375a6579b5375813ed8d41eafda6d519409.sol#1280) is not in mixedCase
Parameter MarketPlaceV2.setBusdPerEggToken(uint256)._busdPerEggToken (../../sb/0x00cc9375a6579b5375813ed8d41eafda6d519409.sol#1286) is not in mixedCase
Parameter MarketPlaceV2.setBusdPerChickenFood(uint256)._busdPerChickenFood (../../sb/0x00cc9375a6579b5375813ed8d41eafda6d519409.sol#1292) is not in mixedCase
Parameter MarketPlaceV2.setChickenFoodGramsPerUsd(uint256)._chickenGrams (../../sb/0x00cc9375a6579b5375813ed8d41eafda6d519409.sol#1298) is not in mixedCase
Parameter MarketPlaceV2.setBusdPerBoar(uint256)._busdPerBoar (../../sb/0x00cc9375a6579b5375813ed8d41eafda6d519409.sol#1305) is not in mixedCase
Parameter MarketPlaceV2.setBusdPerSow(uint256)._busdPerSow (../../sb/0x00cc9375a6579b5375813ed8d41eafda6d519409.sol#1310) is not in mixedCase
Parameter MarketPlaceV2.setBusdPerPiglet(uint256)._busdPerPiglet (../../sb/0x00cc9375a6579b5375813ed8d41eafda6d519409.sol#1315) is not in mixedCase
Parameter MarketPlaceV2.setBusdPerPigfood(uint256)._busdPerPigfood (../../sb/0x00cc9375a6579b5375813ed8d41eafda6d519409.sol#1320) is not in mixedCase
Parameter MarketPlaceV2.setFarmAddress(Farming)._farmAddress (../../sb/0x00cc9375a6579b5375813ed8d41eafda6d519409.sol#1325) is not in mixedCase
Parameter MarketPlaceV2.setPigFarmAddress(Farming)._farmAddress (../../sb/0x00cc9375a6579b5375813ed8d41eafda6d519409.sol#1330) is not in mixedCase
Parameter MarketPlaceV2.setSellfee(uint256)._sellFee (../../sb/0x00cc9375a6579b5375813ed8d41eafda6d519409.sol#1335) is not in mixedCase
Parameter MarketPlaceV2.setBusdPerFarmArea(uint256)._busdPerFarmArea (../../sb/0x00cc9375a6579b5375813ed8d41eafda6d519409.sol#1341) is not in mixedCase
Parameter MarketPlaceV2.transferAnyBEP20Tokens(address,address,uint256)._tokenAddr (../../sb/0x00cc9375a6579b5375813ed8d41eafda6d519409.sol#1383) is not in mixedCase
Parameter MarketPlaceV2.transferAnyBEP20Tokens(address,address,uint256)._to (../../sb/0x00cc9375a6579b5375813ed8d41eafda6d519409.sol#1383) is not in mixedCase
Parameter MarketPlaceV2.transferAnyBEP20Tokens(address,address,uint256)._amount (../../sb/0x00cc9375a6579b5375813ed8d41eafda6d519409.sol#1383) is not in mixedCase
Reference: https://github.com/crytic/slither/wiki/Detector-Documentation#conformance-to-solidity-naming-conventions[0m
[92m
MarketPlaceV2.landAreaAddress (../../sb/0x00cc9375a6579b5375813ed8d41eafda6d519409.sol#793) should be constant
MarketPlaceV2.landAreaName (../../sb/0x00cc9375a6579b5375813ed8d41eafda6d519409.sol#792) should be constant
MarketPlaceV2.pairToken (../../sb/0x00cc9375a6579b5375813ed8d41eafda6d519409.sol#797) should be constant
MarketPlaceV2.router (../../sb/0x00cc9375a6579b5375813ed8d41eafda6d519409.sol#796) should be constant
Reference: https://github.com/crytic/slither/wiki/Detector-Documentation#state-variables-that-could-be-declared-constant[0m
[92m
renounceOwnership() should be declared external:
	- Ownable.renounceOwnership() (../../sb/0x00cc9375a6579b5375813ed8d41eafda6d519409.sol#185-187)
transferOwnership(address) should be declared external:
	- Ownable.transferOwnership(address) (../../sb/0x00cc9375a6579b5375813ed8d41eafda6d519409.sol#193-196)
name() should be declared external:
	- ERC20.name() (../../sb/0x00cc9375a6579b5375813ed8d41eafda6d519409.sol#327-329)
symbol() should be declared external:
	- ERC20.symbol() (../../sb/0x00cc9375a6579b5375813ed8d41eafda6d519409.sol#335-337)
decimals() should be declared external:
	- ERC20.decimals() (../../sb/0x00cc9375a6579b5375813ed8d41eafda6d519409.sol#352-354)
totalSupply() should be declared external:
	- ERC20.totalSupply() (../../sb/0x00cc9375a6579b5375813ed8d41eafda6d519409.sol#359-361)
balanceOf(address) should be declared external:
	- ERC20.balanceOf(address) (../../sb/0x00cc9375a6579b5375813ed8d41eafda6d519409.sol#366-368)
transfer(address,uint256) should be declared external:
	- ERC20.transfer(address,uint256) (../../sb/0x00cc9375a6579b5375813ed8d41eafda6d519409.sol#378-381)
allowance(address,address) should be declared external:
	- ERC20.allowance(address,address) (../../sb/0x00cc9375a6579b5375813ed8d41eafda6d519409.sol#386-388)
approve(address,uint256) should be declared external:
	- ERC20.approve(address,uint256) (../../sb/0x00cc9375a6579b5375813ed8d41eafda6d519409.sol#397-400)
transferFrom(address,address,uint256) should be declared external:
	- ERC20.transferFrom(address,address,uint256) (../../sb/0x00cc9375a6579b5375813ed8d41eafda6d519409.sol#415-429)
increaseAllowance(address,uint256) should be declared external:
	- ERC20.increaseAllowance(address,uint256) (../../sb/0x00cc9375a6579b5375813ed8d41eafda6d519409.sol#443-446)
decreaseAllowance(address,uint256) should be declared external:
	- ERC20.decreaseAllowance(address,uint256) (../../sb/0x00cc9375a6579b5375813ed8d41eafda6d519409.sol#462-470)
sellFarmLand(uint256) should be declared external:
	- MarketPlaceV2.sellFarmLand(uint256) (../../sb/0x00cc9375a6579b5375813ed8d41eafda6d519409.sol#894-906)
sellFarmLandPigsty(uint256) should be declared external:
	- MarketPlaceV2.sellFarmLandPigsty(uint256) (../../sb/0x00cc9375a6579b5375813ed8d41eafda6d519409.sol#912-924)
buyfarmTokens(FarmTokens,uint256) should be declared external:
	- MarketPlaceV2.buyfarmTokens(FarmTokens,uint256) (../../sb/0x00cc9375a6579b5375813ed8d41eafda6d519409.sol#928-952)
sellFarmTokens(FarmTokens,uint256) should be declared external:
	- MarketPlaceV2.sellFarmTokens(FarmTokens,uint256) (../../sb/0x00cc9375a6579b5375813ed8d41eafda6d519409.sol#954-979)
getTotalChicken() should be declared external:
	- MarketPlaceV2.getTotalChicken() (../../sb/0x00cc9375a6579b5375813ed8d41eafda6d519409.sol#1346-1348)
getTotalEgg() should be declared external:
	- MarketPlaceV2.getTotalEgg() (../../sb/0x00cc9375a6579b5375813ed8d41eafda6d519409.sol#1351-1353)
getTotalChickenFood() should be declared external:
	- MarketPlaceV2.getTotalChickenFood() (../../sb/0x00cc9375a6579b5375813ed8d41eafda6d519409.sol#1356-1358)
getTotalBoar() should be declared external:
	- MarketPlaceV2.getTotalBoar() (../../sb/0x00cc9375a6579b5375813ed8d41eafda6d519409.sol#1361-1363)
getTotalSow() should be declared external:
	- MarketPlaceV2.getTotalSow() (../../sb/0x00cc9375a6579b5375813ed8d41eafda6d519409.sol#1367-1369)
getTotalPiglet() should be declared external:
	- MarketPlaceV2.getTotalPiglet() (../../sb/0x00cc9375a6579b5375813ed8d41eafda6d519409.sol#1372-1374)
getTotalPigFood() should be declared external:
	- MarketPlaceV2.getTotalPigFood() (../../sb/0x00cc9375a6579b5375813ed8d41eafda6d519409.sol#1377-1379)
transferAnyBEP20Tokens(address,address,uint256) should be declared external:
	- MarketPlaceV2.transferAnyBEP20Tokens(address,address,uint256) (../../sb/0x00cc9375a6579b5375813ed8d41eafda6d519409.sol#1383-1385)
Reference: https://github.com/crytic/slither/wiki/Detector-Documentation#public-function-that-could-be-declared-external[0m
/sb/0x00cc9375a6579b5375813ed8d41eafda6d519409.sol analyzed (12 contracts with 78 detectors), 129 result(s) found
