Compilation warnings/errors on /sb/0xa2a22b46b8df38cd7c55e6bf32ea5a32637cf2b1.sol:
Warning: Variable is shadowed in inline assembly by an instruction of the same name
   --> /sb/0xa2a22b46b8df38cd7c55e6bf32ea5a32637cf2b1.sol:635:5:
    |
635 |     function sub(uint256 a, uint256 b) internal pure returns (uint256) {
    |     ^ (Relevant source part starts here and spans across multiple lines).

Warning: Function state mutability can be restricted to view
   --> /sb/0xa2a22b46b8df38cd7c55e6bf32ea5a32637cf2b1.sol:845:5:
    |
845 |     function _onlyAdminOrRelayer() private {
    |     ^ (Relevant source part starts here and spans across multiple lines).

Warning: Function state mutability can be restricted to view
   --> /sb/0xa2a22b46b8df38cd7c55e6bf32ea5a32637cf2b1.sol:850:5:
    |
850 |     function _onlyAdminOrOperator() private {
    |     ^ (Relevant source part starts here and spans across multiple lines).

Warning: Function state mutability can be restricted to view
   --> /sb/0xa2a22b46b8df38cd7c55e6bf32ea5a32637cf2b1.sol:855:5:
    |
855 |     function _onlyAdmin() private {
    |     ^ (Relevant source part starts here and spans across multiple lines).

Warning: Function state mutability can be restricted to view
   --> /sb/0xa2a22b46b8df38cd7c55e6bf32ea5a32637cf2b1.sol:859:5:
    |
859 |     function _onlyRelayers() private {
    |     ^ (Relevant source part starts here and spans across multiple lines).

Warning: Function state mutability can be restricted to view
   --> /sb/0xa2a22b46b8df38cd7c55e6bf32ea5a32637cf2b1.sol:863:5:
    |
863 |     function _onlyOperators() private {
    |     ^ (Relevant source part starts here and spans across multiple lines).


[91m
Bridge.depositETH(uint8,bytes32,bytes) (../../sb/0xa2a22b46b8df38cd7c55e6bf32ea5a32637cf2b1.sol#1160-1187) ignores return value by IWETH(wtokenAddress).transfer(address(handler),value) (../../sb/0xa2a22b46b8df38cd7c55e6bf32ea5a32637cf2b1.sol#1178)
Reference: https://github.com/crytic/slither/wiki/Detector-Documentation#unchecked-transfer[0m
[93m
Bridge.constructor(uint8,address[],uint256,uint256,uint256).i (../../sb/0xa2a22b46b8df38cd7c55e6bf32ea5a32637cf2b1.sol#884) is a local variable never initialized
Reference: https://github.com/crytic/slither/wiki/Detector-Documentation#uninitialized-local-variables[0m
[92m
Bridge.adminChangeFee(uint256) (../../sb/0xa2a22b46b8df38cd7c55e6bf32ea5a32637cf2b1.sol#1063-1066) should emit an event for: 
	- _fee = newFee (../../sb/0xa2a22b46b8df38cd7c55e6bf32ea5a32637cf2b1.sol#1065) 
Reference: https://github.com/crytic/slither/wiki/Detector-Documentation#missing-events-arithmetic[0m
[92m
Bridge.transferFunds(address[],uint256[]) (../../sb/0xa2a22b46b8df38cd7c55e6bf32ea5a32637cf2b1.sol#1307-1311) has external calls inside a loop: addrs[i].transfer(amounts[i]) (../../sb/0xa2a22b46b8df38cd7c55e6bf32ea5a32637cf2b1.sol#1309)
Reference: https://github.com/crytic/slither/wiki/Detector-Documentation/#calls-inside-a-loop[0m
[92m
Reentrancy in Bridge.depositETH(uint8,bytes32,bytes) (../../sb/0xa2a22b46b8df38cd7c55e6bf32ea5a32637cf2b1.sol#1160-1187):
	External calls:
	- wtokenAddress = IERCHandler(handler)._wtokenAddress() (../../sb/0xa2a22b46b8df38cd7c55e6bf32ea5a32637cf2b1.sol#1175)
	- IWETH(wtokenAddress).deposit{value: value}() (../../sb/0xa2a22b46b8df38cd7c55e6bf32ea5a32637cf2b1.sol#1177)
	- IWETH(wtokenAddress).transfer(address(handler),value) (../../sb/0xa2a22b46b8df38cd7c55e6bf32ea5a32637cf2b1.sol#1178)
	External calls sending eth:
	- IWETH(wtokenAddress).deposit{value: value}() (../../sb/0xa2a22b46b8df38cd7c55e6bf32ea5a32637cf2b1.sol#1177)
	State variables written after the call(s):
	- depositNonce = ++ _depositCounts[destinationChainID] (../../sb/0xa2a22b46b8df38cd7c55e6bf32ea5a32637cf2b1.sol#1180)
	- _depositRecords[depositNonce][destinationChainID] = data (../../sb/0xa2a22b46b8df38cd7c55e6bf32ea5a32637cf2b1.sol#1181)
Reference: https://github.com/crytic/slither/wiki/Detector-Documentation#reentrancy-vulnerabilities-2[0m
[92m
Reentrancy in Bridge.deposit(uint8,bytes32,bytes) (../../sb/0xa2a22b46b8df38cd7c55e6bf32ea5a32637cf2b1.sol#1135-1150):
	External calls:
	- depositHandler.deposit(resourceID,destinationChainID,depositNonce,msg.sender,data) (../../sb/0xa2a22b46b8df38cd7c55e6bf32ea5a32637cf2b1.sol#1147)
	Event emitted after the call(s):
	- Deposit(destinationChainID,resourceID,depositNonce) (../../sb/0xa2a22b46b8df38cd7c55e6bf32ea5a32637cf2b1.sol#1149)
Reentrancy in Bridge.depositETH(uint8,bytes32,bytes) (../../sb/0xa2a22b46b8df38cd7c55e6bf32ea5a32637cf2b1.sol#1160-1187):
	External calls:
	- wtokenAddress = IERCHandler(handler)._wtokenAddress() (../../sb/0xa2a22b46b8df38cd7c55e6bf32ea5a32637cf2b1.sol#1175)
	- IWETH(wtokenAddress).deposit{value: value}() (../../sb/0xa2a22b46b8df38cd7c55e6bf32ea5a32637cf2b1.sol#1177)
	- IWETH(wtokenAddress).transfer(address(handler),value) (../../sb/0xa2a22b46b8df38cd7c55e6bf32ea5a32637cf2b1.sol#1178)
	- depositHandler.deposit(resourceID,destinationChainID,depositNonce,msg.sender,data) (../../sb/0xa2a22b46b8df38cd7c55e6bf32ea5a32637cf2b1.sol#1184)
	External calls sending eth:
	- IWETH(wtokenAddress).deposit{value: value}() (../../sb/0xa2a22b46b8df38cd7c55e6bf32ea5a32637cf2b1.sol#1177)
	Event emitted after the call(s):
	- Deposit(destinationChainID,resourceID,depositNonce) (../../sb/0xa2a22b46b8df38cd7c55e6bf32ea5a32637cf2b1.sol#1186)
Reentrancy in Bridge.executeProposal(uint8,uint64,bytes,bytes32) (../../sb/0xa2a22b46b8df38cd7c55e6bf32ea5a32637cf2b1.sol#1283-1299):
	External calls:
	- depositHandler.executeProposal(proposal._resourceID,data) (../../sb/0xa2a22b46b8df38cd7c55e6bf32ea5a32637cf2b1.sol#1296)
	Event emitted after the call(s):
	- ProposalEvent(chainID,depositNonce,proposal._status,proposal._resourceID,proposal._dataHash) (../../sb/0xa2a22b46b8df38cd7c55e6bf32ea5a32637cf2b1.sol#1298)
Reference: https://github.com/crytic/slither/wiki/Detector-Documentation#reentrancy-vulnerabilities-3[0m
[92m
Address.isContract(address) (../../sb/0xa2a22b46b8df38cd7c55e6bf32ea5a32637cf2b1.sol#266-275) uses assembly
	- INLINE ASM (../../sb/0xa2a22b46b8df38cd7c55e6bf32ea5a32637cf2b1.sol#273)
Bridge.depositETH(uint8,bytes32,bytes) (../../sb/0xa2a22b46b8df38cd7c55e6bf32ea5a32637cf2b1.sol#1160-1187) uses assembly
	- INLINE ASM (../../sb/0xa2a22b46b8df38cd7c55e6bf32ea5a32637cf2b1.sol#1170-1172)
Reference: https://github.com/crytic/slither/wiki/Detector-Documentation#assembly-usage[0m
[92m
Bridge.constructor(uint8,address[],uint256,uint256,uint256) (../../sb/0xa2a22b46b8df38cd7c55e6bf32ea5a32637cf2b1.sol#874-889) has costly operations inside a loop:
	- _totalRelayers ++ (../../sb/0xa2a22b46b8df38cd7c55e6bf32ea5a32637cf2b1.sol#886)
Reference: https://github.com/crytic/slither/wiki/Detector-Documentation#costly-operations-inside-a-loop[0m
[92m
Address.isContract(address) (../../sb/0xa2a22b46b8df38cd7c55e6bf32ea5a32637cf2b1.sol#266-275) is never used and should be removed
Address.sendValue(address,uint256) (../../sb/0xa2a22b46b8df38cd7c55e6bf32ea5a32637cf2b1.sol#293-299) is never used and should be removed
Bridge._onlyOperators() (../../sb/0xa2a22b46b8df38cd7c55e6bf32ea5a32637cf2b1.sol#863-865) is never used and should be removed
Context._msgData() (../../sb/0xa2a22b46b8df38cd7c55e6bf32ea5a32637cf2b1.sol#321-324) is never used and should be removed
EnumerableSet.add(EnumerableSet.UintSet,uint256) (../../sb/0xa2a22b46b8df38cd7c55e6bf32ea5a32637cf2b1.sol#202-204) is never used and should be removed
EnumerableSet.at(EnumerableSet.UintSet,uint256) (../../sb/0xa2a22b46b8df38cd7c55e6bf32ea5a32637cf2b1.sol#240-242) is never used and should be removed
EnumerableSet.contains(EnumerableSet.UintSet,uint256) (../../sb/0xa2a22b46b8df38cd7c55e6bf32ea5a32637cf2b1.sol#219-221) is never used and should be removed
EnumerableSet.length(EnumerableSet.UintSet) (../../sb/0xa2a22b46b8df38cd7c55e6bf32ea5a32637cf2b1.sol#226-228) is never used and should be removed
EnumerableSet.remove(EnumerableSet.UintSet,uint256) (../../sb/0xa2a22b46b8df38cd7c55e6bf32ea5a32637cf2b1.sol#212-214) is never used and should be removed
Reference: https://github.com/crytic/slither/wiki/Detector-Documentation#dead-code[0m
[92m
Pragma version^0.6.4 (../../sb/0xa2a22b46b8df38cd7c55e6bf32ea5a32637cf2b1.sol#1) allows old versions
Reference: https://github.com/crytic/slither/wiki/Detector-Documentation#incorrect-versions-of-solidity[0m
[92m
Low level call in Address.sendValue(address,uint256) (../../sb/0xa2a22b46b8df38cd7c55e6bf32ea5a32637cf2b1.sol#293-299):
	- (success) = recipient.call{value: amount}() (../../sb/0xa2a22b46b8df38cd7c55e6bf32ea5a32637cf2b1.sol#297)
Reference: https://github.com/crytic/slither/wiki/Detector-Documentation#low-level-calls[0m
[92m
Function IBridge._chainID() (../../sb/0xa2a22b46b8df38cd7c55e6bf32ea5a32637cf2b1.sol#687) is not in mixedCase
Function IERCHandler._wtokenAddress() (../../sb/0xa2a22b46b8df38cd7c55e6bf32ea5a32637cf2b1.sol#714) is not in mixedCase
Variable Bridge._chainID (../../sb/0xa2a22b46b8df38cd7c55e6bf32ea5a32637cf2b1.sol#756) is not in mixedCase
Variable Bridge._relayerThreshold (../../sb/0xa2a22b46b8df38cd7c55e6bf32ea5a32637cf2b1.sol#757) is not in mixedCase
Variable Bridge._totalRelayers (../../sb/0xa2a22b46b8df38cd7c55e6bf32ea5a32637cf2b1.sol#758) is not in mixedCase
Variable Bridge._totalOperators (../../sb/0xa2a22b46b8df38cd7c55e6bf32ea5a32637cf2b1.sol#759) is not in mixedCase
Variable Bridge._totalProposals (../../sb/0xa2a22b46b8df38cd7c55e6bf32ea5a32637cf2b1.sol#760) is not in mixedCase
Variable Bridge._fee (../../sb/0xa2a22b46b8df38cd7c55e6bf32ea5a32637cf2b1.sol#761) is not in mixedCase
Variable Bridge._expiry (../../sb/0xa2a22b46b8df38cd7c55e6bf32ea5a32637cf2b1.sol#762) is not in mixedCase
Variable Bridge._wtokenAddress (../../sb/0xa2a22b46b8df38cd7c55e6bf32ea5a32637cf2b1.sol#763) is not in mixedCase
Variable Bridge._depositCounts (../../sb/0xa2a22b46b8df38cd7c55e6bf32ea5a32637cf2b1.sol#779) is not in mixedCase
Variable Bridge._specialFee (../../sb/0xa2a22b46b8df38cd7c55e6bf32ea5a32637cf2b1.sol#781) is not in mixedCase
Variable Bridge._resourceIDToHandlerAddress (../../sb/0xa2a22b46b8df38cd7c55e6bf32ea5a32637cf2b1.sol#783) is not in mixedCase
Variable Bridge._depositRecords (../../sb/0xa2a22b46b8df38cd7c55e6bf32ea5a32637cf2b1.sol#785) is not in mixedCase
Variable Bridge._proposals (../../sb/0xa2a22b46b8df38cd7c55e6bf32ea5a32637cf2b1.sol#787) is not in mixedCase
Variable Bridge._hasVotedOnProposal (../../sb/0xa2a22b46b8df38cd7c55e6bf32ea5a32637cf2b1.sol#789) is not in mixedCase
Reference: https://github.com/crytic/slither/wiki/Detector-Documentation#conformance-to-solidity-naming-conventions[0m
[92m
Redundant expression "this (../../sb/0xa2a22b46b8df38cd7c55e6bf32ea5a32637cf2b1.sol#322)" inContext (../../sb/0xa2a22b46b8df38cd7c55e6bf32ea5a32637cf2b1.sol#312-325)
Reference: https://github.com/crytic/slither/wiki/Detector-Documentation#redundant-statements[0m
[92m
Bridge._wtokenAddress (../../sb/0xa2a22b46b8df38cd7c55e6bf32ea5a32637cf2b1.sol#763) should be constant
Reference: https://github.com/crytic/slither/wiki/Detector-Documentation#state-variables-that-could-be-declared-constant[0m
[92m
getRoleMemberCount(bytes32) should be declared external:
	- AccessControl.getRoleMemberCount(bytes32) (../../sb/0xa2a22b46b8df38cd7c55e6bf32ea5a32637cf2b1.sol#403-405)
getRoleMember(bytes32,uint256) should be declared external:
	- AccessControl.getRoleMember(bytes32,uint256) (../../sb/0xa2a22b46b8df38cd7c55e6bf32ea5a32637cf2b1.sol#419-421)
getRoleAdmin(bytes32) should be declared external:
	- AccessControl.getRoleAdmin(bytes32) (../../sb/0xa2a22b46b8df38cd7c55e6bf32ea5a32637cf2b1.sol#429-431)
paused() should be declared external:
	- Pausable.paused() (../../sb/0xa2a22b46b8df38cd7c55e6bf32ea5a32637cf2b1.sol#556-558)
cancelProposal(uint8,uint64,bytes32) should be declared external:
	- Bridge.cancelProposal(uint8,uint64,bytes32) (../../sb/0xa2a22b46b8df38cd7c55e6bf32ea5a32637cf2b1.sol#1260-1270)
Reference: https://github.com/crytic/slither/wiki/Detector-Documentation#public-function-that-could-be-declared-external[0m
/sb/0xa2a22b46b8df38cd7c55e6bf32ea5a32637cf2b1.sol analyzed (12 contracts with 78 detectors), 45 result(s) found
