[91m
AdvancedTokenStorage.balances (../../sb/0x77f973fcaf871459aa58cd81881ce453759281bc.sol#304) is never initialized. It is used in:
	- AdvancedTokenStorage.balanceOf(address) (../../sb/0x77f973fcaf871459aa58cd81881ce453759281bc.sol#316-323)
AdvancedTokenStorage.allowed (../../sb/0x77f973fcaf871459aa58cd81881ce453759281bc.sol#305) is never initialized. It is used in:
	- AdvancedTokenStorage.allowance(address,address) (../../sb/0x77f973fcaf871459aa58cd81881ce453759281bc.sol#325-333)
AdvancedTokenStorage.totalSupply_ (../../sb/0x77f973fcaf871459aa58cd81881ce453759281bc.sol#306) is never initialized. It is used in:
	- AdvancedTokenStorage.totalSupply() (../../sb/0x77f973fcaf871459aa58cd81881ce453759281bc.sol#308-314)
Reference: https://github.com/crytic/slither/wiki/Detector-Documentation#uninitialized-state-variables[0m
[93m
Contract locking ether found:
	Contract LoanToken (../../sb/0x77f973fcaf871459aa58cd81881ce453759281bc.sol#336-391) has payable functions:
	 - LoanToken.fallback() (../../sb/0x77f973fcaf871459aa58cd81881ce453759281bc.sol#347-362)
	But does not have a function to withdraw the ether
Reference: https://github.com/crytic/slither/wiki/Detector-Documentation#contracts-that-lock-ether[0m
[92m
LoanToken.fallback() (../../sb/0x77f973fcaf871459aa58cd81881ce453759281bc.sol#347-362) uses assembly
	- INLINE ASM (../../sb/0x77f973fcaf871459aa58cd81881ce453759281bc.sol#353-361)
LoanToken._isContract(address) (../../sb/0x77f973fcaf871459aa58cd81881ce453759281bc.sol#380-389) uses assembly
	- INLINE ASM (../../sb/0x77f973fcaf871459aa58cd81881ce453759281bc.sol#387)
Reference: https://github.com/crytic/slither/wiki/Detector-Documentation#assembly-usage[0m
[92m
SafeMath.add(uint256,uint256) (../../sb/0x77f973fcaf871459aa58cd81881ce453759281bc.sol#99-103) is never used and should be removed
SafeMath.div(uint256,uint256) (../../sb/0x77f973fcaf871459aa58cd81881ce453759281bc.sol#70-75) is never used and should be removed
SafeMath.divCeil(uint256,uint256) (../../sb/0x77f973fcaf871459aa58cd81881ce453759281bc.sol#80-86) is never used and should be removed
SafeMath.mul(uint256,uint256) (../../sb/0x77f973fcaf871459aa58cd81881ce453759281bc.sol#54-65) is never used and should be removed
SafeMath.sub(uint256,uint256) (../../sb/0x77f973fcaf871459aa58cd81881ce453759281bc.sol#91-94) is never used and should be removed
Reference: https://github.com/crytic/slither/wiki/Detector-Documentation#dead-code[0m
[92m
Pragma version^0.5.8 (../../sb/0x77f973fcaf871459aa58cd81881ce453759281bc.sol#6) allows old versions
Reference: https://github.com/crytic/slither/wiki/Detector-Documentation#incorrect-versions-of-solidity[0m
[92m
Parameter SafeMath.mul(uint256,uint256)._a (../../sb/0x77f973fcaf871459aa58cd81881ce453759281bc.sol#54) is not in mixedCase
Parameter SafeMath.mul(uint256,uint256)._b (../../sb/0x77f973fcaf871459aa58cd81881ce453759281bc.sol#54) is not in mixedCase
Parameter SafeMath.div(uint256,uint256)._a (../../sb/0x77f973fcaf871459aa58cd81881ce453759281bc.sol#70) is not in mixedCase
Parameter SafeMath.div(uint256,uint256)._b (../../sb/0x77f973fcaf871459aa58cd81881ce453759281bc.sol#70) is not in mixedCase
Parameter SafeMath.divCeil(uint256,uint256)._a (../../sb/0x77f973fcaf871459aa58cd81881ce453759281bc.sol#80) is not in mixedCase
Parameter SafeMath.divCeil(uint256,uint256)._b (../../sb/0x77f973fcaf871459aa58cd81881ce453759281bc.sol#80) is not in mixedCase
Parameter SafeMath.sub(uint256,uint256)._a (../../sb/0x77f973fcaf871459aa58cd81881ce453759281bc.sol#91) is not in mixedCase
Parameter SafeMath.sub(uint256,uint256)._b (../../sb/0x77f973fcaf871459aa58cd81881ce453759281bc.sol#91) is not in mixedCase
Parameter SafeMath.add(uint256,uint256)._a (../../sb/0x77f973fcaf871459aa58cd81881ce453759281bc.sol#99) is not in mixedCase
Parameter SafeMath.add(uint256,uint256)._b (../../sb/0x77f973fcaf871459aa58cd81881ce453759281bc.sol#99) is not in mixedCase
Parameter Ownable.transferOwnership(address)._newOwner (../../sb/0x77f973fcaf871459aa58cd81881ce453759281bc.sol#141) is not in mixedCase
Parameter AdvancedTokenStorage.balanceOf(address)._owner (../../sb/0x77f973fcaf871459aa58cd81881ce453759281bc.sol#317) is not in mixedCase
Parameter AdvancedTokenStorage.allowance(address,address)._owner (../../sb/0x77f973fcaf871459aa58cd81881ce453759281bc.sol#326) is not in mixedCase
Parameter AdvancedTokenStorage.allowance(address,address)._spender (../../sb/0x77f973fcaf871459aa58cd81881ce453759281bc.sol#327) is not in mixedCase
Parameter LoanToken.setTarget(address)._newTarget (../../sb/0x77f973fcaf871459aa58cd81881ce453759281bc.sol#365) is not in mixedCase
Reference: https://github.com/crytic/slither/wiki/Detector-Documentation#conformance-to-solidity-naming-conventions[0m
[92m
LoanToken.slitherConstructorVariables() (../../sb/0x77f973fcaf871459aa58cd81881ce453759281bc.sol#336-391) uses literals with too many digits:
	- baseRate = 1000000000000000000 (../../sb/0x77f973fcaf871459aa58cd81881ce453759281bc.sol#254)
LoanToken.slitherConstructorVariables() (../../sb/0x77f973fcaf871459aa58cd81881ce453759281bc.sol#336-391) uses literals with too many digits:
	- rateMultiplier = 39000000000000000000 (../../sb/0x77f973fcaf871459aa58cd81881ce453759281bc.sol#255)
Reference: https://github.com/crytic/slither/wiki/Detector-Documentation#too-many-digits[0m
[92m
LoanTokenization.MAX_UINT (../../sb/0x77f973fcaf871459aa58cd81881ce453759281bc.sol#195) is never used in LoanToken (../../sb/0x77f973fcaf871459aa58cd81881ce453759281bc.sol#336-391)
LoanTokenization.checkpointPrices_ (../../sb/0x77f973fcaf871459aa58cd81881ce453759281bc.sol#209) is never used in LoanToken (../../sb/0x77f973fcaf871459aa58cd81881ce453759281bc.sol#336-391)
LoanTokenStorage.isInitialized_ (../../sb/0x77f973fcaf871459aa58cd81881ce453759281bc.sol#250) is never used in LoanToken (../../sb/0x77f973fcaf871459aa58cd81881ce453759281bc.sol#336-391)
LoanTokenStorage.nextOwedLender_ (../../sb/0x77f973fcaf871459aa58cd81881ce453759281bc.sol#267) is never used in LoanToken (../../sb/0x77f973fcaf871459aa58cd81881ce453759281bc.sol#336-391)
LoanTokenStorage.checkpointSupply_ (../../sb/0x77f973fcaf871459aa58cd81881ce453759281bc.sol#271) is never used in LoanToken (../../sb/0x77f973fcaf871459aa58cd81881ce453759281bc.sol#336-391)
LoanTokenStorage.lastSettleTime_ (../../sb/0x77f973fcaf871459aa58cd81881ce453759281bc.sol#273) is never used in LoanToken (../../sb/0x77f973fcaf871459aa58cd81881ce453759281bc.sol#336-391)
Reference: https://github.com/crytic/slither/wiki/Detector-Documentation#unused-state-variable[0m
[92m
AdvancedTokenStorage.totalSupply_ (../../sb/0x77f973fcaf871459aa58cd81881ce453759281bc.sol#306) should be constant
LoanTokenStorage.baseRate (../../sb/0x77f973fcaf871459aa58cd81881ce453759281bc.sol#254) should be constant
LoanTokenStorage.burntTokenReserved (../../sb/0x77f973fcaf871459aa58cd81881ce453759281bc.sol#266) should be constant
LoanTokenStorage.checkpointSupply_ (../../sb/0x77f973fcaf871459aa58cd81881ce453759281bc.sol#271) should be constant
LoanTokenStorage.initialPrice (../../sb/0x77f973fcaf871459aa58cd81881ce453759281bc.sol#275) should be constant
LoanTokenStorage.isInitialized_ (../../sb/0x77f973fcaf871459aa58cd81881ce453759281bc.sol#250) should be constant
LoanTokenStorage.lastSettleTime_ (../../sb/0x77f973fcaf871459aa58cd81881ce453759281bc.sol#273) should be constant
LoanTokenStorage.nextOwedLender_ (../../sb/0x77f973fcaf871459aa58cd81881ce453759281bc.sol#267) should be constant
LoanTokenStorage.rateMultiplier (../../sb/0x77f973fcaf871459aa58cd81881ce453759281bc.sol#255) should be constant
LoanTokenStorage.spreadMultiplier (../../sb/0x77f973fcaf871459aa58cd81881ce453759281bc.sol#258) should be constant
LoanTokenStorage.tokenizedRegistry (../../sb/0x77f973fcaf871459aa58cd81881ce453759281bc.sol#252) should be constant
LoanTokenStorage.totalAssetBorrow (../../sb/0x77f973fcaf871459aa58cd81881ce453759281bc.sol#269) should be constant
LoanTokenization.bZxContract (../../sb/0x77f973fcaf871459aa58cd81881ce453759281bc.sol#201) should be constant
LoanTokenization.bZxOracle (../../sb/0x77f973fcaf871459aa58cd81881ce453759281bc.sol#203) should be constant
LoanTokenization.bZxVault (../../sb/0x77f973fcaf871459aa58cd81881ce453759281bc.sol#202) should be constant
LoanTokenization.decimals (../../sb/0x77f973fcaf871459aa58cd81881ce453759281bc.sol#199) should be constant
LoanTokenization.loanTokenAddress (../../sb/0x77f973fcaf871459aa58cd81881ce453759281bc.sol#206) should be constant
LoanTokenization.name (../../sb/0x77f973fcaf871459aa58cd81881ce453759281bc.sol#197) should be constant
LoanTokenization.symbol (../../sb/0x77f973fcaf871459aa58cd81881ce453759281bc.sol#198) should be constant
LoanTokenization.wethContract (../../sb/0x77f973fcaf871459aa58cd81881ce453759281bc.sol#204) should be constant
Reference: https://github.com/crytic/slither/wiki/Detector-Documentation#state-variables-that-could-be-declared-constant[0m
[92m
totalSupply() should be declared external:
	- ERC20Basic.totalSupply() (../../sb/0x77f973fcaf871459aa58cd81881ce453759281bc.sol#15)
balanceOf(address) should be declared external:
	- ERC20Basic.balanceOf(address) (../../sb/0x77f973fcaf871459aa58cd81881ce453759281bc.sol#16)
transfer(address,uint256) should be declared external:
	- ERC20Basic.transfer(address,uint256) (../../sb/0x77f973fcaf871459aa58cd81881ce453759281bc.sol#17)
allowance(address,address) should be declared external:
	- ERC20.allowance(address,address) (../../sb/0x77f973fcaf871459aa58cd81881ce453759281bc.sol#26-27)
transferFrom(address,address,uint256) should be declared external:
	- ERC20.transferFrom(address,address,uint256) (../../sb/0x77f973fcaf871459aa58cd81881ce453759281bc.sol#29-30)
approve(address,uint256) should be declared external:
	- ERC20.approve(address,uint256) (../../sb/0x77f973fcaf871459aa58cd81881ce453759281bc.sol#32)
transferOwnership(address) should be declared external:
	- Ownable.transferOwnership(address) (../../sb/0x77f973fcaf871459aa58cd81881ce453759281bc.sol#141-143)
totalSupply() should be declared external:
	- AdvancedTokenStorage.totalSupply() (../../sb/0x77f973fcaf871459aa58cd81881ce453759281bc.sol#308-314)
balanceOf(address) should be declared external:
	- AdvancedTokenStorage.balanceOf(address) (../../sb/0x77f973fcaf871459aa58cd81881ce453759281bc.sol#316-323)
allowance(address,address) should be declared external:
	- AdvancedTokenStorage.allowance(address,address) (../../sb/0x77f973fcaf871459aa58cd81881ce453759281bc.sol#325-333)
setTarget(address) should be declared external:
	- LoanToken.setTarget(address) (../../sb/0x77f973fcaf871459aa58cd81881ce453759281bc.sol#364-370)
Reference: https://github.com/crytic/slither/wiki/Detector-Documentation#public-function-that-could-be-declared-external[0m
/sb/0x77f973fcaf871459aa58cd81881ce453759281bc.sol analyzed (10 contracts with 78 detectors), 66 result(s) found
