
====================================================================================================
[94m[ ] Check if contract is SUICIDAL[0m

[ ] Contract address   : 0xaFFECAFEAFfECaFEaFFecAfEAFfecAfEAffEcaFE
[ ] Contract bytecode  : 608060405234801561001057600080fd5b50600436106100d6...
[ ] Bytecode length    : 12194
[ ] Blockchain contract: False
[ ] Debug              : False

[ ][1m Search with call depth: 1   : [0m111
[ ][1m Search with call depth: 2   : [0m122221222122
[ ][1m Search with call depth: 3   : [0m123333233332212333322333122
[92m[-] No suicidal vulnerability found [0m

====================================================================================================
[94m[ ] Check if contract is PRODIGAL[0m

[ ] Contract address   : 0xaFFECAFEAFfECaFEaFFecAfEAFfecAfEAffEcaFE
[ ] Contract bytecode  : 608060405234801561001057600080fd5b50600436106100d6...
[ ] Bytecode length    : 12194
[ ] Blockchain contract: False
[ ] Debug              : False

[ ][1m Search with call depth: 1   : [0m111
[ ][1m Search with call depth: 2   : [0m122221222122
[ ][1m Search with call depth: 3   : [0m123333233332212333322333122
[92m[+] No prodigal vulnerability found [0m

====================================================================================================
[94m[ ] Check if contract is GREEDY[0m

[ ] Contract address   : 0xaFFECAFEAFfECaFEaFFecAfEAFfecAfEAffEcaFE
[ ] Contract bytecode  : 608060405234801561001057600080fd5b50600436106100d6...
[ ] Bytecode length    : 12194
[ ] Debug              : False
[91m[-][0m [1mContract can receive Ether[0m

[92m[-] No lock vulnerability found because the contract cannot receive Ether [0m
