[91m
Ownable.______gap (../../sb/0x88093840aad42d2621e1a452bf5d7076ff804d61.sol#214) shadows:
	- Initializable.______gap (../../sb/0x88093840aad42d2621e1a452bf5d7076ff804d61.sol#131)
ERC20Detailed.______gap (../../sb/0x88093840aad42d2621e1a452bf5d7076ff804d61.sol#300) shadows:
	- Initializable.______gap (../../sb/0x88093840aad42d2621e1a452bf5d7076ff804d61.sol#131)
Reference: https://github.com/crytic/slither/wiki/Detector-Documentation#state-variable-shadowing[0m
[93m
Initializable.isConstructor() (../../sb/0x88093840aad42d2621e1a452bf5d7076ff804d61.sol#119-128) is declared view but contains assembly code
Reference: https://github.com/crytic/slither/wiki/Detector-Documentation#constant-functions-using-assembly-code[0m
[92m
ERC20Detailed.initialize(string,string,uint8).name (../../sb/0x88093840aad42d2621e1a452bf5d7076ff804d61.sol#273) shadows:
	- ERC20Detailed.name() (../../sb/0x88093840aad42d2621e1a452bf5d7076ff804d61.sol#282-284) (function)
ERC20Detailed.initialize(string,string,uint8).symbol (../../sb/0x88093840aad42d2621e1a452bf5d7076ff804d61.sol#273) shadows:
	- ERC20Detailed.symbol() (../../sb/0x88093840aad42d2621e1a452bf5d7076ff804d61.sol#289-291) (function)
ERC20Detailed.initialize(string,string,uint8).decimals (../../sb/0x88093840aad42d2621e1a452bf5d7076ff804d61.sol#273) shadows:
	- ERC20Detailed.decimals() (../../sb/0x88093840aad42d2621e1a452bf5d7076ff804d61.sol#296-298) (function)
Reference: https://github.com/crytic/slither/wiki/Detector-Documentation#local-variable-shadowing[0m
[92m
UFragments.setMonetaryPolicy(address).monetaryPolicy_ (../../sb/0x88093840aad42d2621e1a452bf5d7076ff804d61.sol#493) lacks a zero-check on :
		- monetaryPolicy = monetaryPolicy_ (../../sb/0x88093840aad42d2621e1a452bf5d7076ff804d61.sol#497)
Reference: https://github.com/crytic/slither/wiki/Detector-Documentation#missing-zero-address-validation[0m
[92m
Initializable.isConstructor() (../../sb/0x88093840aad42d2621e1a452bf5d7076ff804d61.sol#119-128) uses assembly
	- INLINE ASM (../../sb/0x88093840aad42d2621e1a452bf5d7076ff804d61.sol#126-127)
Reference: https://github.com/crytic/slither/wiki/Detector-Documentation#assembly-usage[0m
[92m
SafeMath.mod(uint256,uint256) (../../sb/0x88093840aad42d2621e1a452bf5d7076ff804d61.sol#64-67) is never used and should be removed
SafeMathInt.add(int256,int256) (../../sb/0x88093840aad42d2621e1a452bf5d7076ff804d61.sol#388-396) is never used and should be removed
SafeMathInt.div(int256,int256) (../../sb/0x88093840aad42d2621e1a452bf5d7076ff804d61.sol#360-370) is never used and should be removed
SafeMathInt.mul(int256,int256) (../../sb/0x88093840aad42d2621e1a452bf5d7076ff804d61.sol#344-355) is never used and should be removed
SafeMathInt.sub(int256,int256) (../../sb/0x88093840aad42d2621e1a452bf5d7076ff804d61.sol#375-383) is never used and should be removed
Reference: https://github.com/crytic/slither/wiki/Detector-Documentation#dead-code[0m
[92m
Pragma version^0.4.24 (../../sb/0x88093840aad42d2621e1a452bf5d7076ff804d61.sol#3) allows old versions
Pragma version^0.4.24 (../../sb/0x88093840aad42d2621e1a452bf5d7076ff804d61.sol#72) allows old versions
Pragma version^0.4.24 (../../sb/0x88093840aad42d2621e1a452bf5d7076ff804d61.sol#136) allows old versions
Pragma version^0.4.24 (../../sb/0x88093840aad42d2621e1a452bf5d7076ff804d61.sol#219) allows old versions
Pragma version^0.4.24 (../../sb/0x88093840aad42d2621e1a452bf5d7076ff804d61.sol#257) allows old versions
Pragma version^0.4.24 (../../sb/0x88093840aad42d2621e1a452bf5d7076ff804d61.sol#330) allows old versions
Pragma version^0.4.24 (../../sb/0x88093840aad42d2621e1a452bf5d7076ff804d61.sol#413) allows old versions
solc-0.4.26 is not recommended for deployment
Reference: https://github.com/crytic/slither/wiki/Detector-Documentation#incorrect-versions-of-solidity[0m
[92m
Variable Initializable.______gap (../../sb/0x88093840aad42d2621e1a452bf5d7076ff804d61.sol#131) is not in mixedCase
Variable Ownable.______gap (../../sb/0x88093840aad42d2621e1a452bf5d7076ff804d61.sol#214) is not in mixedCase
Variable ERC20Detailed.______gap (../../sb/0x88093840aad42d2621e1a452bf5d7076ff804d61.sol#300) is not in mixedCase
Reference: https://github.com/crytic/slither/wiki/Detector-Documentation#conformance-to-solidity-naming-conventions[0m
[92m
SafeMathInt.MAX_INT256 (../../sb/0x88093840aad42d2621e1a452bf5d7076ff804d61.sol#339) is never used in SafeMathInt (../../sb/0x88093840aad42d2621e1a452bf5d7076ff804d61.sol#337-409)
Ownable.______gap (../../sb/0x88093840aad42d2621e1a452bf5d7076ff804d61.sol#214) is never used in UFragments (../../sb/0x88093840aad42d2621e1a452bf5d7076ff804d61.sol#430-692)
UFragments.rebasePausedDeprecated (../../sb/0x88093840aad42d2621e1a452bf5d7076ff804d61.sol#462) is never used in UFragments (../../sb/0x88093840aad42d2621e1a452bf5d7076ff804d61.sol#430-692)
Reference: https://github.com/crytic/slither/wiki/Detector-Documentation#unused-state-variable[0m
[92m
UFragments.rebasePausedDeprecated (../../sb/0x88093840aad42d2621e1a452bf5d7076ff804d61.sol#462) should be constant
Reference: https://github.com/crytic/slither/wiki/Detector-Documentation#state-variables-that-could-be-declared-constant[0m
[92m
owner() should be declared external:
	- Ownable.owner() (../../sb/0x88093840aad42d2621e1a452bf5d7076ff804d61.sol#166-168)
renounceOwnership() should be declared external:
	- Ownable.renounceOwnership() (../../sb/0x88093840aad42d2621e1a452bf5d7076ff804d61.sol#191-194)
transferOwnership(address) should be declared external:
	- Ownable.transferOwnership(address) (../../sb/0x88093840aad42d2621e1a452bf5d7076ff804d61.sol#200-202)
name() should be declared external:
	- ERC20Detailed.name() (../../sb/0x88093840aad42d2621e1a452bf5d7076ff804d61.sol#282-284)
symbol() should be declared external:
	- ERC20Detailed.symbol() (../../sb/0x88093840aad42d2621e1a452bf5d7076ff804d61.sol#289-291)
decimals() should be declared external:
	- ERC20Detailed.decimals() (../../sb/0x88093840aad42d2621e1a452bf5d7076ff804d61.sol#296-298)
totalSupply() should be declared external:
	- UFragments.totalSupply() (../../sb/0x88093840aad42d2621e1a452bf5d7076ff804d61.sol#562-568)
balanceOf(address) should be declared external:
	- UFragments.balanceOf(address) (../../sb/0x88093840aad42d2621e1a452bf5d7076ff804d61.sol#574-580)
transfer(address,uint256) should be declared external:
	- UFragments.transfer(address,uint256) (../../sb/0x88093840aad42d2621e1a452bf5d7076ff804d61.sol#588-598)
allowance(address,address) should be declared external:
	- UFragments.allowance(address,address) (../../sb/0x88093840aad42d2621e1a452bf5d7076ff804d61.sol#606-612)
transferFrom(address,address,uint256) should be declared external:
	- UFragments.transferFrom(address,address,uint256) (../../sb/0x88093840aad42d2621e1a452bf5d7076ff804d61.sol#620-633)
approve(address,uint256) should be declared external:
	- UFragments.approve(address,uint256) (../../sb/0x88093840aad42d2621e1a452bf5d7076ff804d61.sol#646-653)
increaseAllowance(address,uint256) should be declared external:
	- UFragments.increaseAllowance(address,uint256) (../../sb/0x88093840aad42d2621e1a452bf5d7076ff804d61.sol#662-670)
decreaseAllowance(address,uint256) should be declared external:
	- UFragments.decreaseAllowance(address,uint256) (../../sb/0x88093840aad42d2621e1a452bf5d7076ff804d61.sol#678-690)
Reference: https://github.com/crytic/slither/wiki/Detector-Documentation#public-function-that-could-be-declared-external[0m
/sb/0x88093840aad42d2621e1a452bf5d7076ff804d61.sol analyzed (7 contracts with 78 detectors), 42 result(s) found
