2023-03-26 05:53:30,393 - Main     - INFO - [1mInitializing seed to 1427655.0[0m
2023-03-26 05:53:30,477 - Main     - ERROR - [91m[1mNo compiler output for: /sb/0x250e76987d838a75310c34bf422ea9f1ac4cc906.sol[0m[0m

     ______            ______                _           
    / ____/___  ____  / ____/_  __________  (_)_  _______
   / /   / __ \/ __ \/ /_  / / / /_  /_  / / / / / / ___/
  / /___/ /_/ / / / / __/ / /_/ / / /_/ /_/ / /_/ (__  ) 
  \____/\____/_/ /_/_/    \__,_/ /___/___/_/\__,_/____/  

delteed file
Error: Solidity compilation failed!
/sb/0x250e76987d838a75310c34bf422ea9f1ac4cc906.sol:338:35: TypeError: The "shl" instruction is only available for Constantinople-compatible VMs  (you are currently compiling for "byzantium").
            mstore(add(bs, 0x20), shl(96, _addr))
                                  ^------------^

/sb/0x250e76987d838a75310c34bf422ea9f1ac4cc906.sol:568:32: TypeError: The "extcodehash" instruction is only available for Constantinople-compatible VMs  (you are currently compiling for "byzantium").
        assembly { codehash := extcodehash(account) }
                               ^------------------^

/sb/0x250e76987d838a75310c34bf422ea9f1ac4cc906.sol:1053:41: TypeError: The "shl" instruction is only available for Constantinople-compatible VMs  (you are currently compiling for "byzantium").
                mstore(add(buff, 0x20), shl(248, 0x00))
                                        ^------------^

/sb/0x250e76987d838a75310c34bf422ea9f1ac4cc906.sol:1057:41: TypeError: The "shl" instruction is only available for Constantinople-compatible VMs  (you are currently compiling for "byzantium").
                mstore(add(buff, 0x20), shl(248, 0x01))
                                        ^------------^

/sb/0x250e76987d838a75310c34bf422ea9f1ac4cc906.sol:1082:37: TypeError: The "shl" instruction is only available for Constantinople-compatible VMs  (you are currently compiling for "byzantium").
            mstore(add(buff, 0x20), shl(248, v))
                                    ^---------^

