
====================================================================================================
[94m[ ] Check if contract is SUICIDAL[0m

[ ] Contract address   : 0xaFFECAFEAFfECaFEaFFecAfEAFfecAfEAffEcaFE
[ ] Contract bytecode  : 6080604052600436106101815760003560e01c80637866c6c1...
[ ] Bytecode length    : 5164
[ ] Blockchain contract: False
[ ] Debug              : False

[92m[-] The code does not contain SUICIDE instructions, hence it is not vulnerable[0m

====================================================================================================
[94m[ ] Check if contract is PRODIGAL[0m

[ ] Contract address   : 0xaFFECAFEAFfECaFEaFFecAfEAFfecAfEAffEcaFE
[ ] Contract bytecode  : 6080604052600436106101815760003560e01c80637866c6c1...
[ ] Bytecode length    : 5164
[ ] Blockchain contract: False
[ ] Debug              : False
[92m[+] The code does not have CALL/SUICIDE, hence it is not prodigal[0m

====================================================================================================
[94m[ ] Check if contract is GREEDY[0m

[ ] Contract address   : 0xaFFECAFEAFfECaFEaFFecAfEAFfecAfEAffEcaFE
[ ] Contract bytecode  : 6080604052600436106101815760003560e01c80637866c6c1...
[ ] Bytecode length    : 5164
[ ] Debug              : False
Unknown operation  at pos b
Unknown operation  at pos d3
Unknown operation  at pos d3
Unknown operation  at pos d3
Unknown operation  at pos d3
Unknown operation  at pos d3
[91m[-][0m [1mContract can receive Ether[0m

[92m[-] No lock vulnerability found because the contract cannot receive Ether [0m
