2023-03-26 03:53:17,373 - Main     - INFO - [1mInitializing seed to 1427655.0[0m
2023-03-26 03:53:20,821 - Fuzzer   - INFO - [1mFuzzing contract [1mAlEth[0m[0m
2023-03-26 03:53:22,469 - Analysis - INFO - [1mGeneration number 0 	 Code coverage: 65.67% (2496/3801) 	 Branch coverage: 65.17% (116/178) 	 Transactions: 69 (68 unique)   	 Time: 1.5578174591064453[0m
2023-03-26 03:53:24,530 - Analysis - INFO - [1mGeneration number 1 	 Code coverage: 65.67% (2496/3801) 	 Branch coverage: 66.29% (118/178) 	 Transactions: 143 (113 unique)   	 Time: 3.619525194168091[0m
2023-03-26 03:53:28,484 - Analysis - INFO - [1mGeneration number 2 	 Code coverage: 68.09% (2588/3801) 	 Branch coverage: 68.54% (122/178) 	 Transactions: 245 (157 unique)   	 Time: 7.572941780090332[0m
2023-03-26 03:53:33,920 - Analysis - INFO - [1mGeneration number 3 	 Code coverage: 76.35% (2902/3801) 	 Branch coverage: 73.03% (130/178) 	 Transactions: 392 (212 unique)   	 Time: 13.009407043457031[0m
2023-03-26 03:53:43,894 - Analysis - INFO - [1mGeneration number 4 	 Code coverage: 76.35% (2902/3801) 	 Branch coverage: 73.60% (131/178) 	 Transactions: 621 (268 unique)   	 Time: 22.98280382156372[0m
2023-03-26 03:53:56,905 - Analysis - INFO - [1mGeneration number 5 	 Code coverage: 76.35% (2902/3801) 	 Branch coverage: 73.60% (131/178) 	 Transactions: 894 (334 unique)   	 Time: 35.99382925033569[0m
2023-03-26 03:54:03,073 - Detector - INFO - [1m[31m-----------------------------------------------------[0m
2023-03-26 03:54:03,073 - Detector - INFO - [1m[31m          !!! Integer overflow detected !!!          [0m
2023-03-26 03:54:03,073 - Detector - INFO - [1m[31m-----------------------------------------------------[0m
2023-03-26 03:54:03,073 - Detector - INFO - [1m[31mSWC-ID:   101[0m
2023-03-26 03:54:03,074 - Detector - INFO - [1m[31mSeverity: High[0m
2023-03-26 03:54:03,074 - Detector - INFO - [1m[31m-----------------------------------------------------[0m
2023-03-26 03:54:03,074 - Detector - INFO - [1m[31mSource code line:[0m
2023-03-26 03:54:03,074 - Detector - INFO - [1m[31m-----------------------------------------------------[0m
2023-03-26 03:54:03,074 - Detector - INFO - [1m[31m/sb/0x6b566554378477490ab040f6f757171c967d03ab.sol:110:1[0m
2023-03-26 03:54:03,074 - Detector - INFO - [1m[31ma + b[0m
2023-03-26 03:54:03,074 - Detector - INFO - [1m[31m-----------------------------------------------------[0m
2023-03-26 03:54:03,075 - Detector - INFO - [1m[31mTransaction sequence:[0m
2023-03-26 03:54:03,075 - Detector - INFO - [1m[31m-----------------------------------------------------[0m
2023-03-26 03:54:03,075 - Detector - INFO - [1m[31mTransaction 1 - mint(address,uint256):[0m
2023-03-26 03:54:03,075 - Detector - INFO - [1m[31m-----------------------------------------------------[0m
2023-03-26 03:54:03,075 - Detector - INFO - [1m[31mFrom:      0xdeadbeefdeadbeefdeadbeefdeadbeefdeadbeef[0m
2023-03-26 03:54:03,075 - Detector - INFO - [1m[31mTo:        0x2c5e8a3b3aad9df32339409534e64dfcabcd3a65[0m
2023-03-26 03:54:03,075 - Detector - INFO - [1m[31mValue:     0 Wei[0m
2023-03-26 03:54:03,075 - Detector - INFO - [1m[31mGas Limit: 4500000[0m
2023-03-26 03:54:03,075 - Detector - INFO - [1m[31mInput:     0x40c10f19000000000000000000000000deadbeef[0m
2023-03-26 03:54:03,075 - Detector - INFO - [1m[31m           deadbeefdeadbeefdeadbeefdeadbeefffffffffff[0m
2023-03-26 03:54:03,075 - Detector - INFO - [1m[31m           ffffffffffffffffffffffffffffffffffffffffff[0m
2023-03-26 03:54:03,076 - Detector - INFO - [1m[31m           ffffffffffff[0m
2023-03-26 03:54:03,076 - Detector - INFO - [1m[31m-----------------------------------------------------[0m
2023-03-26 03:54:03,076 - Detector - INFO - [1m[31mTransaction 2 - setWhitelist(address,bool):[0m
2023-03-26 03:54:03,076 - Detector - INFO - [1m[31m-----------------------------------------------------[0m
2023-03-26 03:54:03,076 - Detector - INFO - [1m[31mFrom:      0xcafebabecafebabecafebabecafebabecafebabe[0m
2023-03-26 03:54:03,076 - Detector - INFO - [1m[31mTo:        0x2c5e8a3b3aad9df32339409534e64dfcabcd3a65[0m
2023-03-26 03:54:03,076 - Detector - INFO - [1m[31mValue:     0 Wei[0m
2023-03-26 03:54:03,076 - Detector - INFO - [1m[31mGas Limit: 4500000[0m
2023-03-26 03:54:03,076 - Detector - INFO - [1m[31mInput:     0x53d6fd59000000000000000000000000cafebabe[0m
2023-03-26 03:54:03,076 - Detector - INFO - [1m[31m           cafebabecafebabecafebabecafebabe0000000000[0m
2023-03-26 03:54:03,076 - Detector - INFO - [1m[31m           000000000000000000000000000000000000000000[0m
2023-03-26 03:54:03,076 - Detector - INFO - [1m[31m           000000000001[0m
2023-03-26 03:54:03,076 - Detector - INFO - [1m[31m-----------------------------------------------------[0m
2023-03-26 03:54:03,077 - Detector - INFO - [1m[31mTransaction 3 - mint(address,uint256):[0m
2023-03-26 03:54:03,077 - Detector - INFO - [1m[31m-----------------------------------------------------[0m
2023-03-26 03:54:03,077 - Detector - INFO - [1m[31mFrom:      0xcafebabecafebabecafebabecafebabecafebabe[0m
2023-03-26 03:54:03,077 - Detector - INFO - [1m[31mTo:        0x2c5e8a3b3aad9df32339409534e64dfcabcd3a65[0m
2023-03-26 03:54:03,077 - Detector - INFO - [1m[31mValue:     0 Wei[0m
2023-03-26 03:54:03,077 - Detector - INFO - [1m[31mGas Limit: 4500000[0m
2023-03-26 03:54:03,077 - Detector - INFO - [1m[31mInput:     0x40c10f19000000000000000000000000cafebabe[0m
2023-03-26 03:54:03,077 - Detector - INFO - [1m[31m           cafebabecafebabecafebabecafebabe4cddc2ec83[0m
2023-03-26 03:54:03,077 - Detector - INFO - [1m[31m           0f3d2b6d56929071106578f2233a2bf971a0606fe5[0m
2023-03-26 03:54:03,077 - Detector - INFO - [1m[31m           39f762078977[0m
2023-03-26 03:54:03,077 - Detector - INFO - [1m[31m-----------------------------------------------------[0m
2023-03-26 03:54:03,077 - Detector - INFO - [1m[31mTransaction 4 - setWhitelist(address,bool):[0m
2023-03-26 03:54:03,078 - Detector - INFO - [1m[31m-----------------------------------------------------[0m
2023-03-26 03:54:03,078 - Detector - INFO - [1m[31mFrom:      0xdeadbeefdeadbeefdeadbeefdeadbeefdeadbeef[0m
2023-03-26 03:54:03,078 - Detector - INFO - [1m[31mTo:        0x2c5e8a3b3aad9df32339409534e64dfcabcd3a65[0m
2023-03-26 03:54:03,078 - Detector - INFO - [1m[31mValue:     1 Wei[0m
2023-03-26 03:54:03,078 - Detector - INFO - [1m[31mGas Limit: 4500000[0m
2023-03-26 03:54:03,078 - Detector - INFO - [1m[31mInput:     0x53d6fd59000000000000000000000000cafebabe[0m
2023-03-26 03:54:03,078 - Detector - INFO - [1m[31m           cafebabecafebabecafebabecafebabe0000000000[0m
2023-03-26 03:54:03,078 - Detector - INFO - [1m[31m           000000000000000000000000000000000000000000[0m
2023-03-26 03:54:03,078 - Detector - INFO - [1m[31m           000000000001[0m
2023-03-26 03:54:03,078 - Detector - INFO - [1m[31m-----------------------------------------------------[0m
2023-03-26 03:54:03,078 - Detector - INFO - [1m[31mTransaction 5 - mint(address,uint256):[0m
2023-03-26 03:54:03,078 - Detector - INFO - [1m[31m-----------------------------------------------------[0m
2023-03-26 03:54:03,079 - Detector - INFO - [1m[31mFrom:      0xcafebabecafebabecafebabecafebabecafebabe[0m
2023-03-26 03:54:03,079 - Detector - INFO - [1m[31mTo:        0x2c5e8a3b3aad9df32339409534e64dfcabcd3a65[0m
2023-03-26 03:54:03,079 - Detector - INFO - [1m[31mValue:     0 Wei[0m
2023-03-26 03:54:03,079 - Detector - INFO - [1m[31mGas Limit: 4500000[0m
2023-03-26 03:54:03,079 - Detector - INFO - [1m[31mInput:     0x40c10f1900000000000000000000000000000000[0m
2023-03-26 03:54:03,079 - Detector - INFO - [1m[31m           00000000000000000000000000000000de6fc95615[0m
2023-03-26 03:54:03,079 - Detector - INFO - [1m[31m           dfa6fcaba4852998c857bc0dd4727437b2d9440594[0m
2023-03-26 03:54:03,079 - Detector - INFO - [1m[31m           f9167a7eecfb[0m
2023-03-26 03:54:03,079 - Detector - INFO - [1m[31m-----------------------------------------------------[0m
2023-03-26 03:54:11,713 - Analysis - INFO - [1mGeneration number 6 	 Code coverage: 78.14% (2970/3801) 	 Branch coverage: 74.72% (133/178) 	 Transactions: 1189 (400 unique)   	 Time: 50.80171084403992[0m
2023-03-26 03:54:25,886 - Analysis - INFO - [1mGeneration number 7 	 Code coverage: 78.14% (2970/3801) 	 Branch coverage: 74.72% (133/178) 	 Transactions: 1484 (465 unique)   	 Time: 64.97500157356262[0m
2023-03-26 03:54:41,012 - Analysis - INFO - [1mGeneration number 8 	 Code coverage: 78.14% (2970/3801) 	 Branch coverage: 74.72% (133/178) 	 Transactions: 1781 (531 unique)   	 Time: 80.10142612457275[0m
2023-03-26 03:54:57,606 - Analysis - INFO - [1mGeneration number 9 	 Code coverage: 78.14% (2970/3801) 	 Branch coverage: 74.72% (133/178) 	 Transactions: 2093 (598 unique)   	 Time: 96.69549560546875[0m
2023-03-26 03:55:14,618 - Analysis - INFO - [1mGeneration number 10 	 Code coverage: 78.14% (2970/3801) 	 Branch coverage: 74.72% (133/178) 	 Transactions: 2404 (666 unique)   	 Time: 113.70714116096497[0m
2023-03-26 03:55:31,696 - Analysis - INFO - [1mGeneration number 11 	 Code coverage: 78.14% (2970/3801) 	 Branch coverage: 74.72% (133/178) 	 Transactions: 2717 (734 unique)   	 Time: 130.78542971611023[0m
2023-03-26 03:55:49,680 - Analysis - INFO - [1mGeneration number 12 	 Code coverage: 79.16% (3009/3801) 	 Branch coverage: 75.28% (134/178) 	 Transactions: 3036 (802 unique)   	 Time: 148.7689561843872[0m
2023-03-26 03:56:06,575 - Analysis - INFO - [1mGeneration number 13 	 Code coverage: 79.16% (3009/3801) 	 Branch coverage: 75.28% (134/178) 	 Transactions: 3351 (870 unique)   	 Time: 165.66443753242493[0m
2023-03-26 03:56:23,458 - Analysis - INFO - [1mGeneration number 14 	 Code coverage: 79.16% (3009/3801) 	 Branch coverage: 75.28% (134/178) 	 Transactions: 3673 (938 unique)   	 Time: 182.54698753356934[0m
2023-03-26 03:56:40,887 - Analysis - INFO - [1mGeneration number 15 	 Code coverage: 79.16% (3009/3801) 	 Branch coverage: 75.28% (134/178) 	 Transactions: 3999 (1006 unique)   	 Time: 199.97633504867554[0m
2023-03-26 03:56:59,177 - Analysis - INFO - [1mGeneration number 16 	 Code coverage: 79.16% (3009/3801) 	 Branch coverage: 75.28% (134/178) 	 Transactions: 4333 (1073 unique)   	 Time: 218.26616787910461[0m
2023-03-26 03:57:17,015 - Analysis - INFO - [1mGeneration number 17 	 Code coverage: 81.29% (3090/3801) 	 Branch coverage: 75.28% (134/178) 	 Transactions: 4666 (1141 unique)   	 Time: 236.1042721271515[0m
2023-03-26 03:57:34,733 - Analysis - INFO - [1mGeneration number 18 	 Code coverage: 81.29% (3090/3801) 	 Branch coverage: 75.28% (134/178) 	 Transactions: 4997 (1209 unique)   	 Time: 253.82256317138672[0m
2023-03-26 03:57:54,866 - Analysis - INFO - [1mGeneration number 19 	 Code coverage: 81.29% (3090/3801) 	 Branch coverage: 80.34% (143/178) 	 Transactions: 5322 (1277 unique)   	 Time: 273.95541620254517[0m
2023-03-26 03:58:13,911 - Analysis - INFO - [1mGeneration number 20 	 Code coverage: 82.32% (3129/3801) 	 Branch coverage: 81.46% (145/178) 	 Transactions: 5648 (1345 unique)   	 Time: 293.0002932548523[0m
2023-03-26 03:58:32,777 - Analysis - INFO - [1mGeneration number 21 	 Code coverage: 82.32% (3129/3801) 	 Branch coverage: 81.46% (145/178) 	 Transactions: 5976 (1411 unique)   	 Time: 311.86612606048584[0m
2023-03-26 03:58:52,518 - Analysis - INFO - [1mGeneration number 22 	 Code coverage: 82.32% (3129/3801) 	 Branch coverage: 81.46% (145/178) 	 Transactions: 6304 (1479 unique)   	 Time: 331.6075460910797[0m
2023-03-26 03:59:13,658 - Analysis - INFO - [1mGeneration number 23 	 Code coverage: 82.32% (3129/3801) 	 Branch coverage: 81.46% (145/178) 	 Transactions: 6638 (1546 unique)   	 Time: 352.7475769519806[0m
2023-03-26 03:59:34,323 - Analysis - INFO - [1mGeneration number 24 	 Code coverage: 82.32% (3129/3801) 	 Branch coverage: 81.46% (145/178) 	 Transactions: 6969 (1614 unique)   	 Time: 373.41174387931824[0m
2023-03-26 03:59:54,683 - Analysis - INFO - [1mGeneration number 25 	 Code coverage: 82.32% (3129/3801) 	 Branch coverage: 81.46% (145/178) 	 Transactions: 7301 (1682 unique)   	 Time: 393.77259731292725[0m
2023-03-26 04:00:16,236 - Analysis - INFO - [1mGeneration number 26 	 Code coverage: 82.32% (3129/3801) 	 Branch coverage: 81.46% (145/178) 	 Transactions: 7632 (1750 unique)   	 Time: 415.3248326778412[0m
2023-03-26 04:00:36,871 - Analysis - INFO - [1mGeneration number 27 	 Code coverage: 82.32% (3129/3801) 	 Branch coverage: 81.46% (145/178) 	 Transactions: 7962 (1818 unique)   	 Time: 435.9597635269165[0m
2023-03-26 04:00:57,513 - Analysis - INFO - [1mGeneration number 28 	 Code coverage: 82.32% (3129/3801) 	 Branch coverage: 81.46% (145/178) 	 Transactions: 8296 (1886 unique)   	 Time: 456.6024878025055[0m
2023-03-26 04:01:17,702 - Analysis - INFO - [1mGeneration number 29 	 Code coverage: 82.32% (3129/3801) 	 Branch coverage: 81.46% (145/178) 	 Transactions: 8629 (1953 unique)   	 Time: 476.79074144363403[0m
2023-03-26 04:01:37,531 - Analysis - INFO - [1mGeneration number 30 	 Code coverage: 82.32% (3129/3801) 	 Branch coverage: 81.46% (145/178) 	 Transactions: 8962 (2021 unique)   	 Time: 496.62006092071533[0m
2023-03-26 04:01:57,412 - Analysis - INFO - [1mGeneration number 31 	 Code coverage: 82.32% (3129/3801) 	 Branch coverage: 81.46% (145/178) 	 Transactions: 9295 (2088 unique)   	 Time: 516.5014169216156[0m
2023-03-26 04:02:04,331 - Analysis - INFO - [1mGeneration number 32 	 Code coverage: 83.27% (3165/3801) 	 Branch coverage: 82.58% (147/178) 	 Transactions: 9448 (2188 unique)   	 Time: 523.4204268455505[0m
2023-03-26 04:02:13,746 - Analysis - INFO - [1mGeneration number 33 	 Code coverage: 83.27% (3165/3801) 	 Branch coverage: 82.58% (147/178) 	 Transactions: 9626 (2244 unique)   	 Time: 532.8346362113953[0m
2023-03-26 04:02:25,788 - Analysis - INFO - [1mGeneration number 34 	 Code coverage: 83.27% (3165/3801) 	 Branch coverage: 82.58% (147/178) 	 Transactions: 9849 (2306 unique)   	 Time: 544.8770666122437[0m
2023-03-26 04:02:38,768 - Analysis - INFO - [1mGeneration number 35 	 Code coverage: 83.27% (3165/3801) 	 Branch coverage: 82.58% (147/178) 	 Transactions: 10087 (2371 unique)   	 Time: 557.857372045517[0m
2023-03-26 04:02:52,306 - Analysis - INFO - [1mGeneration number 36 	 Code coverage: 83.27% (3165/3801) 	 Branch coverage: 82.58% (147/178) 	 Transactions: 10330 (2438 unique)   	 Time: 571.3955643177032[0m
2023-03-26 04:03:06,873 - Analysis - INFO - [1mGeneration number 37 	 Code coverage: 83.27% (3165/3801) 	 Branch coverage: 82.58% (147/178) 	 Transactions: 10576 (2506 unique)   	 Time: 585.9624054431915[0m
2023-03-26 04:03:20,884 - Analysis - INFO - [1mGeneration number 38 	 Code coverage: 83.27% (3165/3801) 	 Branch coverage: 82.58% (147/178) 	 Transactions: 10819 (2572 unique)   	 Time: 599.9732854366302[0m
2023-03-26 04:03:35,620 - Analysis - INFO - [1mGeneration number 39 	 Code coverage: 83.27% (3165/3801) 	 Branch coverage: 82.58% (147/178) 	 Transactions: 11079 (2639 unique)   	 Time: 614.709139585495[0m
2023-03-26 04:03:51,001 - Analysis - INFO - [1mGeneration number 40 	 Code coverage: 83.27% (3165/3801) 	 Branch coverage: 82.58% (147/178) 	 Transactions: 11344 (2707 unique)   	 Time: 630.0898296833038[0m
2023-03-26 04:04:06,205 - Analysis - INFO - [1mGeneration number 41 	 Code coverage: 83.27% (3165/3801) 	 Branch coverage: 82.58% (147/178) 	 Transactions: 11616 (2774 unique)   	 Time: 645.2944538593292[0m
2023-03-26 04:04:13,970 - Analysis - INFO - [1mGeneration number 42 	 Code coverage: 85.21% (3239/3801) 	 Branch coverage: 83.71% (149/178) 	 Transactions: 11779 (2879 unique)   	 Time: 653.0586898326874[0m
2023-03-26 04:04:23,457 - Analysis - INFO - [1mGeneration number 43 	 Code coverage: 85.21% (3239/3801) 	 Branch coverage: 83.71% (149/178) 	 Transactions: 11959 (2937 unique)   	 Time: 662.5457351207733[0m
2023-03-26 04:04:35,907 - Analysis - INFO - [1mGeneration number 44 	 Code coverage: 85.21% (3239/3801) 	 Branch coverage: 83.71% (149/178) 	 Transactions: 12189 (3001 unique)   	 Time: 674.9957716464996[0m
2023-03-26 04:04:50,236 - Analysis - INFO - [1mGeneration number 45 	 Code coverage: 85.21% (3239/3801) 	 Branch coverage: 83.71% (149/178) 	 Transactions: 12452 (3069 unique)   	 Time: 689.3246736526489[0m
2023-03-26 04:05:07,149 - Analysis - INFO - [1mGeneration number 46 	 Code coverage: 85.21% (3239/3801) 	 Branch coverage: 83.71% (149/178) 	 Transactions: 12744 (3136 unique)   	 Time: 706.2382526397705[0m
2023-03-26 04:05:23,447 - Analysis - INFO - [1mGeneration number 47 	 Code coverage: 85.21% (3239/3801) 	 Branch coverage: 83.71% (149/178) 	 Transactions: 13028 (3204 unique)   	 Time: 722.5363750457764[0m
2023-03-26 04:05:39,847 - Analysis - INFO - [1mGeneration number 48 	 Code coverage: 85.21% (3239/3801) 	 Branch coverage: 83.71% (149/178) 	 Transactions: 13304 (3271 unique)   	 Time: 738.9362826347351[0m
2023-03-26 04:05:56,557 - Analysis - INFO - [1mGeneration number 49 	 Code coverage: 85.21% (3239/3801) 	 Branch coverage: 83.71% (149/178) 	 Transactions: 13584 (3339 unique)   	 Time: 755.6465845108032[0m
2023-03-26 04:06:13,185 - Analysis - INFO - [1mGeneration number 50 	 Code coverage: 85.21% (3239/3801) 	 Branch coverage: 83.71% (149/178) 	 Transactions: 13867 (3407 unique)   	 Time: 772.2739856243134[0m
2023-03-26 04:06:30,011 - Analysis - INFO - [1mGeneration number 51 	 Code coverage: 85.21% (3239/3801) 	 Branch coverage: 83.71% (149/178) 	 Transactions: 14150 (3474 unique)   	 Time: 789.1001403331757[0m
2023-03-26 04:06:37,307 - Analysis - INFO - [1mGeneration number 52 	 Code coverage: 85.21% (3239/3801) 	 Branch coverage: 83.71% (149/178) 	 Transactions: 14316 (3570 unique)   	 Time: 796.3956966400146[0m
2023-03-26 04:06:46,853 - Analysis - INFO - [1mGeneration number 53 	 Code coverage: 85.21% (3239/3801) 	 Branch coverage: 83.71% (149/178) 	 Transactions: 14508 (3633 unique)   	 Time: 805.9424138069153[0m
2023-03-26 04:06:58,650 - Analysis - INFO - [1mGeneration number 54 	 Code coverage: 85.21% (3239/3801) 	 Branch coverage: 83.71% (149/178) 	 Transactions: 14737 (3700 unique)   	 Time: 817.739250421524[0m
2023-03-26 04:07:12,064 - Analysis - INFO - [1mGeneration number 55 	 Code coverage: 85.21% (3239/3801) 	 Branch coverage: 83.71% (149/178) 	 Transactions: 14987 (3767 unique)   	 Time: 831.1527440547943[0m
2023-03-26 04:07:25,932 - Analysis - INFO - [1mGeneration number 56 	 Code coverage: 85.21% (3239/3801) 	 Branch coverage: 83.71% (149/178) 	 Transactions: 15250 (3835 unique)   	 Time: 845.0207188129425[0m
2023-03-26 04:07:41,196 - Analysis - INFO - [1mGeneration number 57 	 Code coverage: 85.21% (3239/3801) 	 Branch coverage: 83.71% (149/178) 	 Transactions: 15528 (3902 unique)   	 Time: 860.2852277755737[0m
2023-03-26 04:07:55,922 - Analysis - INFO - [1mGeneration number 58 	 Code coverage: 85.21% (3239/3801) 	 Branch coverage: 83.71% (149/178) 	 Transactions: 15808 (3969 unique)   	 Time: 875.0113470554352[0m
2023-03-26 04:08:10,674 - Analysis - INFO - [1mGeneration number 59 	 Code coverage: 85.21% (3239/3801) 	 Branch coverage: 83.71% (149/178) 	 Transactions: 16093 (4037 unique)   	 Time: 889.7629315853119[0m
2023-03-26 04:08:26,460 - Analysis - INFO - [1mGeneration number 60 	 Code coverage: 85.21% (3239/3801) 	 Branch coverage: 83.71% (149/178) 	 Transactions: 16380 (4105 unique)   	 Time: 905.5491695404053[0m
2023-03-26 04:08:41,577 - Analysis - INFO - [1mGeneration number 61 	 Code coverage: 85.21% (3239/3801) 	 Branch coverage: 83.71% (149/178) 	 Transactions: 16668 (4172 unique)   	 Time: 920.6661398410797[0m
2023-03-26 04:08:49,064 - Analysis - INFO - [1mGeneration number 62 	 Code coverage: 85.21% (3239/3801) 	 Branch coverage: 83.71% (149/178) 	 Transactions: 16829 (4256 unique)   	 Time: 928.1535506248474[0m
2023-03-26 04:08:58,473 - Analysis - INFO - [1mGeneration number 63 	 Code coverage: 85.21% (3239/3801) 	 Branch coverage: 83.71% (149/178) 	 Transactions: 17014 (4316 unique)   	 Time: 937.5616888999939[0m
2023-03-26 04:09:12,948 - Analysis - INFO - [1mGeneration number 64 	 Code coverage: 85.21% (3239/3801) 	 Branch coverage: 83.71% (149/178) 	 Transactions: 17257 (4381 unique)   	 Time: 952.0374505519867[0m
2023-03-26 04:09:28,285 - Analysis - INFO - [1mGeneration number 65 	 Code coverage: 85.21% (3239/3801) 	 Branch coverage: 83.71% (149/178) 	 Transactions: 17521 (4445 unique)   	 Time: 967.3738045692444[0m
2023-03-26 04:09:43,242 - Analysis - INFO - [1mGeneration number 66 	 Code coverage: 85.21% (3239/3801) 	 Branch coverage: 83.71% (149/178) 	 Transactions: 17794 (4512 unique)   	 Time: 982.3310618400574[0m
2023-03-26 04:09:58,686 - Analysis - INFO - [1mGeneration number 67 	 Code coverage: 85.21% (3239/3801) 	 Branch coverage: 83.71% (149/178) 	 Transactions: 18069 (4580 unique)   	 Time: 997.7746834754944[0m
2023-03-26 04:10:14,462 - Analysis - INFO - [1mGeneration number 68 	 Code coverage: 85.21% (3239/3801) 	 Branch coverage: 83.71% (149/178) 	 Transactions: 18356 (4647 unique)   	 Time: 1013.5509369373322[0m
2023-03-26 04:10:32,287 - Analysis - INFO - [1mGeneration number 69 	 Code coverage: 85.21% (3239/3801) 	 Branch coverage: 83.71% (149/178) 	 Transactions: 18649 (4714 unique)   	 Time: 1031.3757791519165[0m
2023-03-26 04:10:49,796 - Analysis - INFO - [1mGeneration number 70 	 Code coverage: 85.21% (3239/3801) 	 Branch coverage: 83.71% (149/178) 	 Transactions: 18941 (4780 unique)   	 Time: 1048.884687423706[0m
2023-03-26 04:11:07,035 - Analysis - INFO - [1mGeneration number 71 	 Code coverage: 85.21% (3239/3801) 	 Branch coverage: 83.71% (149/178) 	 Transactions: 19242 (4848 unique)   	 Time: 1066.1242423057556[0m
2023-03-26 04:11:15,072 - Analysis - INFO - [1mGeneration number 72 	 Code coverage: 85.21% (3239/3801) 	 Branch coverage: 83.71% (149/178) 	 Transactions: 19410 (4931 unique)   	 Time: 1074.1612434387207[0m
2023-03-26 04:11:25,298 - Analysis - INFO - [1mGeneration number 73 	 Code coverage: 85.21% (3239/3801) 	 Branch coverage: 83.71% (149/178) 	 Transactions: 19601 (4987 unique)   	 Time: 1084.386771440506[0m
2023-03-26 04:11:39,384 - Analysis - INFO - [1mGeneration number 74 	 Code coverage: 85.21% (3239/3801) 	 Branch coverage: 83.71% (149/178) 	 Transactions: 19832 (5046 unique)   	 Time: 1098.4729869365692[0m
2023-03-26 04:11:54,706 - Analysis - INFO - [1mGeneration number 75 	 Code coverage: 85.21% (3239/3801) 	 Branch coverage: 83.71% (149/178) 	 Transactions: 20086 (5108 unique)   	 Time: 1113.7955522537231[0m
2023-03-26 04:12:10,599 - Analysis - INFO - [1mGeneration number 76 	 Code coverage: 85.21% (3239/3801) 	 Branch coverage: 83.71% (149/178) 	 Transactions: 20360 (5174 unique)   	 Time: 1129.6880815029144[0m
2023-03-26 04:12:26,547 - Analysis - INFO - [1mGeneration number 77 	 Code coverage: 85.21% (3239/3801) 	 Branch coverage: 83.71% (149/178) 	 Transactions: 20646 (5242 unique)   	 Time: 1145.6359090805054[0m
2023-03-26 04:12:43,006 - Analysis - INFO - [1mGeneration number 78 	 Code coverage: 85.21% (3239/3801) 	 Branch coverage: 83.71% (149/178) 	 Transactions: 20939 (5310 unique)   	 Time: 1162.0947144031525[0m
2023-03-26 04:12:59,693 - Analysis - INFO - [1mGeneration number 79 	 Code coverage: 85.21% (3239/3801) 	 Branch coverage: 83.71% (149/178) 	 Transactions: 21232 (5375 unique)   	 Time: 1178.7824165821075[0m
2023-03-26 04:13:17,215 - Analysis - INFO - [1mGeneration number 80 	 Code coverage: 85.21% (3239/3801) 	 Branch coverage: 83.71% (149/178) 	 Transactions: 21533 (5442 unique)   	 Time: 1196.3042252063751[0m
2023-03-26 04:13:34,530 - Analysis - INFO - [1mGeneration number 81 	 Code coverage: 85.21% (3239/3801) 	 Branch coverage: 83.71% (149/178) 	 Transactions: 21840 (5509 unique)   	 Time: 1213.6195673942566[0m
2023-03-26 04:13:42,258 - Analysis - INFO - [1mGeneration number 82 	 Code coverage: 85.21% (3239/3801) 	 Branch coverage: 83.71% (149/178) 	 Transactions: 22011 (5596 unique)   	 Time: 1221.3476178646088[0m
2023-03-26 04:13:52,974 - Analysis - INFO - [1mGeneration number 83 	 Code coverage: 85.21% (3239/3801) 	 Branch coverage: 83.71% (149/178) 	 Transactions: 22222 (5658 unique)   	 Time: 1232.0627830028534[0m
2023-03-26 04:14:05,218 - Analysis - INFO - [1mGeneration number 84 	 Code coverage: 85.21% (3239/3801) 	 Branch coverage: 83.71% (149/178) 	 Transactions: 22457 (5722 unique)   	 Time: 1244.307114124298[0m
2023-03-26 04:14:18,827 - Analysis - INFO - [1mGeneration number 85 	 Code coverage: 85.21% (3239/3801) 	 Branch coverage: 83.71% (149/178) 	 Transactions: 22721 (5790 unique)   	 Time: 1257.915806055069[0m
2023-03-26 04:14:33,321 - Analysis - INFO - [1mGeneration number 86 	 Code coverage: 86.03% (3270/3801) 	 Branch coverage: 84.83% (151/178) 	 Transactions: 23005 (5857 unique)   	 Time: 1272.410343170166[0m
2023-03-26 04:14:47,526 - Analysis - INFO - [1mGeneration number 87 	 Code coverage: 86.03% (3270/3801) 	 Branch coverage: 84.83% (151/178) 	 Transactions: 23297 (5924 unique)   	 Time: 1286.6148672103882[0m
2023-03-26 04:15:03,350 - Analysis - INFO - [1mGeneration number 88 	 Code coverage: 86.03% (3270/3801) 	 Branch coverage: 84.83% (151/178) 	 Transactions: 23601 (5992 unique)   	 Time: 1302.4395122528076[0m
2023-03-26 04:15:20,053 - Analysis - INFO - [1mGeneration number 89 	 Code coverage: 86.03% (3270/3801) 	 Branch coverage: 84.83% (151/178) 	 Transactions: 23915 (6060 unique)   	 Time: 1319.1417469978333[0m
2023-03-26 04:15:36,366 - Analysis - INFO - [1mGeneration number 90 	 Code coverage: 86.03% (3270/3801) 	 Branch coverage: 84.83% (151/178) 	 Transactions: 24226 (6128 unique)   	 Time: 1335.4555141925812[0m
2023-03-26 04:15:53,770 - Analysis - INFO - [1mGeneration number 91 	 Code coverage: 86.03% (3270/3801) 	 Branch coverage: 84.83% (151/178) 	 Transactions: 24550 (6196 unique)   	 Time: 1352.8592734336853[0m
2023-03-26 04:16:10,858 - Analysis - INFO - [1mGeneration number 92 	 Code coverage: 86.03% (3270/3801) 	 Branch coverage: 84.83% (151/178) 	 Transactions: 24877 (6264 unique)   	 Time: 1369.946681022644[0m
2023-03-26 04:16:27,816 - Analysis - INFO - [1mGeneration number 93 	 Code coverage: 86.03% (3270/3801) 	 Branch coverage: 84.83% (151/178) 	 Transactions: 25204 (6332 unique)   	 Time: 1386.9052398204803[0m
2023-03-26 04:16:44,754 - Analysis - INFO - [1mGeneration number 94 	 Code coverage: 86.03% (3270/3801) 	 Branch coverage: 84.83% (151/178) 	 Transactions: 25530 (6399 unique)   	 Time: 1403.8431220054626[0m
2023-03-26 04:17:02,210 - Analysis - INFO - [1mGeneration number 95 	 Code coverage: 86.03% (3270/3801) 	 Branch coverage: 84.83% (151/178) 	 Transactions: 25858 (6467 unique)   	 Time: 1421.2994718551636[0m
2023-03-26 04:17:19,553 - Analysis - INFO - [1mGeneration number 96 	 Code coverage: 86.03% (3270/3801) 	 Branch coverage: 84.83% (151/178) 	 Transactions: 26188 (6535 unique)   	 Time: 1438.642166852951[0m
2023-03-26 04:17:36,700 - Analysis - INFO - [1mGeneration number 97 	 Code coverage: 86.03% (3270/3801) 	 Branch coverage: 84.83% (151/178) 	 Transactions: 26518 (6603 unique)   	 Time: 1455.7890803813934[0m
2023-03-26 04:17:43,417 - Analysis - INFO - [1mGeneration number 98 	 Code coverage: 86.03% (3270/3801) 	 Branch coverage: 84.83% (151/178) 	 Transactions: 26672 (6670 unique)   	 Time: 1462.5060510635376[0m
2023-03-26 04:17:52,660 - Analysis - INFO - [1mGeneration number 99 	 Code coverage: 86.03% (3270/3801) 	 Branch coverage: 84.83% (151/178) 	 Transactions: 26849 (6722 unique)   	 Time: 1471.7489457130432[0m
2023-03-26 04:18:03,330 - Analysis - INFO - [1mGeneration number 100 	 Code coverage: 86.03% (3270/3801) 	 Branch coverage: 84.83% (151/178) 	 Transactions: 27063 (6776 unique)   	 Time: 1482.4188261032104[0m
2023-03-26 04:18:14,822 - Analysis - INFO - [1mGeneration number 101 	 Code coverage: 86.03% (3270/3801) 	 Branch coverage: 84.83% (151/178) 	 Transactions: 27305 (6838 unique)   	 Time: 1493.910650730133[0m
2023-03-26 04:18:27,297 - Analysis - INFO - [1mGeneration number 102 	 Code coverage: 86.03% (3270/3801) 	 Branch coverage: 84.83% (151/178) 	 Transactions: 27551 (6898 unique)   	 Time: 1506.3864867687225[0m
2023-03-26 04:18:41,198 - Analysis - INFO - [1mGeneration number 103 	 Code coverage: 86.03% (3270/3801) 	 Branch coverage: 84.83% (151/178) 	 Transactions: 27826 (6961 unique)   	 Time: 1520.2874410152435[0m
2023-03-26 04:18:56,480 - Analysis - INFO - [1mGeneration number 104 	 Code coverage: 86.03% (3270/3801) 	 Branch coverage: 84.83% (151/178) 	 Transactions: 28117 (7028 unique)   	 Time: 1535.5689640045166[0m
2023-03-26 04:19:12,522 - Analysis - INFO - [1mGeneration number 105 	 Code coverage: 86.03% (3270/3801) 	 Branch coverage: 84.83% (151/178) 	 Transactions: 28415 (7095 unique)   	 Time: 1551.610770702362[0m
2023-03-26 04:19:28,092 - Analysis - INFO - [1mGeneration number 106 	 Code coverage: 86.03% (3270/3801) 	 Branch coverage: 84.83% (151/178) 	 Transactions: 28711 (7161 unique)   	 Time: 1567.1814193725586[0m
2023-03-26 04:19:44,211 - Analysis - INFO - [1mGeneration number 107 	 Code coverage: 86.03% (3270/3801) 	 Branch coverage: 84.83% (151/178) 	 Transactions: 29009 (7229 unique)   	 Time: 1583.300598859787[0m
2023-03-26 04:19:52,044 - Analysis - INFO - [1mGeneration number 108 	 Code coverage: 86.03% (3270/3801) 	 Branch coverage: 84.83% (151/178) 	 Transactions: 29174 (7311 unique)   	 Time: 1591.1333520412445[0m
2023-03-26 04:20:02,245 - Analysis - INFO - [1mGeneration number 109 	 Code coverage: 86.03% (3270/3801) 	 Branch coverage: 84.83% (151/178) 	 Transactions: 29360 (7369 unique)   	 Time: 1601.3345265388489[0m
2023-03-26 04:20:13,569 - Analysis - INFO - [1mGeneration number 110 	 Code coverage: 86.03% (3270/3801) 	 Branch coverage: 84.83% (151/178) 	 Transactions: 29576 (7434 unique)   	 Time: 1612.6585311889648[0m
2023-03-26 04:20:27,290 - Analysis - INFO - [1mGeneration number 111 	 Code coverage: 86.03% (3270/3801) 	 Branch coverage: 84.83% (151/178) 	 Transactions: 29835 (7500 unique)   	 Time: 1626.3792951107025[0m
2023-03-26 04:20:41,323 - Analysis - INFO - [1mGeneration number 112 	 Code coverage: 86.03% (3270/3801) 	 Branch coverage: 84.83% (151/178) 	 Transactions: 30099 (7564 unique)   	 Time: 1640.4122560024261[0m
2023-03-26 04:20:56,010 - Analysis - INFO - [1mGeneration number 113 	 Code coverage: 86.03% (3270/3801) 	 Branch coverage: 84.83% (151/178) 	 Transactions: 30371 (7627 unique)   	 Time: 1655.0992538928986[0m
2023-03-26 04:21:11,081 - Analysis - INFO - [1mGeneration number 114 	 Code coverage: 86.03% (3270/3801) 	 Branch coverage: 84.83% (151/178) 	 Transactions: 30652 (7691 unique)   	 Time: 1670.1704120635986[0m
2023-03-26 04:21:27,086 - Analysis - INFO - [1mGeneration number 115 	 Code coverage: 86.03% (3270/3801) 	 Branch coverage: 84.83% (151/178) 	 Transactions: 30948 (7757 unique)   	 Time: 1686.1753900051117[0m
2023-03-26 04:21:43,214 - Analysis - INFO - [1mGeneration number 116 	 Code coverage: 86.03% (3270/3801) 	 Branch coverage: 84.83% (151/178) 	 Transactions: 31252 (7825 unique)   	 Time: 1702.3026812076569[0m
2023-03-26 04:21:59,783 - Analysis - INFO - [1mGeneration number 117 	 Code coverage: 86.03% (3270/3801) 	 Branch coverage: 84.83% (151/178) 	 Transactions: 31557 (7892 unique)   	 Time: 1718.8717770576477[0m
2023-03-26 04:22:07,363 - Analysis - INFO - [1mGeneration number 118 	 Code coverage: 86.03% (3270/3801) 	 Branch coverage: 84.83% (151/178) 	 Transactions: 31721 (7966 unique)   	 Time: 1726.4524171352386[0m
2023-03-26 04:22:16,604 - Analysis - INFO - [1mGeneration number 119 	 Code coverage: 86.03% (3270/3801) 	 Branch coverage: 84.83% (151/178) 	 Transactions: 31901 (8025 unique)   	 Time: 1735.692931652069[0m
2023-03-26 04:22:28,555 - Analysis - INFO - [1mGeneration number 120 	 Code coverage: 86.03% (3270/3801) 	 Branch coverage: 84.83% (151/178) 	 Transactions: 32128 (8091 unique)   	 Time: 1747.6437664031982[0m
2023-03-26 04:22:41,819 - Analysis - INFO - [1mGeneration number 121 	 Code coverage: 86.03% (3270/3801) 	 Branch coverage: 84.83% (151/178) 	 Transactions: 32379 (8153 unique)   	 Time: 1760.9081480503082[0m
2023-03-26 04:22:57,062 - Analysis - INFO - [1mGeneration number 122 	 Code coverage: 86.03% (3270/3801) 	 Branch coverage: 84.83% (151/178) 	 Transactions: 32655 (8218 unique)   	 Time: 1776.15083193779[0m
2023-03-26 04:23:12,523 - Analysis - INFO - [1mGeneration number 123 	 Code coverage: 86.03% (3270/3801) 	 Branch coverage: 84.83% (151/178) 	 Transactions: 32945 (8286 unique)   	 Time: 1791.6117310523987[0m
2023-03-26 04:23:29,259 - Analysis - INFO - [1mGeneration number 124 	 Code coverage: 86.03% (3270/3801) 	 Branch coverage: 84.83% (151/178) 	 Transactions: 33243 (8354 unique)   	 Time: 1808.3479399681091[0m
2023-03-26 04:23:46,550 - Analysis - INFO - [1mGeneration number 125 	 Code coverage: 86.03% (3270/3801) 	 Branch coverage: 84.83% (151/178) 	 Transactions: 33547 (8422 unique)   	 Time: 1825.6393902301788[0m
2023-03-26 04:24:03,638 - Analysis - INFO - [1mGeneration number 126 	 Code coverage: 86.03% (3270/3801) 	 Branch coverage: 84.83% (151/178) 	 Transactions: 33853 (8490 unique)   	 Time: 1842.7274813652039[0m
2023-03-26 04:24:20,640 - Analysis - INFO - [1mGeneration number 127 	 Code coverage: 86.03% (3270/3801) 	 Branch coverage: 84.83% (151/178) 	 Transactions: 34152 (8558 unique)   	 Time: 1859.728763103485[0m
2023-03-26 04:24:27,785 - Analysis - INFO - [1mGeneration number 128 	 Code coverage: 86.03% (3270/3801) 	 Branch coverage: 84.83% (151/178) 	 Transactions: 34311 (8626 unique)   	 Time: 1866.8743941783905[0m
2023-03-26 04:24:36,279 - Analysis - INFO - [1mGeneration number 129 	 Code coverage: 86.03% (3270/3801) 	 Branch coverage: 84.83% (151/178) 	 Transactions: 34477 (8676 unique)   	 Time: 1875.3684890270233[0m
2023-03-26 04:24:47,336 - Analysis - INFO - [1mGeneration number 130 	 Code coverage: 86.03% (3270/3801) 	 Branch coverage: 84.83% (151/178) 	 Transactions: 34697 (8738 unique)   	 Time: 1886.4248623847961[0m
2023-03-26 04:24:59,824 - Analysis - INFO - [1mGeneration number 131 	 Code coverage: 86.03% (3270/3801) 	 Branch coverage: 84.83% (151/178) 	 Transactions: 34939 (8801 unique)   	 Time: 1898.912802696228[0m
2023-03-26 04:25:13,644 - Analysis - INFO - [1mGeneration number 132 	 Code coverage: 86.03% (3270/3801) 	 Branch coverage: 84.83% (151/178) 	 Transactions: 35200 (8869 unique)   	 Time: 1912.7332668304443[0m
2023-03-26 04:25:28,194 - Analysis - INFO - [1mGeneration number 133 	 Code coverage: 86.03% (3270/3801) 	 Branch coverage: 84.83% (151/178) 	 Transactions: 35476 (8937 unique)   	 Time: 1927.2832107543945[0m
2023-03-26 04:25:42,870 - Analysis - INFO - [1mGeneration number 134 	 Code coverage: 86.03% (3270/3801) 	 Branch coverage: 84.83% (151/178) 	 Transactions: 35756 (9005 unique)   	 Time: 1941.9590039253235[0m
2023-03-26 04:25:57,396 - Analysis - INFO - [1mGeneration number 135 	 Code coverage: 86.03% (3270/3801) 	 Branch coverage: 84.83% (151/178) 	 Transactions: 36032 (9072 unique)   	 Time: 1956.485425233841[0m
2023-03-26 04:26:11,663 - Analysis - INFO - [1mGeneration number 136 	 Code coverage: 86.03% (3270/3801) 	 Branch coverage: 84.83% (151/178) 	 Transactions: 36309 (9140 unique)   	 Time: 1970.7521686553955[0m
2023-03-26 04:26:26,853 - Analysis - INFO - [1mGeneration number 137 	 Code coverage: 86.03% (3270/3801) 	 Branch coverage: 84.83% (151/178) 	 Transactions: 36591 (9207 unique)   	 Time: 1985.9423468112946[0m
2023-03-26 04:26:34,143 - Analysis - INFO - [1mGeneration number 138 	 Code coverage: 86.03% (3270/3801) 	 Branch coverage: 84.83% (151/178) 	 Transactions: 36751 (9276 unique)   	 Time: 1993.2324748039246[0m
2023-03-26 04:26:42,696 - Analysis - INFO - [1mGeneration number 139 	 Code coverage: 86.03% (3270/3801) 	 Branch coverage: 84.83% (151/178) 	 Transactions: 36923 (9326 unique)   	 Time: 2001.7854902744293[0m
2023-03-26 04:26:55,153 - Analysis - INFO - [1mGeneration number 140 	 Code coverage: 86.03% (3270/3801) 	 Branch coverage: 84.83% (151/178) 	 Transactions: 37167 (9386 unique)   	 Time: 2014.2419312000275[0m
2023-03-26 04:27:09,394 - Analysis - INFO - [1mGeneration number 141 	 Code coverage: 86.03% (3270/3801) 	 Branch coverage: 84.83% (151/178) 	 Transactions: 37438 (9452 unique)   	 Time: 2028.483047246933[0m
2023-03-26 04:27:23,619 - Analysis - INFO - [1mGeneration number 142 	 Code coverage: 86.03% (3270/3801) 	 Branch coverage: 84.83% (151/178) 	 Transactions: 37711 (9518 unique)   	 Time: 2042.7085766792297[0m
2023-03-26 04:27:38,263 - Analysis - INFO - [1mGeneration number 143 	 Code coverage: 86.03% (3270/3801) 	 Branch coverage: 84.83% (151/178) 	 Transactions: 37993 (9584 unique)   	 Time: 2057.3522613048553[0m
2023-03-26 04:27:52,918 - Analysis - INFO - [1mGeneration number 144 	 Code coverage: 86.03% (3270/3801) 	 Branch coverage: 84.83% (151/178) 	 Transactions: 38284 (9652 unique)   	 Time: 2072.007406949997[0m
2023-03-26 04:28:08,176 - Analysis - INFO - [1mGeneration number 145 	 Code coverage: 86.03% (3270/3801) 	 Branch coverage: 84.83% (151/178) 	 Transactions: 38587 (9719 unique)   	 Time: 2087.2654922008514[0m
2023-03-26 04:28:24,144 - Analysis - INFO - [1mGeneration number 146 	 Code coverage: 86.03% (3270/3801) 	 Branch coverage: 84.83% (151/178) 	 Transactions: 38893 (9787 unique)   	 Time: 2103.2327864170074[0m
2023-03-26 04:28:39,758 - Analysis - INFO - [1mGeneration number 147 	 Code coverage: 86.03% (3270/3801) 	 Branch coverage: 84.83% (151/178) 	 Transactions: 39200 (9854 unique)   	 Time: 2118.8474576473236[0m
2023-03-26 04:28:46,960 - Analysis - INFO - [1mGeneration number 148 	 Code coverage: 86.03% (3270/3801) 	 Branch coverage: 84.83% (151/178) 	 Transactions: 39361 (9926 unique)   	 Time: 2126.049234867096[0m
2023-03-26 04:28:54,678 - Analysis - INFO - [1mGeneration number 149 	 Code coverage: 86.03% (3270/3801) 	 Branch coverage: 84.83% (151/178) 	 Transactions: 39539 (9982 unique)   	 Time: 2133.767420530319[0m
2023-03-26 04:29:04,721 - Analysis - INFO - [1mGeneration number 150 	 Code coverage: 86.03% (3270/3801) 	 Branch coverage: 84.83% (151/178) 	 Transactions: 39758 (10043 unique)   	 Time: 2143.8104276657104[0m
2023-03-26 04:29:15,644 - Analysis - INFO - [1mGeneration number 151 	 Code coverage: 86.03% (3270/3801) 	 Branch coverage: 84.83% (151/178) 	 Transactions: 39991 (10100 unique)   	 Time: 2154.733324766159[0m
2023-03-26 04:29:28,394 - Analysis - INFO - [1mGeneration number 152 	 Code coverage: 86.03% (3270/3801) 	 Branch coverage: 84.83% (151/178) 	 Transactions: 40252 (10164 unique)   	 Time: 2167.4830236434937[0m
2023-03-26 04:29:42,056 - Analysis - INFO - [1mGeneration number 153 	 Code coverage: 86.03% (3270/3801) 	 Branch coverage: 84.83% (151/178) 	 Transactions: 40521 (10230 unique)   	 Time: 2181.1451823711395[0m
2023-03-26 04:29:55,973 - Analysis - INFO - [1mGeneration number 154 	 Code coverage: 86.03% (3270/3801) 	 Branch coverage: 84.83% (151/178) 	 Transactions: 40807 (10296 unique)   	 Time: 2195.0616993904114[0m
2023-03-26 04:30:10,445 - Analysis - INFO - [1mGeneration number 155 	 Code coverage: 86.03% (3270/3801) 	 Branch coverage: 84.83% (151/178) 	 Transactions: 41094 (10363 unique)   	 Time: 2209.5336422920227[0m
2023-03-26 04:30:25,761 - Analysis - INFO - [1mGeneration number 156 	 Code coverage: 86.03% (3270/3801) 	 Branch coverage: 84.83% (151/178) 	 Transactions: 41383 (10429 unique)   	 Time: 2224.850385904312[0m
2023-03-26 04:30:41,407 - Analysis - INFO - [1mGeneration number 157 	 Code coverage: 86.03% (3270/3801) 	 Branch coverage: 84.83% (151/178) 	 Transactions: 41679 (10496 unique)   	 Time: 2240.4964768886566[0m
2023-03-26 04:30:48,783 - Analysis - INFO - [1mGeneration number 158 	 Code coverage: 86.03% (3270/3801) 	 Branch coverage: 84.83% (151/178) 	 Transactions: 41837 (10568 unique)   	 Time: 2247.8718264102936[0m
2023-03-26 04:30:56,977 - Analysis - INFO - [1mGeneration number 159 	 Code coverage: 86.03% (3270/3801) 	 Branch coverage: 84.83% (151/178) 	 Transactions: 42009 (10627 unique)   	 Time: 2256.066241979599[0m
2023-03-26 04:31:06,984 - Analysis - INFO - [1mGeneration number 160 	 Code coverage: 86.03% (3270/3801) 	 Branch coverage: 84.83% (151/178) 	 Transactions: 42234 (10690 unique)   	 Time: 2266.0732254981995[0m
2023-03-26 04:31:18,039 - Analysis - INFO - [1mGeneration number 161 	 Code coverage: 86.03% (3270/3801) 	 Branch coverage: 84.83% (151/178) 	 Transactions: 42476 (10757 unique)   	 Time: 2277.128153562546[0m
2023-03-26 04:31:30,075 - Analysis - INFO - [1mGeneration number 162 	 Code coverage: 86.03% (3270/3801) 	 Branch coverage: 84.83% (151/178) 	 Transactions: 42731 (10824 unique)   	 Time: 2289.164368391037[0m
2023-03-26 04:31:42,379 - Analysis - INFO - [1mGeneration number 163 	 Code coverage: 86.03% (3270/3801) 	 Branch coverage: 84.83% (151/178) 	 Transactions: 42998 (10891 unique)   	 Time: 2301.4680576324463[0m
2023-03-26 04:31:54,913 - Analysis - INFO - [1mGeneration number 164 	 Code coverage: 86.03% (3270/3801) 	 Branch coverage: 84.83% (151/178) 	 Transactions: 43276 (10959 unique)   	 Time: 2314.0025401115417[0m
2023-03-26 04:32:07,707 - Analysis - INFO - [1mGeneration number 165 	 Code coverage: 86.03% (3270/3801) 	 Branch coverage: 84.83% (151/178) 	 Transactions: 43548 (11024 unique)   	 Time: 2326.7961571216583[0m
2023-03-26 04:32:21,241 - Analysis - INFO - [1mGeneration number 166 	 Code coverage: 86.03% (3270/3801) 	 Branch coverage: 84.83% (151/178) 	 Transactions: 43813 (11089 unique)   	 Time: 2340.329921722412[0m
2023-03-26 04:32:34,919 - Analysis - INFO - [1mGeneration number 167 	 Code coverage: 86.03% (3270/3801) 	 Branch coverage: 84.83% (151/178) 	 Transactions: 44083 (11157 unique)   	 Time: 2354.0083487033844[0m
2023-03-26 04:32:42,149 - Analysis - INFO - [1mGeneration number 168 	 Code coverage: 86.03% (3270/3801) 	 Branch coverage: 84.83% (151/178) 	 Transactions: 44242 (11222 unique)   	 Time: 2361.237936973572[0m
2023-03-26 04:32:49,714 - Analysis - INFO - [1mGeneration number 169 	 Code coverage: 86.03% (3270/3801) 	 Branch coverage: 84.83% (151/178) 	 Transactions: 44395 (11272 unique)   	 Time: 2368.802654027939[0m
2023-03-26 04:33:00,307 - Analysis - INFO - [1mGeneration number 170 	 Code coverage: 86.03% (3270/3801) 	 Branch coverage: 84.83% (151/178) 	 Transactions: 44606 (11326 unique)   	 Time: 2379.3963747024536[0m
2023-03-26 04:33:12,610 - Analysis - INFO - [1mGeneration number 171 	 Code coverage: 86.03% (3270/3801) 	 Branch coverage: 84.83% (151/178) 	 Transactions: 44847 (11387 unique)   	 Time: 2391.6995363235474[0m
2023-03-26 04:33:26,521 - Analysis - INFO - [1mGeneration number 172 	 Code coverage: 86.03% (3270/3801) 	 Branch coverage: 84.83% (151/178) 	 Transactions: 45113 (11452 unique)   	 Time: 2405.610250711441[0m
2023-03-26 04:33:41,633 - Analysis - INFO - [1mGeneration number 173 	 Code coverage: 86.03% (3270/3801) 	 Branch coverage: 84.83% (151/178) 	 Transactions: 45391 (11519 unique)   	 Time: 2420.72230386734[0m
2023-03-26 04:33:57,535 - Analysis - INFO - [1mGeneration number 174 	 Code coverage: 86.03% (3270/3801) 	 Branch coverage: 84.83% (151/178) 	 Transactions: 45690 (11587 unique)   	 Time: 2436.623865842819[0m
2023-03-26 04:34:14,078 - Analysis - INFO - [1mGeneration number 175 	 Code coverage: 86.03% (3270/3801) 	 Branch coverage: 84.83% (151/178) 	 Transactions: 45999 (11655 unique)   	 Time: 2453.16721367836[0m
2023-03-26 04:34:31,124 - Analysis - INFO - [1mGeneration number 176 	 Code coverage: 86.03% (3270/3801) 	 Branch coverage: 84.83% (151/178) 	 Transactions: 46311 (11722 unique)   	 Time: 2470.212821006775[0m
2023-03-26 04:34:47,980 - Analysis - INFO - [1mGeneration number 177 	 Code coverage: 86.03% (3270/3801) 	 Branch coverage: 84.83% (151/178) 	 Transactions: 46620 (11789 unique)   	 Time: 2487.069246530533[0m
2023-03-26 04:34:55,247 - Analysis - INFO - [1mGeneration number 178 	 Code coverage: 86.03% (3270/3801) 	 Branch coverage: 84.83% (151/178) 	 Transactions: 46781 (11861 unique)   	 Time: 2494.3357107639313[0m
2023-03-26 04:35:03,813 - Analysis - INFO - [1mGeneration number 179 	 Code coverage: 86.03% (3270/3801) 	 Branch coverage: 84.83% (151/178) 	 Transactions: 46957 (11915 unique)   	 Time: 2502.902455329895[0m
2023-03-26 04:35:15,693 - Analysis - INFO - [1mGeneration number 180 	 Code coverage: 86.03% (3270/3801) 	 Branch coverage: 84.83% (151/178) 	 Transactions: 47189 (11976 unique)   	 Time: 2514.7821276187897[0m
2023-03-26 04:35:28,783 - Analysis - INFO - [1mGeneration number 181 	 Code coverage: 86.03% (3270/3801) 	 Branch coverage: 84.83% (151/178) 	 Transactions: 47452 (12041 unique)   	 Time: 2527.8721396923065[0m
2023-03-26 04:35:42,767 - Analysis - INFO - [1mGeneration number 182 	 Code coverage: 86.03% (3270/3801) 	 Branch coverage: 84.83% (151/178) 	 Transactions: 47727 (12104 unique)   	 Time: 2541.8562915325165[0m
2023-03-26 04:35:57,546 - Analysis - INFO - [1mGeneration number 183 	 Code coverage: 86.03% (3270/3801) 	 Branch coverage: 84.83% (151/178) 	 Transactions: 48009 (12170 unique)   	 Time: 2556.6346576213837[0m
2023-03-26 04:36:12,518 - Analysis - INFO - [1mGeneration number 184 	 Code coverage: 86.03% (3270/3801) 	 Branch coverage: 84.83% (151/178) 	 Transactions: 48301 (12235 unique)   	 Time: 2571.606775522232[0m
2023-03-26 04:36:27,849 - Analysis - INFO - [1mGeneration number 185 	 Code coverage: 86.03% (3270/3801) 	 Branch coverage: 84.83% (151/178) 	 Transactions: 48604 (12302 unique)   	 Time: 2586.93811583519[0m
2023-03-26 04:36:42,915 - Analysis - INFO - [1mGeneration number 186 	 Code coverage: 86.03% (3270/3801) 	 Branch coverage: 84.83% (151/178) 	 Transactions: 48908 (12370 unique)   	 Time: 2602.00399184227[0m
2023-03-26 04:36:58,425 - Analysis - INFO - [1mGeneration number 187 	 Code coverage: 86.03% (3270/3801) 	 Branch coverage: 84.83% (151/178) 	 Transactions: 49211 (12438 unique)   	 Time: 2617.5140523910522[0m
2023-03-26 04:37:05,525 - Analysis - INFO - [1mGeneration number 188 	 Code coverage: 86.03% (3270/3801) 	 Branch coverage: 84.83% (151/178) 	 Transactions: 49372 (12505 unique)   	 Time: 2624.6138813495636[0m
2023-03-26 04:37:14,981 - Analysis - INFO - [1mGeneration number 189 	 Code coverage: 86.03% (3270/3801) 	 Branch coverage: 84.83% (151/178) 	 Transactions: 49550 (12563 unique)   	 Time: 2634.0696704387665[0m
2023-03-26 04:37:28,542 - Analysis - INFO - [1mGeneration number 190 	 Code coverage: 86.03% (3270/3801) 	 Branch coverage: 84.83% (151/178) 	 Transactions: 49791 (12628 unique)   	 Time: 2647.630737066269[0m
2023-03-26 04:37:43,336 - Analysis - INFO - [1mGeneration number 191 	 Code coverage: 86.03% (3270/3801) 	 Branch coverage: 84.83% (151/178) 	 Transactions: 50048 (12694 unique)   	 Time: 2662.42480635643[0m
2023-03-26 04:37:58,930 - Analysis - INFO - [1mGeneration number 192 	 Code coverage: 86.03% (3270/3801) 	 Branch coverage: 84.83% (151/178) 	 Transactions: 50314 (12761 unique)   	 Time: 2678.0191671848297[0m
2023-03-26 04:38:15,449 - Analysis - INFO - [1mGeneration number 193 	 Code coverage: 86.03% (3270/3801) 	 Branch coverage: 84.83% (151/178) 	 Transactions: 50592 (12829 unique)   	 Time: 2694.5378115177155[0m
2023-03-26 04:38:32,359 - Analysis - INFO - [1mGeneration number 194 	 Code coverage: 86.03% (3270/3801) 	 Branch coverage: 84.83% (151/178) 	 Transactions: 50876 (12897 unique)   	 Time: 2711.4482531547546[0m
2023-03-26 04:38:49,732 - Analysis - INFO - [1mGeneration number 195 	 Code coverage: 86.03% (3270/3801) 	 Branch coverage: 84.83% (151/178) 	 Transactions: 51163 (12965 unique)   	 Time: 2728.820936203003[0m
2023-03-26 04:39:07,940 - Analysis - INFO - [1mGeneration number 196 	 Code coverage: 86.03% (3270/3801) 	 Branch coverage: 84.83% (151/178) 	 Transactions: 51469 (13032 unique)   	 Time: 2747.029048681259[0m
2023-03-26 04:39:26,274 - Analysis - INFO - [1mGeneration number 197 	 Code coverage: 86.03% (3270/3801) 	 Branch coverage: 84.83% (151/178) 	 Transactions: 51776 (13100 unique)   	 Time: 2765.3629546165466[0m
2023-03-26 04:39:34,582 - Analysis - INFO - [1mGeneration number 198 	 Code coverage: 86.03% (3270/3801) 	 Branch coverage: 87.64% (156/178) 	 Transactions: 51936 (13181 unique)   	 Time: 2773.6710317134857[0m
2023-03-26 04:39:44,383 - Analysis - INFO - [1mGeneration number 199 	 Code coverage: 86.03% (3270/3801) 	 Branch coverage: 87.64% (156/178) 	 Transactions: 52107 (13232 unique)   	 Time: 2783.4716963768005[0m
2023-03-26 04:39:57,516 - Analysis - INFO - [1mGeneration number 200 	 Code coverage: 86.03% (3270/3801) 	 Branch coverage: 87.64% (156/178) 	 Transactions: 52329 (13291 unique)   	 Time: 2796.6052479743958[0m
2023-03-26 04:40:12,721 - Analysis - INFO - [1mGeneration number 201 	 Code coverage: 86.03% (3270/3801) 	 Branch coverage: 87.64% (156/178) 	 Transactions: 52582 (13356 unique)   	 Time: 2811.809990644455[0m
2023-03-26 04:40:27,413 - Analysis - INFO - [1mGeneration number 202 	 Code coverage: 86.03% (3270/3801) 	 Branch coverage: 87.64% (156/178) 	 Transactions: 52842 (13423 unique)   	 Time: 2826.5021908283234[0m
2023-03-26 04:40:42,653 - Analysis - INFO - [1mGeneration number 203 	 Code coverage: 86.03% (3270/3801) 	 Branch coverage: 87.64% (156/178) 	 Transactions: 53113 (13491 unique)   	 Time: 2841.7420864105225[0m
2023-03-26 04:40:58,322 - Analysis - INFO - [1mGeneration number 204 	 Code coverage: 86.03% (3270/3801) 	 Branch coverage: 87.64% (156/178) 	 Transactions: 53386 (13559 unique)   	 Time: 2857.4116237163544[0m
2023-03-26 04:41:14,133 - Analysis - INFO - [1mGeneration number 205 	 Code coverage: 86.03% (3270/3801) 	 Branch coverage: 87.64% (156/178) 	 Transactions: 53663 (13626 unique)   	 Time: 2873.221643447876[0m
2023-03-26 04:41:30,069 - Analysis - INFO - [1mGeneration number 206 	 Code coverage: 86.03% (3270/3801) 	 Branch coverage: 87.64% (156/178) 	 Transactions: 53943 (13694 unique)   	 Time: 2889.158406972885[0m
2023-03-26 04:41:46,508 - Analysis - INFO - [1mGeneration number 207 	 Code coverage: 86.03% (3270/3801) 	 Branch coverage: 87.64% (156/178) 	 Transactions: 54227 (13762 unique)   	 Time: 2905.5976009368896[0m
2023-03-26 04:41:53,728 - Analysis - INFO - [1mGeneration number 208 	 Code coverage: 86.03% (3270/3801) 	 Branch coverage: 87.64% (156/178) 	 Transactions: 54391 (13840 unique)   	 Time: 2912.817040205002[0m
2023-03-26 04:42:02,570 - Analysis - INFO - [1mGeneration number 209 	 Code coverage: 86.03% (3270/3801) 	 Branch coverage: 87.64% (156/178) 	 Transactions: 54564 (13893 unique)   	 Time: 2921.6593203544617[0m
2023-03-26 04:42:14,273 - Analysis - INFO - [1mGeneration number 210 	 Code coverage: 86.03% (3270/3801) 	 Branch coverage: 87.64% (156/178) 	 Transactions: 54792 (13954 unique)   	 Time: 2933.361802339554[0m
2023-03-26 04:42:26,915 - Analysis - INFO - [1mGeneration number 211 	 Code coverage: 86.03% (3270/3801) 	 Branch coverage: 87.64% (156/178) 	 Transactions: 55043 (14015 unique)   	 Time: 2946.004552125931[0m
2023-03-26 04:42:40,405 - Analysis - INFO - [1mGeneration number 212 	 Code coverage: 86.03% (3270/3801) 	 Branch coverage: 87.64% (156/178) 	 Transactions: 55303 (14081 unique)   	 Time: 2959.4944500923157[0m
2023-03-26 04:42:54,868 - Analysis - INFO - [1mGeneration number 213 	 Code coverage: 86.03% (3270/3801) 	 Branch coverage: 87.64% (156/178) 	 Transactions: 55574 (14147 unique)   	 Time: 2973.9572162628174[0m
2023-03-26 04:43:09,612 - Analysis - INFO - [1mGeneration number 214 	 Code coverage: 86.03% (3270/3801) 	 Branch coverage: 87.64% (156/178) 	 Transactions: 55849 (14213 unique)   	 Time: 2988.701541662216[0m
2023-03-26 04:43:24,155 - Analysis - INFO - [1mGeneration number 215 	 Code coverage: 86.03% (3270/3801) 	 Branch coverage: 87.64% (156/178) 	 Transactions: 56123 (14277 unique)   	 Time: 3003.244297981262[0m
2023-03-26 04:43:39,568 - Analysis - INFO - [1mGeneration number 216 	 Code coverage: 86.03% (3270/3801) 	 Branch coverage: 87.64% (156/178) 	 Transactions: 56411 (14345 unique)   	 Time: 3018.6574115753174[0m
2023-03-26 04:43:55,130 - Analysis - INFO - [1mGeneration number 217 	 Code coverage: 86.03% (3270/3801) 	 Branch coverage: 87.64% (156/178) 	 Transactions: 56701 (14413 unique)   	 Time: 3034.218908548355[0m
2023-03-26 04:44:02,496 - Analysis - INFO - [1mGeneration number 218 	 Code coverage: 86.03% (3270/3801) 	 Branch coverage: 87.64% (156/178) 	 Transactions: 56871 (14495 unique)   	 Time: 3041.5855712890625[0m
2023-03-26 04:44:11,349 - Analysis - INFO - [1mGeneration number 219 	 Code coverage: 86.03% (3270/3801) 	 Branch coverage: 87.64% (156/178) 	 Transactions: 57048 (14553 unique)   	 Time: 3050.43821310997[0m
2023-03-26 04:44:22,662 - Analysis - INFO - [1mGeneration number 220 	 Code coverage: 86.03% (3270/3801) 	 Branch coverage: 87.64% (156/178) 	 Transactions: 57273 (14618 unique)   	 Time: 3061.7513802051544[0m
2023-03-26 04:44:36,782 - Analysis - INFO - [1mGeneration number 221 	 Code coverage: 86.03% (3270/3801) 	 Branch coverage: 87.64% (156/178) 	 Transactions: 57523 (14685 unique)   	 Time: 3075.871521472931[0m
2023-03-26 04:44:50,879 - Analysis - INFO - [1mGeneration number 222 	 Code coverage: 86.03% (3270/3801) 	 Branch coverage: 87.64% (156/178) 	 Transactions: 57780 (14749 unique)   	 Time: 3089.967711210251[0m
2023-03-26 04:45:04,866 - Analysis - INFO - [1mGeneration number 223 	 Code coverage: 86.03% (3270/3801) 	 Branch coverage: 87.64% (156/178) 	 Transactions: 58040 (14816 unique)   	 Time: 3103.955003261566[0m
2023-03-26 04:45:19,844 - Analysis - INFO - [1mGeneration number 224 	 Code coverage: 86.03% (3270/3801) 	 Branch coverage: 87.64% (156/178) 	 Transactions: 58312 (14882 unique)   	 Time: 3118.932867527008[0m
2023-03-26 04:45:34,192 - Analysis - INFO - [1mGeneration number 225 	 Code coverage: 86.03% (3270/3801) 	 Branch coverage: 87.64% (156/178) 	 Transactions: 58589 (14949 unique)   	 Time: 3133.2815074920654[0m
2023-03-26 04:45:48,457 - Analysis - INFO - [1mGeneration number 226 	 Code coverage: 86.03% (3270/3801) 	 Branch coverage: 87.64% (156/178) 	 Transactions: 58866 (15017 unique)   	 Time: 3147.5463483333588[0m
2023-03-26 04:46:02,889 - Analysis - INFO - [1mGeneration number 227 	 Code coverage: 86.03% (3270/3801) 	 Branch coverage: 87.64% (156/178) 	 Transactions: 59147 (15084 unique)   	 Time: 3161.9781177043915[0m
2023-03-26 04:46:10,124 - Analysis - INFO - [1mGeneration number 228 	 Code coverage: 86.03% (3270/3801) 	 Branch coverage: 87.64% (156/178) 	 Transactions: 59305 (15157 unique)   	 Time: 3169.2135660648346[0m
2023-03-26 04:46:20,410 - Analysis - INFO - [1mGeneration number 229 	 Code coverage: 86.03% (3270/3801) 	 Branch coverage: 87.64% (156/178) 	 Transactions: 59505 (15216 unique)   	 Time: 3179.4993073940277[0m
2023-03-26 04:46:34,037 - Analysis - INFO - [1mGeneration number 230 	 Code coverage: 86.03% (3270/3801) 	 Branch coverage: 87.64% (156/178) 	 Transactions: 59757 (15279 unique)   	 Time: 3193.1265025138855[0m
2023-03-26 04:46:49,199 - Analysis - INFO - [1mGeneration number 231 	 Code coverage: 86.03% (3270/3801) 	 Branch coverage: 87.64% (156/178) 	 Transactions: 60029 (15344 unique)   	 Time: 3208.288565635681[0m
2023-03-26 04:47:04,396 - Analysis - INFO - [1mGeneration number 232 	 Code coverage: 86.03% (3270/3801) 	 Branch coverage: 87.64% (156/178) 	 Transactions: 60306 (15411 unique)   	 Time: 3223.4849853515625[0m
2023-03-26 04:47:20,161 - Analysis - INFO - [1mGeneration number 233 	 Code coverage: 86.03% (3270/3801) 	 Branch coverage: 87.64% (156/178) 	 Transactions: 60587 (15478 unique)   	 Time: 3239.2500014305115[0m
2023-03-26 04:47:36,408 - Analysis - INFO - [1mGeneration number 234 	 Code coverage: 86.03% (3270/3801) 	 Branch coverage: 87.64% (156/178) 	 Transactions: 60871 (15544 unique)   	 Time: 3255.4974286556244[0m
2023-03-26 04:47:52,497 - Analysis - INFO - [1mGeneration number 235 	 Code coverage: 86.03% (3270/3801) 	 Branch coverage: 87.64% (156/178) 	 Transactions: 61160 (15612 unique)   	 Time: 3271.5857920646667[0m
2023-03-26 04:48:09,346 - Analysis - INFO - [1mGeneration number 236 	 Code coverage: 86.03% (3270/3801) 	 Branch coverage: 87.64% (156/178) 	 Transactions: 61449 (15680 unique)   	 Time: 3288.434850692749[0m
2023-03-26 04:48:25,911 - Analysis - INFO - [1mGeneration number 237 	 Code coverage: 86.03% (3270/3801) 	 Branch coverage: 87.64% (156/178) 	 Transactions: 61743 (15747 unique)   	 Time: 3305.000155210495[0m
2023-03-26 04:48:32,964 - Analysis - INFO - [1mGeneration number 238 	 Code coverage: 86.03% (3270/3801) 	 Branch coverage: 87.64% (156/178) 	 Transactions: 61905 (15822 unique)   	 Time: 3312.0530829429626[0m
2023-03-26 04:48:41,305 - Analysis - INFO - [1mGeneration number 239 	 Code coverage: 86.03% (3270/3801) 	 Branch coverage: 87.64% (156/178) 	 Transactions: 62077 (15877 unique)   	 Time: 3320.394371509552[0m
2023-03-26 04:48:52,352 - Analysis - INFO - [1mGeneration number 240 	 Code coverage: 86.03% (3270/3801) 	 Branch coverage: 87.64% (156/178) 	 Transactions: 62304 (15940 unique)   	 Time: 3331.4406476020813[0m
2023-03-26 04:49:04,265 - Analysis - INFO - [1mGeneration number 241 	 Code coverage: 86.03% (3270/3801) 	 Branch coverage: 87.64% (156/178) 	 Transactions: 62549 (16005 unique)   	 Time: 3343.354038953781[0m
2023-03-26 04:49:16,776 - Analysis - INFO - [1mGeneration number 242 	 Code coverage: 86.03% (3270/3801) 	 Branch coverage: 87.64% (156/178) 	 Transactions: 62802 (16067 unique)   	 Time: 3355.8647520542145[0m
2023-03-26 04:49:29,967 - Analysis - INFO - [1mGeneration number 243 	 Code coverage: 86.03% (3270/3801) 	 Branch coverage: 87.64% (156/178) 	 Transactions: 63060 (16130 unique)   	 Time: 3369.0560388565063[0m
2023-03-26 04:49:44,144 - Analysis - INFO - [1mGeneration number 244 	 Code coverage: 86.03% (3270/3801) 	 Branch coverage: 87.64% (156/178) 	 Transactions: 63330 (16194 unique)   	 Time: 3383.233540534973[0m
2023-03-26 04:49:58,185 - Analysis - INFO - [1mGeneration number 245 	 Code coverage: 86.03% (3270/3801) 	 Branch coverage: 87.64% (156/178) 	 Transactions: 63606 (16259 unique)   	 Time: 3397.2742483615875[0m
2023-03-26 04:50:14,361 - Analysis - INFO - [1mGeneration number 246 	 Code coverage: 86.03% (3270/3801) 	 Branch coverage: 87.64% (156/178) 	 Transactions: 63889 (16327 unique)   	 Time: 3413.4501202106476[0m
2023-03-26 04:50:29,879 - Analysis - INFO - [1mGeneration number 247 	 Code coverage: 86.03% (3270/3801) 	 Branch coverage: 87.64% (156/178) 	 Transactions: 64165 (16395 unique)   	 Time: 3428.968383550644[0m
2023-03-26 04:50:38,992 - Analysis - INFO - [1mGeneration number 248 	 Code coverage: 86.03% (3270/3801) 	 Branch coverage: 87.64% (156/178) 	 Transactions: 64329 (16466 unique)   	 Time: 3438.0808415412903[0m
2023-03-26 04:50:49,596 - Analysis - INFO - [1mGeneration number 249 	 Code coverage: 86.03% (3270/3801) 	 Branch coverage: 87.64% (156/178) 	 Transactions: 64504 (16519 unique)   	 Time: 3448.6846747398376[0m
2023-03-26 04:51:03,113 - Analysis - INFO - [1mGeneration number 250 	 Code coverage: 86.03% (3270/3801) 	 Branch coverage: 87.64% (156/178) 	 Transactions: 64734 (16576 unique)   	 Time: 3462.202117204666[0m
2023-03-26 04:51:17,021 - Analysis - INFO - [1mGeneration number 251 	 Code coverage: 86.03% (3270/3801) 	 Branch coverage: 87.64% (156/178) 	 Transactions: 64977 (16634 unique)   	 Time: 3476.110603094101[0m
2023-03-26 04:51:32,206 - Analysis - INFO - [1mGeneration number 252 	 Code coverage: 86.03% (3270/3801) 	 Branch coverage: 87.64% (156/178) 	 Transactions: 65235 (16694 unique)   	 Time: 3491.2954256534576[0m
2023-03-26 04:51:48,099 - Analysis - INFO - [1mGeneration number 253 	 Code coverage: 86.03% (3270/3801) 	 Branch coverage: 87.64% (156/178) 	 Transactions: 65498 (16754 unique)   	 Time: 3507.1883702278137[0m
2023-03-26 04:52:04,281 - Analysis - INFO - [1mGeneration number 254 	 Code coverage: 86.03% (3270/3801) 	 Branch coverage: 87.64% (156/178) 	 Transactions: 65775 (16815 unique)   	 Time: 3523.370048761368[0m
2023-03-26 04:52:23,553 - Analysis - INFO - [1mGeneration number 255 	 Code coverage: 86.03% (3270/3801) 	 Branch coverage: 87.64% (156/178) 	 Transactions: 66074 (16881 unique)   	 Time: 3542.641684770584[0m
2023-03-26 04:52:44,878 - Analysis - INFO - [1mGeneration number 256 	 Code coverage: 86.03% (3270/3801) 	 Branch coverage: 87.64% (156/178) 	 Transactions: 66384 (16948 unique)   	 Time: 3563.967165708542[0m
2023-03-26 04:53:05,094 - Analysis - INFO - [1mGeneration number 257 	 Code coverage: 86.03% (3270/3801) 	 Branch coverage: 87.64% (156/178) 	 Transactions: 66698 (17013 unique)   	 Time: 3584.182765483856[0m
2023-03-26 04:53:13,103 - Analysis - INFO - [1mGeneration number 258 	 Code coverage: 86.03% (3270/3801) 	 Branch coverage: 87.64% (156/178) 	 Transactions: 66864 (17087 unique)   	 Time: 3592.192314863205[0m
2023-03-26 04:53:13,674 - Analysis - INFO - [1m-----------------------------------------------------[0m
2023-03-26 04:53:13,675 - Analysis - INFO - Number of generations: 	 258
2023-03-26 04:53:13,675 - Analysis - INFO - Number of transactions: 	 66864 (17087 unique)
2023-03-26 04:53:13,675 - Analysis - INFO - Transactions per second: 	 19
2023-03-26 04:53:13,675 - Analysis - INFO - Total code coverage: 	 86.03% (3270/3801)
2023-03-26 04:53:13,676 - Analysis - INFO - Total branch coverage: 	 87.64% (156/178)
2023-03-26 04:53:13,676 - Analysis - INFO - Total execution time: 	 3592.76 seconds
2023-03-26 04:53:13,677 - Analysis - INFO - Total memory consumption: 	 116.61 MB
2023-03-26 04:53:13,714 - Fuzzer   - INFO - [1mFuzzing contract [1mAlchemistEth[0m[0m
2023-03-26 04:53:13,799 - Fuzzer   - ERROR - [91m[1m[91m[1mProblem while deploying contract [91m[1m[91m[1mAlchemistEth[0m[0m[0m[0m using account [91m[1m[91m[1m0xcafebabecafebabecafebabecafebabecafebabe[0m[0m[0m[0m. Error message: b''[0m[0m[0m[0m

     ______            ______                _           
    / ____/___  ____  / ____/_  __________  (_)_  _______
   / /   / __ \/ __ \/ /_  / / / /_  /_  / / / / / / ___/
  / /___/ /_/ / / / / __/ / /_/ / / /_/ /_/ / /_/ (__  ) 
  \____/\____/_/ /_/_/    \__,_/ /___/___/_/\__,_/____/  

delteed file
