WARNING:root:You are using solc version 0.6.12, The latest supported version is 0.4.19
INFO:CryticCompile:Compilation warnings/errors on /sb/0x9daec8d56cdcbde72abe65f4a5daf8cc0a5bf2f9.sol:
Warning: Using ".value(...)" is deprecated. Use "{value: ...}" instead.
    --> /sb/0x9daec8d56cdcbde72abe65f4a5daf8cc0a5bf2f9.sol:3439:9:
     |
3439 |         weth.deposit.value(msg.value)();
     |         ^^^^^^^^^^^^^^^^^^

Warning: Using ".value(...)" is deprecated. Use "{value: ...}" instead.
    --> /sb/0x9daec8d56cdcbde72abe65f4a5daf8cc0a5bf2f9.sol:3459:28:
     |
3459 |         (bool success, ) = to.call.value(quantity)("");
     |                            ^^^^^^^^^^^^^

Warning: Unused local variable.
    --> /sb/0x9daec8d56cdcbde72abe65f4a5daf8cc0a5bf2f9.sol:3500:10:
     |
3500 |         (uint256 outputOptions, uint256 outputRedeems) =
     |          ^^^^^^^^^^^^^^^^^^^^^

Warning: Unused function parameter. Remove or comment out the variable name to silence this warning.
    --> /sb/0x9daec8d56cdcbde72abe65f4a5daf8cc0a5bf2f9.sol:4678:9:
     |
4678 |         address sender,
     |         ^^^^^^^^^^^^^^

Warning: Unused function parameter. Remove or comment out the variable name to silence this warning.
    --> /sb/0x9daec8d56cdcbde72abe65f4a5daf8cc0a5bf2f9.sol:4679:9:
     |
4679 |         uint256 amount0,
     |         ^^^^^^^^^^^^^^^

Warning: Unused function parameter. Remove or comment out the variable name to silence this warning.
    --> /sb/0x9daec8d56cdcbde72abe65f4a5daf8cc0a5bf2f9.sol:4680:9:
     |
4680 |         uint256 amount1,
     |         ^^^^^^^^^^^^^^^

Warning: Contract code size exceeds 24576 bytes (a limit introduced in Spurious Dragon). This contract may not be deployable on mainnet. Consider enabling the optimizer (with a low "runs" value!), turning off revert strings, or using libraries.
    --> /sb/0x9daec8d56cdcbde72abe65f4a5daf8cc0a5bf2f9.sol:4286:1:
     |
4286 | contract UniswapConnector03 is
     | ^ (Relevant source part starts here and spans across multiple lines).


incomplete push instruction at 4311
incomplete push instruction at 25299
incomplete push instruction at 76
incomplete push instruction at 70
incomplete push instruction at 73
incomplete push instruction at 77
incomplete push instruction at 55
INFO:root:contract /sb/0x9daec8d56cdcbde72abe65f4a5daf8cc0a5bf2f9.sol:ERC20:
INFO:symExec:	============ Results ===========
Traceback (most recent call last):
  File "/oyente/oyente/oyente.py", line 232, in <module>
    main()
  File "/oyente/oyente/oyente.py", line 227, in main
    exit_code = analyze_solidity()
  File "/oyente/oyente/oyente.py", line 110, in analyze_solidity
    results, exit_code = run_solidity_analysis(inputs)
  File "/oyente/oyente/oyente.py", line 87, in run_solidity_analysis
    result, return_code = symExec.run(disasm_file=inp['disasm_file'], source_map=inp['source_map'], source_file=inp['source'])
  File "/oyente/oyente/symExec.py", line 2458, in run
    analyze()
  File "/oyente/oyente/symExec.py", line 2441, in analyze
    run_build_cfg_and_analyze(timeout_cb=timeout_cb)
  File "/oyente/oyente/symExec.py", line 2398, in run_build_cfg_and_analyze
    build_cfg_and_analyze()
  File "/oyente/oyente/symExec.py", line 225, in build_cfg_and_analyze
    collect_vertices(tokens)
  File "/oyente/oyente/symExec.py", line 341, in collect_vertices
    idx = mapping_non_push_instruction(current_line_content, current_ins_address, idx, positions, length) if g_src_map else None
  File "/oyente/oyente/symExec.py", line 281, in mapping_non_push_instruction
    raise RuntimeError(F"Source map error, unknown name({name}) or instr_name({instr_name})")
RuntimeError: Source map error, unknown name(SHR) or instr_name(INVALID)
