WARNING:root:You are using solc version 0.6.12, The latest supported version is 0.4.19
INFO:CryticCompile:Compilation warnings/errors on /sb/0x27d4ca4bb855e435959295ec273fa16fe8caea14.sol:
Warning: This declaration shadows an existing declaration.
    --> /sb/0x27d4ca4bb855e435959295ec273fa16fe8caea14.sol:2430:13:
     |
2430 |             uint performanceFee = _minter.performanceFee(amount);
     |             ^^^^^^^^^^^^^^^^^^^
Note: The shadowed declaration is here:
    --> /sb/0x27d4ca4bb855e435959295ec273fa16fe8caea14.sol:2427:9:
     |
2427 |         uint performanceFee = canMint() ? _minter.performanceFee(amount) : 0;
     |         ^^^^^^^^^^^^^^^^^^^

Warning: Unused local variable.
    --> /sb/0x27d4ca4bb855e435959295ec273fa16fe8caea14.sol:2427:9:
     |
2427 |         uint performanceFee = canMint() ? _minter.performanceFee(amount) : 0;
     |         ^^^^^^^^^^^^^^^^^^^

Warning: Contract code size exceeds 24576 bytes (a limit introduced in Spurious Dragon). This contract may not be deployable on mainnet. Consider enabling the optimizer (with a low "runs" value!), turning off revert strings, or using libraries.
    --> /sb/0x27d4ca4bb855e435959295ec273fa16fe8caea14.sol:2328:1:
     |
2328 | contract VaultStrategyAlpacaRabbit is VaultController, ReentrancyGuardUpgradeable {
     | ^ (Relevant source part starts here and spans across multiple lines).


incomplete push instruction at 59
incomplete push instruction at 29136
incomplete push instruction at 6742
incomplete push instruction at 2366
INFO:root:contract /sb/0x27d4ca4bb855e435959295ec273fa16fe8caea14.sol:AddressUpgradeable:
INFO:symExec:	============ Results ===========
Traceback (most recent call last):
  File "/oyente/oyente/oyente.py", line 232, in <module>
    main()
  File "/oyente/oyente/oyente.py", line 227, in main
    exit_code = analyze_solidity()
  File "/oyente/oyente/oyente.py", line 110, in analyze_solidity
    results, exit_code = run_solidity_analysis(inputs)
  File "/oyente/oyente/oyente.py", line 87, in run_solidity_analysis
    result, return_code = symExec.run(disasm_file=inp['disasm_file'], source_map=inp['source_map'], source_file=inp['source'])
  File "/oyente/oyente/symExec.py", line 2458, in run
    analyze()
  File "/oyente/oyente/symExec.py", line 2441, in analyze
    run_build_cfg_and_analyze(timeout_cb=timeout_cb)
  File "/oyente/oyente/symExec.py", line 2398, in run_build_cfg_and_analyze
    build_cfg_and_analyze()
  File "/oyente/oyente/symExec.py", line 228, in build_cfg_and_analyze
    full_sym_exec()  # jump targets are constructed on the fly
  File "/oyente/oyente/symExec.py", line 547, in full_sym_exec
    return sym_exec_block(params, 0, 0, 0, -1, 'fallback')
  File "/oyente/oyente/symExec.py", line 612, in sym_exec_block
    sym_exec_ins(params, block, instr, func_call, current_func_name)
  File "/oyente/oyente/symExec.py", line 1858, in sym_exec_ins
    stack.pop(0)
IndexError: pop from empty list
