[93m
DiamondLoupeFacet.facets().i (../../sb/0xc1e088fc1323b20bcbee9bd1b9fc9546db5624c5.sol#604) is a local variable never initialized
LibDiamond.removeFunctions(address,bytes4[]).selectorIndex (../../sb/0xc1e088fc1323b20bcbee9bd1b9fc9546db5624c5.sol#481) is a local variable never initialized
LibDiamond.replaceFunctions(address,bytes4[]).selectorIndex (../../sb/0xc1e088fc1323b20bcbee9bd1b9fc9546db5624c5.sol#463) is a local variable never initialized
LibDiamond.addFunctions(address,bytes4[]).selectorIndex (../../sb/0xc1e088fc1323b20bcbee9bd1b9fc9546db5624c5.sol#441) is a local variable never initialized
LibDiamond.diamondCut(IDiamondCut.FacetCut[],address,bytes).facetIndex (../../sb/0xc1e088fc1323b20bcbee9bd1b9fc9546db5624c5.sol#413) is a local variable never initialized
Reference: https://github.com/crytic/slither/wiki/Detector-Documentation#uninitialized-local-variables[0m
[92m
LibMeta.getChainID() (../../sb/0xc1e088fc1323b20bcbee9bd1b9fc9546db5624c5.sol#105-109) uses assembly
	- INLINE ASM (../../sb/0xc1e088fc1323b20bcbee9bd1b9fc9546db5624c5.sol#106-108)
LibMeta.msgSender() (../../sb/0xc1e088fc1323b20bcbee9bd1b9fc9546db5624c5.sol#111-122) uses assembly
	- INLINE ASM (../../sb/0xc1e088fc1323b20bcbee9bd1b9fc9546db5624c5.sol#115-118)
LibDiamond.diamondStorage() (../../sb/0xc1e088fc1323b20bcbee9bd1b9fc9546db5624c5.sol#354-359) uses assembly
	- INLINE ASM (../../sb/0xc1e088fc1323b20bcbee9bd1b9fc9546db5624c5.sol#356-358)
LibDiamond.enforceHasContractCode(address,string) (../../sb/0xc1e088fc1323b20bcbee9bd1b9fc9546db5624c5.sol#541-547) uses assembly
	- INLINE ASM (../../sb/0xc1e088fc1323b20bcbee9bd1b9fc9546db5624c5.sol#543-545)
Diamond.fallback() (../../sb/0xc1e088fc1323b20bcbee9bd1b9fc9546db5624c5.sol#694-714) uses assembly
	- INLINE ASM (../../sb/0xc1e088fc1323b20bcbee9bd1b9fc9546db5624c5.sol#697-699)
	- INLINE ASM (../../sb/0xc1e088fc1323b20bcbee9bd1b9fc9546db5624c5.sol#702-713)
Reference: https://github.com/crytic/slither/wiki/Detector-Documentation#assembly-usage[0m
[92m
LibDiamond.initializeDiamondCut(address,bytes) (../../sb/0xc1e088fc1323b20bcbee9bd1b9fc9546db5624c5.sol#521-539) compares to a boolean constant:
	-success == false (../../sb/0xc1e088fc1323b20bcbee9bd1b9fc9546db5624c5.sol#530)
Reference: https://github.com/crytic/slither/wiki/Detector-Documentation#boolean-equality[0m
[92m
LibMeta.domainSeparator(string,string) (../../sb/0xc1e088fc1323b20bcbee9bd1b9fc9546db5624c5.sol#99-103) is never used and should be removed
LibMeta.getChainID() (../../sb/0xc1e088fc1323b20bcbee9bd1b9fc9546db5624c5.sol#105-109) is never used and should be removed
Reference: https://github.com/crytic/slither/wiki/Detector-Documentation#dead-code[0m
[92m
Low level call in LibDiamond.initializeDiamondCut(address,bytes) (../../sb/0xc1e088fc1323b20bcbee9bd1b9fc9546db5624c5.sol#521-539):
	- (success,error) = _init.delegatecall(_calldata) (../../sb/0xc1e088fc1323b20bcbee9bd1b9fc9546db5624c5.sol#529)
Reference: https://github.com/crytic/slither/wiki/Detector-Documentation#low-level-calls[0m
[92m
Parameter LibDiamond.setContractOwner(address)._newOwner (../../sb/0xc1e088fc1323b20bcbee9bd1b9fc9546db5624c5.sol#363) is not in mixedCase
Parameter LibDiamond.addDiamondFunctions(address,address,address)._diamondCutFacet (../../sb/0xc1e088fc1323b20bcbee9bd1b9fc9546db5624c5.sol#381) is not in mixedCase
Parameter LibDiamond.addDiamondFunctions(address,address,address)._diamondLoupeFacet (../../sb/0xc1e088fc1323b20bcbee9bd1b9fc9546db5624c5.sol#382) is not in mixedCase
Parameter LibDiamond.addDiamondFunctions(address,address,address)._ownershipFacet (../../sb/0xc1e088fc1323b20bcbee9bd1b9fc9546db5624c5.sol#383) is not in mixedCase
Parameter LibDiamond.diamondCut(IDiamondCut.FacetCut[],address,bytes)._diamondCut (../../sb/0xc1e088fc1323b20bcbee9bd1b9fc9546db5624c5.sol#409) is not in mixedCase
Parameter LibDiamond.diamondCut(IDiamondCut.FacetCut[],address,bytes)._init (../../sb/0xc1e088fc1323b20bcbee9bd1b9fc9546db5624c5.sol#410) is not in mixedCase
Parameter LibDiamond.diamondCut(IDiamondCut.FacetCut[],address,bytes)._calldata (../../sb/0xc1e088fc1323b20bcbee9bd1b9fc9546db5624c5.sol#411) is not in mixedCase
Parameter LibDiamond.addFunctions(address,bytes4[])._facetAddress (../../sb/0xc1e088fc1323b20bcbee9bd1b9fc9546db5624c5.sol#429) is not in mixedCase
Parameter LibDiamond.addFunctions(address,bytes4[])._functionSelectors (../../sb/0xc1e088fc1323b20bcbee9bd1b9fc9546db5624c5.sol#429) is not in mixedCase
Parameter LibDiamond.replaceFunctions(address,bytes4[])._facetAddress (../../sb/0xc1e088fc1323b20bcbee9bd1b9fc9546db5624c5.sol#452) is not in mixedCase
Parameter LibDiamond.replaceFunctions(address,bytes4[])._functionSelectors (../../sb/0xc1e088fc1323b20bcbee9bd1b9fc9546db5624c5.sol#452) is not in mixedCase
Parameter LibDiamond.removeFunctions(address,bytes4[])._facetAddress (../../sb/0xc1e088fc1323b20bcbee9bd1b9fc9546db5624c5.sol#476) is not in mixedCase
Parameter LibDiamond.removeFunctions(address,bytes4[])._functionSelectors (../../sb/0xc1e088fc1323b20bcbee9bd1b9fc9546db5624c5.sol#476) is not in mixedCase
Parameter LibDiamond.removeFunction(address,bytes4)._facetAddress (../../sb/0xc1e088fc1323b20bcbee9bd1b9fc9546db5624c5.sol#488) is not in mixedCase
Parameter LibDiamond.removeFunction(address,bytes4)._selector (../../sb/0xc1e088fc1323b20bcbee9bd1b9fc9546db5624c5.sol#488) is not in mixedCase
Parameter LibDiamond.initializeDiamondCut(address,bytes)._init (../../sb/0xc1e088fc1323b20bcbee9bd1b9fc9546db5624c5.sol#521) is not in mixedCase
Parameter LibDiamond.initializeDiamondCut(address,bytes)._calldata (../../sb/0xc1e088fc1323b20bcbee9bd1b9fc9546db5624c5.sol#521) is not in mixedCase
Parameter LibDiamond.enforceHasContractCode(address,string)._contract (../../sb/0xc1e088fc1323b20bcbee9bd1b9fc9546db5624c5.sol#541) is not in mixedCase
Parameter LibDiamond.enforceHasContractCode(address,string)._errorMessage (../../sb/0xc1e088fc1323b20bcbee9bd1b9fc9546db5624c5.sol#541) is not in mixedCase
Parameter DiamondCutFacet.diamondCut(IDiamondCut.FacetCut[],address,bytes)._diamondCut (../../sb/0xc1e088fc1323b20bcbee9bd1b9fc9546db5624c5.sol#568) is not in mixedCase
Parameter DiamondCutFacet.diamondCut(IDiamondCut.FacetCut[],address,bytes)._init (../../sb/0xc1e088fc1323b20bcbee9bd1b9fc9546db5624c5.sol#569) is not in mixedCase
Parameter DiamondCutFacet.diamondCut(IDiamondCut.FacetCut[],address,bytes)._calldata (../../sb/0xc1e088fc1323b20bcbee9bd1b9fc9546db5624c5.sol#570) is not in mixedCase
Parameter DiamondLoupeFacet.facetFunctionSelectors(address)._facet (../../sb/0xc1e088fc1323b20bcbee9bd1b9fc9546db5624c5.sol#614) is not in mixedCase
Parameter DiamondLoupeFacet.facetAddress(bytes4)._functionSelector (../../sb/0xc1e088fc1323b20bcbee9bd1b9fc9546db5624c5.sol#635) is not in mixedCase
Parameter DiamondLoupeFacet.supportsInterface(bytes4)._interfaceId (../../sb/0xc1e088fc1323b20bcbee9bd1b9fc9546db5624c5.sol#646) is not in mixedCase
Parameter OwnershipFacet.transferOwnership(address)._newOwner (../../sb/0xc1e088fc1323b20bcbee9bd1b9fc9546db5624c5.sol#661) is not in mixedCase
Reference: https://github.com/crytic/slither/wiki/Detector-Documentation#conformance-to-solidity-naming-conventions[0m
[92m
Diamond.s (../../sb/0xc1e088fc1323b20bcbee9bd1b9fc9546db5624c5.sol#679) is never used in Diamond (../../sb/0xc1e088fc1323b20bcbee9bd1b9fc9546db5624c5.sol#678-715)
Reference: https://github.com/crytic/slither/wiki/Detector-Documentation#unused-state-variable[0m
/sb/0xc1e088fc1323b20bcbee9bd1b9fc9546db5624c5.sol analyzed (12 contracts with 78 detectors), 41 result(s) found
