Compilation warnings/errors on /sb/0x52e4339b4b9ff254738d6e971e83440f60dc029c.sol:
Warning: SPDX license identifier not provided in source file. Before publishing, consider adding a comment containing "SPDX-License-Identifier: <SPDX-License>" to each source file. Use "SPDX-License-Identifier: UNLICENSED" for non-open-source code. Please see https://spdx.org for more information.
--> /sb/0x52e4339b4b9ff254738d6e971e83440f60dc029c.sol


[92m
BEP20InfinityToken.allowance(address,address).owner (../../sb/0x52e4339b4b9ff254738d6e971e83440f60dc029c.sol#430) shadows:
	- Ownable.owner() (../../sb/0x52e4339b4b9ff254738d6e971e83440f60dc029c.sol#306-308) (function)
BEP20InfinityToken._approve(address,address,uint256).owner (../../sb/0x52e4339b4b9ff254738d6e971e83440f60dc029c.sol#600) shadows:
	- Ownable.owner() (../../sb/0x52e4339b4b9ff254738d6e971e83440f60dc029c.sol#306-308) (function)
Reference: https://github.com/crytic/slither/wiki/Detector-Documentation#local-variable-shadowing[0m
[92m
BEP20InfinityToken._burnFrom(address,uint256) (../../sb/0x52e4339b4b9ff254738d6e971e83440f60dc029c.sol#614-617) is never used and should be removed
Context._msgData() (../../sb/0x52e4339b4b9ff254738d6e971e83440f60dc029c.sol#121-125) is never used and should be removed
SafeMath.div(uint256,uint256) (../../sb/0x52e4339b4b9ff254738d6e971e83440f60dc029c.sol#221-223) is never used and should be removed
SafeMath.div(uint256,uint256,string) (../../sb/0x52e4339b4b9ff254738d6e971e83440f60dc029c.sol#236-243) is never used and should be removed
SafeMath.mod(uint256,uint256) (../../sb/0x52e4339b4b9ff254738d6e971e83440f60dc029c.sol#256-258) is never used and should be removed
SafeMath.mod(uint256,uint256,string) (../../sb/0x52e4339b4b9ff254738d6e971e83440f60dc029c.sol#271-274) is never used and should be removed
SafeMath.mul(uint256,uint256) (../../sb/0x52e4339b4b9ff254738d6e971e83440f60dc029c.sol#196-208) is never used and should be removed
Reference: https://github.com/crytic/slither/wiki/Detector-Documentation#dead-code[0m
[92m
Variable BEP20InfinityToken._decimals (../../sb/0x52e4339b4b9ff254738d6e971e83440f60dc029c.sol#358) is not in mixedCase
Variable BEP20InfinityToken._symbol (../../sb/0x52e4339b4b9ff254738d6e971e83440f60dc029c.sol#359) is not in mixedCase
Variable BEP20InfinityToken._name (../../sb/0x52e4339b4b9ff254738d6e971e83440f60dc029c.sol#360) is not in mixedCase
Reference: https://github.com/crytic/slither/wiki/Detector-Documentation#conformance-to-solidity-naming-conventions[0m
[92m
Redundant expression "this (../../sb/0x52e4339b4b9ff254738d6e971e83440f60dc029c.sol#122)" inContext (../../sb/0x52e4339b4b9ff254738d6e971e83440f60dc029c.sol#112-126)
Reference: https://github.com/crytic/slither/wiki/Detector-Documentation#redundant-statements[0m
[92m
BEP20InfinityToken.constructor() (../../sb/0x52e4339b4b9ff254738d6e971e83440f60dc029c.sol#362-370) uses literals with too many digits:
	- _totalSupply = 15000000 * 10 ** 18 (../../sb/0x52e4339b4b9ff254738d6e971e83440f60dc029c.sol#366)
BEP20InfinityToken.mint(address,uint256) (../../sb/0x52e4339b4b9ff254738d6e971e83440f60dc029c.sol#508-512) uses literals with too many digits:
	- require(bool)(_totalSupply + amount <= 100000000 * 1e18) (../../sb/0x52e4339b4b9ff254738d6e971e83440f60dc029c.sol#509)
Reference: https://github.com/crytic/slither/wiki/Detector-Documentation#too-many-digits[0m
[92m
renounceOwnership() should be declared external:
	- Ownable.renounceOwnership() (../../sb/0x52e4339b4b9ff254738d6e971e83440f60dc029c.sol#325-328)
transferOwnership(address) should be declared external:
	- Ownable.transferOwnership(address) (../../sb/0x52e4339b4b9ff254738d6e971e83440f60dc029c.sol#334-336)
increaseAllowance(address,uint256) should be declared external:
	- BEP20InfinityToken.increaseAllowance(address,uint256) (../../sb/0x52e4339b4b9ff254738d6e971e83440f60dc029c.sol#476-479)
decreaseAllowance(address,uint256) should be declared external:
	- BEP20InfinityToken.decreaseAllowance(address,uint256) (../../sb/0x52e4339b4b9ff254738d6e971e83440f60dc029c.sol#495-498)
mint(address,uint256) should be declared external:
	- BEP20InfinityToken.mint(address,uint256) (../../sb/0x52e4339b4b9ff254738d6e971e83440f60dc029c.sol#508-512)
burn(uint256) should be declared external:
	- BEP20InfinityToken.burn(uint256) (../../sb/0x52e4339b4b9ff254738d6e971e83440f60dc029c.sol#517-520)
setBot(address,bool) should be declared external:
	- BEP20InfinityToken.setBot(address,bool) (../../sb/0x52e4339b4b9ff254738d6e971e83440f60dc029c.sol#536-538)
Reference: https://github.com/crytic/slither/wiki/Detector-Documentation#public-function-that-could-be-declared-external[0m
/sb/0x52e4339b4b9ff254738d6e971e83440f60dc029c.sol analyzed (6 contracts with 78 detectors), 22 result(s) found
